[2019-11-04T14:58:19.259] [INFO] normal - ::1 - - "GET /egret-game/index.html HTTP/1.1" 200 3815 "" "Mozilla/5.0 (Windows NT 10.0; Win64; x64) AppleWebKit/537.36 (KHTML, like Gecko) Chrome/78.0.3904.70 Safari/537.36"
[2019-11-04T14:58:19.300] [INFO] normal - ::1 - - "GET /egret-game/manifest.json?v=0.5423680417661005 HTTP/1.1" 200 514 "http://localhost:8080/egret-game/index.html" "Mozilla/5.0 (Windows NT 10.0; Win64; x64) AppleWebKit/537.36 (KHTML, like Gecko) Chrome/78.0.3904.70 Safari/537.36"
[2019-11-04T14:58:19.308] [INFO] normal - ::1 - - "GET /egret-game/js/egret.min_1f88eb98.js HTTP/1.1" 200 193874 "http://localhost:8080/egret-game/index.html" "Mozilla/5.0 (Windows NT 10.0; Win64; x64) AppleWebKit/537.36 (KHTML, like Gecko) Chrome/78.0.3904.70 Safari/537.36"
[2019-11-04T14:58:19.330] [INFO] normal - ::1 - - "GET /egret-game/js/egret.web.min_2dd0bd72.js HTTP/1.1" 200 113158 "http://localhost:8080/egret-game/index.html" "Mozilla/5.0 (Windows NT 10.0; Win64; x64) AppleWebKit/537.36 (KHTML, like Gecko) Chrome/78.0.3904.70 Safari/537.36"
[2019-11-04T14:58:19.344] [INFO] normal - ::1 - - "GET /egret-game/js/eui.min_38a8c284.js HTTP/1.1" 200 210595 "http://localhost:8080/egret-game/index.html" "Mozilla/5.0 (Windows NT 10.0; Win64; x64) AppleWebKit/537.36 (KHTML, like Gecko) Chrome/78.0.3904.70 Safari/537.36"
[2019-11-04T14:58:19.368] [INFO] normal - ::1 - - "GET /egret-game/js/assetsmanager.min_f2e50bd1.js HTTP/1.1" 200 26929 "http://localhost:8080/egret-game/index.html" "Mozilla/5.0 (Windows NT 10.0; Win64; x64) AppleWebKit/537.36 (KHTML, like Gecko) Chrome/78.0.3904.70 Safari/537.36"
[2019-11-04T14:58:19.375] [INFO] normal - ::1 - - "GET /egret-game/js/tween.min_6c5a88f9.js HTTP/1.1" 200 12481 "http://localhost:8080/egret-game/index.html" "Mozilla/5.0 (Windows NT 10.0; Win64; x64) AppleWebKit/537.36 (KHTML, like Gecko) Chrome/78.0.3904.70 Safari/537.36"
[2019-11-04T14:58:19.381] [INFO] normal - ::1 - - "GET /egret-game/js/dragonBones.min_6252b9c4.js HTTP/1.1" 200 258742 "http://localhost:8080/egret-game/index.html" "Mozilla/5.0 (Windows NT 10.0; Win64; x64) AppleWebKit/537.36 (KHTML, like Gecko) Chrome/78.0.3904.70 Safari/537.36"
[2019-11-04T14:58:19.399] [INFO] normal - ::1 - - "GET /egret-game/js/game.min_45aa06f6.js HTTP/1.1" 200 40360 "http://localhost:8080/egret-game/index.html" "Mozilla/5.0 (Windows NT 10.0; Win64; x64) AppleWebKit/537.36 (KHTML, like Gecko) Chrome/78.0.3904.70 Safari/537.36"
[2019-11-04T14:58:19.407] [INFO] normal - ::1 - - "GET /egret-game/js/promise.min_83a6a5d.js HTTP/1.1" 200 6474 "http://localhost:8080/egret-game/index.html" "Mozilla/5.0 (Windows NT 10.0; Win64; x64) AppleWebKit/537.36 (KHTML, like Gecko) Chrome/78.0.3904.70 Safari/537.36"
[2019-11-04T14:58:19.420] [INFO] normal - ::1 - - "GET /egret-game/js/socket.min_8b4cb752.js HTTP/1.1" 200 4476 "http://localhost:8080/egret-game/index.html" "Mozilla/5.0 (Windows NT 10.0; Win64; x64) AppleWebKit/537.36 (KHTML, like Gecko) Chrome/78.0.3904.70 Safari/537.36"
[2019-11-04T14:58:19.426] [INFO] normal - ::1 - - "GET /egret-game/js/mouse.min_c171ee8c.js HTTP/1.1" 200 3132 "http://localhost:8080/egret-game/index.html" "Mozilla/5.0 (Windows NT 10.0; Win64; x64) AppleWebKit/537.36 (KHTML, like Gecko) Chrome/78.0.3904.70 Safari/537.36"
[2019-11-04T14:58:19.430] [INFO] normal - ::1 - - "GET /egret-game/js/jsHelper.min_253a5215.js HTTP/1.1" 200 1754 "http://localhost:8080/egret-game/index.html" "Mozilla/5.0 (Windows NT 10.0; Win64; x64) AppleWebKit/537.36 (KHTML, like Gecko) Chrome/78.0.3904.70 Safari/537.36"
[2019-11-04T14:58:19.434] [INFO] normal - ::1 - - "GET /egret-game/js/htsw_framework.min_3d9fefe9.js HTTP/1.1" 200 111951 "http://localhost:8080/egret-game/index.html" "Mozilla/5.0 (Windows NT 10.0; Win64; x64) AppleWebKit/537.36 (KHTML, like Gecko) Chrome/78.0.3904.70 Safari/537.36"
[2019-11-04T14:58:19.448] [INFO] normal - ::1 - - "GET /egret-game/js/default.thm_4f7ff16a.js HTTP/1.1" 200 163186 "http://localhost:8080/egret-game/index.html" "Mozilla/5.0 (Windows NT 10.0; Win64; x64) AppleWebKit/537.36 (KHTML, like Gecko) Chrome/78.0.3904.70 Safari/537.36"
[2019-11-04T14:58:19.458] [INFO] normal - ::1 - - "GET /egret-game/js/main.min_32e318f7.js HTTP/1.1" 200 81709 "http://localhost:8080/egret-game/index.html" "Mozilla/5.0 (Windows NT 10.0; Win64; x64) AppleWebKit/537.36 (KHTML, like Gecko) Chrome/78.0.3904.70 Safari/537.36"
[2019-11-04T14:58:19.574] [INFO] normal - ::1 - - "GET /egret-game/resource/default.res.json HTTP/1.1" 200 15990 "http://localhost:8080/egret-game/index.html" "Mozilla/5.0 (Windows NT 10.0; Win64; x64) AppleWebKit/537.36 (KHTML, like Gecko) Chrome/78.0.3904.70 Safari/537.36"
[2019-11-04T14:58:19.601] [INFO] normal - ::1 - - "GET /favicon.ico HTTP/1.1" 404 150 "http://localhost:8080/egret-game/index.html" "Mozilla/5.0 (Windows NT 10.0; Win64; x64) AppleWebKit/537.36 (KHTML, like Gecko) Chrome/78.0.3904.70 Safari/537.36"
[2019-11-04T14:58:19.609] [INFO] normal - ::1 - - "GET /egret-game/resource/assets/Json/serverinfo.json HTTP/1.1" 200 69 "http://localhost:8080/egret-game/index.html" "Mozilla/5.0 (Windows NT 10.0; Win64; x64) AppleWebKit/537.36 (KHTML, like Gecko) Chrome/78.0.3904.70 Safari/537.36"
[2019-11-04T14:58:19.610] [INFO] normal - ::1 - - "GET /egret-game/resource/assets/big/big_loading.json HTTP/1.1" 200 714 "http://localhost:8080/egret-game/index.html" "Mozilla/5.0 (Windows NT 10.0; Win64; x64) AppleWebKit/537.36 (KHTML, like Gecko) Chrome/78.0.3904.70 Safari/537.36"
[2019-11-04T14:58:19.613] [INFO] normal - ::1 - - "GET /egret-game/resource/assets/common/main_btn_sure_bg.png HTTP/1.1" 200 1600 "http://localhost:8080/egret-game/index.html" "Mozilla/5.0 (Windows NT 10.0; Win64; x64) AppleWebKit/537.36 (KHTML, like Gecko) Chrome/78.0.3904.70 Safari/537.36"
[2019-11-04T14:58:19.614] [INFO] normal - ::1 - - "GET /egret-game/resource/assets/common/loadingscene_bg.png HTTP/1.1" 200 402 "http://localhost:8080/egret-game/index.html" "Mozilla/5.0 (Windows NT 10.0; Win64; x64) AppleWebKit/537.36 (KHTML, like Gecko) Chrome/78.0.3904.70 Safari/537.36"
[2019-11-04T14:58:19.620] [INFO] normal - ::1 - - "GET /egret-game/resource/assets/sounds/test_sound.mp3 HTTP/1.1" 206 30103 "http://localhost:8080/egret-game/index.html" "Mozilla/5.0 (Windows NT 10.0; Win64; x64) AppleWebKit/537.36 (KHTML, like Gecko) Chrome/78.0.3904.70 Safari/537.36"
[2019-11-04T14:58:19.621] [INFO] normal - ::1 - - "GET /egret-game/resource/assets/big/big_loading.png HTTP/1.1" 200 49663 "http://localhost:8080/egret-game/index.html" "Mozilla/5.0 (Windows NT 10.0; Win64; x64) AppleWebKit/537.36 (KHTML, like Gecko) Chrome/78.0.3904.70 Safari/537.36"
[2019-11-04T14:58:19.654] [INFO] normal - ::1 - - "GET /egret-game/resource/config/assessmentConfig.json HTTP/1.1" 200 7217 "http://localhost:8080/egret-game/index.html" "Mozilla/5.0 (Windows NT 10.0; Win64; x64) AppleWebKit/537.36 (KHTML, like Gecko) Chrome/78.0.3904.70 Safari/537.36"
[2019-11-04T14:58:19.655] [INFO] normal - ::1 - - "GET /egret-game/resource/assets/common/white.png HTTP/1.1" 200 82 "http://localhost:8080/egret-game/index.html" "Mozilla/5.0 (Windows NT 10.0; Win64; x64) AppleWebKit/537.36 (KHTML, like Gecko) Chrome/78.0.3904.70 Safari/537.36"
[2019-11-04T14:58:19.655] [INFO] normal - ::1 - - "GET /egret-game/resource/assets/common/main_ring.png HTTP/1.1" 200 573 "http://localhost:8080/egret-game/index.html" "Mozilla/5.0 (Windows NT 10.0; Win64; x64) AppleWebKit/537.36 (KHTML, like Gecko) Chrome/78.0.3904.70 Safari/537.36"
[2019-11-04T14:58:19.656] [INFO] normal - ::1 - - "GET /egret-game/resource/assets/common/main_btn_reset.png HTTP/1.1" 200 2774 "http://localhost:8080/egret-game/index.html" "Mozilla/5.0 (Windows NT 10.0; Win64; x64) AppleWebKit/537.36 (KHTML, like Gecko) Chrome/78.0.3904.70 Safari/537.36"
[2019-11-04T14:58:19.656] [INFO] normal - ::1 - - "GET /egret-game/resource/assets/common/common_pop_up_bg.png HTTP/1.1" 200 8198 "http://localhost:8080/egret-game/index.html" "Mozilla/5.0 (Windows NT 10.0; Win64; x64) AppleWebKit/537.36 (KHTML, like Gecko) Chrome/78.0.3904.70 Safari/537.36"
[2019-11-04T14:58:19.657] [INFO] normal - ::1 - - "GET /egret-game/resource/assets/common/gray.png HTTP/1.1" 200 82 "http://localhost:8080/egret-game/index.html" "Mozilla/5.0 (Windows NT 10.0; Win64; x64) AppleWebKit/537.36 (KHTML, like Gecko) Chrome/78.0.3904.70 Safari/537.36"
[2019-11-04T14:58:19.662] [INFO] normal - ::1 - - "GET /egret-game/resource/assets/common/common_pop_btn_bg.png HTTP/1.1" 200 1468 "http://localhost:8080/egret-game/index.html" "Mozilla/5.0 (Windows NT 10.0; Win64; x64) AppleWebKit/537.36 (KHTML, like Gecko) Chrome/78.0.3904.70 Safari/537.36"
[2019-11-04T14:58:19.663] [INFO] normal - ::1 - - "GET /egret-game/resource/assets/prepage/prepage_bg_kuang.png HTTP/1.1" 200 17508 "http://localhost:8080/egret-game/index.html" "Mozilla/5.0 (Windows NT 10.0; Win64; x64) AppleWebKit/537.36 (KHTML, like Gecko) Chrome/78.0.3904.70 Safari/537.36"
[2019-11-04T14:58:19.668] [INFO] normal - ::1 - - "GET /egret-game/resource/assets/prepage/prepage_bg.png HTTP/1.1" 200 49087 "http://localhost:8080/egret-game/index.html" "Mozilla/5.0 (Windows NT 10.0; Win64; x64) AppleWebKit/537.36 (KHTML, like Gecko) Chrome/78.0.3904.70 Safari/537.36"
[2019-11-04T14:58:19.668] [INFO] normal - ::1 - - "GET /egret-game/resource/assets/prepage/prepage_btn.png HTTP/1.1" 200 3513 "http://localhost:8080/egret-game/index.html" "Mozilla/5.0 (Windows NT 10.0; Win64; x64) AppleWebKit/537.36 (KHTML, like Gecko) Chrome/78.0.3904.70 Safari/537.36"
[2019-11-04T14:58:19.669] [INFO] normal - ::1 - - "GET /egret-game/resource/assets/prepage/prepage_tab_unable.png HTTP/1.1" 200 1994 "http://localhost:8080/egret-game/index.html" "Mozilla/5.0 (Windows NT 10.0; Win64; x64) AppleWebKit/537.36 (KHTML, like Gecko) Chrome/78.0.3904.70 Safari/537.36"
[2019-11-04T14:58:19.672] [INFO] normal - ::1 - - "GET /egret-game/resource/assets/prepage/prepage_tab_normal.png HTTP/1.1" 200 2085 "http://localhost:8080/egret-game/index.html" "Mozilla/5.0 (Windows NT 10.0; Win64; x64) AppleWebKit/537.36 (KHTML, like Gecko) Chrome/78.0.3904.70 Safari/537.36"
[2019-11-04T14:58:19.674] [INFO] normal - ::1 - - "GET /egret-game/resource/assets/prepage/prepage_tab_selected.png HTTP/1.1" 200 1994 "http://localhost:8080/egret-game/index.html" "Mozilla/5.0 (Windows NT 10.0; Win64; x64) AppleWebKit/537.36 (KHTML, like Gecko) Chrome/78.0.3904.70 Safari/537.36"
[2019-11-04T14:58:19.674] [INFO] normal - ::1 - - "GET /egret-game/resource/assets/common/back.png HTTP/1.1" 200 2750 "http://localhost:8080/egret-game/index.html" "Mozilla/5.0 (Windows NT 10.0; Win64; x64) AppleWebKit/537.36 (KHTML, like Gecko) Chrome/78.0.3904.70 Safari/537.36"
[2019-11-04T14:58:19.682] [INFO] normal - ::1 - - "GET /egret-game/resource/assets/common/main_btn_bg.png HTTP/1.1" 200 2192 "http://localhost:8080/egret-game/index.html" "Mozilla/5.0 (Windows NT 10.0; Win64; x64) AppleWebKit/537.36 (KHTML, like Gecko) Chrome/78.0.3904.70 Safari/537.36"
[2019-11-04T14:58:19.685] [INFO] normal - ::1 - - "GET /egret-game/resource/assets/common/main_btn_back.png HTTP/1.1" 200 2647 "http://localhost:8080/egret-game/index.html" "Mozilla/5.0 (Windows NT 10.0; Win64; x64) AppleWebKit/537.36 (KHTML, like Gecko) Chrome/78.0.3904.70 Safari/537.36"
[2019-11-04T14:58:19.688] [INFO] normal - ::1 - - "GET /egret-game/resource/assets/result/result_line.png HTTP/1.1" 200 1571 "http://localhost:8080/egret-game/index.html" "Mozilla/5.0 (Windows NT 10.0; Win64; x64) AppleWebKit/537.36 (KHTML, like Gecko) Chrome/78.0.3904.70 Safari/537.36"
[2019-11-04T14:58:19.689] [INFO] normal - ::1 - - "GET /egret-game/resource/assets/result/result_paopao.png HTTP/1.1" 200 4169 "http://localhost:8080/egret-game/index.html" "Mozilla/5.0 (Windows NT 10.0; Win64; x64) AppleWebKit/537.36 (KHTML, like Gecko) Chrome/78.0.3904.70 Safari/537.36"
[2019-11-04T14:58:19.691] [INFO] normal - ::1 - - "GET /egret-game/resource/assets/result/result_footer.png HTTP/1.1" 200 148697 "http://localhost:8080/egret-game/index.html" "Mozilla/5.0 (Windows NT 10.0; Win64; x64) AppleWebKit/537.36 (KHTML, like Gecko) Chrome/78.0.3904.70 Safari/537.36"
[2019-11-04T14:58:19.695] [INFO] normal - ::1 - - "GET /egret-game/resource/assets/result/result_qr_code.png HTTP/1.1" 200 61283 "http://localhost:8080/egret-game/index.html" "Mozilla/5.0 (Windows NT 10.0; Win64; x64) AppleWebKit/537.36 (KHTML, like Gecko) Chrome/78.0.3904.70 Safari/537.36"
[2019-11-04T14:58:19.696] [INFO] normal - ::1 - - "GET /egret-game/resource/assets/result/result_title_bg.png HTTP/1.1" 200 1951 "http://localhost:8080/egret-game/index.html" "Mozilla/5.0 (Windows NT 10.0; Win64; x64) AppleWebKit/537.36 (KHTML, like Gecko) Chrome/78.0.3904.70 Safari/537.36"
[2019-11-04T14:58:19.698] [INFO] normal - ::1 - - "GET /egret-game/resource/assets/result/result_cao.png HTTP/1.1" 200 17136 "http://localhost:8080/egret-game/index.html" "Mozilla/5.0 (Windows NT 10.0; Win64; x64) AppleWebKit/537.36 (KHTML, like Gecko) Chrome/78.0.3904.70 Safari/537.36"
[2019-11-04T14:58:19.699] [INFO] normal - ::1 - - "GET /egret-game/resource/assets/result/result_stone.png HTTP/1.1" 200 10634 "http://localhost:8080/egret-game/index.html" "Mozilla/5.0 (Windows NT 10.0; Win64; x64) AppleWebKit/537.36 (KHTML, like Gecko) Chrome/78.0.3904.70 Safari/537.36"
[2019-11-04T14:58:19.700] [INFO] normal - ::1 - - "GET /egret-game/resource/assets/result/result_fish.png HTTP/1.1" 200 1921 "http://localhost:8080/egret-game/index.html" "Mozilla/5.0 (Windows NT 10.0; Win64; x64) AppleWebKit/537.36 (KHTML, like Gecko) Chrome/78.0.3904.70 Safari/537.36"
[2019-11-04T14:58:19.702] [INFO] normal - ::1 - - "GET /egret-game/resource/assets/result/result_bg.png HTTP/1.1" 200 60641 "http://localhost:8080/egret-game/index.html" "Mozilla/5.0 (Windows NT 10.0; Win64; x64) AppleWebKit/537.36 (KHTML, like Gecko) Chrome/78.0.3904.70 Safari/537.36"
[2019-11-04T14:58:19.708] [INFO] normal - ::1 - - "GET /egret-game/resource/assets/result/result_kuang_bian.png HTTP/1.1" 200 3043 "http://localhost:8080/egret-game/index.html" "Mozilla/5.0 (Windows NT 10.0; Win64; x64) AppleWebKit/537.36 (KHTML, like Gecko) Chrome/78.0.3904.70 Safari/537.36"
[2019-11-04T14:58:19.709] [INFO] normal - ::1 - - "GET /egret-game/resource/assets/result/result_kuang.png HTTP/1.1" 200 949 "http://localhost:8080/egret-game/index.html" "Mozilla/5.0 (Windows NT 10.0; Win64; x64) AppleWebKit/537.36 (KHTML, like Gecko) Chrome/78.0.3904.70 Safari/537.36"
[2019-11-04T14:58:19.712] [INFO] normal - ::1 - - "GET /egret-game/resource/assets/result/result_kuang_shuxian.png HTTP/1.1" 200 87 "http://localhost:8080/egret-game/index.html" "Mozilla/5.0 (Windows NT 10.0; Win64; x64) AppleWebKit/537.36 (KHTML, like Gecko) Chrome/78.0.3904.70 Safari/537.36"
[2019-11-04T14:58:19.712] [INFO] normal - ::1 - - "GET /egret-game/resource/assets/result/result_kuang_hengxian.png HTTP/1.1" 200 129 "http://localhost:8080/egret-game/index.html" "Mozilla/5.0 (Windows NT 10.0; Win64; x64) AppleWebKit/537.36 (KHTML, like Gecko) Chrome/78.0.3904.70 Safari/537.36"
[2019-11-04T14:58:19.714] [INFO] normal - ::1 - - "GET /egret-game/resource/assets/result/result_gray_bg.png HTTP/1.1" 200 83 "http://localhost:8080/egret-game/index.html" "Mozilla/5.0 (Windows NT 10.0; Win64; x64) AppleWebKit/537.36 (KHTML, like Gecko) Chrome/78.0.3904.70 Safari/537.36"
[2019-11-04T14:58:19.714] [INFO] normal - ::1 - - "GET /egret-game/resource/assets/result/rader_bg.png HTTP/1.1" 200 18279 "http://localhost:8080/egret-game/index.html" "Mozilla/5.0 (Windows NT 10.0; Win64; x64) AppleWebKit/537.36 (KHTML, like Gecko) Chrome/78.0.3904.70 Safari/537.36"
[2019-11-04T14:58:19.718] [INFO] normal - ::1 - - "GET /egret-game/resource/assets/egret/roundthumb.png HTTP/1.1" 200 933 "http://localhost:8080/egret-game/index.html" "Mozilla/5.0 (Windows NT 10.0; Win64; x64) AppleWebKit/537.36 (KHTML, like Gecko) Chrome/78.0.3904.70 Safari/537.36"
[2019-11-04T14:58:19.719] [INFO] normal - ::1 - - "GET /egret-game/resource/assets/result/result_good.json HTTP/1.1" 200 1159 "http://localhost:8080/egret-game/index.html" "Mozilla/5.0 (Windows NT 10.0; Win64; x64) AppleWebKit/537.36 (KHTML, like Gecko) Chrome/78.0.3904.70 Safari/537.36"
[2019-11-04T14:58:19.722] [INFO] normal - ::1 - - "GET /egret-game/resource/assets/result/result_good.png HTTP/1.1" 200 147917 "http://localhost:8080/egret-game/index.html" "Mozilla/5.0 (Windows NT 10.0; Win64; x64) AppleWebKit/537.36 (KHTML, like Gecko) Chrome/78.0.3904.70 Safari/537.36"
[2019-11-04T14:58:19.724] [INFO] normal - ::1 - - "GET /egret-game/resource/assets/common/common_head_default.png HTTP/1.1" 200 8001 "http://localhost:8080/egret-game/index.html" "Mozilla/5.0 (Windows NT 10.0; Win64; x64) AppleWebKit/537.36 (KHTML, like Gecko) Chrome/78.0.3904.70 Safari/537.36"
[2019-11-04T14:58:19.725] [INFO] normal - ::1 - - "GET /egret-game/resource/assets/common/common_headbg.png HTTP/1.1" 200 1321 "http://localhost:8080/egret-game/index.html" "Mozilla/5.0 (Windows NT 10.0; Win64; x64) AppleWebKit/537.36 (KHTML, like Gecko) Chrome/78.0.3904.70 Safari/537.36"
[2019-11-04T14:58:19.730] [INFO] normal - ::1 - - "GET /egret-game/resource/assets/common/main_hore.png HTTP/1.1" 200 1074 "http://localhost:8080/egret-game/index.html" "Mozilla/5.0 (Windows NT 10.0; Win64; x64) AppleWebKit/537.36 (KHTML, like Gecko) Chrome/78.0.3904.70 Safari/537.36"
[2019-11-04T14:58:19.730] [INFO] normal - ::1 - - "GET /egret-game/resource/assets/sounds/result_win.mp3 HTTP/1.1" 206 26888 "http://localhost:8080/egret-game/index.html" "Mozilla/5.0 (Windows NT 10.0; Win64; x64) AppleWebKit/537.36 (KHTML, like Gecko) Chrome/78.0.3904.70 Safari/537.36"
[2019-11-04T14:58:19.731] [INFO] normal - ::1 - - "GET /egret-game/resource/assets/common/main_hore.json HTTP/1.1" 200 537 "http://localhost:8080/egret-game/index.html" "Mozilla/5.0 (Windows NT 10.0; Win64; x64) AppleWebKit/537.36 (KHTML, like Gecko) Chrome/78.0.3904.70 Safari/537.36"
[2019-11-04T14:58:19.771] [INFO] normal - ::1 - - "GET /evaluation-quiz/paper/list HTTP/1.1" 404 165 "http://localhost:8080/egret-game/index.html" "Mozilla/5.0 (Windows NT 10.0; Win64; x64) AppleWebKit/537.36 (KHTML, like Gecko) Chrome/78.0.3904.70 Safari/537.36"
[2019-11-04T14:59:05.640] [INFO] normal - ::1 - - "GET /evaluation-quiz/paper/list HTTP/1.1" 404 165 "" "Mozilla/5.0 (Windows NT 10.0; Win64; x64) AppleWebKit/537.36 (KHTML, like Gecko) Chrome/78.0.3904.70 Safari/537.36"
[2019-11-04T15:14:46.536] [INFO] normal - ::1 - - "POST /upload HTTP/1.1" 404 146 "" "PostmanRuntime/7.15.2"
