[2019-08-24T11:43:34.142] [INFO] normal - ::1 - - "GET /egret-game HTTP/1.1" 301 187 "" "Mozilla/5.0 (Windows NT 10.0; Win64; x64) AppleWebKit/537.36 (KHTML, like Gecko) Chrome/76.0.3809.100 Safari/537.36"
[2019-08-24T11:43:34.151] [INFO] normal - ::1 - - "GET /egret-game/ HTTP/1.1" 200 4785 "" "Mozilla/5.0 (Windows NT 10.0; Win64; x64) AppleWebKit/537.36 (KHTML, like Gecko) Chrome/76.0.3809.100 Safari/537.36"
[2019-08-24T11:43:34.179] [INFO] normal - ::1 - - "GET /egret-game/manifest.json?v=0.1940412158069298 HTTP/1.1" 200 510 "http://localhost:8080/egret-game/" "Mozilla/5.0 (Windows NT 10.0; Win64; x64) AppleWebKit/537.36 (KHTML, like Gecko) Chrome/76.0.3809.100 Safari/537.36"
[2019-08-24T11:43:34.190] [INFO] normal - ::1 - - "GET /egret-game/js/egret.min_1f88eb98.js HTTP/1.1" 200 193874 "http://localhost:8080/egret-game/" "Mozilla/5.0 (Windows NT 10.0; Win64; x64) AppleWebKit/537.36 (KHTML, like Gecko) Chrome/76.0.3809.100 Safari/537.36"
[2019-08-24T11:43:34.192] [INFO] normal - ::1 - - "GET /egret-game/js/assetsmanager.min_f2e50bd1.js HTTP/1.1" 200 26929 "http://localhost:8080/egret-game/" "Mozilla/5.0 (Windows NT 10.0; Win64; x64) AppleWebKit/537.36 (KHTML, like Gecko) Chrome/76.0.3809.100 Safari/537.36"
[2019-08-24T11:43:34.194] [INFO] normal - ::1 - - "GET /egret-game/js/egret.web.min_2dd0bd72.js HTTP/1.1" 200 113158 "http://localhost:8080/egret-game/" "Mozilla/5.0 (Windows NT 10.0; Win64; x64) AppleWebKit/537.36 (KHTML, like Gecko) Chrome/76.0.3809.100 Safari/537.36"
[2019-08-24T11:43:34.196] [INFO] normal - ::1 - - "GET /egret-game/js/eui.min_38a8c284.js HTTP/1.1" 200 210595 "http://localhost:8080/egret-game/" "Mozilla/5.0 (Windows NT 10.0; Win64; x64) AppleWebKit/537.36 (KHTML, like Gecko) Chrome/76.0.3809.100 Safari/537.36"
[2019-08-24T11:43:34.198] [INFO] normal - ::1 - - "GET /egret-game/js/tween.min_6c5a88f9.js HTTP/1.1" 200 12481 "http://localhost:8080/egret-game/" "Mozilla/5.0 (Windows NT 10.0; Win64; x64) AppleWebKit/537.36 (KHTML, like Gecko) Chrome/76.0.3809.100 Safari/537.36"
[2019-08-24T11:43:34.200] [INFO] normal - ::1 - - "GET /egret-game/js/game.min_45aa06f6.js HTTP/1.1" 200 40360 "http://localhost:8080/egret-game/" "Mozilla/5.0 (Windows NT 10.0; Win64; x64) AppleWebKit/537.36 (KHTML, like Gecko) Chrome/76.0.3809.100 Safari/537.36"
[2019-08-24T11:43:34.205] [INFO] normal - ::1 - - "GET /egret-game/js/promise.min_83a6a5d.js HTTP/1.1" 200 6474 "http://localhost:8080/egret-game/" "Mozilla/5.0 (Windows NT 10.0; Win64; x64) AppleWebKit/537.36 (KHTML, like Gecko) Chrome/76.0.3809.100 Safari/537.36"
[2019-08-24T11:43:34.207] [INFO] normal - ::1 - - "GET /egret-game/js/socket.min_8b4cb752.js HTTP/1.1" 200 4476 "http://localhost:8080/egret-game/" "Mozilla/5.0 (Windows NT 10.0; Win64; x64) AppleWebKit/537.36 (KHTML, like Gecko) Chrome/76.0.3809.100 Safari/537.36"
[2019-08-24T11:43:34.209] [INFO] normal - ::1 - - "GET /egret-game/js/dragonBones.min_6252b9c4.js HTTP/1.1" 200 258742 "http://localhost:8080/egret-game/" "Mozilla/5.0 (Windows NT 10.0; Win64; x64) AppleWebKit/537.36 (KHTML, like Gecko) Chrome/76.0.3809.100 Safari/537.36"
[2019-08-24T11:43:34.226] [INFO] normal - ::1 - - "GET /egret-game/js/htsw_framework.min_6b847dcf.js HTTP/1.1" 200 116028 "http://localhost:8080/egret-game/" "Mozilla/5.0 (Windows NT 10.0; Win64; x64) AppleWebKit/537.36 (KHTML, like Gecko) Chrome/76.0.3809.100 Safari/537.36"
[2019-08-24T11:43:34.228] [INFO] normal - ::1 - - "GET /egret-game/js/CoursewareModule.min_1429de80.js HTTP/1.1" 200 78910 "http://localhost:8080/egret-game/" "Mozilla/5.0 (Windows NT 10.0; Win64; x64) AppleWebKit/537.36 (KHTML, like Gecko) Chrome/76.0.3809.100 Safari/537.36"
[2019-08-24T11:43:34.230] [INFO] normal - ::1 - - "GET /egret-game/js/default.thm_fb85d5ca.js HTTP/1.1" 200 1218 "http://localhost:8080/egret-game/" "Mozilla/5.0 (Windows NT 10.0; Win64; x64) AppleWebKit/537.36 (KHTML, like Gecko) Chrome/76.0.3809.100 Safari/537.36"
[2019-08-24T11:43:34.231] [INFO] normal - ::1 - - "GET /egret-game/js/BigClass_GarbageClassfiy.thm_694b42d4.js HTTP/1.1" 200 45316 "http://localhost:8080/egret-game/" "Mozilla/5.0 (Windows NT 10.0; Win64; x64) AppleWebKit/537.36 (KHTML, like Gecko) Chrome/76.0.3809.100 Safari/537.36"
[2019-08-24T11:43:34.234] [INFO] normal - ::1 - - "GET /favicon.ico HTTP/1.1" 404 150 "http://localhost:8080/egret-game/" "Mozilla/5.0 (Windows NT 10.0; Win64; x64) AppleWebKit/537.36 (KHTML, like Gecko) Chrome/76.0.3809.100 Safari/537.36"
[2019-08-24T11:43:34.235] [INFO] normal - ::1 - - "GET /egret-game/js/main.min_a5b4fc70.js HTTP/1.1" 200 46118 "http://localhost:8080/egret-game/" "Mozilla/5.0 (Windows NT 10.0; Win64; x64) AppleWebKit/537.36 (KHTML, like Gecko) Chrome/76.0.3809.100 Safari/537.36"
[2019-08-24T11:43:34.363] [INFO] normal - ::1 - - "GET /egret-game/resource/gamemain/default.res.json HTTP/1.1" 200 2525 "http://localhost:8080/egret-game/" "Mozilla/5.0 (Windows NT 10.0; Win64; x64) AppleWebKit/537.36 (KHTML, like Gecko) Chrome/76.0.3809.100 Safari/537.36"
[2019-08-24T11:43:34.381] [INFO] normal - ::1 - - "GET /egret-game/resource/BigClass_GarbageClassfiy/BigClass_GarbageClassfiy.res.json HTTP/1.1" 200 16413 "http://localhost:8080/egret-game/" "Mozilla/5.0 (Windows NT 10.0; Win64; x64) AppleWebKit/537.36 (KHTML, like Gecko) Chrome/76.0.3809.100 Safari/537.36"
[2019-08-24T11:43:34.462] [INFO] normal - ::1 - - "GET /egret-game/resource/BigClass_GarbageClassfiy/assets/BigClass_GarbageClassfiy_preload/BigClass_GarbageClassfiy.json HTTP/1.1" 200 3534 "http://localhost:8080/egret-game/" "Mozilla/5.0 (Windows NT 10.0; Win64; x64) AppleWebKit/537.36 (KHTML, like Gecko) Chrome/76.0.3809.100 Safari/537.36"
[2019-08-24T11:43:34.462] [INFO] normal - ::1 - - "GET /egret-game/resource/gamemain/assets/preload/main_preload.json HTTP/1.1" 200 918 "http://localhost:8080/egret-game/" "Mozilla/5.0 (Windows NT 10.0; Win64; x64) AppleWebKit/537.36 (KHTML, like Gecko) Chrome/76.0.3809.100 Safari/537.36"
[2019-08-24T11:43:34.464] [INFO] normal - ::1 - - "GET /egret-game/resource/BigClass_GarbageClassfiy/assets/BigClass_NiXingTuiLi_page_scene4/BigClass_NiXingTuiLi_big_page_scene4.json HTTP/1.1" 200 381 "http://localhost:8080/egret-game/" "Mozilla/5.0 (Windows NT 10.0; Win64; x64) AppleWebKit/537.36 (KHTML, like Gecko) Chrome/76.0.3809.100 Safari/537.36"
[2019-08-24T11:43:34.466] [INFO] normal - ::1 - - "GET /egret-game/resource/BigClass_GarbageClassfiy/assets/BigClass_GarbageClassfiy_page_scene22/BigClass_GarbageClassfiy_big_page_scene22.json HTTP/1.1" 200 289 "http://localhost:8080/egret-game/" "Mozilla/5.0 (Windows NT 10.0; Win64; x64) AppleWebKit/537.36 (KHTML, like Gecko) Chrome/76.0.3809.100 Safari/537.36"
[2019-08-24T11:43:34.467] [INFO] normal - ::1 - - "GET /egret-game/resource/BigClass_GarbageClassfiy/assets/BigClass_GarbageClassfiy_page_scene13/BigClass_GarbageClassfiy_big_page_scene13.json HTTP/1.1" 200 1076 "http://localhost:8080/egret-game/" "Mozilla/5.0 (Windows NT 10.0; Win64; x64) AppleWebKit/537.36 (KHTML, like Gecko) Chrome/76.0.3809.100 Safari/537.36"
[2019-08-24T11:43:34.476] [INFO] normal - ::1 - - "GET /egret-game/resource/gamemain/assets/preload/main_preload.png HTTP/1.1" 200 19264 "http://localhost:8080/egret-game/" "Mozilla/5.0 (Windows NT 10.0; Win64; x64) AppleWebKit/537.36 (KHTML, like Gecko) Chrome/76.0.3809.100 Safari/537.36"
[2019-08-24T11:43:34.491] [INFO] normal - ::1 - - "GET /egret-game/resource/BigClass_GarbageClassfiy/assets/BigClass_NiXingTuiLi_page_scene4/BigClass_NiXingTuiLi_page_scene_bg4.jpg HTTP/1.1" 200 102292 "http://localhost:8080/egret-game/" "Mozilla/5.0 (Windows NT 10.0; Win64; x64) AppleWebKit/537.36 (KHTML, like Gecko) Chrome/76.0.3809.100 Safari/537.36"
[2019-08-24T11:43:34.492] [INFO] normal - ::1 - - "GET /egret-game/resource/BigClass_GarbageClassfiy/assets/BigClass_NiXingTuiLi_page_scene4/BigClass_NiXingTuiLi_big_page_scene4.png HTTP/1.1" 200 3822 "http://localhost:8080/egret-game/" "Mozilla/5.0 (Windows NT 10.0; Win64; x64) AppleWebKit/537.36 (KHTML, like Gecko) Chrome/76.0.3809.100 Safari/537.36"
[2019-08-24T11:43:34.493] [INFO] normal - ::1 - - "GET /egret-game/resource/BigClass_GarbageClassfiy/assets/BigClass_GarbageClassfiy_page_scene13/BigClass_GarbageClassfiy_big_page_scene13.png HTTP/1.1" 200 35161 "http://localhost:8080/egret-game/" "Mozilla/5.0 (Windows NT 10.0; Win64; x64) AppleWebKit/537.36 (KHTML, like Gecko) Chrome/76.0.3809.100 Safari/537.36"
[2019-08-24T11:43:34.497] [INFO] normal - ::1 - - "GET /egret-game/resource/BigClass_GarbageClassfiy/assets/BigClass_GarbageClassfiy_page_scene22/BigClass_GarbageClassfiy_big_page_scene22.png HTTP/1.1" 200 184401 "http://localhost:8080/egret-game/" "Mozilla/5.0 (Windows NT 10.0; Win64; x64) AppleWebKit/537.36 (KHTML, like Gecko) Chrome/76.0.3809.100 Safari/537.36"
[2019-08-24T11:44:10.214] [INFO] normal - ::1 - - "GET /egret-game/ HTTP/1.1" 304 - "" "Mozilla/5.0 (Windows NT 10.0; Win64; x64) AppleWebKit/537.36 (KHTML, like Gecko) Chrome/76.0.3809.100 Safari/537.36"
[2019-08-24T11:44:10.232] [INFO] normal - ::1 - - "GET /egret-game/manifest.json?v=0.9704703425189973 HTTP/1.1" 200 510 "http://localhost:8080/egret-game/" "Mozilla/5.0 (Windows NT 10.0; Win64; x64) AppleWebKit/537.36 (KHTML, like Gecko) Chrome/76.0.3809.100 Safari/537.36"
[2019-08-24T11:44:10.241] [INFO] normal - ::1 - - "GET /egret-game/js/egret.min_1f88eb98.js HTTP/1.1" 304 - "http://localhost:8080/egret-game/" "Mozilla/5.0 (Windows NT 10.0; Win64; x64) AppleWebKit/537.36 (KHTML, like Gecko) Chrome/76.0.3809.100 Safari/537.36"
[2019-08-24T11:44:10.243] [INFO] normal - ::1 - - "GET /egret-game/js/egret.web.min_2dd0bd72.js HTTP/1.1" 304 - "http://localhost:8080/egret-game/" "Mozilla/5.0 (Windows NT 10.0; Win64; x64) AppleWebKit/537.36 (KHTML, like Gecko) Chrome/76.0.3809.100 Safari/537.36"
[2019-08-24T11:44:10.244] [INFO] normal - ::1 - - "GET /egret-game/js/eui.min_38a8c284.js HTTP/1.1" 304 - "http://localhost:8080/egret-game/" "Mozilla/5.0 (Windows NT 10.0; Win64; x64) AppleWebKit/537.36 (KHTML, like Gecko) Chrome/76.0.3809.100 Safari/537.36"
[2019-08-24T11:44:10.248] [INFO] normal - ::1 - - "GET /egret-game/js/assetsmanager.min_f2e50bd1.js HTTP/1.1" 304 - "http://localhost:8080/egret-game/" "Mozilla/5.0 (Windows NT 10.0; Win64; x64) AppleWebKit/537.36 (KHTML, like Gecko) Chrome/76.0.3809.100 Safari/537.36"
[2019-08-24T11:44:10.250] [INFO] normal - ::1 - - "GET /egret-game/js/tween.min_6c5a88f9.js HTTP/1.1" 304 - "http://localhost:8080/egret-game/" "Mozilla/5.0 (Windows NT 10.0; Win64; x64) AppleWebKit/537.36 (KHTML, like Gecko) Chrome/76.0.3809.100 Safari/537.36"
[2019-08-24T11:44:10.257] [INFO] normal - ::1 - - "GET /egret-game/js/game.min_45aa06f6.js HTTP/1.1" 304 - "http://localhost:8080/egret-game/" "Mozilla/5.0 (Windows NT 10.0; Win64; x64) AppleWebKit/537.36 (KHTML, like Gecko) Chrome/76.0.3809.100 Safari/537.36"
[2019-08-24T11:44:10.259] [INFO] normal - ::1 - - "GET /egret-game/js/promise.min_83a6a5d.js HTTP/1.1" 304 - "http://localhost:8080/egret-game/" "Mozilla/5.0 (Windows NT 10.0; Win64; x64) AppleWebKit/537.36 (KHTML, like Gecko) Chrome/76.0.3809.100 Safari/537.36"
[2019-08-24T11:44:10.260] [INFO] normal - ::1 - - "GET /egret-game/js/dragonBones.min_6252b9c4.js HTTP/1.1" 304 - "http://localhost:8080/egret-game/" "Mozilla/5.0 (Windows NT 10.0; Win64; x64) AppleWebKit/537.36 (KHTML, like Gecko) Chrome/76.0.3809.100 Safari/537.36"
[2019-08-24T11:44:10.260] [INFO] normal - ::1 - - "GET /egret-game/js/socket.min_8b4cb752.js HTTP/1.1" 304 - "http://localhost:8080/egret-game/" "Mozilla/5.0 (Windows NT 10.0; Win64; x64) AppleWebKit/537.36 (KHTML, like Gecko) Chrome/76.0.3809.100 Safari/537.36"
[2019-08-24T11:44:10.261] [INFO] normal - ::1 - - "GET /egret-game/js/htsw_framework.min_6b847dcf.js HTTP/1.1" 304 - "http://localhost:8080/egret-game/" "Mozilla/5.0 (Windows NT 10.0; Win64; x64) AppleWebKit/537.36 (KHTML, like Gecko) Chrome/76.0.3809.100 Safari/537.36"
[2019-08-24T11:44:10.262] [INFO] normal - ::1 - - "GET /egret-game/js/CoursewareModule.min_1429de80.js HTTP/1.1" 304 - "http://localhost:8080/egret-game/" "Mozilla/5.0 (Windows NT 10.0; Win64; x64) AppleWebKit/537.36 (KHTML, like Gecko) Chrome/76.0.3809.100 Safari/537.36"
[2019-08-24T11:44:10.262] [INFO] normal - ::1 - - "GET /egret-game/js/default.thm_fb85d5ca.js HTTP/1.1" 304 - "http://localhost:8080/egret-game/" "Mozilla/5.0 (Windows NT 10.0; Win64; x64) AppleWebKit/537.36 (KHTML, like Gecko) Chrome/76.0.3809.100 Safari/537.36"
[2019-08-24T11:44:10.263] [INFO] normal - ::1 - - "GET /egret-game/js/BigClass_GarbageClassfiy.thm_694b42d4.js HTTP/1.1" 304 - "http://localhost:8080/egret-game/" "Mozilla/5.0 (Windows NT 10.0; Win64; x64) AppleWebKit/537.36 (KHTML, like Gecko) Chrome/76.0.3809.100 Safari/537.36"
[2019-08-24T11:44:10.267] [INFO] normal - ::1 - - "GET /egret-game/js/main.min_a5b4fc70.js HTTP/1.1" 304 - "http://localhost:8080/egret-game/" "Mozilla/5.0 (Windows NT 10.0; Win64; x64) AppleWebKit/537.36 (KHTML, like Gecko) Chrome/76.0.3809.100 Safari/537.36"
[2019-08-24T11:44:10.395] [INFO] normal - ::1 - - "GET /egret-game/resource/gamemain/default.res.json HTTP/1.1" 304 - "http://localhost:8080/egret-game/" "Mozilla/5.0 (Windows NT 10.0; Win64; x64) AppleWebKit/537.36 (KHTML, like Gecko) Chrome/76.0.3809.100 Safari/537.36"
[2019-08-24T11:44:10.408] [INFO] normal - ::1 - - "GET /egret-game/resource/BigClass_GarbageClassfiy/BigClass_GarbageClassfiy.res.json HTTP/1.1" 304 - "http://localhost:8080/egret-game/" "Mozilla/5.0 (Windows NT 10.0; Win64; x64) AppleWebKit/537.36 (KHTML, like Gecko) Chrome/76.0.3809.100 Safari/537.36"
[2019-08-24T11:44:10.456] [INFO] normal - ::1 - - "GET /egret-game/resource/gamemain/assets/preload/main_preload.json HTTP/1.1" 304 - "http://localhost:8080/egret-game/" "Mozilla/5.0 (Windows NT 10.0; Win64; x64) AppleWebKit/537.36 (KHTML, like Gecko) Chrome/76.0.3809.100 Safari/537.36"
[2019-08-24T11:44:10.459] [INFO] normal - ::1 - - "GET /egret-game/resource/BigClass_GarbageClassfiy/assets/BigClass_GarbageClassfiy_preload/BigClass_GarbageClassfiy.json HTTP/1.1" 304 - "http://localhost:8080/egret-game/" "Mozilla/5.0 (Windows NT 10.0; Win64; x64) AppleWebKit/537.36 (KHTML, like Gecko) Chrome/76.0.3809.100 Safari/537.36"
[2019-08-24T11:44:10.462] [INFO] normal - ::1 - - "GET /egret-game/resource/BigClass_GarbageClassfiy/assets/BigClass_NiXingTuiLi_page_scene4/BigClass_NiXingTuiLi_big_page_scene4.json HTTP/1.1" 304 - "http://localhost:8080/egret-game/" "Mozilla/5.0 (Windows NT 10.0; Win64; x64) AppleWebKit/537.36 (KHTML, like Gecko) Chrome/76.0.3809.100 Safari/537.36"
[2019-08-24T11:44:10.469] [INFO] normal - ::1 - - "GET /egret-game/resource/BigClass_GarbageClassfiy/assets/BigClass_NiXingTuiLi_page_scene4/BigClass_NiXingTuiLi_page_scene_bg4.jpg HTTP/1.1" 304 - "http://localhost:8080/egret-game/" "Mozilla/5.0 (Windows NT 10.0; Win64; x64) AppleWebKit/537.36 (KHTML, like Gecko) Chrome/76.0.3809.100 Safari/537.36"
[2019-08-24T11:44:10.473] [INFO] normal - ::1 - - "GET /egret-game/resource/BigClass_GarbageClassfiy/assets/BigClass_GarbageClassfiy_page_scene22/BigClass_GarbageClassfiy_big_page_scene22.json HTTP/1.1" 304 - "http://localhost:8080/egret-game/" "Mozilla/5.0 (Windows NT 10.0; Win64; x64) AppleWebKit/537.36 (KHTML, like Gecko) Chrome/76.0.3809.100 Safari/537.36"
[2019-08-24T11:44:10.475] [INFO] normal - ::1 - - "GET /egret-game/resource/BigClass_GarbageClassfiy/assets/BigClass_GarbageClassfiy_page_scene13/BigClass_GarbageClassfiy_big_page_scene13.json HTTP/1.1" 304 - "http://localhost:8080/egret-game/" "Mozilla/5.0 (Windows NT 10.0; Win64; x64) AppleWebKit/537.36 (KHTML, like Gecko) Chrome/76.0.3809.100 Safari/537.36"
[2019-08-24T11:44:10.483] [INFO] normal - ::1 - - "GET /egret-game/resource/gamemain/assets/preload/main_preload.png HTTP/1.1" 304 - "http://localhost:8080/egret-game/" "Mozilla/5.0 (Windows NT 10.0; Win64; x64) AppleWebKit/537.36 (KHTML, like Gecko) Chrome/76.0.3809.100 Safari/537.36"
[2019-08-24T11:44:10.489] [INFO] normal - ::1 - - "GET /egret-game/resource/BigClass_GarbageClassfiy/assets/BigClass_GarbageClassfiy_page_scene22/BigClass_GarbageClassfiy_big_page_scene22.png HTTP/1.1" 304 - "http://localhost:8080/egret-game/" "Mozilla/5.0 (Windows NT 10.0; Win64; x64) AppleWebKit/537.36 (KHTML, like Gecko) Chrome/76.0.3809.100 Safari/537.36"
[2019-08-24T11:44:10.492] [INFO] normal - ::1 - - "GET /egret-game/resource/BigClass_GarbageClassfiy/assets/BigClass_GarbageClassfiy_page_scene13/BigClass_GarbageClassfiy_big_page_scene13.png HTTP/1.1" 304 - "http://localhost:8080/egret-game/" "Mozilla/5.0 (Windows NT 10.0; Win64; x64) AppleWebKit/537.36 (KHTML, like Gecko) Chrome/76.0.3809.100 Safari/537.36"
[2019-08-24T11:44:10.494] [INFO] normal - ::1 - - "GET /egret-game/resource/BigClass_GarbageClassfiy/assets/BigClass_NiXingTuiLi_page_scene4/BigClass_NiXingTuiLi_big_page_scene4.png HTTP/1.1" 304 - "http://localhost:8080/egret-game/" "Mozilla/5.0 (Windows NT 10.0; Win64; x64) AppleWebKit/537.36 (KHTML, like Gecko) Chrome/76.0.3809.100 Safari/537.36"
[2019-08-24T11:44:41.944] [INFO] normal - ::1 - - "GET /egret-game/ HTTP/1.1" 304 - "" "Mozilla/5.0 (Windows NT 10.0; Win64; x64) AppleWebKit/537.36 (KHTML, like Gecko) Chrome/76.0.3809.100 Safari/537.36"
[2019-08-24T11:44:41.960] [INFO] normal - ::1 - - "GET /egret-game/manifest.json?v=0.738816491881036 HTTP/1.1" 200 510 "http://localhost:8080/egret-game/" "Mozilla/5.0 (Windows NT 10.0; Win64; x64) AppleWebKit/537.36 (KHTML, like Gecko) Chrome/76.0.3809.100 Safari/537.36"
[2019-08-24T11:44:41.968] [INFO] normal - ::1 - - "GET /egret-game/js/egret.min_1f88eb98.js HTTP/1.1" 304 - "http://localhost:8080/egret-game/" "Mozilla/5.0 (Windows NT 10.0; Win64; x64) AppleWebKit/537.36 (KHTML, like Gecko) Chrome/76.0.3809.100 Safari/537.36"
[2019-08-24T11:44:41.970] [INFO] normal - ::1 - - "GET /egret-game/js/egret.web.min_2dd0bd72.js HTTP/1.1" 304 - "http://localhost:8080/egret-game/" "Mozilla/5.0 (Windows NT 10.0; Win64; x64) AppleWebKit/537.36 (KHTML, like Gecko) Chrome/76.0.3809.100 Safari/537.36"
[2019-08-24T11:44:41.976] [INFO] normal - ::1 - - "GET /egret-game/js/eui.min_38a8c284.js HTTP/1.1" 304 - "http://localhost:8080/egret-game/" "Mozilla/5.0 (Windows NT 10.0; Win64; x64) AppleWebKit/537.36 (KHTML, like Gecko) Chrome/76.0.3809.100 Safari/537.36"
[2019-08-24T11:44:41.976] [INFO] normal - ::1 - - "GET /egret-game/js/assetsmanager.min_f2e50bd1.js HTTP/1.1" 304 - "http://localhost:8080/egret-game/" "Mozilla/5.0 (Windows NT 10.0; Win64; x64) AppleWebKit/537.36 (KHTML, like Gecko) Chrome/76.0.3809.100 Safari/537.36"
[2019-08-24T11:44:41.977] [INFO] normal - ::1 - - "GET /egret-game/js/tween.min_6c5a88f9.js HTTP/1.1" 304 - "http://localhost:8080/egret-game/" "Mozilla/5.0 (Windows NT 10.0; Win64; x64) AppleWebKit/537.36 (KHTML, like Gecko) Chrome/76.0.3809.100 Safari/537.36"
[2019-08-24T11:44:41.979] [INFO] normal - ::1 - - "GET /egret-game/js/game.min_45aa06f6.js HTTP/1.1" 304 - "http://localhost:8080/egret-game/" "Mozilla/5.0 (Windows NT 10.0; Win64; x64) AppleWebKit/537.36 (KHTML, like Gecko) Chrome/76.0.3809.100 Safari/537.36"
[2019-08-24T11:44:41.979] [INFO] normal - ::1 - - "GET /egret-game/js/promise.min_83a6a5d.js HTTP/1.1" 304 - "http://localhost:8080/egret-game/" "Mozilla/5.0 (Windows NT 10.0; Win64; x64) AppleWebKit/537.36 (KHTML, like Gecko) Chrome/76.0.3809.100 Safari/537.36"
[2019-08-24T11:44:41.983] [INFO] normal - ::1 - - "GET /egret-game/js/dragonBones.min_6252b9c4.js HTTP/1.1" 304 - "http://localhost:8080/egret-game/" "Mozilla/5.0 (Windows NT 10.0; Win64; x64) AppleWebKit/537.36 (KHTML, like Gecko) Chrome/76.0.3809.100 Safari/537.36"
[2019-08-24T11:44:41.984] [INFO] normal - ::1 - - "GET /egret-game/js/socket.min_8b4cb752.js HTTP/1.1" 304 - "http://localhost:8080/egret-game/" "Mozilla/5.0 (Windows NT 10.0; Win64; x64) AppleWebKit/537.36 (KHTML, like Gecko) Chrome/76.0.3809.100 Safari/537.36"
[2019-08-24T11:44:41.985] [INFO] normal - ::1 - - "GET /egret-game/js/htsw_framework.min_6b847dcf.js HTTP/1.1" 304 - "http://localhost:8080/egret-game/" "Mozilla/5.0 (Windows NT 10.0; Win64; x64) AppleWebKit/537.36 (KHTML, like Gecko) Chrome/76.0.3809.100 Safari/537.36"
[2019-08-24T11:44:41.987] [INFO] normal - ::1 - - "GET /egret-game/js/CoursewareModule.min_1429de80.js HTTP/1.1" 304 - "http://localhost:8080/egret-game/" "Mozilla/5.0 (Windows NT 10.0; Win64; x64) AppleWebKit/537.36 (KHTML, like Gecko) Chrome/76.0.3809.100 Safari/537.36"
[2019-08-24T11:44:41.988] [INFO] normal - ::1 - - "GET /egret-game/js/default.thm_fb85d5ca.js HTTP/1.1" 304 - "http://localhost:8080/egret-game/" "Mozilla/5.0 (Windows NT 10.0; Win64; x64) AppleWebKit/537.36 (KHTML, like Gecko) Chrome/76.0.3809.100 Safari/537.36"
[2019-08-24T11:44:41.988] [INFO] normal - ::1 - - "GET /egret-game/js/BigClass_GarbageClassfiy.thm_694b42d4.js HTTP/1.1" 304 - "http://localhost:8080/egret-game/" "Mozilla/5.0 (Windows NT 10.0; Win64; x64) AppleWebKit/537.36 (KHTML, like Gecko) Chrome/76.0.3809.100 Safari/537.36"
[2019-08-24T11:44:41.994] [INFO] normal - ::1 - - "GET /egret-game/js/main.min_a5b4fc70.js HTTP/1.1" 304 - "http://localhost:8080/egret-game/" "Mozilla/5.0 (Windows NT 10.0; Win64; x64) AppleWebKit/537.36 (KHTML, like Gecko) Chrome/76.0.3809.100 Safari/537.36"
[2019-08-24T11:44:42.107] [INFO] normal - ::1 - - "GET /egret-game/resource/gamemain/default.res.json HTTP/1.1" 304 - "http://localhost:8080/egret-game/" "Mozilla/5.0 (Windows NT 10.0; Win64; x64) AppleWebKit/537.36 (KHTML, like Gecko) Chrome/76.0.3809.100 Safari/537.36"
[2019-08-24T11:44:42.117] [INFO] normal - ::1 - - "GET /egret-game/resource/BigClass_GarbageClassfiy/BigClass_GarbageClassfiy.res.json HTTP/1.1" 304 - "http://localhost:8080/egret-game/" "Mozilla/5.0 (Windows NT 10.0; Win64; x64) AppleWebKit/537.36 (KHTML, like Gecko) Chrome/76.0.3809.100 Safari/537.36"
[2019-08-24T11:44:42.168] [INFO] normal - ::1 - - "GET /egret-game/resource/gamemain/assets/preload/main_preload.json HTTP/1.1" 304 - "http://localhost:8080/egret-game/" "Mozilla/5.0 (Windows NT 10.0; Win64; x64) AppleWebKit/537.36 (KHTML, like Gecko) Chrome/76.0.3809.100 Safari/537.36"
[2019-08-24T11:44:42.169] [INFO] normal - ::1 - - "GET /egret-game/resource/BigClass_GarbageClassfiy/assets/BigClass_GarbageClassfiy_preload/BigClass_GarbageClassfiy.json HTTP/1.1" 304 - "http://localhost:8080/egret-game/" "Mozilla/5.0 (Windows NT 10.0; Win64; x64) AppleWebKit/537.36 (KHTML, like Gecko) Chrome/76.0.3809.100 Safari/537.36"
[2019-08-24T11:44:42.170] [INFO] normal - ::1 - - "GET /egret-game/resource/BigClass_GarbageClassfiy/assets/BigClass_NiXingTuiLi_page_scene4/BigClass_NiXingTuiLi_big_page_scene4.json HTTP/1.1" 304 - "http://localhost:8080/egret-game/" "Mozilla/5.0 (Windows NT 10.0; Win64; x64) AppleWebKit/537.36 (KHTML, like Gecko) Chrome/76.0.3809.100 Safari/537.36"
[2019-08-24T11:44:42.172] [INFO] normal - ::1 - - "GET /egret-game/resource/BigClass_GarbageClassfiy/assets/BigClass_NiXingTuiLi_page_scene4/BigClass_NiXingTuiLi_page_scene_bg4.jpg HTTP/1.1" 304 - "http://localhost:8080/egret-game/" "Mozilla/5.0 (Windows NT 10.0; Win64; x64) AppleWebKit/537.36 (KHTML, like Gecko) Chrome/76.0.3809.100 Safari/537.36"
[2019-08-24T11:44:42.174] [INFO] normal - ::1 - - "GET /egret-game/resource/BigClass_GarbageClassfiy/assets/BigClass_GarbageClassfiy_page_scene22/BigClass_GarbageClassfiy_big_page_scene22.json HTTP/1.1" 304 - "http://localhost:8080/egret-game/" "Mozilla/5.0 (Windows NT 10.0; Win64; x64) AppleWebKit/537.36 (KHTML, like Gecko) Chrome/76.0.3809.100 Safari/537.36"
[2019-08-24T11:44:42.174] [INFO] normal - ::1 - - "GET /egret-game/resource/BigClass_GarbageClassfiy/assets/BigClass_GarbageClassfiy_page_scene13/BigClass_GarbageClassfiy_big_page_scene13.json HTTP/1.1" 304 - "http://localhost:8080/egret-game/" "Mozilla/5.0 (Windows NT 10.0; Win64; x64) AppleWebKit/537.36 (KHTML, like Gecko) Chrome/76.0.3809.100 Safari/537.36"
[2019-08-24T11:44:42.177] [INFO] normal - ::1 - - "GET /egret-game/resource/gamemain/assets/preload/main_preload.png HTTP/1.1" 304 - "http://localhost:8080/egret-game/" "Mozilla/5.0 (Windows NT 10.0; Win64; x64) AppleWebKit/537.36 (KHTML, like Gecko) Chrome/76.0.3809.100 Safari/537.36"
[2019-08-24T11:44:42.183] [INFO] normal - ::1 - - "GET /egret-game/resource/BigClass_GarbageClassfiy/assets/BigClass_NiXingTuiLi_page_scene4/BigClass_NiXingTuiLi_big_page_scene4.png HTTP/1.1" 304 - "http://localhost:8080/egret-game/" "Mozilla/5.0 (Windows NT 10.0; Win64; x64) AppleWebKit/537.36 (KHTML, like Gecko) Chrome/76.0.3809.100 Safari/537.36"
[2019-08-24T11:44:42.186] [INFO] normal - ::1 - - "GET /egret-game/resource/BigClass_GarbageClassfiy/assets/BigClass_GarbageClassfiy_page_scene22/BigClass_GarbageClassfiy_big_page_scene22.png HTTP/1.1" 304 - "http://localhost:8080/egret-game/" "Mozilla/5.0 (Windows NT 10.0; Win64; x64) AppleWebKit/537.36 (KHTML, like Gecko) Chrome/76.0.3809.100 Safari/537.36"
[2019-08-24T11:44:42.188] [INFO] normal - ::1 - - "GET /egret-game/resource/BigClass_GarbageClassfiy/assets/BigClass_GarbageClassfiy_page_scene13/BigClass_GarbageClassfiy_big_page_scene13.png HTTP/1.1" 304 - "http://localhost:8080/egret-game/" "Mozilla/5.0 (Windows NT 10.0; Win64; x64) AppleWebKit/537.36 (KHTML, like Gecko) Chrome/76.0.3809.100 Safari/537.36"
[2019-08-24T11:44:49.301] [INFO] normal - ::1 - - "GET /egret-game/ HTTP/1.1" 304 - "" "Mozilla/5.0 (Windows NT 10.0; Win64; x64) AppleWebKit/537.36 (KHTML, like Gecko) Chrome/76.0.3809.100 Safari/537.36"
[2019-08-24T11:44:49.316] [INFO] normal - ::1 - - "GET /egret-game/manifest.json?v=0.43584012628395175 HTTP/1.1" 200 510 "http://localhost:8080/egret-game/" "Mozilla/5.0 (Windows NT 10.0; Win64; x64) AppleWebKit/537.36 (KHTML, like Gecko) Chrome/76.0.3809.100 Safari/537.36"
[2019-08-24T11:44:49.323] [INFO] normal - ::1 - - "GET /egret-game/js/egret.min_1f88eb98.js HTTP/1.1" 304 - "http://localhost:8080/egret-game/" "Mozilla/5.0 (Windows NT 10.0; Win64; x64) AppleWebKit/537.36 (KHTML, like Gecko) Chrome/76.0.3809.100 Safari/537.36"
[2019-08-24T11:44:49.324] [INFO] normal - ::1 - - "GET /egret-game/js/egret.web.min_2dd0bd72.js HTTP/1.1" 304 - "http://localhost:8080/egret-game/" "Mozilla/5.0 (Windows NT 10.0; Win64; x64) AppleWebKit/537.36 (KHTML, like Gecko) Chrome/76.0.3809.100 Safari/537.36"
[2019-08-24T11:44:49.329] [INFO] normal - ::1 - - "GET /egret-game/js/eui.min_38a8c284.js HTTP/1.1" 304 - "http://localhost:8080/egret-game/" "Mozilla/5.0 (Windows NT 10.0; Win64; x64) AppleWebKit/537.36 (KHTML, like Gecko) Chrome/76.0.3809.100 Safari/537.36"
[2019-08-24T11:44:49.330] [INFO] normal - ::1 - - "GET /egret-game/js/assetsmanager.min_f2e50bd1.js HTTP/1.1" 304 - "http://localhost:8080/egret-game/" "Mozilla/5.0 (Windows NT 10.0; Win64; x64) AppleWebKit/537.36 (KHTML, like Gecko) Chrome/76.0.3809.100 Safari/537.36"
[2019-08-24T11:44:49.333] [INFO] normal - ::1 - - "GET /egret-game/js/tween.min_6c5a88f9.js HTTP/1.1" 304 - "http://localhost:8080/egret-game/" "Mozilla/5.0 (Windows NT 10.0; Win64; x64) AppleWebKit/537.36 (KHTML, like Gecko) Chrome/76.0.3809.100 Safari/537.36"
[2019-08-24T11:44:49.333] [INFO] normal - ::1 - - "GET /egret-game/js/game.min_45aa06f6.js HTTP/1.1" 304 - "http://localhost:8080/egret-game/" "Mozilla/5.0 (Windows NT 10.0; Win64; x64) AppleWebKit/537.36 (KHTML, like Gecko) Chrome/76.0.3809.100 Safari/537.36"
[2019-08-24T11:44:49.339] [INFO] normal - ::1 - - "GET /egret-game/js/promise.min_83a6a5d.js HTTP/1.1" 304 - "http://localhost:8080/egret-game/" "Mozilla/5.0 (Windows NT 10.0; Win64; x64) AppleWebKit/537.36 (KHTML, like Gecko) Chrome/76.0.3809.100 Safari/537.36"
[2019-08-24T11:44:49.340] [INFO] normal - ::1 - - "GET /egret-game/js/dragonBones.min_6252b9c4.js HTTP/1.1" 304 - "http://localhost:8080/egret-game/" "Mozilla/5.0 (Windows NT 10.0; Win64; x64) AppleWebKit/537.36 (KHTML, like Gecko) Chrome/76.0.3809.100 Safari/537.36"
[2019-08-24T11:44:49.341] [INFO] normal - ::1 - - "GET /egret-game/js/socket.min_8b4cb752.js HTTP/1.1" 304 - "http://localhost:8080/egret-game/" "Mozilla/5.0 (Windows NT 10.0; Win64; x64) AppleWebKit/537.36 (KHTML, like Gecko) Chrome/76.0.3809.100 Safari/537.36"
[2019-08-24T11:44:49.342] [INFO] normal - ::1 - - "GET /egret-game/js/htsw_framework.min_6b847dcf.js HTTP/1.1" 304 - "http://localhost:8080/egret-game/" "Mozilla/5.0 (Windows NT 10.0; Win64; x64) AppleWebKit/537.36 (KHTML, like Gecko) Chrome/76.0.3809.100 Safari/537.36"
[2019-08-24T11:44:49.343] [INFO] normal - ::1 - - "GET /egret-game/js/CoursewareModule.min_1429de80.js HTTP/1.1" 304 - "http://localhost:8080/egret-game/" "Mozilla/5.0 (Windows NT 10.0; Win64; x64) AppleWebKit/537.36 (KHTML, like Gecko) Chrome/76.0.3809.100 Safari/537.36"
[2019-08-24T11:44:49.344] [INFO] normal - ::1 - - "GET /egret-game/js/default.thm_fb85d5ca.js HTTP/1.1" 304 - "http://localhost:8080/egret-game/" "Mozilla/5.0 (Windows NT 10.0; Win64; x64) AppleWebKit/537.36 (KHTML, like Gecko) Chrome/76.0.3809.100 Safari/537.36"
[2019-08-24T11:44:49.347] [INFO] normal - ::1 - - "GET /egret-game/js/BigClass_GarbageClassfiy.thm_694b42d4.js HTTP/1.1" 304 - "http://localhost:8080/egret-game/" "Mozilla/5.0 (Windows NT 10.0; Win64; x64) AppleWebKit/537.36 (KHTML, like Gecko) Chrome/76.0.3809.100 Safari/537.36"
[2019-08-24T11:44:49.348] [INFO] normal - ::1 - - "GET /egret-game/js/main.min_a5b4fc70.js HTTP/1.1" 304 - "http://localhost:8080/egret-game/" "Mozilla/5.0 (Windows NT 10.0; Win64; x64) AppleWebKit/537.36 (KHTML, like Gecko) Chrome/76.0.3809.100 Safari/537.36"
[2019-08-24T11:44:49.478] [INFO] normal - ::1 - - "GET /egret-game/resource/gamemain/default.res.json HTTP/1.1" 304 - "http://localhost:8080/egret-game/" "Mozilla/5.0 (Windows NT 10.0; Win64; x64) AppleWebKit/537.36 (KHTML, like Gecko) Chrome/76.0.3809.100 Safari/537.36"
[2019-08-24T11:44:49.490] [INFO] normal - ::1 - - "GET /egret-game/resource/BigClass_GarbageClassfiy/BigClass_GarbageClassfiy.res.json HTTP/1.1" 304 - "http://localhost:8080/egret-game/" "Mozilla/5.0 (Windows NT 10.0; Win64; x64) AppleWebKit/537.36 (KHTML, like Gecko) Chrome/76.0.3809.100 Safari/537.36"
[2019-08-24T11:44:49.548] [INFO] normal - ::1 - - "GET /egret-game/resource/gamemain/assets/preload/main_preload.json HTTP/1.1" 304 - "http://localhost:8080/egret-game/" "Mozilla/5.0 (Windows NT 10.0; Win64; x64) AppleWebKit/537.36 (KHTML, like Gecko) Chrome/76.0.3809.100 Safari/537.36"
[2019-08-24T11:44:49.550] [INFO] normal - ::1 - - "GET /egret-game/resource/BigClass_GarbageClassfiy/assets/BigClass_GarbageClassfiy_preload/BigClass_GarbageClassfiy.json HTTP/1.1" 304 - "http://localhost:8080/egret-game/" "Mozilla/5.0 (Windows NT 10.0; Win64; x64) AppleWebKit/537.36 (KHTML, like Gecko) Chrome/76.0.3809.100 Safari/537.36"
[2019-08-24T11:44:49.554] [INFO] normal - ::1 - - "GET /egret-game/resource/BigClass_GarbageClassfiy/assets/BigClass_NiXingTuiLi_page_scene4/BigClass_NiXingTuiLi_big_page_scene4.json HTTP/1.1" 304 - "http://localhost:8080/egret-game/" "Mozilla/5.0 (Windows NT 10.0; Win64; x64) AppleWebKit/537.36 (KHTML, like Gecko) Chrome/76.0.3809.100 Safari/537.36"
[2019-08-24T11:44:49.557] [INFO] normal - ::1 - - "GET /egret-game/resource/BigClass_GarbageClassfiy/assets/BigClass_NiXingTuiLi_page_scene4/BigClass_NiXingTuiLi_page_scene_bg4.jpg HTTP/1.1" 304 - "http://localhost:8080/egret-game/" "Mozilla/5.0 (Windows NT 10.0; Win64; x64) AppleWebKit/537.36 (KHTML, like Gecko) Chrome/76.0.3809.100 Safari/537.36"
[2019-08-24T11:44:49.558] [INFO] normal - ::1 - - "GET /egret-game/resource/BigClass_GarbageClassfiy/assets/BigClass_GarbageClassfiy_page_scene22/BigClass_GarbageClassfiy_big_page_scene22.json HTTP/1.1" 304 - "http://localhost:8080/egret-game/" "Mozilla/5.0 (Windows NT 10.0; Win64; x64) AppleWebKit/537.36 (KHTML, like Gecko) Chrome/76.0.3809.100 Safari/537.36"
[2019-08-24T11:44:49.559] [INFO] normal - ::1 - - "GET /egret-game/resource/BigClass_GarbageClassfiy/assets/BigClass_GarbageClassfiy_page_scene13/BigClass_GarbageClassfiy_big_page_scene13.json HTTP/1.1" 304 - "http://localhost:8080/egret-game/" "Mozilla/5.0 (Windows NT 10.0; Win64; x64) AppleWebKit/537.36 (KHTML, like Gecko) Chrome/76.0.3809.100 Safari/537.36"
[2019-08-24T11:44:49.570] [INFO] normal - ::1 - - "GET /egret-game/resource/gamemain/assets/preload/main_preload.png HTTP/1.1" 304 - "http://localhost:8080/egret-game/" "Mozilla/5.0 (Windows NT 10.0; Win64; x64) AppleWebKit/537.36 (KHTML, like Gecko) Chrome/76.0.3809.100 Safari/537.36"
[2019-08-24T11:44:49.579] [INFO] normal - ::1 - - "GET /egret-game/resource/BigClass_GarbageClassfiy/assets/BigClass_NiXingTuiLi_page_scene4/BigClass_NiXingTuiLi_big_page_scene4.png HTTP/1.1" 304 - "http://localhost:8080/egret-game/" "Mozilla/5.0 (Windows NT 10.0; Win64; x64) AppleWebKit/537.36 (KHTML, like Gecko) Chrome/76.0.3809.100 Safari/537.36"
[2019-08-24T11:44:49.580] [INFO] normal - ::1 - - "GET /egret-game/resource/BigClass_GarbageClassfiy/assets/BigClass_GarbageClassfiy_page_scene22/BigClass_GarbageClassfiy_big_page_scene22.png HTTP/1.1" 304 - "http://localhost:8080/egret-game/" "Mozilla/5.0 (Windows NT 10.0; Win64; x64) AppleWebKit/537.36 (KHTML, like Gecko) Chrome/76.0.3809.100 Safari/537.36"
[2019-08-24T11:44:49.585] [INFO] normal - ::1 - - "GET /egret-game/resource/BigClass_GarbageClassfiy/assets/BigClass_GarbageClassfiy_page_scene13/BigClass_GarbageClassfiy_big_page_scene13.png HTTP/1.1" 304 - "http://localhost:8080/egret-game/" "Mozilla/5.0 (Windows NT 10.0; Win64; x64) AppleWebKit/537.36 (KHTML, like Gecko) Chrome/76.0.3809.100 Safari/537.36"
[2019-08-24T11:45:27.655] [INFO] normal - ::1 - - "GET /egret-game/index.html HTTP/1.1" 200 4785 "" "Mozilla/5.0 (Windows NT 10.0; Win64; x64) AppleWebKit/537.36 (KHTML, like Gecko) Chrome/76.0.3809.100 Safari/537.36"
[2019-08-24T11:45:27.673] [INFO] normal - ::1 - - "GET /egret-game/manifest.json?v=0.27589805452800364 HTTP/1.1" 200 510 "http://localhost:8080/egret-game/index.html" "Mozilla/5.0 (Windows NT 10.0; Win64; x64) AppleWebKit/537.36 (KHTML, like Gecko) Chrome/76.0.3809.100 Safari/537.36"
[2019-08-24T11:45:27.679] [INFO] normal - ::1 - - "GET /egret-game/js/egret.min_1f88eb98.js HTTP/1.1" 304 - "http://localhost:8080/egret-game/index.html" "Mozilla/5.0 (Windows NT 10.0; Win64; x64) AppleWebKit/537.36 (KHTML, like Gecko) Chrome/76.0.3809.100 Safari/537.36"
[2019-08-24T11:45:27.680] [INFO] normal - ::1 - - "GET /egret-game/js/egret.web.min_2dd0bd72.js HTTP/1.1" 304 - "http://localhost:8080/egret-game/index.html" "Mozilla/5.0 (Windows NT 10.0; Win64; x64) AppleWebKit/537.36 (KHTML, like Gecko) Chrome/76.0.3809.100 Safari/537.36"
[2019-08-24T11:45:27.682] [INFO] normal - ::1 - - "GET /egret-game/js/eui.min_38a8c284.js HTTP/1.1" 304 - "http://localhost:8080/egret-game/index.html" "Mozilla/5.0 (Windows NT 10.0; Win64; x64) AppleWebKit/537.36 (KHTML, like Gecko) Chrome/76.0.3809.100 Safari/537.36"
[2019-08-24T11:45:27.684] [INFO] normal - ::1 - - "GET /egret-game/js/assetsmanager.min_f2e50bd1.js HTTP/1.1" 304 - "http://localhost:8080/egret-game/index.html" "Mozilla/5.0 (Windows NT 10.0; Win64; x64) AppleWebKit/537.36 (KHTML, like Gecko) Chrome/76.0.3809.100 Safari/537.36"
[2019-08-24T11:45:27.686] [INFO] normal - ::1 - - "GET /egret-game/js/tween.min_6c5a88f9.js HTTP/1.1" 304 - "http://localhost:8080/egret-game/index.html" "Mozilla/5.0 (Windows NT 10.0; Win64; x64) AppleWebKit/537.36 (KHTML, like Gecko) Chrome/76.0.3809.100 Safari/537.36"
[2019-08-24T11:45:27.688] [INFO] normal - ::1 - - "GET /egret-game/js/game.min_45aa06f6.js HTTP/1.1" 304 - "http://localhost:8080/egret-game/index.html" "Mozilla/5.0 (Windows NT 10.0; Win64; x64) AppleWebKit/537.36 (KHTML, like Gecko) Chrome/76.0.3809.100 Safari/537.36"
[2019-08-24T11:45:27.689] [INFO] normal - ::1 - - "GET /egret-game/js/promise.min_83a6a5d.js HTTP/1.1" 304 - "http://localhost:8080/egret-game/index.html" "Mozilla/5.0 (Windows NT 10.0; Win64; x64) AppleWebKit/537.36 (KHTML, like Gecko) Chrome/76.0.3809.100 Safari/537.36"
[2019-08-24T11:45:27.693] [INFO] normal - ::1 - - "GET /egret-game/js/dragonBones.min_6252b9c4.js HTTP/1.1" 304 - "http://localhost:8080/egret-game/index.html" "Mozilla/5.0 (Windows NT 10.0; Win64; x64) AppleWebKit/537.36 (KHTML, like Gecko) Chrome/76.0.3809.100 Safari/537.36"
[2019-08-24T11:45:27.693] [INFO] normal - ::1 - - "GET /egret-game/js/socket.min_8b4cb752.js HTTP/1.1" 304 - "http://localhost:8080/egret-game/index.html" "Mozilla/5.0 (Windows NT 10.0; Win64; x64) AppleWebKit/537.36 (KHTML, like Gecko) Chrome/76.0.3809.100 Safari/537.36"
[2019-08-24T11:45:27.694] [INFO] normal - ::1 - - "GET /egret-game/js/htsw_framework.min_6b847dcf.js HTTP/1.1" 304 - "http://localhost:8080/egret-game/index.html" "Mozilla/5.0 (Windows NT 10.0; Win64; x64) AppleWebKit/537.36 (KHTML, like Gecko) Chrome/76.0.3809.100 Safari/537.36"
[2019-08-24T11:45:27.694] [INFO] normal - ::1 - - "GET /egret-game/js/CoursewareModule.min_1429de80.js HTTP/1.1" 304 - "http://localhost:8080/egret-game/index.html" "Mozilla/5.0 (Windows NT 10.0; Win64; x64) AppleWebKit/537.36 (KHTML, like Gecko) Chrome/76.0.3809.100 Safari/537.36"
[2019-08-24T11:45:27.696] [INFO] normal - ::1 - - "GET /egret-game/js/default.thm_fb85d5ca.js HTTP/1.1" 304 - "http://localhost:8080/egret-game/index.html" "Mozilla/5.0 (Windows NT 10.0; Win64; x64) AppleWebKit/537.36 (KHTML, like Gecko) Chrome/76.0.3809.100 Safari/537.36"
[2019-08-24T11:45:27.697] [INFO] normal - ::1 - - "GET /egret-game/js/BigClass_GarbageClassfiy.thm_694b42d4.js HTTP/1.1" 304 - "http://localhost:8080/egret-game/index.html" "Mozilla/5.0 (Windows NT 10.0; Win64; x64) AppleWebKit/537.36 (KHTML, like Gecko) Chrome/76.0.3809.100 Safari/537.36"
[2019-08-24T11:45:27.698] [INFO] normal - ::1 - - "GET /egret-game/js/main.min_a5b4fc70.js HTTP/1.1" 304 - "http://localhost:8080/egret-game/index.html" "Mozilla/5.0 (Windows NT 10.0; Win64; x64) AppleWebKit/537.36 (KHTML, like Gecko) Chrome/76.0.3809.100 Safari/537.36"
[2019-08-24T11:45:27.809] [INFO] normal - ::1 - - "GET /egret-game/resource/gamemain/default.res.json HTTP/1.1" 304 - "http://localhost:8080/egret-game/index.html" "Mozilla/5.0 (Windows NT 10.0; Win64; x64) AppleWebKit/537.36 (KHTML, like Gecko) Chrome/76.0.3809.100 Safari/537.36"
[2019-08-24T11:45:27.818] [INFO] normal - ::1 - - "GET /egret-game/resource/BigClass_GarbageClassfiy/BigClass_GarbageClassfiy.res.json HTTP/1.1" 304 - "http://localhost:8080/egret-game/index.html" "Mozilla/5.0 (Windows NT 10.0; Win64; x64) AppleWebKit/537.36 (KHTML, like Gecko) Chrome/76.0.3809.100 Safari/537.36"
[2019-08-24T11:45:27.878] [INFO] normal - ::1 - - "GET /egret-game/resource/gamemain/assets/preload/main_preload.json HTTP/1.1" 304 - "http://localhost:8080/egret-game/index.html" "Mozilla/5.0 (Windows NT 10.0; Win64; x64) AppleWebKit/537.36 (KHTML, like Gecko) Chrome/76.0.3809.100 Safari/537.36"
[2019-08-24T11:45:27.880] [INFO] normal - ::1 - - "GET /egret-game/resource/BigClass_GarbageClassfiy/assets/BigClass_GarbageClassfiy_preload/BigClass_GarbageClassfiy.json HTTP/1.1" 304 - "http://localhost:8080/egret-game/index.html" "Mozilla/5.0 (Windows NT 10.0; Win64; x64) AppleWebKit/537.36 (KHTML, like Gecko) Chrome/76.0.3809.100 Safari/537.36"
[2019-08-24T11:45:27.881] [INFO] normal - ::1 - - "GET /egret-game/resource/BigClass_GarbageClassfiy/assets/BigClass_NiXingTuiLi_page_scene4/BigClass_NiXingTuiLi_big_page_scene4.json HTTP/1.1" 304 - "http://localhost:8080/egret-game/index.html" "Mozilla/5.0 (Windows NT 10.0; Win64; x64) AppleWebKit/537.36 (KHTML, like Gecko) Chrome/76.0.3809.100 Safari/537.36"
[2019-08-24T11:45:27.884] [INFO] normal - ::1 - - "GET /egret-game/resource/BigClass_GarbageClassfiy/assets/BigClass_NiXingTuiLi_page_scene4/BigClass_NiXingTuiLi_page_scene_bg4.jpg HTTP/1.1" 304 - "http://localhost:8080/egret-game/index.html" "Mozilla/5.0 (Windows NT 10.0; Win64; x64) AppleWebKit/537.36 (KHTML, like Gecko) Chrome/76.0.3809.100 Safari/537.36"
[2019-08-24T11:45:27.889] [INFO] normal - ::1 - - "GET /egret-game/resource/BigClass_GarbageClassfiy/assets/BigClass_GarbageClassfiy_page_scene22/BigClass_GarbageClassfiy_big_page_scene22.json HTTP/1.1" 304 - "http://localhost:8080/egret-game/index.html" "Mozilla/5.0 (Windows NT 10.0; Win64; x64) AppleWebKit/537.36 (KHTML, like Gecko) Chrome/76.0.3809.100 Safari/537.36"
[2019-08-24T11:45:27.890] [INFO] normal - ::1 - - "GET /egret-game/resource/BigClass_GarbageClassfiy/assets/BigClass_GarbageClassfiy_page_scene13/BigClass_GarbageClassfiy_big_page_scene13.json HTTP/1.1" 304 - "http://localhost:8080/egret-game/index.html" "Mozilla/5.0 (Windows NT 10.0; Win64; x64) AppleWebKit/537.36 (KHTML, like Gecko) Chrome/76.0.3809.100 Safari/537.36"
[2019-08-24T11:45:27.901] [INFO] normal - ::1 - - "GET /egret-game/resource/gamemain/assets/preload/main_preload.png HTTP/1.1" 304 - "http://localhost:8080/egret-game/index.html" "Mozilla/5.0 (Windows NT 10.0; Win64; x64) AppleWebKit/537.36 (KHTML, like Gecko) Chrome/76.0.3809.100 Safari/537.36"
[2019-08-24T11:45:27.904] [INFO] normal - ::1 - - "GET /egret-game/resource/BigClass_GarbageClassfiy/assets/BigClass_NiXingTuiLi_page_scene4/BigClass_NiXingTuiLi_big_page_scene4.png HTTP/1.1" 304 - "http://localhost:8080/egret-game/index.html" "Mozilla/5.0 (Windows NT 10.0; Win64; x64) AppleWebKit/537.36 (KHTML, like Gecko) Chrome/76.0.3809.100 Safari/537.36"
[2019-08-24T11:45:27.906] [INFO] normal - ::1 - - "GET /egret-game/resource/BigClass_GarbageClassfiy/assets/BigClass_GarbageClassfiy_page_scene22/BigClass_GarbageClassfiy_big_page_scene22.png HTTP/1.1" 304 - "http://localhost:8080/egret-game/index.html" "Mozilla/5.0 (Windows NT 10.0; Win64; x64) AppleWebKit/537.36 (KHTML, like Gecko) Chrome/76.0.3809.100 Safari/537.36"
[2019-08-24T11:45:27.908] [INFO] normal - ::1 - - "GET /egret-game/resource/BigClass_GarbageClassfiy/assets/BigClass_GarbageClassfiy_page_scene13/BigClass_GarbageClassfiy_big_page_scene13.png HTTP/1.1" 304 - "http://localhost:8080/egret-game/index.html" "Mozilla/5.0 (Windows NT 10.0; Win64; x64) AppleWebKit/537.36 (KHTML, like Gecko) Chrome/76.0.3809.100 Safari/537.36"
[2019-08-24T11:45:31.630] [INFO] normal - ::1 - - "GET /egret-game/index.html HTTP/1.1" 304 - "" "Mozilla/5.0 (Windows NT 10.0; Win64; x64) AppleWebKit/537.36 (KHTML, like Gecko) Chrome/76.0.3809.100 Safari/537.36"
[2019-08-24T11:45:31.645] [INFO] normal - ::1 - - "GET /egret-game/manifest.json?v=0.98764004612619 HTTP/1.1" 200 510 "http://localhost:8080/egret-game/index.html" "Mozilla/5.0 (Windows NT 10.0; Win64; x64) AppleWebKit/537.36 (KHTML, like Gecko) Chrome/76.0.3809.100 Safari/537.36"
[2019-08-24T11:45:31.649] [INFO] normal - ::1 - - "GET /egret-game/js/egret.min_1f88eb98.js HTTP/1.1" 304 - "http://localhost:8080/egret-game/index.html" "Mozilla/5.0 (Windows NT 10.0; Win64; x64) AppleWebKit/537.36 (KHTML, like Gecko) Chrome/76.0.3809.100 Safari/537.36"
[2019-08-24T11:45:31.650] [INFO] normal - ::1 - - "GET /egret-game/js/egret.web.min_2dd0bd72.js HTTP/1.1" 304 - "http://localhost:8080/egret-game/index.html" "Mozilla/5.0 (Windows NT 10.0; Win64; x64) AppleWebKit/537.36 (KHTML, like Gecko) Chrome/76.0.3809.100 Safari/537.36"
[2019-08-24T11:45:31.651] [INFO] normal - ::1 - - "GET /egret-game/js/eui.min_38a8c284.js HTTP/1.1" 304 - "http://localhost:8080/egret-game/index.html" "Mozilla/5.0 (Windows NT 10.0; Win64; x64) AppleWebKit/537.36 (KHTML, like Gecko) Chrome/76.0.3809.100 Safari/537.36"
[2019-08-24T11:45:31.651] [INFO] normal - ::1 - - "GET /egret-game/js/assetsmanager.min_f2e50bd1.js HTTP/1.1" 304 - "http://localhost:8080/egret-game/index.html" "Mozilla/5.0 (Windows NT 10.0; Win64; x64) AppleWebKit/537.36 (KHTML, like Gecko) Chrome/76.0.3809.100 Safari/537.36"
[2019-08-24T11:45:31.652] [INFO] normal - ::1 - - "GET /egret-game/js/tween.min_6c5a88f9.js HTTP/1.1" 304 - "http://localhost:8080/egret-game/index.html" "Mozilla/5.0 (Windows NT 10.0; Win64; x64) AppleWebKit/537.36 (KHTML, like Gecko) Chrome/76.0.3809.100 Safari/537.36"
[2019-08-24T11:45:31.655] [INFO] normal - ::1 - - "GET /egret-game/js/game.min_45aa06f6.js HTTP/1.1" 304 - "http://localhost:8080/egret-game/index.html" "Mozilla/5.0 (Windows NT 10.0; Win64; x64) AppleWebKit/537.36 (KHTML, like Gecko) Chrome/76.0.3809.100 Safari/537.36"
[2019-08-24T11:45:31.656] [INFO] normal - ::1 - - "GET /egret-game/js/promise.min_83a6a5d.js HTTP/1.1" 304 - "http://localhost:8080/egret-game/index.html" "Mozilla/5.0 (Windows NT 10.0; Win64; x64) AppleWebKit/537.36 (KHTML, like Gecko) Chrome/76.0.3809.100 Safari/537.36"
[2019-08-24T11:45:31.658] [INFO] normal - ::1 - - "GET /egret-game/js/dragonBones.min_6252b9c4.js HTTP/1.1" 304 - "http://localhost:8080/egret-game/index.html" "Mozilla/5.0 (Windows NT 10.0; Win64; x64) AppleWebKit/537.36 (KHTML, like Gecko) Chrome/76.0.3809.100 Safari/537.36"
[2019-08-24T11:45:31.661] [INFO] normal - ::1 - - "GET /egret-game/js/socket.min_8b4cb752.js HTTP/1.1" 304 - "http://localhost:8080/egret-game/index.html" "Mozilla/5.0 (Windows NT 10.0; Win64; x64) AppleWebKit/537.36 (KHTML, like Gecko) Chrome/76.0.3809.100 Safari/537.36"
[2019-08-24T11:45:31.662] [INFO] normal - ::1 - - "GET /egret-game/js/htsw_framework.min_6b847dcf.js HTTP/1.1" 304 - "http://localhost:8080/egret-game/index.html" "Mozilla/5.0 (Windows NT 10.0; Win64; x64) AppleWebKit/537.36 (KHTML, like Gecko) Chrome/76.0.3809.100 Safari/537.36"
[2019-08-24T11:45:31.662] [INFO] normal - ::1 - - "GET /egret-game/js/CoursewareModule.min_1429de80.js HTTP/1.1" 304 - "http://localhost:8080/egret-game/index.html" "Mozilla/5.0 (Windows NT 10.0; Win64; x64) AppleWebKit/537.36 (KHTML, like Gecko) Chrome/76.0.3809.100 Safari/537.36"
[2019-08-24T11:45:31.664] [INFO] normal - ::1 - - "GET /egret-game/js/default.thm_fb85d5ca.js HTTP/1.1" 304 - "http://localhost:8080/egret-game/index.html" "Mozilla/5.0 (Windows NT 10.0; Win64; x64) AppleWebKit/537.36 (KHTML, like Gecko) Chrome/76.0.3809.100 Safari/537.36"
[2019-08-24T11:45:31.667] [INFO] normal - ::1 - - "GET /egret-game/js/BigClass_GarbageClassfiy.thm_694b42d4.js HTTP/1.1" 304 - "http://localhost:8080/egret-game/index.html" "Mozilla/5.0 (Windows NT 10.0; Win64; x64) AppleWebKit/537.36 (KHTML, like Gecko) Chrome/76.0.3809.100 Safari/537.36"
[2019-08-24T11:45:31.667] [INFO] normal - ::1 - - "GET /egret-game/js/main.min_a5b4fc70.js HTTP/1.1" 304 - "http://localhost:8080/egret-game/index.html" "Mozilla/5.0 (Windows NT 10.0; Win64; x64) AppleWebKit/537.36 (KHTML, like Gecko) Chrome/76.0.3809.100 Safari/537.36"
[2019-08-24T11:45:31.713] [INFO] normal - ::1 - - "GET /egret-game/resource/gamemain/default.res.json HTTP/1.1" 304 - "http://localhost:8080/egret-game/index.html" "Mozilla/5.0 (Windows NT 10.0; Win64; x64) AppleWebKit/537.36 (KHTML, like Gecko) Chrome/76.0.3809.100 Safari/537.36"
[2019-08-24T11:45:31.718] [INFO] normal - ::1 - - "GET /egret-game/resource/BigClass_GarbageClassfiy/BigClass_GarbageClassfiy.res.json HTTP/1.1" 304 - "http://localhost:8080/egret-game/index.html" "Mozilla/5.0 (Windows NT 10.0; Win64; x64) AppleWebKit/537.36 (KHTML, like Gecko) Chrome/76.0.3809.100 Safari/537.36"
[2019-08-24T11:45:31.773] [INFO] normal - ::1 - - "GET /egret-game/resource/gamemain/assets/preload/main_preload.json HTTP/1.1" 304 - "http://localhost:8080/egret-game/index.html" "Mozilla/5.0 (Windows NT 10.0; Win64; x64) AppleWebKit/537.36 (KHTML, like Gecko) Chrome/76.0.3809.100 Safari/537.36"
[2019-08-24T11:45:31.776] [INFO] normal - ::1 - - "GET /egret-game/resource/BigClass_GarbageClassfiy/assets/BigClass_GarbageClassfiy_preload/BigClass_GarbageClassfiy.json HTTP/1.1" 304 - "http://localhost:8080/egret-game/index.html" "Mozilla/5.0 (Windows NT 10.0; Win64; x64) AppleWebKit/537.36 (KHTML, like Gecko) Chrome/76.0.3809.100 Safari/537.36"
[2019-08-24T11:45:31.778] [INFO] normal - ::1 - - "GET /egret-game/resource/BigClass_GarbageClassfiy/assets/BigClass_NiXingTuiLi_page_scene4/BigClass_NiXingTuiLi_big_page_scene4.json HTTP/1.1" 304 - "http://localhost:8080/egret-game/index.html" "Mozilla/5.0 (Windows NT 10.0; Win64; x64) AppleWebKit/537.36 (KHTML, like Gecko) Chrome/76.0.3809.100 Safari/537.36"
[2019-08-24T11:45:31.779] [INFO] normal - ::1 - - "GET /egret-game/resource/BigClass_GarbageClassfiy/assets/BigClass_NiXingTuiLi_page_scene4/BigClass_NiXingTuiLi_page_scene_bg4.jpg HTTP/1.1" 304 - "http://localhost:8080/egret-game/index.html" "Mozilla/5.0 (Windows NT 10.0; Win64; x64) AppleWebKit/537.36 (KHTML, like Gecko) Chrome/76.0.3809.100 Safari/537.36"
[2019-08-24T11:45:31.780] [INFO] normal - ::1 - - "GET /egret-game/resource/BigClass_GarbageClassfiy/assets/BigClass_GarbageClassfiy_page_scene22/BigClass_GarbageClassfiy_big_page_scene22.json HTTP/1.1" 304 - "http://localhost:8080/egret-game/index.html" "Mozilla/5.0 (Windows NT 10.0; Win64; x64) AppleWebKit/537.36 (KHTML, like Gecko) Chrome/76.0.3809.100 Safari/537.36"
[2019-08-24T11:45:31.781] [INFO] normal - ::1 - - "GET /egret-game/resource/BigClass_GarbageClassfiy/assets/BigClass_GarbageClassfiy_page_scene13/BigClass_GarbageClassfiy_big_page_scene13.json HTTP/1.1" 304 - "http://localhost:8080/egret-game/index.html" "Mozilla/5.0 (Windows NT 10.0; Win64; x64) AppleWebKit/537.36 (KHTML, like Gecko) Chrome/76.0.3809.100 Safari/537.36"
[2019-08-24T11:45:31.787] [INFO] normal - ::1 - - "GET /egret-game/resource/gamemain/assets/preload/main_preload.png HTTP/1.1" 304 - "http://localhost:8080/egret-game/index.html" "Mozilla/5.0 (Windows NT 10.0; Win64; x64) AppleWebKit/537.36 (KHTML, like Gecko) Chrome/76.0.3809.100 Safari/537.36"
[2019-08-24T11:45:31.791] [INFO] normal - ::1 - - "GET /egret-game/resource/BigClass_GarbageClassfiy/assets/BigClass_NiXingTuiLi_page_scene4/BigClass_NiXingTuiLi_big_page_scene4.png HTTP/1.1" 304 - "http://localhost:8080/egret-game/index.html" "Mozilla/5.0 (Windows NT 10.0; Win64; x64) AppleWebKit/537.36 (KHTML, like Gecko) Chrome/76.0.3809.100 Safari/537.36"
[2019-08-24T11:45:31.795] [INFO] normal - ::1 - - "GET /egret-game/resource/BigClass_GarbageClassfiy/assets/BigClass_GarbageClassfiy_page_scene22/BigClass_GarbageClassfiy_big_page_scene22.png HTTP/1.1" 304 - "http://localhost:8080/egret-game/index.html" "Mozilla/5.0 (Windows NT 10.0; Win64; x64) AppleWebKit/537.36 (KHTML, like Gecko) Chrome/76.0.3809.100 Safari/537.36"
[2019-08-24T11:45:31.797] [INFO] normal - ::1 - - "GET /egret-game/resource/BigClass_GarbageClassfiy/assets/BigClass_GarbageClassfiy_page_scene13/BigClass_GarbageClassfiy_big_page_scene13.png HTTP/1.1" 304 - "http://localhost:8080/egret-game/index.html" "Mozilla/5.0 (Windows NT 10.0; Win64; x64) AppleWebKit/537.36 (KHTML, like Gecko) Chrome/76.0.3809.100 Safari/537.36"
[2019-08-24T11:45:42.690] [INFO] normal - ::1 - - "GET /egret-game/index.html HTTP/1.1" 304 - "" "Mozilla/5.0 (Windows NT 10.0; Win64; x64) AppleWebKit/537.36 (KHTML, like Gecko) Chrome/76.0.3809.100 Safari/537.36"
[2019-08-24T11:45:42.709] [INFO] normal - ::1 - - "GET /egret-game/manifest.json?v=0.6607195031828939 HTTP/1.1" 200 510 "http://localhost:8080/egret-game/index.html" "Mozilla/5.0 (Windows NT 10.0; Win64; x64) AppleWebKit/537.36 (KHTML, like Gecko) Chrome/76.0.3809.100 Safari/537.36"
[2019-08-24T11:45:42.715] [INFO] normal - ::1 - - "GET /egret-game/js/egret.min_1f88eb98.js HTTP/1.1" 304 - "http://localhost:8080/egret-game/index.html" "Mozilla/5.0 (Windows NT 10.0; Win64; x64) AppleWebKit/537.36 (KHTML, like Gecko) Chrome/76.0.3809.100 Safari/537.36"
[2019-08-24T11:45:42.717] [INFO] normal - ::1 - - "GET /egret-game/js/egret.web.min_2dd0bd72.js HTTP/1.1" 304 - "http://localhost:8080/egret-game/index.html" "Mozilla/5.0 (Windows NT 10.0; Win64; x64) AppleWebKit/537.36 (KHTML, like Gecko) Chrome/76.0.3809.100 Safari/537.36"
[2019-08-24T11:45:42.719] [INFO] normal - ::1 - - "GET /egret-game/js/eui.min_38a8c284.js HTTP/1.1" 304 - "http://localhost:8080/egret-game/index.html" "Mozilla/5.0 (Windows NT 10.0; Win64; x64) AppleWebKit/537.36 (KHTML, like Gecko) Chrome/76.0.3809.100 Safari/537.36"
[2019-08-24T11:45:42.724] [INFO] normal - ::1 - - "GET /egret-game/js/assetsmanager.min_f2e50bd1.js HTTP/1.1" 304 - "http://localhost:8080/egret-game/index.html" "Mozilla/5.0 (Windows NT 10.0; Win64; x64) AppleWebKit/537.36 (KHTML, like Gecko) Chrome/76.0.3809.100 Safari/537.36"
[2019-08-24T11:45:42.727] [INFO] normal - ::1 - - "GET /egret-game/js/tween.min_6c5a88f9.js HTTP/1.1" 304 - "http://localhost:8080/egret-game/index.html" "Mozilla/5.0 (Windows NT 10.0; Win64; x64) AppleWebKit/537.36 (KHTML, like Gecko) Chrome/76.0.3809.100 Safari/537.36"
[2019-08-24T11:45:42.727] [INFO] normal - ::1 - - "GET /egret-game/js/game.min_45aa06f6.js HTTP/1.1" 304 - "http://localhost:8080/egret-game/index.html" "Mozilla/5.0 (Windows NT 10.0; Win64; x64) AppleWebKit/537.36 (KHTML, like Gecko) Chrome/76.0.3809.100 Safari/537.36"
[2019-08-24T11:45:42.729] [INFO] normal - ::1 - - "GET /egret-game/js/dragonBones.min_6252b9c4.js HTTP/1.1" 304 - "http://localhost:8080/egret-game/index.html" "Mozilla/5.0 (Windows NT 10.0; Win64; x64) AppleWebKit/537.36 (KHTML, like Gecko) Chrome/76.0.3809.100 Safari/537.36"
[2019-08-24T11:45:42.731] [INFO] normal - ::1 - - "GET /egret-game/js/promise.min_83a6a5d.js HTTP/1.1" 304 - "http://localhost:8080/egret-game/index.html" "Mozilla/5.0 (Windows NT 10.0; Win64; x64) AppleWebKit/537.36 (KHTML, like Gecko) Chrome/76.0.3809.100 Safari/537.36"
[2019-08-24T11:45:42.731] [INFO] normal - ::1 - - "GET /egret-game/js/socket.min_8b4cb752.js HTTP/1.1" 304 - "http://localhost:8080/egret-game/index.html" "Mozilla/5.0 (Windows NT 10.0; Win64; x64) AppleWebKit/537.36 (KHTML, like Gecko) Chrome/76.0.3809.100 Safari/537.36"
[2019-08-24T11:45:42.732] [INFO] normal - ::1 - - "GET /egret-game/js/htsw_framework.min_6b847dcf.js HTTP/1.1" 304 - "http://localhost:8080/egret-game/index.html" "Mozilla/5.0 (Windows NT 10.0; Win64; x64) AppleWebKit/537.36 (KHTML, like Gecko) Chrome/76.0.3809.100 Safari/537.36"
[2019-08-24T11:45:42.733] [INFO] normal - ::1 - - "GET /egret-game/js/CoursewareModule.min_1429de80.js HTTP/1.1" 304 - "http://localhost:8080/egret-game/index.html" "Mozilla/5.0 (Windows NT 10.0; Win64; x64) AppleWebKit/537.36 (KHTML, like Gecko) Chrome/76.0.3809.100 Safari/537.36"
[2019-08-24T11:45:42.744] [INFO] normal - ::1 - - "GET /egret-game/js/default.thm_fb85d5ca.js HTTP/1.1" 304 - "http://localhost:8080/egret-game/index.html" "Mozilla/5.0 (Windows NT 10.0; Win64; x64) AppleWebKit/537.36 (KHTML, like Gecko) Chrome/76.0.3809.100 Safari/537.36"
[2019-08-24T11:45:42.744] [INFO] normal - ::1 - - "GET /egret-game/js/BigClass_GarbageClassfiy.thm_694b42d4.js HTTP/1.1" 304 - "http://localhost:8080/egret-game/index.html" "Mozilla/5.0 (Windows NT 10.0; Win64; x64) AppleWebKit/537.36 (KHTML, like Gecko) Chrome/76.0.3809.100 Safari/537.36"
[2019-08-24T11:45:42.744] [INFO] normal - ::1 - - "GET /egret-game/js/main.min_a5b4fc70.js HTTP/1.1" 304 - "http://localhost:8080/egret-game/index.html" "Mozilla/5.0 (Windows NT 10.0; Win64; x64) AppleWebKit/537.36 (KHTML, like Gecko) Chrome/76.0.3809.100 Safari/537.36"
[2019-08-24T11:45:42.858] [INFO] normal - ::1 - - "GET /egret-game/resource/gamemain/default.res.json HTTP/1.1" 304 - "http://localhost:8080/egret-game/index.html" "Mozilla/5.0 (Windows NT 10.0; Win64; x64) AppleWebKit/537.36 (KHTML, like Gecko) Chrome/76.0.3809.100 Safari/537.36"
[2019-08-24T11:45:42.868] [INFO] normal - ::1 - - "GET /egret-game/resource/BigClass_GarbageClassfiy/BigClass_GarbageClassfiy.res.json HTTP/1.1" 304 - "http://localhost:8080/egret-game/index.html" "Mozilla/5.0 (Windows NT 10.0; Win64; x64) AppleWebKit/537.36 (KHTML, like Gecko) Chrome/76.0.3809.100 Safari/537.36"
[2019-08-24T11:45:42.918] [INFO] normal - ::1 - - "GET /egret-game/resource/gamemain/assets/preload/main_preload.json HTTP/1.1" 304 - "http://localhost:8080/egret-game/index.html" "Mozilla/5.0 (Windows NT 10.0; Win64; x64) AppleWebKit/537.36 (KHTML, like Gecko) Chrome/76.0.3809.100 Safari/537.36"
[2019-08-24T11:45:42.919] [INFO] normal - ::1 - - "GET /egret-game/resource/BigClass_GarbageClassfiy/assets/BigClass_GarbageClassfiy_preload/BigClass_GarbageClassfiy.json HTTP/1.1" 304 - "http://localhost:8080/egret-game/index.html" "Mozilla/5.0 (Windows NT 10.0; Win64; x64) AppleWebKit/537.36 (KHTML, like Gecko) Chrome/76.0.3809.100 Safari/537.36"
[2019-08-24T11:45:42.919] [INFO] normal - ::1 - - "GET /egret-game/resource/BigClass_GarbageClassfiy/assets/BigClass_NiXingTuiLi_page_scene4/BigClass_NiXingTuiLi_big_page_scene4.json HTTP/1.1" 304 - "http://localhost:8080/egret-game/index.html" "Mozilla/5.0 (Windows NT 10.0; Win64; x64) AppleWebKit/537.36 (KHTML, like Gecko) Chrome/76.0.3809.100 Safari/537.36"
[2019-08-24T11:45:42.920] [INFO] normal - ::1 - - "GET /egret-game/resource/BigClass_GarbageClassfiy/assets/BigClass_NiXingTuiLi_page_scene4/BigClass_NiXingTuiLi_page_scene_bg4.jpg HTTP/1.1" 304 - "http://localhost:8080/egret-game/index.html" "Mozilla/5.0 (Windows NT 10.0; Win64; x64) AppleWebKit/537.36 (KHTML, like Gecko) Chrome/76.0.3809.100 Safari/537.36"
[2019-08-24T11:45:42.922] [INFO] normal - ::1 - - "GET /egret-game/resource/BigClass_GarbageClassfiy/assets/BigClass_GarbageClassfiy_page_scene22/BigClass_GarbageClassfiy_big_page_scene22.json HTTP/1.1" 304 - "http://localhost:8080/egret-game/index.html" "Mozilla/5.0 (Windows NT 10.0; Win64; x64) AppleWebKit/537.36 (KHTML, like Gecko) Chrome/76.0.3809.100 Safari/537.36"
[2019-08-24T11:45:42.923] [INFO] normal - ::1 - - "GET /egret-game/resource/BigClass_GarbageClassfiy/assets/BigClass_GarbageClassfiy_page_scene13/BigClass_GarbageClassfiy_big_page_scene13.json HTTP/1.1" 304 - "http://localhost:8080/egret-game/index.html" "Mozilla/5.0 (Windows NT 10.0; Win64; x64) AppleWebKit/537.36 (KHTML, like Gecko) Chrome/76.0.3809.100 Safari/537.36"
[2019-08-24T11:45:42.926] [INFO] normal - ::1 - - "GET /egret-game/resource/gamemain/assets/preload/main_preload.png HTTP/1.1" 304 - "http://localhost:8080/egret-game/index.html" "Mozilla/5.0 (Windows NT 10.0; Win64; x64) AppleWebKit/537.36 (KHTML, like Gecko) Chrome/76.0.3809.100 Safari/537.36"
[2019-08-24T11:45:42.930] [INFO] normal - ::1 - - "GET /egret-game/resource/BigClass_GarbageClassfiy/assets/BigClass_NiXingTuiLi_page_scene4/BigClass_NiXingTuiLi_big_page_scene4.png HTTP/1.1" 304 - "http://localhost:8080/egret-game/index.html" "Mozilla/5.0 (Windows NT 10.0; Win64; x64) AppleWebKit/537.36 (KHTML, like Gecko) Chrome/76.0.3809.100 Safari/537.36"
[2019-08-24T11:45:42.933] [INFO] normal - ::1 - - "GET /egret-game/resource/BigClass_GarbageClassfiy/assets/BigClass_GarbageClassfiy_page_scene22/BigClass_GarbageClassfiy_big_page_scene22.png HTTP/1.1" 304 - "http://localhost:8080/egret-game/index.html" "Mozilla/5.0 (Windows NT 10.0; Win64; x64) AppleWebKit/537.36 (KHTML, like Gecko) Chrome/76.0.3809.100 Safari/537.36"
[2019-08-24T11:45:42.935] [INFO] normal - ::1 - - "GET /egret-game/resource/BigClass_GarbageClassfiy/assets/BigClass_GarbageClassfiy_page_scene13/BigClass_GarbageClassfiy_big_page_scene13.png HTTP/1.1" 304 - "http://localhost:8080/egret-game/index.html" "Mozilla/5.0 (Windows NT 10.0; Win64; x64) AppleWebKit/537.36 (KHTML, like Gecko) Chrome/76.0.3809.100 Safari/537.36"
[2019-08-24T11:45:57.973] [INFO] normal - ::1 - - "GET /egret-game/manifest.json HTTP/1.1" 200 510 "" "Mozilla/5.0 (Windows NT 10.0; Win64; x64) AppleWebKit/537.36 (KHTML, like Gecko) Chrome/76.0.3809.100 Safari/537.36"
[2019-08-24T11:46:57.358] [INFO] normal - ::1 - - "GET /egret-game/index.html HTTP/1.1" 304 - "" "Mozilla/5.0 (Windows NT 10.0; Win64; x64) AppleWebKit/537.36 (KHTML, like Gecko) Chrome/76.0.3809.100 Safari/537.36"
[2019-08-24T11:46:57.376] [INFO] normal - ::1 - - "GET /egret-game/manifest.json?v=0.5185183192359819 HTTP/1.1" 200 510 "http://localhost:8080/egret-game/index.html" "Mozilla/5.0 (Windows NT 10.0; Win64; x64) AppleWebKit/537.36 (KHTML, like Gecko) Chrome/76.0.3809.100 Safari/537.36"
[2019-08-24T11:46:57.383] [INFO] normal - ::1 - - "GET /egret-game/js/egret.min_1f88eb98.js HTTP/1.1" 304 - "http://localhost:8080/egret-game/index.html" "Mozilla/5.0 (Windows NT 10.0; Win64; x64) AppleWebKit/537.36 (KHTML, like Gecko) Chrome/76.0.3809.100 Safari/537.36"
[2019-08-24T11:46:57.384] [INFO] normal - ::1 - - "GET /egret-game/js/egret.web.min_2dd0bd72.js HTTP/1.1" 304 - "http://localhost:8080/egret-game/index.html" "Mozilla/5.0 (Windows NT 10.0; Win64; x64) AppleWebKit/537.36 (KHTML, like Gecko) Chrome/76.0.3809.100 Safari/537.36"
[2019-08-24T11:46:57.385] [INFO] normal - ::1 - - "GET /egret-game/js/eui.min_38a8c284.js HTTP/1.1" 304 - "http://localhost:8080/egret-game/index.html" "Mozilla/5.0 (Windows NT 10.0; Win64; x64) AppleWebKit/537.36 (KHTML, like Gecko) Chrome/76.0.3809.100 Safari/537.36"
[2019-08-24T11:46:57.387] [INFO] normal - ::1 - - "GET /egret-game/js/assetsmanager.min_f2e50bd1.js HTTP/1.1" 304 - "http://localhost:8080/egret-game/index.html" "Mozilla/5.0 (Windows NT 10.0; Win64; x64) AppleWebKit/537.36 (KHTML, like Gecko) Chrome/76.0.3809.100 Safari/537.36"
[2019-08-24T11:46:57.389] [INFO] normal - ::1 - - "GET /egret-game/js/tween.min_6c5a88f9.js HTTP/1.1" 304 - "http://localhost:8080/egret-game/index.html" "Mozilla/5.0 (Windows NT 10.0; Win64; x64) AppleWebKit/537.36 (KHTML, like Gecko) Chrome/76.0.3809.100 Safari/537.36"
[2019-08-24T11:46:57.392] [INFO] normal - ::1 - - "GET /egret-game/js/game.min_45aa06f6.js HTTP/1.1" 304 - "http://localhost:8080/egret-game/index.html" "Mozilla/5.0 (Windows NT 10.0; Win64; x64) AppleWebKit/537.36 (KHTML, like Gecko) Chrome/76.0.3809.100 Safari/537.36"
[2019-08-24T11:46:57.403] [INFO] normal - ::1 - - "GET /egret-game/js/promise.min_83a6a5d.js HTTP/1.1" 304 - "http://localhost:8080/egret-game/index.html" "Mozilla/5.0 (Windows NT 10.0; Win64; x64) AppleWebKit/537.36 (KHTML, like Gecko) Chrome/76.0.3809.100 Safari/537.36"
[2019-08-24T11:46:57.404] [INFO] normal - ::1 - - "GET /egret-game/js/dragonBones.min_6252b9c4.js HTTP/1.1" 304 - "http://localhost:8080/egret-game/index.html" "Mozilla/5.0 (Windows NT 10.0; Win64; x64) AppleWebKit/537.36 (KHTML, like Gecko) Chrome/76.0.3809.100 Safari/537.36"
[2019-08-24T11:46:57.404] [INFO] normal - ::1 - - "GET /egret-game/js/htsw_framework.min_6b847dcf.js HTTP/1.1" 304 - "http://localhost:8080/egret-game/index.html" "Mozilla/5.0 (Windows NT 10.0; Win64; x64) AppleWebKit/537.36 (KHTML, like Gecko) Chrome/76.0.3809.100 Safari/537.36"
[2019-08-24T11:46:57.406] [INFO] normal - ::1 - - "GET /egret-game/js/socket.min_8b4cb752.js HTTP/1.1" 304 - "http://localhost:8080/egret-game/index.html" "Mozilla/5.0 (Windows NT 10.0; Win64; x64) AppleWebKit/537.36 (KHTML, like Gecko) Chrome/76.0.3809.100 Safari/537.36"
[2019-08-24T11:46:57.407] [INFO] normal - ::1 - - "GET /egret-game/js/CoursewareModule.min_1429de80.js HTTP/1.1" 304 - "http://localhost:8080/egret-game/index.html" "Mozilla/5.0 (Windows NT 10.0; Win64; x64) AppleWebKit/537.36 (KHTML, like Gecko) Chrome/76.0.3809.100 Safari/537.36"
[2019-08-24T11:46:57.408] [INFO] normal - ::1 - - "GET /egret-game/js/default.thm_fb85d5ca.js HTTP/1.1" 304 - "http://localhost:8080/egret-game/index.html" "Mozilla/5.0 (Windows NT 10.0; Win64; x64) AppleWebKit/537.36 (KHTML, like Gecko) Chrome/76.0.3809.100 Safari/537.36"
[2019-08-24T11:46:57.410] [INFO] normal - ::1 - - "GET /egret-game/js/BigClass_GarbageClassfiy.thm_694b42d4.js HTTP/1.1" 304 - "http://localhost:8080/egret-game/index.html" "Mozilla/5.0 (Windows NT 10.0; Win64; x64) AppleWebKit/537.36 (KHTML, like Gecko) Chrome/76.0.3809.100 Safari/537.36"
[2019-08-24T11:46:57.411] [INFO] normal - ::1 - - "GET /egret-game/js/main.min_a5b4fc70.js HTTP/1.1" 304 - "http://localhost:8080/egret-game/index.html" "Mozilla/5.0 (Windows NT 10.0; Win64; x64) AppleWebKit/537.36 (KHTML, like Gecko) Chrome/76.0.3809.100 Safari/537.36"
[2019-08-24T11:46:57.533] [INFO] normal - ::1 - - "GET /egret-game/resource/gamemain/default.res.json HTTP/1.1" 304 - "http://localhost:8080/egret-game/index.html" "Mozilla/5.0 (Windows NT 10.0; Win64; x64) AppleWebKit/537.36 (KHTML, like Gecko) Chrome/76.0.3809.100 Safari/537.36"
[2019-08-24T11:46:57.544] [INFO] normal - ::1 - - "GET /egret-game/resource/BigClass_GarbageClassfiy/BigClass_GarbageClassfiy.res.json HTTP/1.1" 304 - "http://localhost:8080/egret-game/index.html" "Mozilla/5.0 (Windows NT 10.0; Win64; x64) AppleWebKit/537.36 (KHTML, like Gecko) Chrome/76.0.3809.100 Safari/537.36"
[2019-08-24T11:46:57.594] [INFO] normal - ::1 - - "GET /egret-game/resource/gamemain/assets/preload/main_preload.json HTTP/1.1" 304 - "http://localhost:8080/egret-game/index.html" "Mozilla/5.0 (Windows NT 10.0; Win64; x64) AppleWebKit/537.36 (KHTML, like Gecko) Chrome/76.0.3809.100 Safari/537.36"
[2019-08-24T11:46:57.595] [INFO] normal - ::1 - - "GET /egret-game/resource/BigClass_GarbageClassfiy/assets/BigClass_GarbageClassfiy_preload/BigClass_GarbageClassfiy.json HTTP/1.1" 304 - "http://localhost:8080/egret-game/index.html" "Mozilla/5.0 (Windows NT 10.0; Win64; x64) AppleWebKit/537.36 (KHTML, like Gecko) Chrome/76.0.3809.100 Safari/537.36"
[2019-08-24T11:46:57.598] [INFO] normal - ::1 - - "GET /egret-game/resource/BigClass_GarbageClassfiy/assets/BigClass_NiXingTuiLi_page_scene4/BigClass_NiXingTuiLi_big_page_scene4.json HTTP/1.1" 304 - "http://localhost:8080/egret-game/index.html" "Mozilla/5.0 (Windows NT 10.0; Win64; x64) AppleWebKit/537.36 (KHTML, like Gecko) Chrome/76.0.3809.100 Safari/537.36"
[2019-08-24T11:46:57.601] [INFO] normal - ::1 - - "GET /egret-game/resource/BigClass_GarbageClassfiy/assets/BigClass_GarbageClassfiy_page_scene22/BigClass_GarbageClassfiy_big_page_scene22.json HTTP/1.1" 304 - "http://localhost:8080/egret-game/index.html" "Mozilla/5.0 (Windows NT 10.0; Win64; x64) AppleWebKit/537.36 (KHTML, like Gecko) Chrome/76.0.3809.100 Safari/537.36"
[2019-08-24T11:46:57.602] [INFO] normal - ::1 - - "GET /egret-game/resource/BigClass_GarbageClassfiy/assets/BigClass_GarbageClassfiy_page_scene13/BigClass_GarbageClassfiy_big_page_scene13.json HTTP/1.1" 304 - "http://localhost:8080/egret-game/index.html" "Mozilla/5.0 (Windows NT 10.0; Win64; x64) AppleWebKit/537.36 (KHTML, like Gecko) Chrome/76.0.3809.100 Safari/537.36"
[2019-08-24T11:46:57.605] [INFO] normal - ::1 - - "GET /egret-game/resource/BigClass_GarbageClassfiy/assets/BigClass_NiXingTuiLi_page_scene4/BigClass_NiXingTuiLi_page_scene_bg4.jpg HTTP/1.1" 304 - "http://localhost:8080/egret-game/index.html" "Mozilla/5.0 (Windows NT 10.0; Win64; x64) AppleWebKit/537.36 (KHTML, like Gecko) Chrome/76.0.3809.100 Safari/537.36"
[2019-08-24T11:46:57.616] [INFO] normal - ::1 - - "GET /egret-game/resource/gamemain/assets/preload/main_preload.png HTTP/1.1" 304 - "http://localhost:8080/egret-game/index.html" "Mozilla/5.0 (Windows NT 10.0; Win64; x64) AppleWebKit/537.36 (KHTML, like Gecko) Chrome/76.0.3809.100 Safari/537.36"
[2019-08-24T11:46:57.620] [INFO] normal - ::1 - - "GET /egret-game/resource/BigClass_GarbageClassfiy/assets/BigClass_NiXingTuiLi_page_scene4/BigClass_NiXingTuiLi_big_page_scene4.png HTTP/1.1" 304 - "http://localhost:8080/egret-game/index.html" "Mozilla/5.0 (Windows NT 10.0; Win64; x64) AppleWebKit/537.36 (KHTML, like Gecko) Chrome/76.0.3809.100 Safari/537.36"
[2019-08-24T11:46:57.625] [INFO] normal - ::1 - - "GET /egret-game/resource/BigClass_GarbageClassfiy/assets/BigClass_GarbageClassfiy_page_scene22/BigClass_GarbageClassfiy_big_page_scene22.png HTTP/1.1" 304 - "http://localhost:8080/egret-game/index.html" "Mozilla/5.0 (Windows NT 10.0; Win64; x64) AppleWebKit/537.36 (KHTML, like Gecko) Chrome/76.0.3809.100 Safari/537.36"
[2019-08-24T11:46:57.630] [INFO] normal - ::1 - - "GET /egret-game/resource/BigClass_GarbageClassfiy/assets/BigClass_GarbageClassfiy_page_scene13/BigClass_GarbageClassfiy_big_page_scene13.png HTTP/1.1" 304 - "http://localhost:8080/egret-game/index.html" "Mozilla/5.0 (Windows NT 10.0; Win64; x64) AppleWebKit/537.36 (KHTML, like Gecko) Chrome/76.0.3809.100 Safari/537.36"
[2019-08-24T11:49:09.650] [INFO] normal - ::1 - - "GET /egret-game/index.html HTTP/1.1" 304 - "" "Mozilla/5.0 (Windows NT 10.0; Win64; x64) AppleWebKit/537.36 (KHTML, like Gecko) Chrome/76.0.3809.100 Safari/537.36"
[2019-08-24T11:49:09.669] [INFO] normal - ::1 - - "GET /egret-game/manifest.json?v=0.5226705584542519 HTTP/1.1" 200 510 "http://localhost:8080/egret-game/index.html" "Mozilla/5.0 (Windows NT 10.0; Win64; x64) AppleWebKit/537.36 (KHTML, like Gecko) Chrome/76.0.3809.100 Safari/537.36"
[2019-08-24T11:49:09.676] [INFO] normal - ::1 - - "GET /egret-game/js/egret.min_1f88eb98.js HTTP/1.1" 304 - "http://localhost:8080/egret-game/index.html" "Mozilla/5.0 (Windows NT 10.0; Win64; x64) AppleWebKit/537.36 (KHTML, like Gecko) Chrome/76.0.3809.100 Safari/537.36"
[2019-08-24T11:49:09.677] [INFO] normal - ::1 - - "GET /egret-game/js/egret.web.min_2dd0bd72.js HTTP/1.1" 304 - "http://localhost:8080/egret-game/index.html" "Mozilla/5.0 (Windows NT 10.0; Win64; x64) AppleWebKit/537.36 (KHTML, like Gecko) Chrome/76.0.3809.100 Safari/537.36"
[2019-08-24T11:49:09.679] [INFO] normal - ::1 - - "GET /egret-game/js/eui.min_38a8c284.js HTTP/1.1" 304 - "http://localhost:8080/egret-game/index.html" "Mozilla/5.0 (Windows NT 10.0; Win64; x64) AppleWebKit/537.36 (KHTML, like Gecko) Chrome/76.0.3809.100 Safari/537.36"
[2019-08-24T11:49:09.680] [INFO] normal - ::1 - - "GET /egret-game/js/assetsmanager.min_f2e50bd1.js HTTP/1.1" 304 - "http://localhost:8080/egret-game/index.html" "Mozilla/5.0 (Windows NT 10.0; Win64; x64) AppleWebKit/537.36 (KHTML, like Gecko) Chrome/76.0.3809.100 Safari/537.36"
[2019-08-24T11:49:09.682] [INFO] normal - ::1 - - "GET /egret-game/js/tween.min_6c5a88f9.js HTTP/1.1" 304 - "http://localhost:8080/egret-game/index.html" "Mozilla/5.0 (Windows NT 10.0; Win64; x64) AppleWebKit/537.36 (KHTML, like Gecko) Chrome/76.0.3809.100 Safari/537.36"
[2019-08-24T11:49:09.684] [INFO] normal - ::1 - - "GET /egret-game/js/game.min_45aa06f6.js HTTP/1.1" 304 - "http://localhost:8080/egret-game/index.html" "Mozilla/5.0 (Windows NT 10.0; Win64; x64) AppleWebKit/537.36 (KHTML, like Gecko) Chrome/76.0.3809.100 Safari/537.36"
[2019-08-24T11:49:09.689] [INFO] normal - ::1 - - "GET /egret-game/js/promise.min_83a6a5d.js HTTP/1.1" 304 - "http://localhost:8080/egret-game/index.html" "Mozilla/5.0 (Windows NT 10.0; Win64; x64) AppleWebKit/537.36 (KHTML, like Gecko) Chrome/76.0.3809.100 Safari/537.36"
[2019-08-24T11:49:09.690] [INFO] normal - ::1 - - "GET /egret-game/js/dragonBones.min_6252b9c4.js HTTP/1.1" 304 - "http://localhost:8080/egret-game/index.html" "Mozilla/5.0 (Windows NT 10.0; Win64; x64) AppleWebKit/537.36 (KHTML, like Gecko) Chrome/76.0.3809.100 Safari/537.36"
[2019-08-24T11:49:09.692] [INFO] normal - ::1 - - "GET /egret-game/js/socket.min_8b4cb752.js HTTP/1.1" 304 - "http://localhost:8080/egret-game/index.html" "Mozilla/5.0 (Windows NT 10.0; Win64; x64) AppleWebKit/537.36 (KHTML, like Gecko) Chrome/76.0.3809.100 Safari/537.36"
[2019-08-24T11:49:09.694] [INFO] normal - ::1 - - "GET /egret-game/js/CoursewareModule.min_1429de80.js HTTP/1.1" 304 - "http://localhost:8080/egret-game/index.html" "Mozilla/5.0 (Windows NT 10.0; Win64; x64) AppleWebKit/537.36 (KHTML, like Gecko) Chrome/76.0.3809.100 Safari/537.36"
[2019-08-24T11:49:09.695] [INFO] normal - ::1 - - "GET /egret-game/js/htsw_framework.min_6b847dcf.js HTTP/1.1" 304 - "http://localhost:8080/egret-game/index.html" "Mozilla/5.0 (Windows NT 10.0; Win64; x64) AppleWebKit/537.36 (KHTML, like Gecko) Chrome/76.0.3809.100 Safari/537.36"
[2019-08-24T11:49:09.696] [INFO] normal - ::1 - - "GET /egret-game/js/default.thm_fb85d5ca.js HTTP/1.1" 304 - "http://localhost:8080/egret-game/index.html" "Mozilla/5.0 (Windows NT 10.0; Win64; x64) AppleWebKit/537.36 (KHTML, like Gecko) Chrome/76.0.3809.100 Safari/537.36"
[2019-08-24T11:49:09.697] [INFO] normal - ::1 - - "GET /egret-game/js/BigClass_GarbageClassfiy.thm_694b42d4.js HTTP/1.1" 304 - "http://localhost:8080/egret-game/index.html" "Mozilla/5.0 (Windows NT 10.0; Win64; x64) AppleWebKit/537.36 (KHTML, like Gecko) Chrome/76.0.3809.100 Safari/537.36"
[2019-08-24T11:49:09.698] [INFO] normal - ::1 - - "GET /egret-game/js/main.min_a5b4fc70.js HTTP/1.1" 304 - "http://localhost:8080/egret-game/index.html" "Mozilla/5.0 (Windows NT 10.0; Win64; x64) AppleWebKit/537.36 (KHTML, like Gecko) Chrome/76.0.3809.100 Safari/537.36"
[2019-08-24T11:49:09.818] [INFO] normal - ::1 - - "GET /egret-game/resource/gamemain/default.res.json HTTP/1.1" 304 - "http://localhost:8080/egret-game/index.html" "Mozilla/5.0 (Windows NT 10.0; Win64; x64) AppleWebKit/537.36 (KHTML, like Gecko) Chrome/76.0.3809.100 Safari/537.36"
[2019-08-24T11:49:09.828] [INFO] normal - ::1 - - "GET /egret-game/resource/BigClass_GarbageClassfiy/BigClass_GarbageClassfiy.res.json HTTP/1.1" 304 - "http://localhost:8080/egret-game/index.html" "Mozilla/5.0 (Windows NT 10.0; Win64; x64) AppleWebKit/537.36 (KHTML, like Gecko) Chrome/76.0.3809.100 Safari/537.36"
[2019-08-24T11:49:09.901] [INFO] normal - ::1 - - "GET /egret-game/resource/gamemain/assets/preload/main_preload.json HTTP/1.1" 304 - "http://localhost:8080/egret-game/index.html" "Mozilla/5.0 (Windows NT 10.0; Win64; x64) AppleWebKit/537.36 (KHTML, like Gecko) Chrome/76.0.3809.100 Safari/537.36"
[2019-08-24T11:49:09.901] [INFO] normal - ::1 - - "GET /egret-game/resource/BigClass_GarbageClassfiy/assets/BigClass_GarbageClassfiy_preload/BigClass_GarbageClassfiy.json HTTP/1.1" 304 - "http://localhost:8080/egret-game/index.html" "Mozilla/5.0 (Windows NT 10.0; Win64; x64) AppleWebKit/537.36 (KHTML, like Gecko) Chrome/76.0.3809.100 Safari/537.36"
[2019-08-24T11:49:09.902] [INFO] normal - ::1 - - "GET /egret-game/resource/BigClass_GarbageClassfiy/assets/BigClass_NiXingTuiLi_page_scene4/BigClass_NiXingTuiLi_big_page_scene4.json HTTP/1.1" 304 - "http://localhost:8080/egret-game/index.html" "Mozilla/5.0 (Windows NT 10.0; Win64; x64) AppleWebKit/537.36 (KHTML, like Gecko) Chrome/76.0.3809.100 Safari/537.36"
[2019-08-24T11:49:09.904] [INFO] normal - ::1 - - "GET /egret-game/resource/BigClass_GarbageClassfiy/assets/BigClass_NiXingTuiLi_page_scene4/BigClass_NiXingTuiLi_page_scene_bg4.jpg HTTP/1.1" 304 - "http://localhost:8080/egret-game/index.html" "Mozilla/5.0 (Windows NT 10.0; Win64; x64) AppleWebKit/537.36 (KHTML, like Gecko) Chrome/76.0.3809.100 Safari/537.36"
[2019-08-24T11:49:09.906] [INFO] normal - ::1 - - "GET /egret-game/resource/BigClass_GarbageClassfiy/assets/BigClass_GarbageClassfiy_page_scene22/BigClass_GarbageClassfiy_big_page_scene22.json HTTP/1.1" 304 - "http://localhost:8080/egret-game/index.html" "Mozilla/5.0 (Windows NT 10.0; Win64; x64) AppleWebKit/537.36 (KHTML, like Gecko) Chrome/76.0.3809.100 Safari/537.36"
[2019-08-24T11:49:09.906] [INFO] normal - ::1 - - "GET /egret-game/resource/BigClass_GarbageClassfiy/assets/BigClass_GarbageClassfiy_page_scene13/BigClass_GarbageClassfiy_big_page_scene13.json HTTP/1.1" 304 - "http://localhost:8080/egret-game/index.html" "Mozilla/5.0 (Windows NT 10.0; Win64; x64) AppleWebKit/537.36 (KHTML, like Gecko) Chrome/76.0.3809.100 Safari/537.36"
[2019-08-24T11:49:09.910] [INFO] normal - ::1 - - "GET /egret-game/resource/gamemain/assets/preload/main_preload.png HTTP/1.1" 304 - "http://localhost:8080/egret-game/index.html" "Mozilla/5.0 (Windows NT 10.0; Win64; x64) AppleWebKit/537.36 (KHTML, like Gecko) Chrome/76.0.3809.100 Safari/537.36"
[2019-08-24T11:49:09.913] [INFO] normal - ::1 - - "GET /egret-game/resource/BigClass_GarbageClassfiy/assets/BigClass_NiXingTuiLi_page_scene4/BigClass_NiXingTuiLi_big_page_scene4.png HTTP/1.1" 304 - "http://localhost:8080/egret-game/index.html" "Mozilla/5.0 (Windows NT 10.0; Win64; x64) AppleWebKit/537.36 (KHTML, like Gecko) Chrome/76.0.3809.100 Safari/537.36"
[2019-08-24T11:49:09.916] [INFO] normal - ::1 - - "GET /egret-game/resource/BigClass_GarbageClassfiy/assets/BigClass_GarbageClassfiy_page_scene22/BigClass_GarbageClassfiy_big_page_scene22.png HTTP/1.1" 304 - "http://localhost:8080/egret-game/index.html" "Mozilla/5.0 (Windows NT 10.0; Win64; x64) AppleWebKit/537.36 (KHTML, like Gecko) Chrome/76.0.3809.100 Safari/537.36"
[2019-08-24T11:49:09.918] [INFO] normal - ::1 - - "GET /egret-game/resource/BigClass_GarbageClassfiy/assets/BigClass_GarbageClassfiy_page_scene13/BigClass_GarbageClassfiy_big_page_scene13.png HTTP/1.1" 304 - "http://localhost:8080/egret-game/index.html" "Mozilla/5.0 (Windows NT 10.0; Win64; x64) AppleWebKit/537.36 (KHTML, like Gecko) Chrome/76.0.3809.100 Safari/537.36"
[2019-08-24T12:35:44.665] [INFO] normal - ::1 - - "GET / HTTP/1.1" 404 139 "" "Mozilla/5.0 (Windows NT 10.0; Win64; x64) AppleWebKit/537.36 (KHTML, like Gecko) Chrome/76.0.3809.100 Safari/537.36"
[2019-08-24T12:35:57.704] [INFO] normal - ::1 - - "GET /game-egret/index.html HTTP/1.1" 404 160 "" "Mozilla/5.0 (Windows NT 10.0; Win64; x64) AppleWebKit/537.36 (KHTML, like Gecko) Chrome/76.0.3809.100 Safari/537.36"
[2019-08-24T12:36:10.364] [INFO] normal - ::1 - - "GET /egret-game/index.html HTTP/1.1" 304 - "" "Mozilla/5.0 (Windows NT 10.0; Win64; x64) AppleWebKit/537.36 (KHTML, like Gecko) Chrome/76.0.3809.100 Safari/537.36"
[2019-08-24T12:36:10.380] [INFO] normal - ::1 - - "GET /egret-game/manifest.json?v=0.20764335223318509 HTTP/1.1" 200 510 "http://localhost:8080/egret-game/index.html" "Mozilla/5.0 (Windows NT 10.0; Win64; x64) AppleWebKit/537.36 (KHTML, like Gecko) Chrome/76.0.3809.100 Safari/537.36"
[2019-08-24T12:36:10.386] [INFO] normal - ::1 - - "GET /egret-game/js/egret.min_1f88eb98.js HTTP/1.1" 304 - "http://localhost:8080/egret-game/index.html" "Mozilla/5.0 (Windows NT 10.0; Win64; x64) AppleWebKit/537.36 (KHTML, like Gecko) Chrome/76.0.3809.100 Safari/537.36"
[2019-08-24T12:36:10.387] [INFO] normal - ::1 - - "GET /egret-game/js/egret.web.min_2dd0bd72.js HTTP/1.1" 304 - "http://localhost:8080/egret-game/index.html" "Mozilla/5.0 (Windows NT 10.0; Win64; x64) AppleWebKit/537.36 (KHTML, like Gecko) Chrome/76.0.3809.100 Safari/537.36"
[2019-08-24T12:36:10.389] [INFO] normal - ::1 - - "GET /egret-game/js/eui.min_38a8c284.js HTTP/1.1" 304 - "http://localhost:8080/egret-game/index.html" "Mozilla/5.0 (Windows NT 10.0; Win64; x64) AppleWebKit/537.36 (KHTML, like Gecko) Chrome/76.0.3809.100 Safari/537.36"
[2019-08-24T12:36:10.391] [INFO] normal - ::1 - - "GET /egret-game/js/game.min_45aa06f6.js HTTP/1.1" 304 - "http://localhost:8080/egret-game/index.html" "Mozilla/5.0 (Windows NT 10.0; Win64; x64) AppleWebKit/537.36 (KHTML, like Gecko) Chrome/76.0.3809.100 Safari/537.36"
[2019-08-24T12:36:10.393] [INFO] normal - ::1 - - "GET /egret-game/js/assetsmanager.min_f2e50bd1.js HTTP/1.1" 304 - "http://localhost:8080/egret-game/index.html" "Mozilla/5.0 (Windows NT 10.0; Win64; x64) AppleWebKit/537.36 (KHTML, like Gecko) Chrome/76.0.3809.100 Safari/537.36"
[2019-08-24T12:36:10.394] [INFO] normal - ::1 - - "GET /egret-game/js/tween.min_6c5a88f9.js HTTP/1.1" 304 - "http://localhost:8080/egret-game/index.html" "Mozilla/5.0 (Windows NT 10.0; Win64; x64) AppleWebKit/537.36 (KHTML, like Gecko) Chrome/76.0.3809.100 Safari/537.36"
[2019-08-24T12:36:10.395] [INFO] normal - ::1 - - "GET /egret-game/js/dragonBones.min_6252b9c4.js HTTP/1.1" 304 - "http://localhost:8080/egret-game/index.html" "Mozilla/5.0 (Windows NT 10.0; Win64; x64) AppleWebKit/537.36 (KHTML, like Gecko) Chrome/76.0.3809.100 Safari/537.36"
[2019-08-24T12:36:10.396] [INFO] normal - ::1 - - "GET /egret-game/js/promise.min_83a6a5d.js HTTP/1.1" 304 - "http://localhost:8080/egret-game/index.html" "Mozilla/5.0 (Windows NT 10.0; Win64; x64) AppleWebKit/537.36 (KHTML, like Gecko) Chrome/76.0.3809.100 Safari/537.36"
[2019-08-24T12:36:10.397] [INFO] normal - ::1 - - "GET /egret-game/js/socket.min_8b4cb752.js HTTP/1.1" 304 - "http://localhost:8080/egret-game/index.html" "Mozilla/5.0 (Windows NT 10.0; Win64; x64) AppleWebKit/537.36 (KHTML, like Gecko) Chrome/76.0.3809.100 Safari/537.36"
[2019-08-24T12:36:10.398] [INFO] normal - ::1 - - "GET /egret-game/js/htsw_framework.min_6b847dcf.js HTTP/1.1" 304 - "http://localhost:8080/egret-game/index.html" "Mozilla/5.0 (Windows NT 10.0; Win64; x64) AppleWebKit/537.36 (KHTML, like Gecko) Chrome/76.0.3809.100 Safari/537.36"
[2019-08-24T12:36:10.400] [INFO] normal - ::1 - - "GET /egret-game/js/CoursewareModule.min_1429de80.js HTTP/1.1" 304 - "http://localhost:8080/egret-game/index.html" "Mozilla/5.0 (Windows NT 10.0; Win64; x64) AppleWebKit/537.36 (KHTML, like Gecko) Chrome/76.0.3809.100 Safari/537.36"
[2019-08-24T12:36:10.401] [INFO] normal - ::1 - - "GET /egret-game/js/default.thm_fb85d5ca.js HTTP/1.1" 304 - "http://localhost:8080/egret-game/index.html" "Mozilla/5.0 (Windows NT 10.0; Win64; x64) AppleWebKit/537.36 (KHTML, like Gecko) Chrome/76.0.3809.100 Safari/537.36"
[2019-08-24T12:36:10.401] [INFO] normal - ::1 - - "GET /egret-game/js/BigClass_GarbageClassfiy.thm_694b42d4.js HTTP/1.1" 304 - "http://localhost:8080/egret-game/index.html" "Mozilla/5.0 (Windows NT 10.0; Win64; x64) AppleWebKit/537.36 (KHTML, like Gecko) Chrome/76.0.3809.100 Safari/537.36"
[2019-08-24T12:36:10.402] [INFO] normal - ::1 - - "GET /egret-game/js/main.min_a5b4fc70.js HTTP/1.1" 304 - "http://localhost:8080/egret-game/index.html" "Mozilla/5.0 (Windows NT 10.0; Win64; x64) AppleWebKit/537.36 (KHTML, like Gecko) Chrome/76.0.3809.100 Safari/537.36"
[2019-08-24T12:36:10.521] [INFO] normal - ::1 - - "GET /egret-game/resource/gamemain/default.res.json HTTP/1.1" 304 - "http://localhost:8080/egret-game/index.html" "Mozilla/5.0 (Windows NT 10.0; Win64; x64) AppleWebKit/537.36 (KHTML, like Gecko) Chrome/76.0.3809.100 Safari/537.36"
[2019-08-24T12:36:10.535] [INFO] normal - ::1 - - "GET /egret-game/resource/BigClass_GarbageClassfiy/BigClass_GarbageClassfiy.res.json HTTP/1.1" 304 - "http://localhost:8080/egret-game/index.html" "Mozilla/5.0 (Windows NT 10.0; Win64; x64) AppleWebKit/537.36 (KHTML, like Gecko) Chrome/76.0.3809.100 Safari/537.36"
[2019-08-24T12:36:10.593] [INFO] normal - ::1 - - "GET /egret-game/resource/gamemain/assets/preload/main_preload.json HTTP/1.1" 304 - "http://localhost:8080/egret-game/index.html" "Mozilla/5.0 (Windows NT 10.0; Win64; x64) AppleWebKit/537.36 (KHTML, like Gecko) Chrome/76.0.3809.100 Safari/537.36"
[2019-08-24T12:36:10.594] [INFO] normal - ::1 - - "GET /egret-game/resource/BigClass_GarbageClassfiy/assets/BigClass_GarbageClassfiy_preload/BigClass_GarbageClassfiy.json HTTP/1.1" 304 - "http://localhost:8080/egret-game/index.html" "Mozilla/5.0 (Windows NT 10.0; Win64; x64) AppleWebKit/537.36 (KHTML, like Gecko) Chrome/76.0.3809.100 Safari/537.36"
[2019-08-24T12:36:10.594] [INFO] normal - ::1 - - "GET /egret-game/resource/BigClass_GarbageClassfiy/assets/BigClass_NiXingTuiLi_page_scene4/BigClass_NiXingTuiLi_big_page_scene4.json HTTP/1.1" 304 - "http://localhost:8080/egret-game/index.html" "Mozilla/5.0 (Windows NT 10.0; Win64; x64) AppleWebKit/537.36 (KHTML, like Gecko) Chrome/76.0.3809.100 Safari/537.36"
[2019-08-24T12:36:10.595] [INFO] normal - ::1 - - "GET /egret-game/resource/BigClass_GarbageClassfiy/assets/BigClass_GarbageClassfiy_page_scene22/BigClass_GarbageClassfiy_big_page_scene22.json HTTP/1.1" 304 - "http://localhost:8080/egret-game/index.html" "Mozilla/5.0 (Windows NT 10.0; Win64; x64) AppleWebKit/537.36 (KHTML, like Gecko) Chrome/76.0.3809.100 Safari/537.36"
[2019-08-24T12:36:10.595] [INFO] normal - ::1 - - "GET /egret-game/resource/BigClass_GarbageClassfiy/assets/BigClass_GarbageClassfiy_page_scene13/BigClass_GarbageClassfiy_big_page_scene13.json HTTP/1.1" 304 - "http://localhost:8080/egret-game/index.html" "Mozilla/5.0 (Windows NT 10.0; Win64; x64) AppleWebKit/537.36 (KHTML, like Gecko) Chrome/76.0.3809.100 Safari/537.36"
[2019-08-24T12:36:10.596] [INFO] normal - ::1 - - "GET /egret-game/resource/BigClass_GarbageClassfiy/assets/BigClass_NiXingTuiLi_page_scene4/BigClass_NiXingTuiLi_page_scene_bg4.jpg HTTP/1.1" 304 - "http://localhost:8080/egret-game/index.html" "Mozilla/5.0 (Windows NT 10.0; Win64; x64) AppleWebKit/537.36 (KHTML, like Gecko) Chrome/76.0.3809.100 Safari/537.36"
[2019-08-24T12:36:10.600] [INFO] normal - ::1 - - "GET /egret-game/resource/gamemain/assets/preload/main_preload.png HTTP/1.1" 304 - "http://localhost:8080/egret-game/index.html" "Mozilla/5.0 (Windows NT 10.0; Win64; x64) AppleWebKit/537.36 (KHTML, like Gecko) Chrome/76.0.3809.100 Safari/537.36"
[2019-08-24T12:36:10.603] [INFO] normal - ::1 - - "GET /egret-game/resource/BigClass_GarbageClassfiy/assets/BigClass_NiXingTuiLi_page_scene4/BigClass_NiXingTuiLi_big_page_scene4.png HTTP/1.1" 304 - "http://localhost:8080/egret-game/index.html" "Mozilla/5.0 (Windows NT 10.0; Win64; x64) AppleWebKit/537.36 (KHTML, like Gecko) Chrome/76.0.3809.100 Safari/537.36"
[2019-08-24T12:36:10.604] [INFO] normal - ::1 - - "GET /egret-game/resource/BigClass_GarbageClassfiy/assets/BigClass_GarbageClassfiy_page_scene22/BigClass_GarbageClassfiy_big_page_scene22.png HTTP/1.1" 304 - "http://localhost:8080/egret-game/index.html" "Mozilla/5.0 (Windows NT 10.0; Win64; x64) AppleWebKit/537.36 (KHTML, like Gecko) Chrome/76.0.3809.100 Safari/537.36"
[2019-08-24T12:36:10.604] [INFO] normal - ::1 - - "GET /egret-game/resource/BigClass_GarbageClassfiy/assets/BigClass_GarbageClassfiy_page_scene13/BigClass_GarbageClassfiy_big_page_scene13.png HTTP/1.1" 304 - "http://localhost:8080/egret-game/index.html" "Mozilla/5.0 (Windows NT 10.0; Win64; x64) AppleWebKit/537.36 (KHTML, like Gecko) Chrome/76.0.3809.100 Safari/537.36"
[2019-08-24T12:50:01.020] [INFO] normal - ::ffff:172.16.1.14 - - "HEAD /remote-assets/version.manifest HTTP/1.1" 404 170 "" "undefined"
[2019-08-24T12:50:01.076] [INFO] normal - ::ffff:172.16.1.14 - - "HEAD /remote-assets/project.manifest HTTP/1.1" 404 170 "" "undefined"
[2019-08-24T12:50:40.654] [INFO] normal - ::ffff:172.16.1.14 - - "HEAD /remote-assets/version.manifest HTTP/1.1" 404 170 "" "undefined"
[2019-08-24T12:50:40.689] [INFO] normal - ::ffff:172.16.1.14 - - "HEAD /remote-assets/project.manifest HTTP/1.1" 404 170 "" "undefined"
