[2019-09-10T17:13:54.428] [INFO] normal - ::1 - - "GET /index.html HTTP/1.1" 404 149 "" "Mozilla/5.0 (Windows NT 10.0; Win64; x64) AppleWebKit/537.36 (KHTML, like Gecko) Chrome/76.0.3809.132 Safari/537.36"
[2019-09-10T17:14:16.234] [INFO] normal - ::1 - - "GET /egret-game/index.html HTTP/1.1" 200 2722 "" "Mozilla/5.0 (Windows NT 10.0; Win64; x64) AppleWebKit/537.36 (KHTML, like Gecko) Chrome/76.0.3809.132 Safari/537.36"
[2019-09-10T17:14:16.248] [INFO] normal - ::1 - - "GET /egret-game/js/meiriq_game.js?v1.3 HTTP/1.1" 200 119908 "http://localhost:8080/egret-game/index.html" "Mozilla/5.0 (Windows NT 10.0; Win64; x64) AppleWebKit/537.36 (KHTML, like Gecko) Chrome/76.0.3809.132 Safari/537.36"
[2019-09-10T17:14:16.249] [INFO] normal - ::1 - - "GET /egret-game/js/g.js?v1.3 HTTP/1.1" 200 320631 "http://localhost:8080/egret-game/index.html" "Mozilla/5.0 (Windows NT 10.0; Win64; x64) AppleWebKit/537.36 (KHTML, like Gecko) Chrome/76.0.3809.132 Safari/537.36"
[2019-09-10T17:14:16.364] [INFO] normal - ::1 - - "GET /egret-game/resource/assets/images/bg.png HTTP/1.1" 200 854 "http://localhost:8080/egret-game/index.html" "Mozilla/5.0 (Windows NT 10.0; Win64; x64) AppleWebKit/537.36 (KHTML, like Gecko) Chrome/76.0.3809.132 Safari/537.36"
[2019-09-10T17:14:16.365] [INFO] normal - ::1 - - "GET /favicon.ico HTTP/1.1" 404 150 "http://localhost:8080/egret-game/index.html" "Mozilla/5.0 (Windows NT 10.0; Win64; x64) AppleWebKit/537.36 (KHTML, like Gecko) Chrome/76.0.3809.132 Safari/537.36"
[2019-09-10T17:14:16.373] [INFO] normal - ::1 - - "GET /egret-game/resource/assets/images/note.png HTTP/1.1" 200 1505 "http://localhost:8080/egret-game/index.html" "Mozilla/5.0 (Windows NT 10.0; Win64; x64) AppleWebKit/537.36 (KHTML, like Gecko) Chrome/76.0.3809.132 Safari/537.36"
[2019-09-10T17:14:16.378] [INFO] normal - ::1 - - "GET /egret-game/resource/assets/images/num_sheet.json HTTP/1.1" 200 376 "http://localhost:8080/egret-game/index.html" "Mozilla/5.0 (Windows NT 10.0; Win64; x64) AppleWebKit/537.36 (KHTML, like Gecko) Chrome/76.0.3809.132 Safari/537.36"
[2019-09-10T17:14:16.384] [INFO] normal - ::1 - - "GET /egret-game/resource/assets/images/num_sheet.png HTTP/1.1" 200 5325 "http://localhost:8080/egret-game/index.html" "Mozilla/5.0 (Windows NT 10.0; Win64; x64) AppleWebKit/537.36 (KHTML, like Gecko) Chrome/76.0.3809.132 Safari/537.36"
[2019-09-10T17:14:16.389] [INFO] normal - ::1 - - "GET /egret-game/resource/assets/images/game_sheet.json HTTP/1.1" 200 522 "http://localhost:8080/egret-game/index.html" "Mozilla/5.0 (Windows NT 10.0; Win64; x64) AppleWebKit/537.36 (KHTML, like Gecko) Chrome/76.0.3809.132 Safari/537.36"
[2019-09-10T17:14:16.393] [INFO] normal - ::1 - - "GET /egret-game/resource/assets/images/game_sheet.png HTTP/1.1" 200 33921 "http://localhost:8080/egret-game/index.html" "Mozilla/5.0 (Windows NT 10.0; Win64; x64) AppleWebKit/537.36 (KHTML, like Gecko) Chrome/76.0.3809.132 Safari/537.36"
[2019-09-10T17:14:16.404] [INFO] normal - ::1 - - "GET /egret-game/resource/assets/mp3/sound_1.mp3 HTTP/1.1" 200 6039 "http://localhost:8080/egret-game/index.html" "Mozilla/5.0 (Windows NT 10.0; Win64; x64) AppleWebKit/537.36 (KHTML, like Gecko) Chrome/76.0.3809.132 Safari/537.36"
[2019-09-10T17:14:16.420] [INFO] normal - ::1 - - "GET /egret-game/resource/assets/mp3/sound_25.mp3 HTTP/1.1" 200 6039 "http://localhost:8080/egret-game/index.html" "Mozilla/5.0 (Windows NT 10.0; Win64; x64) AppleWebKit/537.36 (KHTML, like Gecko) Chrome/76.0.3809.132 Safari/537.36"
[2019-09-10T17:14:16.431] [INFO] normal - ::1 - - "GET /egret-game/resource/assets/mp3/sound_21.mp3 HTTP/1.1" 200 6039 "http://localhost:8080/egret-game/index.html" "Mozilla/5.0 (Windows NT 10.0; Win64; x64) AppleWebKit/537.36 (KHTML, like Gecko) Chrome/76.0.3809.132 Safari/537.36"
[2019-09-10T17:14:16.443] [INFO] normal - ::1 - - "GET /egret-game/resource/assets/mp3/sound_22.mp3 HTTP/1.1" 200 6039 "http://localhost:8080/egret-game/index.html" "Mozilla/5.0 (Windows NT 10.0; Win64; x64) AppleWebKit/537.36 (KHTML, like Gecko) Chrome/76.0.3809.132 Safari/537.36"
[2019-09-10T17:14:16.454] [INFO] normal - ::1 - - "GET /egret-game/resource/assets/mp3/sound_23.mp3 HTTP/1.1" 200 6039 "http://localhost:8080/egret-game/index.html" "Mozilla/5.0 (Windows NT 10.0; Win64; x64) AppleWebKit/537.36 (KHTML, like Gecko) Chrome/76.0.3809.132 Safari/537.36"
[2019-09-10T17:14:16.465] [INFO] normal - ::1 - - "GET /egret-game/resource/assets/mp3/sound_24.mp3 HTTP/1.1" 200 6039 "http://localhost:8080/egret-game/index.html" "Mozilla/5.0 (Windows NT 10.0; Win64; x64) AppleWebKit/537.36 (KHTML, like Gecko) Chrome/76.0.3809.132 Safari/537.36"
[2019-09-10T17:14:16.477] [INFO] normal - ::1 - - "GET /egret-game/resource/assets/mp3/sound_26.mp3 HTTP/1.1" 200 6039 "http://localhost:8080/egret-game/index.html" "Mozilla/5.0 (Windows NT 10.0; Win64; x64) AppleWebKit/537.36 (KHTML, like Gecko) Chrome/76.0.3809.132 Safari/537.36"
[2019-09-10T17:14:16.487] [INFO] normal - ::1 - - "GET /egret-game/resource/assets/mp3/sound_27.mp3 HTTP/1.1" 200 6039 "http://localhost:8080/egret-game/index.html" "Mozilla/5.0 (Windows NT 10.0; Win64; x64) AppleWebKit/537.36 (KHTML, like Gecko) Chrome/76.0.3809.132 Safari/537.36"
[2019-09-10T17:14:16.498] [INFO] normal - ::1 - - "GET /egret-game/resource/assets/mp3/sound_31.mp3 HTTP/1.1" 200 6039 "http://localhost:8080/egret-game/index.html" "Mozilla/5.0 (Windows NT 10.0; Win64; x64) AppleWebKit/537.36 (KHTML, like Gecko) Chrome/76.0.3809.132 Safari/537.36"
[2019-09-10T17:14:16.509] [INFO] normal - ::1 - - "GET /egret-game/resource/assets/mp3/sound_17.mp3 HTTP/1.1" 200 6039 "http://localhost:8080/egret-game/index.html" "Mozilla/5.0 (Windows NT 10.0; Win64; x64) AppleWebKit/537.36 (KHTML, like Gecko) Chrome/76.0.3809.132 Safari/537.36"
[2019-09-10T17:14:16.519] [INFO] normal - ::1 - - "GET /egret-game/resource/assets/mp3/sound_16.mp3 HTTP/1.1" 200 6039 "http://localhost:8080/egret-game/index.html" "Mozilla/5.0 (Windows NT 10.0; Win64; x64) AppleWebKit/537.36 (KHTML, like Gecko) Chrome/76.0.3809.132 Safari/537.36"
[2019-09-10T17:14:16.530] [INFO] normal - ::1 - - "GET /egret-game/resource/assets/mp3/sound_15.mp3 HTTP/1.1" 200 6039 "http://localhost:8080/egret-game/index.html" "Mozilla/5.0 (Windows NT 10.0; Win64; x64) AppleWebKit/537.36 (KHTML, like Gecko) Chrome/76.0.3809.132 Safari/537.36"
[2019-09-10T17:14:16.546] [INFO] normal - ::1 - - "GET /egret-game/resource/assets/mp3/sound_14.mp3 HTTP/1.1" 200 6039 "http://localhost:8080/egret-game/index.html" "Mozilla/5.0 (Windows NT 10.0; Win64; x64) AppleWebKit/537.36 (KHTML, like Gecko) Chrome/76.0.3809.132 Safari/537.36"
[2019-09-10T17:14:16.557] [INFO] normal - ::1 - - "GET /egret-game/resource/assets/mp3/sound_13.mp3 HTTP/1.1" 200 6039 "http://localhost:8080/egret-game/index.html" "Mozilla/5.0 (Windows NT 10.0; Win64; x64) AppleWebKit/537.36 (KHTML, like Gecko) Chrome/76.0.3809.132 Safari/537.36"
[2019-09-10T17:14:16.568] [INFO] normal - ::1 - - "GET /egret-game/resource/assets/mp3/sound_12.mp3 HTTP/1.1" 200 6039 "http://localhost:8080/egret-game/index.html" "Mozilla/5.0 (Windows NT 10.0; Win64; x64) AppleWebKit/537.36 (KHTML, like Gecko) Chrome/76.0.3809.132 Safari/537.36"
[2019-09-10T17:14:16.579] [INFO] normal - ::1 - - "GET /egret-game/resource/assets/mp3/sound_11.mp3 HTTP/1.1" 200 6039 "http://localhost:8080/egret-game/index.html" "Mozilla/5.0 (Windows NT 10.0; Win64; x64) AppleWebKit/537.36 (KHTML, like Gecko) Chrome/76.0.3809.132 Safari/537.36"
[2019-09-10T17:14:16.589] [INFO] normal - ::1 - - "GET /egret-game/resource/assets/mp3/sound_7.mp3 HTTP/1.1" 200 6039 "http://localhost:8080/egret-game/index.html" "Mozilla/5.0 (Windows NT 10.0; Win64; x64) AppleWebKit/537.36 (KHTML, like Gecko) Chrome/76.0.3809.132 Safari/537.36"
[2019-09-10T17:14:16.600] [INFO] normal - ::1 - - "GET /egret-game/resource/assets/mp3/sound_6.mp3 HTTP/1.1" 200 6039 "http://localhost:8080/egret-game/index.html" "Mozilla/5.0 (Windows NT 10.0; Win64; x64) AppleWebKit/537.36 (KHTML, like Gecko) Chrome/76.0.3809.132 Safari/537.36"
[2019-09-10T17:14:16.611] [INFO] normal - ::1 - - "GET /egret-game/resource/assets/mp3/sound_5.mp3 HTTP/1.1" 200 6039 "http://localhost:8080/egret-game/index.html" "Mozilla/5.0 (Windows NT 10.0; Win64; x64) AppleWebKit/537.36 (KHTML, like Gecko) Chrome/76.0.3809.132 Safari/537.36"
[2019-09-10T17:14:16.622] [INFO] normal - ::1 - - "GET /egret-game/resource/assets/mp3/sound_4.mp3 HTTP/1.1" 200 6039 "http://localhost:8080/egret-game/index.html" "Mozilla/5.0 (Windows NT 10.0; Win64; x64) AppleWebKit/537.36 (KHTML, like Gecko) Chrome/76.0.3809.132 Safari/537.36"
[2019-09-10T17:14:21.357] [INFO] normal - ::1 - - "GET /egret-game/resource/assets/images/level1.png HTTP/1.1" 200 2283 "http://localhost:8080/egret-game/index.html" "Mozilla/5.0 (Windows NT 10.0; Win64; x64) AppleWebKit/537.36 (KHTML, like Gecko) Chrome/76.0.3809.132 Safari/537.36"
[2019-09-10T17:14:28.328] [INFO] normal - ::1 - - "GET /egret-game/index.html HTTP/1.1" 304 - "" "Mozilla/5.0 (Windows NT 10.0; Win64; x64) AppleWebKit/537.36 (KHTML, like Gecko) Chrome/76.0.3809.132 Safari/537.36"
[2019-09-10T17:14:28.339] [INFO] normal - ::1 - - "GET /egret-game/js/g.js?v1.3 HTTP/1.1" 304 - "http://localhost:8080/egret-game/index.html" "Mozilla/5.0 (Windows NT 10.0; Win64; x64) AppleWebKit/537.36 (KHTML, like Gecko) Chrome/76.0.3809.132 Safari/537.36"
[2019-09-10T17:14:28.342] [INFO] normal - ::1 - - "GET /egret-game/js/meiriq_game.js?v1.3 HTTP/1.1" 304 - "http://localhost:8080/egret-game/index.html" "Mozilla/5.0 (Windows NT 10.0; Win64; x64) AppleWebKit/537.36 (KHTML, like Gecko) Chrome/76.0.3809.132 Safari/537.36"
[2019-09-10T17:14:28.416] [INFO] normal - ::1 - - "GET /egret-game/resource/assets/images/bg.png HTTP/1.1" 304 - "http://localhost:8080/egret-game/index.html" "Mozilla/5.0 (Windows NT 10.0; Win64; x64) AppleWebKit/537.36 (KHTML, like Gecko) Chrome/76.0.3809.132 Safari/537.36"
[2019-09-10T17:14:28.422] [INFO] normal - ::1 - - "GET /egret-game/resource/assets/images/note.png HTTP/1.1" 304 - "http://localhost:8080/egret-game/index.html" "Mozilla/5.0 (Windows NT 10.0; Win64; x64) AppleWebKit/537.36 (KHTML, like Gecko) Chrome/76.0.3809.132 Safari/537.36"
[2019-09-10T17:14:28.426] [INFO] normal - ::1 - - "GET /egret-game/resource/assets/images/num_sheet.json HTTP/1.1" 304 - "http://localhost:8080/egret-game/index.html" "Mozilla/5.0 (Windows NT 10.0; Win64; x64) AppleWebKit/537.36 (KHTML, like Gecko) Chrome/76.0.3809.132 Safari/537.36"
[2019-09-10T17:14:28.430] [INFO] normal - ::1 - - "GET /egret-game/resource/assets/images/num_sheet.png HTTP/1.1" 304 - "http://localhost:8080/egret-game/index.html" "Mozilla/5.0 (Windows NT 10.0; Win64; x64) AppleWebKit/537.36 (KHTML, like Gecko) Chrome/76.0.3809.132 Safari/537.36"
[2019-09-10T17:14:28.434] [INFO] normal - ::1 - - "GET /egret-game/resource/assets/images/game_sheet.json HTTP/1.1" 304 - "http://localhost:8080/egret-game/index.html" "Mozilla/5.0 (Windows NT 10.0; Win64; x64) AppleWebKit/537.36 (KHTML, like Gecko) Chrome/76.0.3809.132 Safari/537.36"
[2019-09-10T17:14:28.437] [INFO] normal - ::1 - - "GET /egret-game/resource/assets/images/game_sheet.png HTTP/1.1" 304 - "http://localhost:8080/egret-game/index.html" "Mozilla/5.0 (Windows NT 10.0; Win64; x64) AppleWebKit/537.36 (KHTML, like Gecko) Chrome/76.0.3809.132 Safari/537.36"
[2019-09-10T17:14:28.444] [INFO] normal - ::1 - - "GET /egret-game/resource/assets/mp3/sound_1.mp3 HTTP/1.1" 304 - "http://localhost:8080/egret-game/index.html" "Mozilla/5.0 (Windows NT 10.0; Win64; x64) AppleWebKit/537.36 (KHTML, like Gecko) Chrome/76.0.3809.132 Safari/537.36"
[2019-09-10T17:14:28.452] [INFO] normal - ::1 - - "GET /egret-game/resource/assets/mp3/sound_25.mp3 HTTP/1.1" 304 - "http://localhost:8080/egret-game/index.html" "Mozilla/5.0 (Windows NT 10.0; Win64; x64) AppleWebKit/537.36 (KHTML, like Gecko) Chrome/76.0.3809.132 Safari/537.36"
[2019-09-10T17:14:28.459] [INFO] normal - ::1 - - "GET /egret-game/resource/assets/mp3/sound_21.mp3 HTTP/1.1" 304 - "http://localhost:8080/egret-game/index.html" "Mozilla/5.0 (Windows NT 10.0; Win64; x64) AppleWebKit/537.36 (KHTML, like Gecko) Chrome/76.0.3809.132 Safari/537.36"
[2019-09-10T17:14:28.466] [INFO] normal - ::1 - - "GET /egret-game/resource/assets/mp3/sound_22.mp3 HTTP/1.1" 304 - "http://localhost:8080/egret-game/index.html" "Mozilla/5.0 (Windows NT 10.0; Win64; x64) AppleWebKit/537.36 (KHTML, like Gecko) Chrome/76.0.3809.132 Safari/537.36"
[2019-09-10T17:14:28.474] [INFO] normal - ::1 - - "GET /egret-game/resource/assets/mp3/sound_23.mp3 HTTP/1.1" 304 - "http://localhost:8080/egret-game/index.html" "Mozilla/5.0 (Windows NT 10.0; Win64; x64) AppleWebKit/537.36 (KHTML, like Gecko) Chrome/76.0.3809.132 Safari/537.36"
[2019-09-10T17:14:28.482] [INFO] normal - ::1 - - "GET /egret-game/resource/assets/mp3/sound_24.mp3 HTTP/1.1" 304 - "http://localhost:8080/egret-game/index.html" "Mozilla/5.0 (Windows NT 10.0; Win64; x64) AppleWebKit/537.36 (KHTML, like Gecko) Chrome/76.0.3809.132 Safari/537.36"
[2019-09-10T17:14:28.489] [INFO] normal - ::1 - - "GET /egret-game/resource/assets/mp3/sound_26.mp3 HTTP/1.1" 304 - "http://localhost:8080/egret-game/index.html" "Mozilla/5.0 (Windows NT 10.0; Win64; x64) AppleWebKit/537.36 (KHTML, like Gecko) Chrome/76.0.3809.132 Safari/537.36"
[2019-09-10T17:14:28.497] [INFO] normal - ::1 - - "GET /egret-game/resource/assets/mp3/sound_27.mp3 HTTP/1.1" 304 - "http://localhost:8080/egret-game/index.html" "Mozilla/5.0 (Windows NT 10.0; Win64; x64) AppleWebKit/537.36 (KHTML, like Gecko) Chrome/76.0.3809.132 Safari/537.36"
[2019-09-10T17:14:28.505] [INFO] normal - ::1 - - "GET /egret-game/resource/assets/mp3/sound_31.mp3 HTTP/1.1" 304 - "http://localhost:8080/egret-game/index.html" "Mozilla/5.0 (Windows NT 10.0; Win64; x64) AppleWebKit/537.36 (KHTML, like Gecko) Chrome/76.0.3809.132 Safari/537.36"
[2019-09-10T17:14:28.513] [INFO] normal - ::1 - - "GET /egret-game/resource/assets/mp3/sound_17.mp3 HTTP/1.1" 304 - "http://localhost:8080/egret-game/index.html" "Mozilla/5.0 (Windows NT 10.0; Win64; x64) AppleWebKit/537.36 (KHTML, like Gecko) Chrome/76.0.3809.132 Safari/537.36"
[2019-09-10T17:14:28.520] [INFO] normal - ::1 - - "GET /egret-game/resource/assets/mp3/sound_16.mp3 HTTP/1.1" 304 - "http://localhost:8080/egret-game/index.html" "Mozilla/5.0 (Windows NT 10.0; Win64; x64) AppleWebKit/537.36 (KHTML, like Gecko) Chrome/76.0.3809.132 Safari/537.36"
[2019-09-10T17:14:28.528] [INFO] normal - ::1 - - "GET /egret-game/resource/assets/mp3/sound_15.mp3 HTTP/1.1" 304 - "http://localhost:8080/egret-game/index.html" "Mozilla/5.0 (Windows NT 10.0; Win64; x64) AppleWebKit/537.36 (KHTML, like Gecko) Chrome/76.0.3809.132 Safari/537.36"
[2019-09-10T17:14:28.535] [INFO] normal - ::1 - - "GET /egret-game/resource/assets/mp3/sound_14.mp3 HTTP/1.1" 304 - "http://localhost:8080/egret-game/index.html" "Mozilla/5.0 (Windows NT 10.0; Win64; x64) AppleWebKit/537.36 (KHTML, like Gecko) Chrome/76.0.3809.132 Safari/537.36"
[2019-09-10T17:14:28.543] [INFO] normal - ::1 - - "GET /egret-game/resource/assets/mp3/sound_13.mp3 HTTP/1.1" 304 - "http://localhost:8080/egret-game/index.html" "Mozilla/5.0 (Windows NT 10.0; Win64; x64) AppleWebKit/537.36 (KHTML, like Gecko) Chrome/76.0.3809.132 Safari/537.36"
[2019-09-10T17:14:28.550] [INFO] normal - ::1 - - "GET /egret-game/resource/assets/mp3/sound_12.mp3 HTTP/1.1" 304 - "http://localhost:8080/egret-game/index.html" "Mozilla/5.0 (Windows NT 10.0; Win64; x64) AppleWebKit/537.36 (KHTML, like Gecko) Chrome/76.0.3809.132 Safari/537.36"
[2019-09-10T17:14:28.557] [INFO] normal - ::1 - - "GET /egret-game/resource/assets/mp3/sound_11.mp3 HTTP/1.1" 304 - "http://localhost:8080/egret-game/index.html" "Mozilla/5.0 (Windows NT 10.0; Win64; x64) AppleWebKit/537.36 (KHTML, like Gecko) Chrome/76.0.3809.132 Safari/537.36"
[2019-09-10T17:14:28.565] [INFO] normal - ::1 - - "GET /egret-game/resource/assets/mp3/sound_7.mp3 HTTP/1.1" 304 - "http://localhost:8080/egret-game/index.html" "Mozilla/5.0 (Windows NT 10.0; Win64; x64) AppleWebKit/537.36 (KHTML, like Gecko) Chrome/76.0.3809.132 Safari/537.36"
[2019-09-10T17:14:28.573] [INFO] normal - ::1 - - "GET /egret-game/resource/assets/mp3/sound_6.mp3 HTTP/1.1" 304 - "http://localhost:8080/egret-game/index.html" "Mozilla/5.0 (Windows NT 10.0; Win64; x64) AppleWebKit/537.36 (KHTML, like Gecko) Chrome/76.0.3809.132 Safari/537.36"
[2019-09-10T17:14:28.581] [INFO] normal - ::1 - - "GET /egret-game/resource/assets/mp3/sound_5.mp3 HTTP/1.1" 304 - "http://localhost:8080/egret-game/index.html" "Mozilla/5.0 (Windows NT 10.0; Win64; x64) AppleWebKit/537.36 (KHTML, like Gecko) Chrome/76.0.3809.132 Safari/537.36"
[2019-09-10T17:14:28.588] [INFO] normal - ::1 - - "GET /egret-game/resource/assets/mp3/sound_4.mp3 HTTP/1.1" 304 - "http://localhost:8080/egret-game/index.html" "Mozilla/5.0 (Windows NT 10.0; Win64; x64) AppleWebKit/537.36 (KHTML, like Gecko) Chrome/76.0.3809.132 Safari/537.36"
[2019-09-10T17:14:38.349] [INFO] normal - ::1 - - "GET /egret-game/resource/assets/images/level1.png HTTP/1.1" 304 - "http://localhost:8080/egret-game/index.html" "Mozilla/5.0 (Windows NT 10.0; Win64; x64) AppleWebKit/537.36 (KHTML, like Gecko) Chrome/76.0.3809.132 Safari/537.36"
[2019-09-10T17:15:31.685] [INFO] normal - ::1 - - "GET /egret-game/index.html HTTP/1.1" 304 - "" "Mozilla/5.0 (Windows NT 10.0; Win64; x64) AppleWebKit/537.36 (KHTML, like Gecko) Chrome/76.0.3809.132 Safari/537.36"
[2019-09-10T17:15:31.696] [INFO] normal - ::1 - - "GET /egret-game/js/g.js?v1.3 HTTP/1.1" 304 - "http://localhost:8080/egret-game/index.html" "Mozilla/5.0 (Windows NT 10.0; Win64; x64) AppleWebKit/537.36 (KHTML, like Gecko) Chrome/76.0.3809.132 Safari/537.36"
[2019-09-10T17:15:31.697] [INFO] normal - ::1 - - "GET /egret-game/js/meiriq_game.js?v1.3 HTTP/1.1" 304 - "http://localhost:8080/egret-game/index.html" "Mozilla/5.0 (Windows NT 10.0; Win64; x64) AppleWebKit/537.36 (KHTML, like Gecko) Chrome/76.0.3809.132 Safari/537.36"
[2019-09-10T17:15:31.950] [INFO] normal - ::1 - - "GET /egret-game/resource/assets/images/bg.png HTTP/1.1" 304 - "http://localhost:8080/egret-game/index.html" "Mozilla/5.0 (Windows NT 10.0; Win64; x64) AppleWebKit/537.36 (KHTML, like Gecko) Chrome/76.0.3809.132 Safari/537.36"
[2019-09-10T17:15:31.960] [INFO] normal - ::1 - - "GET /egret-game/resource/assets/images/note.png HTTP/1.1" 304 - "http://localhost:8080/egret-game/index.html" "Mozilla/5.0 (Windows NT 10.0; Win64; x64) AppleWebKit/537.36 (KHTML, like Gecko) Chrome/76.0.3809.132 Safari/537.36"
[2019-09-10T17:15:31.968] [INFO] normal - ::1 - - "GET /egret-game/resource/assets/images/num_sheet.json HTTP/1.1" 304 - "http://localhost:8080/egret-game/index.html" "Mozilla/5.0 (Windows NT 10.0; Win64; x64) AppleWebKit/537.36 (KHTML, like Gecko) Chrome/76.0.3809.132 Safari/537.36"
[2019-09-10T17:15:31.973] [INFO] normal - ::1 - - "GET /egret-game/resource/assets/images/num_sheet.png HTTP/1.1" 304 - "http://localhost:8080/egret-game/index.html" "Mozilla/5.0 (Windows NT 10.0; Win64; x64) AppleWebKit/537.36 (KHTML, like Gecko) Chrome/76.0.3809.132 Safari/537.36"
[2019-09-10T17:15:31.978] [INFO] normal - ::1 - - "GET /egret-game/resource/assets/images/game_sheet.json HTTP/1.1" 304 - "http://localhost:8080/egret-game/index.html" "Mozilla/5.0 (Windows NT 10.0; Win64; x64) AppleWebKit/537.36 (KHTML, like Gecko) Chrome/76.0.3809.132 Safari/537.36"
[2019-09-10T17:15:31.982] [INFO] normal - ::1 - - "GET /egret-game/resource/assets/images/game_sheet.png HTTP/1.1" 304 - "http://localhost:8080/egret-game/index.html" "Mozilla/5.0 (Windows NT 10.0; Win64; x64) AppleWebKit/537.36 (KHTML, like Gecko) Chrome/76.0.3809.132 Safari/537.36"
[2019-09-10T17:15:31.986] [INFO] normal - ::1 - - "GET /egret-game/resource/assets/mp3/sound_1.mp3 HTTP/1.1" 304 - "http://localhost:8080/egret-game/index.html" "Mozilla/5.0 (Windows NT 10.0; Win64; x64) AppleWebKit/537.36 (KHTML, like Gecko) Chrome/76.0.3809.132 Safari/537.36"
[2019-09-10T17:15:31.994] [INFO] normal - ::1 - - "GET /egret-game/resource/assets/mp3/sound_25.mp3 HTTP/1.1" 304 - "http://localhost:8080/egret-game/index.html" "Mozilla/5.0 (Windows NT 10.0; Win64; x64) AppleWebKit/537.36 (KHTML, like Gecko) Chrome/76.0.3809.132 Safari/537.36"
[2019-09-10T17:15:32.001] [INFO] normal - ::1 - - "GET /egret-game/resource/assets/mp3/sound_21.mp3 HTTP/1.1" 304 - "http://localhost:8080/egret-game/index.html" "Mozilla/5.0 (Windows NT 10.0; Win64; x64) AppleWebKit/537.36 (KHTML, like Gecko) Chrome/76.0.3809.132 Safari/537.36"
[2019-09-10T17:15:32.008] [INFO] normal - ::1 - - "GET /egret-game/resource/assets/mp3/sound_22.mp3 HTTP/1.1" 304 - "http://localhost:8080/egret-game/index.html" "Mozilla/5.0 (Windows NT 10.0; Win64; x64) AppleWebKit/537.36 (KHTML, like Gecko) Chrome/76.0.3809.132 Safari/537.36"
[2019-09-10T17:15:32.016] [INFO] normal - ::1 - - "GET /egret-game/resource/assets/mp3/sound_23.mp3 HTTP/1.1" 304 - "http://localhost:8080/egret-game/index.html" "Mozilla/5.0 (Windows NT 10.0; Win64; x64) AppleWebKit/537.36 (KHTML, like Gecko) Chrome/76.0.3809.132 Safari/537.36"
[2019-09-10T17:15:32.023] [INFO] normal - ::1 - - "GET /egret-game/resource/assets/mp3/sound_24.mp3 HTTP/1.1" 304 - "http://localhost:8080/egret-game/index.html" "Mozilla/5.0 (Windows NT 10.0; Win64; x64) AppleWebKit/537.36 (KHTML, like Gecko) Chrome/76.0.3809.132 Safari/537.36"
[2019-09-10T17:15:32.031] [INFO] normal - ::1 - - "GET /egret-game/resource/assets/mp3/sound_26.mp3 HTTP/1.1" 304 - "http://localhost:8080/egret-game/index.html" "Mozilla/5.0 (Windows NT 10.0; Win64; x64) AppleWebKit/537.36 (KHTML, like Gecko) Chrome/76.0.3809.132 Safari/537.36"
[2019-09-10T17:15:32.038] [INFO] normal - ::1 - - "GET /egret-game/resource/assets/mp3/sound_27.mp3 HTTP/1.1" 304 - "http://localhost:8080/egret-game/index.html" "Mozilla/5.0 (Windows NT 10.0; Win64; x64) AppleWebKit/537.36 (KHTML, like Gecko) Chrome/76.0.3809.132 Safari/537.36"
[2019-09-10T17:15:32.046] [INFO] normal - ::1 - - "GET /egret-game/resource/assets/mp3/sound_31.mp3 HTTP/1.1" 304 - "http://localhost:8080/egret-game/index.html" "Mozilla/5.0 (Windows NT 10.0; Win64; x64) AppleWebKit/537.36 (KHTML, like Gecko) Chrome/76.0.3809.132 Safari/537.36"
[2019-09-10T17:15:32.053] [INFO] normal - ::1 - - "GET /egret-game/resource/assets/mp3/sound_17.mp3 HTTP/1.1" 304 - "http://localhost:8080/egret-game/index.html" "Mozilla/5.0 (Windows NT 10.0; Win64; x64) AppleWebKit/537.36 (KHTML, like Gecko) Chrome/76.0.3809.132 Safari/537.36"
[2019-09-10T17:15:32.060] [INFO] normal - ::1 - - "GET /egret-game/resource/assets/mp3/sound_16.mp3 HTTP/1.1" 304 - "http://localhost:8080/egret-game/index.html" "Mozilla/5.0 (Windows NT 10.0; Win64; x64) AppleWebKit/537.36 (KHTML, like Gecko) Chrome/76.0.3809.132 Safari/537.36"
[2019-09-10T17:15:32.067] [INFO] normal - ::1 - - "GET /egret-game/resource/assets/mp3/sound_15.mp3 HTTP/1.1" 304 - "http://localhost:8080/egret-game/index.html" "Mozilla/5.0 (Windows NT 10.0; Win64; x64) AppleWebKit/537.36 (KHTML, like Gecko) Chrome/76.0.3809.132 Safari/537.36"
[2019-09-10T17:15:32.076] [INFO] normal - ::1 - - "GET /egret-game/resource/assets/mp3/sound_14.mp3 HTTP/1.1" 304 - "http://localhost:8080/egret-game/index.html" "Mozilla/5.0 (Windows NT 10.0; Win64; x64) AppleWebKit/537.36 (KHTML, like Gecko) Chrome/76.0.3809.132 Safari/537.36"
[2019-09-10T17:15:32.083] [INFO] normal - ::1 - - "GET /egret-game/resource/assets/mp3/sound_13.mp3 HTTP/1.1" 304 - "http://localhost:8080/egret-game/index.html" "Mozilla/5.0 (Windows NT 10.0; Win64; x64) AppleWebKit/537.36 (KHTML, like Gecko) Chrome/76.0.3809.132 Safari/537.36"
[2019-09-10T17:15:32.090] [INFO] normal - ::1 - - "GET /egret-game/resource/assets/mp3/sound_12.mp3 HTTP/1.1" 304 - "http://localhost:8080/egret-game/index.html" "Mozilla/5.0 (Windows NT 10.0; Win64; x64) AppleWebKit/537.36 (KHTML, like Gecko) Chrome/76.0.3809.132 Safari/537.36"
[2019-09-10T17:15:32.098] [INFO] normal - ::1 - - "GET /egret-game/resource/assets/mp3/sound_11.mp3 HTTP/1.1" 304 - "http://localhost:8080/egret-game/index.html" "Mozilla/5.0 (Windows NT 10.0; Win64; x64) AppleWebKit/537.36 (KHTML, like Gecko) Chrome/76.0.3809.132 Safari/537.36"
[2019-09-10T17:15:32.106] [INFO] normal - ::1 - - "GET /egret-game/resource/assets/mp3/sound_7.mp3 HTTP/1.1" 304 - "http://localhost:8080/egret-game/index.html" "Mozilla/5.0 (Windows NT 10.0; Win64; x64) AppleWebKit/537.36 (KHTML, like Gecko) Chrome/76.0.3809.132 Safari/537.36"
[2019-09-10T17:15:32.114] [INFO] normal - ::1 - - "GET /egret-game/resource/assets/mp3/sound_6.mp3 HTTP/1.1" 304 - "http://localhost:8080/egret-game/index.html" "Mozilla/5.0 (Windows NT 10.0; Win64; x64) AppleWebKit/537.36 (KHTML, like Gecko) Chrome/76.0.3809.132 Safari/537.36"
[2019-09-10T17:15:32.122] [INFO] normal - ::1 - - "GET /egret-game/resource/assets/mp3/sound_5.mp3 HTTP/1.1" 304 - "http://localhost:8080/egret-game/index.html" "Mozilla/5.0 (Windows NT 10.0; Win64; x64) AppleWebKit/537.36 (KHTML, like Gecko) Chrome/76.0.3809.132 Safari/537.36"
[2019-09-10T17:15:32.130] [INFO] normal - ::1 - - "GET /egret-game/resource/assets/mp3/sound_4.mp3 HTTP/1.1" 304 - "http://localhost:8080/egret-game/index.html" "Mozilla/5.0 (Windows NT 10.0; Win64; x64) AppleWebKit/537.36 (KHTML, like Gecko) Chrome/76.0.3809.132 Safari/537.36"
[2019-09-10T17:15:40.110] [INFO] normal - ::1 - - "GET /egret-game/resource/assets/images/level1.png HTTP/1.1" 304 - "http://localhost:8080/egret-game/index.html" "Mozilla/5.0 (Windows NT 10.0; Win64; x64) AppleWebKit/537.36 (KHTML, like Gecko) Chrome/76.0.3809.132 Safari/537.36"
[2019-09-10T17:15:42.481] [INFO] normal - ::1 - - "GET /egret-game/index.html HTTP/1.1" 304 - "" "Mozilla/5.0 (Windows NT 10.0; Win64; x64) AppleWebKit/537.36 (KHTML, like Gecko) Chrome/76.0.3809.132 Safari/537.36"
[2019-09-10T17:15:42.495] [INFO] normal - ::1 - - "GET /egret-game/js/g.js?v1.3 HTTP/1.1" 304 - "http://localhost:8080/egret-game/index.html" "Mozilla/5.0 (Windows NT 10.0; Win64; x64) AppleWebKit/537.36 (KHTML, like Gecko) Chrome/76.0.3809.132 Safari/537.36"
[2019-09-10T17:15:42.495] [INFO] normal - ::1 - - "GET /egret-game/js/meiriq_game.js?v1.3 HTTP/1.1" 304 - "http://localhost:8080/egret-game/index.html" "Mozilla/5.0 (Windows NT 10.0; Win64; x64) AppleWebKit/537.36 (KHTML, like Gecko) Chrome/76.0.3809.132 Safari/537.36"
[2019-09-10T17:15:42.571] [INFO] normal - ::1 - - "GET /egret-game/resource/assets/images/bg.png HTTP/1.1" 304 - "http://localhost:8080/egret-game/index.html" "Mozilla/5.0 (Windows NT 10.0; Win64; x64) AppleWebKit/537.36 (KHTML, like Gecko) Chrome/76.0.3809.132 Safari/537.36"
[2019-09-10T17:15:42.575] [INFO] normal - ::1 - - "GET /egret-game/resource/assets/images/note.png HTTP/1.1" 304 - "http://localhost:8080/egret-game/index.html" "Mozilla/5.0 (Windows NT 10.0; Win64; x64) AppleWebKit/537.36 (KHTML, like Gecko) Chrome/76.0.3809.132 Safari/537.36"
[2019-09-10T17:15:42.579] [INFO] normal - ::1 - - "GET /egret-game/resource/assets/images/num_sheet.json HTTP/1.1" 304 - "http://localhost:8080/egret-game/index.html" "Mozilla/5.0 (Windows NT 10.0; Win64; x64) AppleWebKit/537.36 (KHTML, like Gecko) Chrome/76.0.3809.132 Safari/537.36"
[2019-09-10T17:15:42.583] [INFO] normal - ::1 - - "GET /egret-game/resource/assets/images/num_sheet.png HTTP/1.1" 304 - "http://localhost:8080/egret-game/index.html" "Mozilla/5.0 (Windows NT 10.0; Win64; x64) AppleWebKit/537.36 (KHTML, like Gecko) Chrome/76.0.3809.132 Safari/537.36"
[2019-09-10T17:15:42.588] [INFO] normal - ::1 - - "GET /egret-game/resource/assets/images/game_sheet.json HTTP/1.1" 304 - "http://localhost:8080/egret-game/index.html" "Mozilla/5.0 (Windows NT 10.0; Win64; x64) AppleWebKit/537.36 (KHTML, like Gecko) Chrome/76.0.3809.132 Safari/537.36"
[2019-09-10T17:15:42.591] [INFO] normal - ::1 - - "GET /egret-game/resource/assets/images/game_sheet.png HTTP/1.1" 304 - "http://localhost:8080/egret-game/index.html" "Mozilla/5.0 (Windows NT 10.0; Win64; x64) AppleWebKit/537.36 (KHTML, like Gecko) Chrome/76.0.3809.132 Safari/537.36"
[2019-09-10T17:15:42.597] [INFO] normal - ::1 - - "GET /egret-game/resource/assets/mp3/sound_1.mp3 HTTP/1.1" 304 - "http://localhost:8080/egret-game/index.html" "Mozilla/5.0 (Windows NT 10.0; Win64; x64) AppleWebKit/537.36 (KHTML, like Gecko) Chrome/76.0.3809.132 Safari/537.36"
[2019-09-10T17:15:42.605] [INFO] normal - ::1 - - "GET /egret-game/resource/assets/mp3/sound_25.mp3 HTTP/1.1" 304 - "http://localhost:8080/egret-game/index.html" "Mozilla/5.0 (Windows NT 10.0; Win64; x64) AppleWebKit/537.36 (KHTML, like Gecko) Chrome/76.0.3809.132 Safari/537.36"
[2019-09-10T17:15:42.612] [INFO] normal - ::1 - - "GET /egret-game/resource/assets/mp3/sound_21.mp3 HTTP/1.1" 304 - "http://localhost:8080/egret-game/index.html" "Mozilla/5.0 (Windows NT 10.0; Win64; x64) AppleWebKit/537.36 (KHTML, like Gecko) Chrome/76.0.3809.132 Safari/537.36"
[2019-09-10T17:15:42.623] [INFO] normal - ::1 - - "GET /egret-game/resource/assets/mp3/sound_22.mp3 HTTP/1.1" 304 - "http://localhost:8080/egret-game/index.html" "Mozilla/5.0 (Windows NT 10.0; Win64; x64) AppleWebKit/537.36 (KHTML, like Gecko) Chrome/76.0.3809.132 Safari/537.36"
[2019-09-10T17:15:42.633] [INFO] normal - ::1 - - "GET /egret-game/resource/assets/mp3/sound_23.mp3 HTTP/1.1" 304 - "http://localhost:8080/egret-game/index.html" "Mozilla/5.0 (Windows NT 10.0; Win64; x64) AppleWebKit/537.36 (KHTML, like Gecko) Chrome/76.0.3809.132 Safari/537.36"
[2019-09-10T17:15:42.641] [INFO] normal - ::1 - - "GET /egret-game/resource/assets/mp3/sound_24.mp3 HTTP/1.1" 304 - "http://localhost:8080/egret-game/index.html" "Mozilla/5.0 (Windows NT 10.0; Win64; x64) AppleWebKit/537.36 (KHTML, like Gecko) Chrome/76.0.3809.132 Safari/537.36"
[2019-09-10T17:15:42.648] [INFO] normal - ::1 - - "GET /egret-game/resource/assets/mp3/sound_26.mp3 HTTP/1.1" 304 - "http://localhost:8080/egret-game/index.html" "Mozilla/5.0 (Windows NT 10.0; Win64; x64) AppleWebKit/537.36 (KHTML, like Gecko) Chrome/76.0.3809.132 Safari/537.36"
[2019-09-10T17:15:42.656] [INFO] normal - ::1 - - "GET /egret-game/resource/assets/mp3/sound_27.mp3 HTTP/1.1" 304 - "http://localhost:8080/egret-game/index.html" "Mozilla/5.0 (Windows NT 10.0; Win64; x64) AppleWebKit/537.36 (KHTML, like Gecko) Chrome/76.0.3809.132 Safari/537.36"
[2019-09-10T17:15:42.665] [INFO] normal - ::1 - - "GET /egret-game/resource/assets/mp3/sound_31.mp3 HTTP/1.1" 304 - "http://localhost:8080/egret-game/index.html" "Mozilla/5.0 (Windows NT 10.0; Win64; x64) AppleWebKit/537.36 (KHTML, like Gecko) Chrome/76.0.3809.132 Safari/537.36"
[2019-09-10T17:15:42.672] [INFO] normal - ::1 - - "GET /egret-game/resource/assets/mp3/sound_17.mp3 HTTP/1.1" 304 - "http://localhost:8080/egret-game/index.html" "Mozilla/5.0 (Windows NT 10.0; Win64; x64) AppleWebKit/537.36 (KHTML, like Gecko) Chrome/76.0.3809.132 Safari/537.36"
[2019-09-10T17:15:42.679] [INFO] normal - ::1 - - "GET /egret-game/resource/assets/mp3/sound_16.mp3 HTTP/1.1" 304 - "http://localhost:8080/egret-game/index.html" "Mozilla/5.0 (Windows NT 10.0; Win64; x64) AppleWebKit/537.36 (KHTML, like Gecko) Chrome/76.0.3809.132 Safari/537.36"
[2019-09-10T17:15:42.686] [INFO] normal - ::1 - - "GET /egret-game/resource/assets/mp3/sound_15.mp3 HTTP/1.1" 304 - "http://localhost:8080/egret-game/index.html" "Mozilla/5.0 (Windows NT 10.0; Win64; x64) AppleWebKit/537.36 (KHTML, like Gecko) Chrome/76.0.3809.132 Safari/537.36"
[2019-09-10T17:15:42.694] [INFO] normal - ::1 - - "GET /egret-game/resource/assets/mp3/sound_14.mp3 HTTP/1.1" 304 - "http://localhost:8080/egret-game/index.html" "Mozilla/5.0 (Windows NT 10.0; Win64; x64) AppleWebKit/537.36 (KHTML, like Gecko) Chrome/76.0.3809.132 Safari/537.36"
[2019-09-10T17:15:42.701] [INFO] normal - ::1 - - "GET /egret-game/resource/assets/mp3/sound_13.mp3 HTTP/1.1" 304 - "http://localhost:8080/egret-game/index.html" "Mozilla/5.0 (Windows NT 10.0; Win64; x64) AppleWebKit/537.36 (KHTML, like Gecko) Chrome/76.0.3809.132 Safari/537.36"
[2019-09-10T17:15:42.709] [INFO] normal - ::1 - - "GET /egret-game/resource/assets/mp3/sound_12.mp3 HTTP/1.1" 304 - "http://localhost:8080/egret-game/index.html" "Mozilla/5.0 (Windows NT 10.0; Win64; x64) AppleWebKit/537.36 (KHTML, like Gecko) Chrome/76.0.3809.132 Safari/537.36"
[2019-09-10T17:15:42.715] [INFO] normal - ::1 - - "GET /egret-game/resource/assets/mp3/sound_11.mp3 HTTP/1.1" 304 - "http://localhost:8080/egret-game/index.html" "Mozilla/5.0 (Windows NT 10.0; Win64; x64) AppleWebKit/537.36 (KHTML, like Gecko) Chrome/76.0.3809.132 Safari/537.36"
[2019-09-10T17:15:42.723] [INFO] normal - ::1 - - "GET /egret-game/resource/assets/mp3/sound_7.mp3 HTTP/1.1" 304 - "http://localhost:8080/egret-game/index.html" "Mozilla/5.0 (Windows NT 10.0; Win64; x64) AppleWebKit/537.36 (KHTML, like Gecko) Chrome/76.0.3809.132 Safari/537.36"
[2019-09-10T17:15:42.730] [INFO] normal - ::1 - - "GET /egret-game/resource/assets/mp3/sound_6.mp3 HTTP/1.1" 304 - "http://localhost:8080/egret-game/index.html" "Mozilla/5.0 (Windows NT 10.0; Win64; x64) AppleWebKit/537.36 (KHTML, like Gecko) Chrome/76.0.3809.132 Safari/537.36"
[2019-09-10T17:15:42.738] [INFO] normal - ::1 - - "GET /egret-game/resource/assets/mp3/sound_5.mp3 HTTP/1.1" 304 - "http://localhost:8080/egret-game/index.html" "Mozilla/5.0 (Windows NT 10.0; Win64; x64) AppleWebKit/537.36 (KHTML, like Gecko) Chrome/76.0.3809.132 Safari/537.36"
[2019-09-10T17:15:42.745] [INFO] normal - ::1 - - "GET /egret-game/resource/assets/mp3/sound_4.mp3 HTTP/1.1" 304 - "http://localhost:8080/egret-game/index.html" "Mozilla/5.0 (Windows NT 10.0; Win64; x64) AppleWebKit/537.36 (KHTML, like Gecko) Chrome/76.0.3809.132 Safari/537.36"
[2019-09-10T17:16:23.672] [INFO] normal - ::1 - - "GET /egret-game/resource/assets/images/level1.png HTTP/1.1" 304 - "http://localhost:8080/egret-game/index.html" "Mozilla/5.0 (Windows NT 10.0; Win64; x64) AppleWebKit/537.36 (KHTML, like Gecko) Chrome/76.0.3809.132 Safari/537.36"
[2019-09-10T17:19:06.450] [INFO] normal - ::1 - - "GET /egret-game/index.html HTTP/1.1" 304 - "" "Mozilla/5.0 (Windows NT 10.0; Win64; x64) AppleWebKit/537.36 (KHTML, like Gecko) Chrome/76.0.3809.132 Safari/537.36"
[2019-09-10T17:19:06.463] [INFO] normal - ::1 - - "GET /egret-game/js/g.js?v1.3 HTTP/1.1" 304 - "http://localhost:8080/egret-game/index.html" "Mozilla/5.0 (Windows NT 10.0; Win64; x64) AppleWebKit/537.36 (KHTML, like Gecko) Chrome/76.0.3809.132 Safari/537.36"
[2019-09-10T17:19:06.464] [INFO] normal - ::1 - - "GET /egret-game/js/meiriq_game.js?v1.3 HTTP/1.1" 304 - "http://localhost:8080/egret-game/index.html" "Mozilla/5.0 (Windows NT 10.0; Win64; x64) AppleWebKit/537.36 (KHTML, like Gecko) Chrome/76.0.3809.132 Safari/537.36"
[2019-09-10T17:19:06.581] [INFO] normal - ::1 - - "GET /egret-game/resource/assets/images/bg.png HTTP/1.1" 304 - "http://localhost:8080/egret-game/index.html" "Mozilla/5.0 (Windows NT 10.0; Win64; x64) AppleWebKit/537.36 (KHTML, like Gecko) Chrome/76.0.3809.132 Safari/537.36"
[2019-09-10T17:19:06.586] [INFO] normal - ::1 - - "GET /egret-game/resource/assets/images/note.png HTTP/1.1" 304 - "http://localhost:8080/egret-game/index.html" "Mozilla/5.0 (Windows NT 10.0; Win64; x64) AppleWebKit/537.36 (KHTML, like Gecko) Chrome/76.0.3809.132 Safari/537.36"
[2019-09-10T17:19:06.591] [INFO] normal - ::1 - - "GET /egret-game/resource/assets/images/num_sheet.json HTTP/1.1" 304 - "http://localhost:8080/egret-game/index.html" "Mozilla/5.0 (Windows NT 10.0; Win64; x64) AppleWebKit/537.36 (KHTML, like Gecko) Chrome/76.0.3809.132 Safari/537.36"
[2019-09-10T17:19:06.594] [INFO] normal - ::1 - - "GET /egret-game/resource/assets/images/num_sheet.png HTTP/1.1" 304 - "http://localhost:8080/egret-game/index.html" "Mozilla/5.0 (Windows NT 10.0; Win64; x64) AppleWebKit/537.36 (KHTML, like Gecko) Chrome/76.0.3809.132 Safari/537.36"
[2019-09-10T17:19:06.598] [INFO] normal - ::1 - - "GET /egret-game/resource/assets/images/game_sheet.json HTTP/1.1" 304 - "http://localhost:8080/egret-game/index.html" "Mozilla/5.0 (Windows NT 10.0; Win64; x64) AppleWebKit/537.36 (KHTML, like Gecko) Chrome/76.0.3809.132 Safari/537.36"
[2019-09-10T17:19:06.602] [INFO] normal - ::1 - - "GET /egret-game/resource/assets/images/game_sheet.png HTTP/1.1" 304 - "http://localhost:8080/egret-game/index.html" "Mozilla/5.0 (Windows NT 10.0; Win64; x64) AppleWebKit/537.36 (KHTML, like Gecko) Chrome/76.0.3809.132 Safari/537.36"
[2019-09-10T17:19:06.607] [INFO] normal - ::1 - - "GET /egret-game/resource/assets/mp3/sound_1.mp3 HTTP/1.1" 304 - "http://localhost:8080/egret-game/index.html" "Mozilla/5.0 (Windows NT 10.0; Win64; x64) AppleWebKit/537.36 (KHTML, like Gecko) Chrome/76.0.3809.132 Safari/537.36"
[2019-09-10T17:19:06.614] [INFO] normal - ::1 - - "GET /egret-game/resource/assets/mp3/sound_25.mp3 HTTP/1.1" 304 - "http://localhost:8080/egret-game/index.html" "Mozilla/5.0 (Windows NT 10.0; Win64; x64) AppleWebKit/537.36 (KHTML, like Gecko) Chrome/76.0.3809.132 Safari/537.36"
[2019-09-10T17:19:06.622] [INFO] normal - ::1 - - "GET /egret-game/resource/assets/mp3/sound_21.mp3 HTTP/1.1" 304 - "http://localhost:8080/egret-game/index.html" "Mozilla/5.0 (Windows NT 10.0; Win64; x64) AppleWebKit/537.36 (KHTML, like Gecko) Chrome/76.0.3809.132 Safari/537.36"
[2019-09-10T17:19:06.629] [INFO] normal - ::1 - - "GET /egret-game/resource/assets/mp3/sound_22.mp3 HTTP/1.1" 304 - "http://localhost:8080/egret-game/index.html" "Mozilla/5.0 (Windows NT 10.0; Win64; x64) AppleWebKit/537.36 (KHTML, like Gecko) Chrome/76.0.3809.132 Safari/537.36"
[2019-09-10T17:19:06.637] [INFO] normal - ::1 - - "GET /egret-game/resource/assets/mp3/sound_23.mp3 HTTP/1.1" 304 - "http://localhost:8080/egret-game/index.html" "Mozilla/5.0 (Windows NT 10.0; Win64; x64) AppleWebKit/537.36 (KHTML, like Gecko) Chrome/76.0.3809.132 Safari/537.36"
[2019-09-10T17:19:06.644] [INFO] normal - ::1 - - "GET /egret-game/resource/assets/mp3/sound_24.mp3 HTTP/1.1" 304 - "http://localhost:8080/egret-game/index.html" "Mozilla/5.0 (Windows NT 10.0; Win64; x64) AppleWebKit/537.36 (KHTML, like Gecko) Chrome/76.0.3809.132 Safari/537.36"
[2019-09-10T17:19:06.652] [INFO] normal - ::1 - - "GET /egret-game/resource/assets/mp3/sound_26.mp3 HTTP/1.1" 304 - "http://localhost:8080/egret-game/index.html" "Mozilla/5.0 (Windows NT 10.0; Win64; x64) AppleWebKit/537.36 (KHTML, like Gecko) Chrome/76.0.3809.132 Safari/537.36"
[2019-09-10T17:19:06.660] [INFO] normal - ::1 - - "GET /egret-game/resource/assets/mp3/sound_27.mp3 HTTP/1.1" 304 - "http://localhost:8080/egret-game/index.html" "Mozilla/5.0 (Windows NT 10.0; Win64; x64) AppleWebKit/537.36 (KHTML, like Gecko) Chrome/76.0.3809.132 Safari/537.36"
[2019-09-10T17:19:06.667] [INFO] normal - ::1 - - "GET /egret-game/resource/assets/mp3/sound_31.mp3 HTTP/1.1" 304 - "http://localhost:8080/egret-game/index.html" "Mozilla/5.0 (Windows NT 10.0; Win64; x64) AppleWebKit/537.36 (KHTML, like Gecko) Chrome/76.0.3809.132 Safari/537.36"
[2019-09-10T17:19:06.674] [INFO] normal - ::1 - - "GET /egret-game/resource/assets/mp3/sound_17.mp3 HTTP/1.1" 304 - "http://localhost:8080/egret-game/index.html" "Mozilla/5.0 (Windows NT 10.0; Win64; x64) AppleWebKit/537.36 (KHTML, like Gecko) Chrome/76.0.3809.132 Safari/537.36"
[2019-09-10T17:19:06.682] [INFO] normal - ::1 - - "GET /egret-game/resource/assets/mp3/sound_16.mp3 HTTP/1.1" 304 - "http://localhost:8080/egret-game/index.html" "Mozilla/5.0 (Windows NT 10.0; Win64; x64) AppleWebKit/537.36 (KHTML, like Gecko) Chrome/76.0.3809.132 Safari/537.36"
[2019-09-10T17:19:06.690] [INFO] normal - ::1 - - "GET /egret-game/resource/assets/mp3/sound_15.mp3 HTTP/1.1" 304 - "http://localhost:8080/egret-game/index.html" "Mozilla/5.0 (Windows NT 10.0; Win64; x64) AppleWebKit/537.36 (KHTML, like Gecko) Chrome/76.0.3809.132 Safari/537.36"
[2019-09-10T17:19:06.698] [INFO] normal - ::1 - - "GET /egret-game/resource/assets/mp3/sound_14.mp3 HTTP/1.1" 304 - "http://localhost:8080/egret-game/index.html" "Mozilla/5.0 (Windows NT 10.0; Win64; x64) AppleWebKit/537.36 (KHTML, like Gecko) Chrome/76.0.3809.132 Safari/537.36"
[2019-09-10T17:19:06.705] [INFO] normal - ::1 - - "GET /egret-game/resource/assets/mp3/sound_13.mp3 HTTP/1.1" 304 - "http://localhost:8080/egret-game/index.html" "Mozilla/5.0 (Windows NT 10.0; Win64; x64) AppleWebKit/537.36 (KHTML, like Gecko) Chrome/76.0.3809.132 Safari/537.36"
[2019-09-10T17:19:06.712] [INFO] normal - ::1 - - "GET /egret-game/resource/assets/mp3/sound_12.mp3 HTTP/1.1" 304 - "http://localhost:8080/egret-game/index.html" "Mozilla/5.0 (Windows NT 10.0; Win64; x64) AppleWebKit/537.36 (KHTML, like Gecko) Chrome/76.0.3809.132 Safari/537.36"
[2019-09-10T17:19:06.720] [INFO] normal - ::1 - - "GET /egret-game/resource/assets/mp3/sound_11.mp3 HTTP/1.1" 304 - "http://localhost:8080/egret-game/index.html" "Mozilla/5.0 (Windows NT 10.0; Win64; x64) AppleWebKit/537.36 (KHTML, like Gecko) Chrome/76.0.3809.132 Safari/537.36"
[2019-09-10T17:19:06.728] [INFO] normal - ::1 - - "GET /egret-game/resource/assets/mp3/sound_7.mp3 HTTP/1.1" 304 - "http://localhost:8080/egret-game/index.html" "Mozilla/5.0 (Windows NT 10.0; Win64; x64) AppleWebKit/537.36 (KHTML, like Gecko) Chrome/76.0.3809.132 Safari/537.36"
[2019-09-10T17:19:06.735] [INFO] normal - ::1 - - "GET /egret-game/resource/assets/mp3/sound_6.mp3 HTTP/1.1" 304 - "http://localhost:8080/egret-game/index.html" "Mozilla/5.0 (Windows NT 10.0; Win64; x64) AppleWebKit/537.36 (KHTML, like Gecko) Chrome/76.0.3809.132 Safari/537.36"
[2019-09-10T17:19:06.743] [INFO] normal - ::1 - - "GET /egret-game/resource/assets/mp3/sound_5.mp3 HTTP/1.1" 304 - "http://localhost:8080/egret-game/index.html" "Mozilla/5.0 (Windows NT 10.0; Win64; x64) AppleWebKit/537.36 (KHTML, like Gecko) Chrome/76.0.3809.132 Safari/537.36"
[2019-09-10T17:19:06.750] [INFO] normal - ::1 - - "GET /egret-game/resource/assets/mp3/sound_4.mp3 HTTP/1.1" 304 - "http://localhost:8080/egret-game/index.html" "Mozilla/5.0 (Windows NT 10.0; Win64; x64) AppleWebKit/537.36 (KHTML, like Gecko) Chrome/76.0.3809.132 Safari/537.36"
