[2020-02-08T19:16:16.538] [INFO] normal - ::1 - - "GET /onetwosteps/3d/ HTTP/1.1" 200 6606 "" "Mozilla/5.0 (Windows NT 10.0; Win64; x64) AppleWebKit/537.36 (KHTML, like Gecko) Chrome/80.0.3987.87 Safari/537.36"
[2020-02-08T19:16:16.584] [INFO] normal - ::1 - - "GET /onetwosteps/3d/src/polyfills.bundle.js HTTP/1.1" 200 6368 "http://localhost:8080/onetwosteps/3d/" "Mozilla/5.0 (Windows NT 10.0; Win64; x64) AppleWebKit/537.36 (KHTML, like Gecko) Chrome/80.0.3987.87 Safari/537.36"
[2020-02-08T19:16:16.586] [INFO] normal - ::1 - - "GET /onetwosteps/3d/style.css HTTP/1.1" 200 2417 "http://localhost:8080/onetwosteps/3d/" "Mozilla/5.0 (Windows NT 10.0; Win64; x64) AppleWebKit/537.36 (KHTML, like Gecko) Chrome/80.0.3987.87 Safari/537.36"
[2020-02-08T19:16:16.587] [INFO] normal - ::1 - - "GET /onetwosteps/3d/src/system.bundle.js HTTP/1.1" 200 10499 "http://localhost:8080/onetwosteps/3d/" "Mozilla/5.0 (Windows NT 10.0; Win64; x64) AppleWebKit/537.36 (KHTML, like Gecko) Chrome/80.0.3987.87 Safari/537.36"
[2020-02-08T19:16:16.588] [INFO] normal - ::1 - - "GET /onetwosteps/3d/src/settings.js HTTP/1.1" 200 31558 "http://localhost:8080/onetwosteps/3d/" "Mozilla/5.0 (Windows NT 10.0; Win64; x64) AppleWebKit/537.36 (KHTML, like Gecko) Chrome/80.0.3987.87 Safari/537.36"
[2020-02-08T19:16:16.589] [INFO] normal - ::1 - - "GET /onetwosteps/3d/main.js HTTP/1.1" 200 8009 "http://localhost:8080/onetwosteps/3d/" "Mozilla/5.0 (Windows NT 10.0; Win64; x64) AppleWebKit/537.36 (KHTML, like Gecko) Chrome/80.0.3987.87 Safari/537.36"
[2020-02-08T19:16:16.601] [INFO] normal - ::1 - - "GET /onetwosteps/3d/src/project.js HTTP/1.1" 200 10977 "http://localhost:8080/onetwosteps/3d/" "Mozilla/5.0 (Windows NT 10.0; Win64; x64) AppleWebKit/537.36 (KHTML, like Gecko) Chrome/80.0.3987.87 Safari/537.36"
[2020-02-08T19:16:16.616] [INFO] normal - ::1 - - "GET /onetwosteps/3d/cocos3d-js.min.js HTTP/1.1" 200 1745350 "http://localhost:8080/onetwosteps/3d/" "Mozilla/5.0 (Windows NT 10.0; Win64; x64) AppleWebKit/537.36 (KHTML, like Gecko) Chrome/80.0.3987.87 Safari/537.36"
[2020-02-08T19:16:16.950] [INFO] normal - ::1 - - "GET /onetwosteps/3d/res/import/fd/fd8ec536-a354-4a17-9c74-4f3883c378c8.json HTTP/1.1" 200 1719 "http://localhost:8080/onetwosteps/3d/" "Mozilla/5.0 (Windows NT 10.0; Win64; x64) AppleWebKit/537.36 (KHTML, like Gecko) Chrome/80.0.3987.87 Safari/537.36"
[2020-02-08T19:16:16.995] [INFO] normal - ::1 - - "GET /favicon.ico HTTP/1.1" 404 150 "http://localhost:8080/onetwosteps/3d/" "Mozilla/5.0 (Windows NT 10.0; Win64; x64) AppleWebKit/537.36 (KHTML, like Gecko) Chrome/80.0.3987.87 Safari/537.36"
[2020-02-08T19:16:16.996] [INFO] normal - ::1 - - "GET /onetwosteps/3d/res/import/9d/9d9704d8-08b4-4917-ba47-9d778bc77ac6.json HTTP/1.1" 200 198 "http://localhost:8080/onetwosteps/3d/" "Mozilla/5.0 (Windows NT 10.0; Win64; x64) AppleWebKit/537.36 (KHTML, like Gecko) Chrome/80.0.3987.87 Safari/537.36"
[2020-02-08T19:16:17.003] [INFO] normal - ::1 - - "GET /onetwosteps/3d/res/import/31/31b152ff-f689-4082-a292-3eb5a0b33014.json HTTP/1.1" 200 6321 "http://localhost:8080/onetwosteps/3d/" "Mozilla/5.0 (Windows NT 10.0; Win64; x64) AppleWebKit/537.36 (KHTML, like Gecko) Chrome/80.0.3987.87 Safari/537.36"
[2020-02-08T19:16:19.963] [INFO] normal - ::1 - - "GET /onetwosteps/3d/res/import/0a/0a16262cb.json HTTP/1.1" 200 473736 "http://localhost:8080/onetwosteps/3d/" "Mozilla/5.0 (Windows NT 10.0; Win64; x64) AppleWebKit/537.36 (KHTML, like Gecko) Chrome/80.0.3987.87 Safari/537.36"
[2020-02-08T19:16:20.308] [INFO] normal - ::1 - - "GET /onetwosteps/3d/res/raw-assets/a0/a066660d-877e-44aa-9c94-317522431e29.mp3 HTTP/1.1" 200 5851 "http://localhost:8080/onetwosteps/3d/" "Mozilla/5.0 (Windows NT 10.0; Win64; x64) AppleWebKit/537.36 (KHTML, like Gecko) Chrome/80.0.3987.87 Safari/537.36"
[2020-02-08T19:16:20.309] [INFO] normal - ::1 - - "GET /onetwosteps/3d/res/import/0f/0f3de186a.json HTTP/1.1" 200 36267 "http://localhost:8080/onetwosteps/3d/" "Mozilla/5.0 (Windows NT 10.0; Win64; x64) AppleWebKit/537.36 (KHTML, like Gecko) Chrome/80.0.3987.87 Safari/537.36"
[2020-02-08T19:16:20.310] [INFO] normal - ::1 - - "GET /onetwosteps/3d/res/import/19/19819162-ce3f-4f7c-8889-8b2f35bf274c@6c48a.json HTTP/1.1" 200 102 "http://localhost:8080/onetwosteps/3d/" "Mozilla/5.0 (Windows NT 10.0; Win64; x64) AppleWebKit/537.36 (KHTML, like Gecko) Chrome/80.0.3987.87 Safari/537.36"
[2020-02-08T19:16:20.311] [INFO] normal - ::1 - - "GET /onetwosteps/3d/res/import/cd/cd618de5-59fc-4899-ba4f-55195f3e24ce@6c48a.json HTTP/1.1" 200 102 "http://localhost:8080/onetwosteps/3d/" "Mozilla/5.0 (Windows NT 10.0; Win64; x64) AppleWebKit/537.36 (KHTML, like Gecko) Chrome/80.0.3987.87 Safari/537.36"
[2020-02-08T19:16:20.311] [INFO] normal - ::1 - - "GET /onetwosteps/3d/res/import/89/8949c1f1-9b2b-418c-b150-611a94543416@6c48a.json HTTP/1.1" 200 102 "http://localhost:8080/onetwosteps/3d/" "Mozilla/5.0 (Windows NT 10.0; Win64; x64) AppleWebKit/537.36 (KHTML, like Gecko) Chrome/80.0.3987.87 Safari/537.36"
[2020-02-08T19:16:20.317] [INFO] normal - ::1 - - "GET /onetwosteps/3d/res/import/5f/5f4dd798-2ae6-4bbf-84b4-504bb6cceaed@6c48a.json HTTP/1.1" 200 102 "http://localhost:8080/onetwosteps/3d/" "Mozilla/5.0 (Windows NT 10.0; Win64; x64) AppleWebKit/537.36 (KHTML, like Gecko) Chrome/80.0.3987.87 Safari/537.36"
[2020-02-08T19:16:20.318] [INFO] normal - ::1 - - "GET /onetwosteps/3d/res/import/02/026c4a15-e07d-4053-86de-9f9fe30188e5@6c48a.json HTTP/1.1" 200 102 "http://localhost:8080/onetwosteps/3d/" "Mozilla/5.0 (Windows NT 10.0; Win64; x64) AppleWebKit/537.36 (KHTML, like Gecko) Chrome/80.0.3987.87 Safari/537.36"
[2020-02-08T19:16:20.320] [INFO] normal - ::1 - - "GET /onetwosteps/3d/res/import/3a/3af9be2f-93d2-41a0-b7b7-3cc03054b34a@6c48a.json HTTP/1.1" 200 102 "http://localhost:8080/onetwosteps/3d/" "Mozilla/5.0 (Windows NT 10.0; Win64; x64) AppleWebKit/537.36 (KHTML, like Gecko) Chrome/80.0.3987.87 Safari/537.36"
[2020-02-08T19:16:20.326] [INFO] normal - ::1 - - "GET /onetwosteps/3d/res/raw-assets/fb/fb9825a0-fd7f-48c5-b121-9af90f9f2011@72704.bin HTTP/1.1" 200 14704 "http://localhost:8080/onetwosteps/3d/" "Mozilla/5.0 (Windows NT 10.0; Win64; x64) AppleWebKit/537.36 (KHTML, like Gecko) Chrome/80.0.3987.87 Safari/537.36"
[2020-02-08T19:16:20.333] [INFO] normal - ::1 - - "GET /onetwosteps/3d/res/raw-assets/5b/5bee9f0c-9771-4e73-b0ea-0bbb6da67698@a865e.bin HTTP/1.1" 200 462886 "http://localhost:8080/onetwosteps/3d/" "Mozilla/5.0 (Windows NT 10.0; Win64; x64) AppleWebKit/537.36 (KHTML, like Gecko) Chrome/80.0.3987.87 Safari/537.36"
[2020-02-08T19:16:20.337] [INFO] normal - ::1 - - "GET /onetwosteps/3d/res/raw-assets/44/445d5d9d-c56b-4528-bc90-c847357e5d94@ab65f.bin HTTP/1.1" 200 208208 "http://localhost:8080/onetwosteps/3d/" "Mozilla/5.0 (Windows NT 10.0; Win64; x64) AppleWebKit/537.36 (KHTML, like Gecko) Chrome/80.0.3987.87 Safari/537.36"
[2020-02-08T19:16:20.340] [INFO] normal - ::1 - - "GET /onetwosteps/3d/res/raw-assets/a8/a873a742-b503-4a96-8570-6fe542697035@57e42.bin HTTP/1.1" 200 93808 "http://localhost:8080/onetwosteps/3d/" "Mozilla/5.0 (Windows NT 10.0; Win64; x64) AppleWebKit/537.36 (KHTML, like Gecko) Chrome/80.0.3987.87 Safari/537.36"
[2020-02-08T19:16:20.343] [INFO] normal - ::1 - - "GET /onetwosteps/3d/res/raw-assets/ca/caf172df-03b7-4c5a-8a53-93f3e4be5146@5ecd9.bin HTTP/1.1" 200 116688 "http://localhost:8080/onetwosteps/3d/" "Mozilla/5.0 (Windows NT 10.0; Win64; x64) AppleWebKit/537.36 (KHTML, like Gecko) Chrome/80.0.3987.87 Safari/537.36"
[2020-02-08T19:16:20.346] [INFO] normal - ::1 - - "GET /onetwosteps/3d/res/raw-assets/27/27ac412c-9efa-4ead-8e2c-fe6533c7878f@96245.bin HTTP/1.1" 200 183040 "http://localhost:8080/onetwosteps/3d/" "Mozilla/5.0 (Windows NT 10.0; Win64; x64) AppleWebKit/537.36 (KHTML, like Gecko) Chrome/80.0.3987.87 Safari/537.36"
[2020-02-08T19:16:20.351] [INFO] normal - ::1 - - "GET /onetwosteps/3d/res/raw-assets/50/501da3c5-f2d8-45f7-bc04-5130d58811ff@cd579.bin HTTP/1.1" 200 116688 "http://localhost:8080/onetwosteps/3d/" "Mozilla/5.0 (Windows NT 10.0; Win64; x64) AppleWebKit/537.36 (KHTML, like Gecko) Chrome/80.0.3987.87 Safari/537.36"
[2020-02-08T19:16:20.354] [INFO] normal - ::1 - - "GET /onetwosteps/3d/res/raw-assets/50/50735e20-7211-4e9c-b676-4d648cdc0cbb@b6423.bin HTTP/1.1" 200 57200 "http://localhost:8080/onetwosteps/3d/" "Mozilla/5.0 (Windows NT 10.0; Win64; x64) AppleWebKit/537.36 (KHTML, like Gecko) Chrome/80.0.3987.87 Safari/537.36"
[2020-02-08T19:16:20.359] [INFO] normal - ::1 - - "GET /onetwosteps/3d/res/raw-assets/1c/1cf73293-3e10-49c1-bfa1-59daaadbd18b@b452c.bin HTTP/1.1" 200 91520 "http://localhost:8080/onetwosteps/3d/" "Mozilla/5.0 (Windows NT 10.0; Win64; x64) AppleWebKit/537.36 (KHTML, like Gecko) Chrome/80.0.3987.87 Safari/537.36"
[2020-02-08T19:16:20.369] [INFO] normal - ::1 - - "GET /onetwosteps/3d/res/import/0e/0e6120a38.json HTTP/1.1" 200 7036 "http://localhost:8080/onetwosteps/3d/" "Mozilla/5.0 (Windows NT 10.0; Win64; x64) AppleWebKit/537.36 (KHTML, like Gecko) Chrome/80.0.3987.87 Safari/537.36"
[2020-02-08T19:16:20.370] [INFO] normal - ::1 - - "GET /onetwosteps/3d/res/raw-assets/12/1263d74c-8167-4928-91a6-4e2672411f47@801ec.bin HTTP/1.1" 200 81588 "http://localhost:8080/onetwosteps/3d/" "Mozilla/5.0 (Windows NT 10.0; Win64; x64) AppleWebKit/537.36 (KHTML, like Gecko) Chrome/80.0.3987.87 Safari/537.36"
[2020-02-08T19:16:20.371] [INFO] normal - ::1 - - "GET /onetwosteps/3d/res/raw-assets/b1/b1cb32e6-c8c9-40c9-9d52-119dae416b32@0a7b5.bin HTTP/1.1" 200 75504 "http://localhost:8080/onetwosteps/3d/" "Mozilla/5.0 (Windows NT 10.0; Win64; x64) AppleWebKit/537.36 (KHTML, like Gecko) Chrome/80.0.3987.87 Safari/537.36"
[2020-02-08T19:16:20.375] [INFO] normal - ::1 - - "GET /onetwosteps/3d/res/raw-assets/30/3051e7cf-00ef-4e81-8ee4-3b204079bdf4.mp3 HTTP/1.1" 200 84680 "http://localhost:8080/onetwosteps/3d/" "Mozilla/5.0 (Windows NT 10.0; Win64; x64) AppleWebKit/537.36 (KHTML, like Gecko) Chrome/80.0.3987.87 Safari/537.36"
[2020-02-08T19:16:20.376] [INFO] normal - ::1 - - "GET /onetwosteps/3d/res/raw-assets/58/58c9fdbf-de49-4141-83fa-9ad83f78591c@b940a.bin HTTP/1.1" 200 130416 "http://localhost:8080/onetwosteps/3d/" "Mozilla/5.0 (Windows NT 10.0; Win64; x64) AppleWebKit/537.36 (KHTML, like Gecko) Chrome/80.0.3987.87 Safari/537.36"
[2020-02-08T19:16:20.378] [INFO] normal - ::1 - - "GET /onetwosteps/3d/res/raw-assets/bc/bc5cee2a-4b14-49b2-8bc4-4d1bc88fb641.png HTTP/1.1" 200 515348 "http://localhost:8080/onetwosteps/3d/" "Mozilla/5.0 (Windows NT 10.0; Win64; x64) AppleWebKit/537.36 (KHTML, like Gecko) Chrome/80.0.3987.87 Safari/537.36"
[2020-02-08T19:16:20.378] [INFO] normal - ::1 - - "GET /onetwosteps/3d/res/import/19/19819162-ce3f-4f7c-8889-8b2f35bf274c.json HTTP/1.1" 200 63 "http://localhost:8080/onetwosteps/3d/" "Mozilla/5.0 (Windows NT 10.0; Win64; x64) AppleWebKit/537.36 (KHTML, like Gecko) Chrome/80.0.3987.87 Safari/537.36"
[2020-02-08T19:16:20.383] [INFO] normal - ::1 - - "GET /onetwosteps/3d/res/import/89/8949c1f1-9b2b-418c-b150-611a94543416.json HTTP/1.1" 200 63 "http://localhost:8080/onetwosteps/3d/" "Mozilla/5.0 (Windows NT 10.0; Win64; x64) AppleWebKit/537.36 (KHTML, like Gecko) Chrome/80.0.3987.87 Safari/537.36"
[2020-02-08T19:16:20.383] [INFO] normal - ::1 - - "GET /onetwosteps/3d/res/import/cd/cd618de5-59fc-4899-ba4f-55195f3e24ce.json HTTP/1.1" 200 63 "http://localhost:8080/onetwosteps/3d/" "Mozilla/5.0 (Windows NT 10.0; Win64; x64) AppleWebKit/537.36 (KHTML, like Gecko) Chrome/80.0.3987.87 Safari/537.36"
[2020-02-08T19:16:20.384] [INFO] normal - ::1 - - "GET /onetwosteps/3d/res/import/3a/3af9be2f-93d2-41a0-b7b7-3cc03054b34a.json HTTP/1.1" 200 63 "http://localhost:8080/onetwosteps/3d/" "Mozilla/5.0 (Windows NT 10.0; Win64; x64) AppleWebKit/537.36 (KHTML, like Gecko) Chrome/80.0.3987.87 Safari/537.36"
[2020-02-08T19:16:20.387] [INFO] normal - ::1 - - "GET /onetwosteps/3d/res/import/02/026c4a15-e07d-4053-86de-9f9fe30188e5.json HTTP/1.1" 200 63 "http://localhost:8080/onetwosteps/3d/" "Mozilla/5.0 (Windows NT 10.0; Win64; x64) AppleWebKit/537.36 (KHTML, like Gecko) Chrome/80.0.3987.87 Safari/537.36"
[2020-02-08T19:16:20.387] [INFO] normal - ::1 - - "GET /onetwosteps/3d/res/import/5f/5f4dd798-2ae6-4bbf-84b4-504bb6cceaed.json HTTP/1.1" 200 63 "http://localhost:8080/onetwosteps/3d/" "Mozilla/5.0 (Windows NT 10.0; Win64; x64) AppleWebKit/537.36 (KHTML, like Gecko) Chrome/80.0.3987.87 Safari/537.36"
[2020-02-08T19:16:20.394] [INFO] normal - ::1 - - "GET /onetwosteps/3d/res/raw-assets/c3/c3e50b3f-b0df-44aa-8e27-584332d99eae.png HTTP/1.1" 200 326218 "http://localhost:8080/onetwosteps/3d/" "Mozilla/5.0 (Windows NT 10.0; Win64; x64) AppleWebKit/537.36 (KHTML, like Gecko) Chrome/80.0.3987.87 Safari/537.36"
[2020-02-08T19:16:20.395] [INFO] normal - ::1 - - "GET /onetwosteps/3d/res/raw-assets/60/602e1d74-54d4-4490-9916-defae90377df.png HTTP/1.1" 200 321648 "http://localhost:8080/onetwosteps/3d/" "Mozilla/5.0 (Windows NT 10.0; Win64; x64) AppleWebKit/537.36 (KHTML, like Gecko) Chrome/80.0.3987.87 Safari/537.36"
[2020-02-08T19:16:20.396] [INFO] normal - ::1 - - "GET /onetwosteps/3d/res/raw-assets/cc/cc79b383-55dc-42c6-b94c-eb06e33ce961.png HTTP/1.1" 200 559617 "http://localhost:8080/onetwosteps/3d/" "Mozilla/5.0 (Windows NT 10.0; Win64; x64) AppleWebKit/537.36 (KHTML, like Gecko) Chrome/80.0.3987.87 Safari/537.36"
[2020-02-08T19:16:20.402] [INFO] normal - ::1 - - "GET /onetwosteps/3d/res/raw-assets/12/1263d74c-8167-4928-91a6-4e2672411f47@a804a.bin HTTP/1.1" 200 1512 "http://localhost:8080/onetwosteps/3d/" "Mozilla/5.0 (Windows NT 10.0; Win64; x64) AppleWebKit/537.36 (KHTML, like Gecko) Chrome/80.0.3987.87 Safari/537.36"
[2020-02-08T19:16:20.426] [INFO] normal - ::1 - - "GET /onetwosteps/3d/res/raw-assets/7d/7d8f9b89-4fd1-4c9f-a3ab-38ec7cded7ca.png HTTP/1.1" 200 82 "http://localhost:8080/onetwosteps/3d/" "Mozilla/5.0 (Windows NT 10.0; Win64; x64) AppleWebKit/537.36 (KHTML, like Gecko) Chrome/80.0.3987.87 Safari/537.36"
[2020-02-08T19:16:20.426] [INFO] normal - ::1 - - "GET /onetwosteps/3d/res/raw-assets/19/19819162-ce3f-4f7c-8889-8b2f35bf274c.png HTTP/1.1" 200 569124 "http://localhost:8080/onetwosteps/3d/" "Mozilla/5.0 (Windows NT 10.0; Win64; x64) AppleWebKit/537.36 (KHTML, like Gecko) Chrome/80.0.3987.87 Safari/537.36"
[2020-02-08T19:16:20.429] [INFO] normal - ::1 - - "GET /onetwosteps/3d/res/raw-assets/20/20835ba4-6145-4fbc-a58a-051ce700aa3e.png HTTP/1.1" 200 1082 "http://localhost:8080/onetwosteps/3d/" "Mozilla/5.0 (Windows NT 10.0; Win64; x64) AppleWebKit/537.36 (KHTML, like Gecko) Chrome/80.0.3987.87 Safari/537.36"
[2020-02-08T19:16:20.430] [INFO] normal - ::1 - - "GET /onetwosteps/3d/res/raw-assets/54/544e49d6-3f05-4fa8-9a9e-091f98fc2ce8.png HTTP/1.1" 200 1114 "http://localhost:8080/onetwosteps/3d/" "Mozilla/5.0 (Windows NT 10.0; Win64; x64) AppleWebKit/537.36 (KHTML, like Gecko) Chrome/80.0.3987.87 Safari/537.36"
[2020-02-08T19:16:20.431] [INFO] normal - ::1 - - "GET /onetwosteps/3d/res/raw-assets/95/951249e0-9f16-456d-8b85-a6ca954da16b.png HTTP/1.1" 200 1050 "http://localhost:8080/onetwosteps/3d/" "Mozilla/5.0 (Windows NT 10.0; Win64; x64) AppleWebKit/537.36 (KHTML, like Gecko) Chrome/80.0.3987.87 Safari/537.36"
[2020-02-08T19:16:20.442] [INFO] normal - ::1 - - "GET /onetwosteps/3d/res/raw-assets/89/8949c1f1-9b2b-418c-b150-611a94543416.png HTTP/1.1" 200 6528 "http://localhost:8080/onetwosteps/3d/" "Mozilla/5.0 (Windows NT 10.0; Win64; x64) AppleWebKit/537.36 (KHTML, like Gecko) Chrome/80.0.3987.87 Safari/537.36"
[2020-02-08T19:16:20.443] [INFO] normal - ::1 - - "GET /onetwosteps/3d/res/raw-assets/cd/cd618de5-59fc-4899-ba4f-55195f3e24ce.png HTTP/1.1" 200 5358 "http://localhost:8080/onetwosteps/3d/" "Mozilla/5.0 (Windows NT 10.0; Win64; x64) AppleWebKit/537.36 (KHTML, like Gecko) Chrome/80.0.3987.87 Safari/537.36"
[2020-02-08T19:16:20.446] [INFO] normal - ::1 - - "GET /onetwosteps/3d/res/raw-assets/02/026c4a15-e07d-4053-86de-9f9fe30188e5.png HTTP/1.1" 200 6400 "http://localhost:8080/onetwosteps/3d/" "Mozilla/5.0 (Windows NT 10.0; Win64; x64) AppleWebKit/537.36 (KHTML, like Gecko) Chrome/80.0.3987.87 Safari/537.36"
[2020-02-08T19:16:20.450] [INFO] normal - ::1 - - "GET /onetwosteps/3d/res/raw-assets/5f/5f4dd798-2ae6-4bbf-84b4-504bb6cceaed.png HTTP/1.1" 200 569904 "http://localhost:8080/onetwosteps/3d/" "Mozilla/5.0 (Windows NT 10.0; Win64; x64) AppleWebKit/537.36 (KHTML, like Gecko) Chrome/80.0.3987.87 Safari/537.36"
[2020-02-08T19:16:20.452] [INFO] normal - ::1 - - "GET /onetwosteps/3d/res/raw-assets/3a/3af9be2f-93d2-41a0-b7b7-3cc03054b34a.png HTTP/1.1" 200 1192176 "http://localhost:8080/onetwosteps/3d/" "Mozilla/5.0 (Windows NT 10.0; Win64; x64) AppleWebKit/537.36 (KHTML, like Gecko) Chrome/80.0.3987.87 Safari/537.36"
