[2019-10-18T11:55:55.802] [INFO] normal - ::1 - - "GET /game.index.html HTTP/1.1" 404 154 "" "Mozilla/5.0 (Windows NT 10.0; Win64; x64) AppleWebKit/537.36 (KHTML, like Gecko) Chrome/77.0.3865.120 Safari/537.36"
[2019-10-18T11:56:04.573] [INFO] normal - ::1 - - "GET /game/index.html HTTP/1.1" 200 2693 "" "Mozilla/5.0 (Windows NT 10.0; Win64; x64) AppleWebKit/537.36 (KHTML, like Gecko) Chrome/77.0.3865.120 Safari/537.36"
[2019-10-18T11:56:04.585] [INFO] normal - ::1 - - "GET /game/src/settings.70a24.js HTTP/1.1" 200 4758 "http://localhost:8080/game/index.html" "Mozilla/5.0 (Windows NT 10.0; Win64; x64) AppleWebKit/537.36 (KHTML, like Gecko) Chrome/77.0.3865.120 Safari/537.36"
[2019-10-18T11:56:04.586] [INFO] normal - ::1 - - "GET /game/main.11263.js HTTP/1.1" 200 7456 "http://localhost:8080/game/index.html" "Mozilla/5.0 (Windows NT 10.0; Win64; x64) AppleWebKit/537.36 (KHTML, like Gecko) Chrome/77.0.3865.120 Safari/537.36"
[2019-10-18T11:56:04.591] [INFO] normal - ::1 - - "GET /game/style-mobile.6187c.css HTTP/1.1" 200 2823 "http://localhost:8080/game/index.html" "Mozilla/5.0 (Windows NT 10.0; Win64; x64) AppleWebKit/537.36 (KHTML, like Gecko) Chrome/77.0.3865.120 Safari/537.36"
[2019-10-18T11:56:04.599] [INFO] normal - ::1 - - "GET /game/splash.03ce1.png HTTP/1.1" 200 41484 "http://localhost:8080/game/style-mobile.6187c.css" "Mozilla/5.0 (Windows NT 10.0; Win64; x64) AppleWebKit/537.36 (KHTML, like Gecko) Chrome/77.0.3865.120 Safari/537.36"
[2019-10-18T11:56:04.608] [INFO] normal - ::1 - - "GET /game/cocos2d-js-min.e87f5.js HTTP/1.1" 200 1795741 "http://localhost:8080/game/index.html" "Mozilla/5.0 (Windows NT 10.0; Win64; x64) AppleWebKit/537.36 (KHTML, like Gecko) Chrome/77.0.3865.120 Safari/537.36"
[2019-10-18T11:56:04.814] [INFO] normal - ::1 - - "GET /game/src/project.afa52.js HTTP/1.1" 200 30738 "http://localhost:8080/game/index.html" "Mozilla/5.0 (Windows NT 10.0; Win64; x64) AppleWebKit/537.36 (KHTML, like Gecko) Chrome/77.0.3865.120 Safari/537.36"
[2019-10-18T11:56:04.827] [INFO] normal - ::1 - - "GET /favicon.ico HTTP/1.1" 404 150 "http://localhost:8080/game/index.html" "Mozilla/5.0 (Windows NT 10.0; Win64; x64) AppleWebKit/537.36 (KHTML, like Gecko) Chrome/77.0.3865.120 Safari/537.36"
[2019-10-18T11:56:04.863] [INFO] normal - ::1 - - "GET /game/res/import/43/430eccbf-bf2c-4e6e-8c0c-884bbb487f32.cd592.json HTTP/1.1" 200 9837 "http://localhost:8080/game/index.html" "Mozilla/5.0 (Windows NT 10.0; Win64; x64) AppleWebKit/537.36 (KHTML, like Gecko) Chrome/77.0.3865.120 Safari/537.36"
[2019-10-18T11:56:04.864] [INFO] normal - ::1 - - "GET /game/res/import/07/079499991.3e6bc.json HTTP/1.1" 200 10855 "http://localhost:8080/game/index.html" "Mozilla/5.0 (Windows NT 10.0; Win64; x64) AppleWebKit/537.36 (KHTML, like Gecko) Chrome/77.0.3865.120 Safari/537.36"
[2019-10-18T11:56:04.865] [INFO] normal - ::1 - - "GET /game/res/import/07/07ce7530a.9dbb3.json HTTP/1.1" 200 1434 "http://localhost:8080/game/index.html" "Mozilla/5.0 (Windows NT 10.0; Win64; x64) AppleWebKit/537.36 (KHTML, like Gecko) Chrome/77.0.3865.120 Safari/537.36"
[2019-10-18T11:56:04.868] [INFO] normal - ::1 - - "GET /game/res/import/0d/0d669730c.80827.json HTTP/1.1" 200 854 "http://localhost:8080/game/index.html" "Mozilla/5.0 (Windows NT 10.0; Win64; x64) AppleWebKit/537.36 (KHTML, like Gecko) Chrome/77.0.3865.120 Safari/537.36"
[2019-10-18T11:56:04.871] [INFO] normal - ::1 - - "GET /game/res/import/0e/0e467e87b.ad687.json HTTP/1.1" 200 2443 "http://localhost:8080/game/index.html" "Mozilla/5.0 (Windows NT 10.0; Win64; x64) AppleWebKit/537.36 (KHTML, like Gecko) Chrome/77.0.3865.120 Safari/537.36"
[2019-10-18T11:56:04.872] [INFO] normal - ::1 - - "GET /game/res/import/11/115286d1-2e10-49ee-aab4-341583f607e8.c6150.json HTTP/1.1" 200 10242 "http://localhost:8080/game/index.html" "Mozilla/5.0 (Windows NT 10.0; Win64; x64) AppleWebKit/537.36 (KHTML, like Gecko) Chrome/77.0.3865.120 Safari/537.36"
[2019-10-18T11:56:04.873] [INFO] normal - ::1 - - "GET /game/res/import/0e/0e4bc3b03.ac3f5.json HTTP/1.1" 200 2784 "http://localhost:8080/game/index.html" "Mozilla/5.0 (Windows NT 10.0; Win64; x64) AppleWebKit/537.36 (KHTML, like Gecko) Chrome/77.0.3865.120 Safari/537.36"
[2019-10-18T11:56:04.874] [INFO] normal - ::1 - - "GET /game/res/import/6c/6c5cf6e1-b044-4eac-9431-835644d57381.92d22.json HTTP/1.1" 200 2209 "http://localhost:8080/game/index.html" "Mozilla/5.0 (Windows NT 10.0; Win64; x64) AppleWebKit/537.36 (KHTML, like Gecko) Chrome/77.0.3865.120 Safari/537.36"
[2019-10-18T11:56:04.874] [INFO] normal - ::1 - - "GET /game/res/import/79/79eafaef-b7ef-45d9-9c3f-591dc836fc7a.725ed.json HTTP/1.1" 200 10722 "http://localhost:8080/game/index.html" "Mozilla/5.0 (Windows NT 10.0; Win64; x64) AppleWebKit/537.36 (KHTML, like Gecko) Chrome/77.0.3865.120 Safari/537.36"
[2019-10-18T11:56:04.875] [INFO] normal - ::1 - - "GET /game/res/import/ab/abc2cb62-7852-4525-a90d-d474487b88f2.349de.json HTTP/1.1" 200 26353 "http://localhost:8080/game/index.html" "Mozilla/5.0 (Windows NT 10.0; Win64; x64) AppleWebKit/537.36 (KHTML, like Gecko) Chrome/77.0.3865.120 Safari/537.36"
[2019-10-18T11:56:04.893] [INFO] normal - ::1 - - "GET /game/res/import/03/03d220860.a1a6a.json HTTP/1.1" 200 578 "http://localhost:8080/game/index.html" "Mozilla/5.0 (Windows NT 10.0; Win64; x64) AppleWebKit/537.36 (KHTML, like Gecko) Chrome/77.0.3865.120 Safari/537.36"
[2019-10-18T11:56:04.895] [INFO] normal - ::1 - - "GET /game/res/import/c4/c4480a0a-6ac5-443f-8b40-361a14257fc8.e13e9.json HTTP/1.1" 200 148 "http://localhost:8080/game/index.html" "Mozilla/5.0 (Windows NT 10.0; Win64; x64) AppleWebKit/537.36 (KHTML, like Gecko) Chrome/77.0.3865.120 Safari/537.36"
[2019-10-18T11:56:04.899] [INFO] normal - ::1 - - "GET /game/res/raw-assets/02/0275e94c-56a7-410f-bd1a-fc7483f7d14a.cea68.png HTTP/1.1" 200 82 "http://localhost:8080/game/index.html" "Mozilla/5.0 (Windows NT 10.0; Win64; x64) AppleWebKit/537.36 (KHTML, like Gecko) Chrome/77.0.3865.120 Safari/537.36"
[2019-10-18T11:56:04.909] [INFO] normal - ::1 - - "GET /game/res/import/0e/0eeb7720c.24c0a.json HTTP/1.1" 200 7445 "http://localhost:8080/game/index.html" "Mozilla/5.0 (Windows NT 10.0; Win64; x64) AppleWebKit/537.36 (KHTML, like Gecko) Chrome/77.0.3865.120 Safari/537.36"
[2019-10-18T11:56:04.925] [INFO] normal - ::1 - - "GET /game/res/raw-assets/99/99170b0b-d210-46f1-b213-7d9e3f23098a.d1118.png HTTP/1.1" 200 1177 "http://localhost:8080/game/index.html" "Mozilla/5.0 (Windows NT 10.0; Win64; x64) AppleWebKit/537.36 (KHTML, like Gecko) Chrome/77.0.3865.120 Safari/537.36"
[2019-10-18T11:56:04.925] [INFO] normal - ::1 - - "GET /game/res/raw-assets/56/567dcd80-8bf4-4535-8a5a-313f1caf078a.5f1d9.png HTTP/1.1" 200 1675 "http://localhost:8080/game/index.html" "Mozilla/5.0 (Windows NT 10.0; Win64; x64) AppleWebKit/537.36 (KHTML, like Gecko) Chrome/77.0.3865.120 Safari/537.36"
[2019-10-18T11:56:04.926] [INFO] normal - ::1 - - "GET /game/res/raw-assets/d0/d0a82d39-bede-46c4-b698-c81ff0dedfff.841f5.png HTTP/1.1" 200 1439 "http://localhost:8080/game/index.html" "Mozilla/5.0 (Windows NT 10.0; Win64; x64) AppleWebKit/537.36 (KHTML, like Gecko) Chrome/77.0.3865.120 Safari/537.36"
[2019-10-18T11:56:04.926] [INFO] normal - ::1 - - "GET /game/res/raw-assets/cf/cfef78f1-c8df-49b7-8ed0-4c953ace2621.a4b59.png HTTP/1.1" 200 1140 "http://localhost:8080/game/index.html" "Mozilla/5.0 (Windows NT 10.0; Win64; x64) AppleWebKit/537.36 (KHTML, like Gecko) Chrome/77.0.3865.120 Safari/537.36"
[2019-10-18T11:56:04.930] [INFO] normal - ::1 - - "GET /game/res/raw-assets/b2/b2687ac4-099e-403c-a192-ff477686f4f5.2bf0b.plist HTTP/1.1" 200 3479 "http://localhost:8080/game/index.html" "Mozilla/5.0 (Windows NT 10.0; Win64; x64) AppleWebKit/537.36 (KHTML, like Gecko) Chrome/77.0.3865.120 Safari/537.36"
[2019-10-18T11:56:04.948] [INFO] normal - ::1 - - "GET /game/res/import/0e/0e6179ad3.1d444.json HTTP/1.1" 200 118153 "http://localhost:8080/game/index.html" "Mozilla/5.0 (Windows NT 10.0; Win64; x64) AppleWebKit/537.36 (KHTML, like Gecko) Chrome/77.0.3865.120 Safari/537.36"
[2019-10-18T11:56:05.018] [INFO] normal - ::1 - - "GET /game/res/raw-assets/a1/a1ef2fc9-9c57-418a-8f69-6bed9a7a0e7f.220ec.bin HTTP/1.1" 200 5072 "http://localhost:8080/game/index.html" "Mozilla/5.0 (Windows NT 10.0; Win64; x64) AppleWebKit/537.36 (KHTML, like Gecko) Chrome/77.0.3865.120 Safari/537.36"
[2019-10-18T11:56:05.027] [INFO] normal - ::1 - - "GET /game/res/raw-assets/17/1772877e-0265-4916-bde7-305f27e65a72.0b9f1.bin HTTP/1.1" 200 451788 "http://localhost:8080/game/index.html" "Mozilla/5.0 (Windows NT 10.0; Win64; x64) AppleWebKit/537.36 (KHTML, like Gecko) Chrome/77.0.3865.120 Safari/537.36"
[2019-10-18T11:56:05.032] [INFO] normal - ::1 - - "GET /game/res/raw-assets/d0/d0ba946c-fdbd-4215-8e75-6d67bc6ff406.52e94.bin HTTP/1.1" 200 178984 "http://localhost:8080/game/index.html" "Mozilla/5.0 (Windows NT 10.0; Win64; x64) AppleWebKit/537.36 (KHTML, like Gecko) Chrome/77.0.3865.120 Safari/537.36"
[2019-10-18T11:56:05.033] [INFO] normal - ::1 - - "GET /game/res/raw-assets/3f/3fb6eb65-175d-4c5a-abe6-d4df0f04aedb.07b70.png HTTP/1.1" 200 549527 "http://localhost:8080/game/index.html" "Mozilla/5.0 (Windows NT 10.0; Win64; x64) AppleWebKit/537.36 (KHTML, like Gecko) Chrome/77.0.3865.120 Safari/537.36"
[2019-10-18T11:56:05.048] [INFO] normal - ::1 - - "GET /game/res/raw-assets/b2/b219013f-ccfc-4e95-b2e7-ad25ebe237b3.3c5d8.bin HTTP/1.1" 200 566220 "http://localhost:8080/game/index.html" "Mozilla/5.0 (Windows NT 10.0; Win64; x64) AppleWebKit/537.36 (KHTML, like Gecko) Chrome/77.0.3865.120 Safari/537.36"
[2019-10-18T11:56:05.055] [INFO] normal - ::1 - - "GET /game/res/raw-assets/44/444ed789-036a-4cc5-b3ff-243bf0dd4648.9d003.png HTTP/1.1" 200 4838581 "http://localhost:8080/game/index.html" "Mozilla/5.0 (Windows NT 10.0; Win64; x64) AppleWebKit/537.36 (KHTML, like Gecko) Chrome/77.0.3865.120 Safari/537.36"
[2019-10-18T11:56:05.110] [INFO] normal - ::1 - - "GET /game/res/raw-assets/e7/e7825835-330c-4d28-ac9b-f55543a71024.78f42.png HTTP/1.1" 200 5985470 "http://localhost:8080/game/index.html" "Mozilla/5.0 (Windows NT 10.0; Win64; x64) AppleWebKit/537.36 (KHTML, like Gecko) Chrome/77.0.3865.120 Safari/537.36"
[2019-10-18T11:57:43.984] [INFO] normal - ::1 - - "GET /egret-game/index.html HTTP/1.1" 200 4785 "" "Mozilla/5.0 (Windows NT 10.0; Win64; x64) AppleWebKit/537.36 (KHTML, like Gecko) Chrome/77.0.3865.120 Safari/537.36"
[2019-10-18T11:57:44.010] [INFO] normal - ::1 - - "GET /egret-game/manifest.json?v=0.055211366708016296 HTTP/1.1" 200 498 "http://localhost:8080/egret-game/index.html" "Mozilla/5.0 (Windows NT 10.0; Win64; x64) AppleWebKit/537.36 (KHTML, like Gecko) Chrome/77.0.3865.120 Safari/537.36"
[2019-10-18T11:57:44.017] [INFO] normal - ::1 - - "GET /egret-game/js/egret.web.min_2dd0bd72.js HTTP/1.1" 200 113158 "http://localhost:8080/egret-game/index.html" "Mozilla/5.0 (Windows NT 10.0; Win64; x64) AppleWebKit/537.36 (KHTML, like Gecko) Chrome/77.0.3865.120 Safari/537.36"
[2019-10-18T11:57:44.020] [INFO] normal - ::1 - - "GET /egret-game/js/egret.min_1f88eb98.js HTTP/1.1" 200 193874 "http://localhost:8080/egret-game/index.html" "Mozilla/5.0 (Windows NT 10.0; Win64; x64) AppleWebKit/537.36 (KHTML, like Gecko) Chrome/77.0.3865.120 Safari/537.36"
[2019-10-18T11:57:44.023] [INFO] normal - ::1 - - "GET /egret-game/js/assetsmanager.min_f2e50bd1.js HTTP/1.1" 200 26929 "http://localhost:8080/egret-game/index.html" "Mozilla/5.0 (Windows NT 10.0; Win64; x64) AppleWebKit/537.36 (KHTML, like Gecko) Chrome/77.0.3865.120 Safari/537.36"
[2019-10-18T11:57:44.024] [INFO] normal - ::1 - - "GET /egret-game/js/tween.min_6c5a88f9.js HTTP/1.1" 200 12481 "http://localhost:8080/egret-game/index.html" "Mozilla/5.0 (Windows NT 10.0; Win64; x64) AppleWebKit/537.36 (KHTML, like Gecko) Chrome/77.0.3865.120 Safari/537.36"
[2019-10-18T11:57:44.024] [INFO] normal - ::1 - - "GET /egret-game/js/eui.min_38a8c284.js HTTP/1.1" 200 210595 "http://localhost:8080/egret-game/index.html" "Mozilla/5.0 (Windows NT 10.0; Win64; x64) AppleWebKit/537.36 (KHTML, like Gecko) Chrome/77.0.3865.120 Safari/537.36"
[2019-10-18T11:57:44.025] [INFO] normal - ::1 - - "GET /egret-game/js/promise.min_83a6a5d.js HTTP/1.1" 200 6474 "http://localhost:8080/egret-game/index.html" "Mozilla/5.0 (Windows NT 10.0; Win64; x64) AppleWebKit/537.36 (KHTML, like Gecko) Chrome/77.0.3865.120 Safari/537.36"
[2019-10-18T11:57:44.025] [INFO] normal - ::1 - - "GET /egret-game/js/game.min_45aa06f6.js HTTP/1.1" 200 40360 "http://localhost:8080/egret-game/index.html" "Mozilla/5.0 (Windows NT 10.0; Win64; x64) AppleWebKit/537.36 (KHTML, like Gecko) Chrome/77.0.3865.120 Safari/537.36"
[2019-10-18T11:57:44.028] [INFO] normal - ::1 - - "GET /egret-game/js/dragonBones.min_6252b9c4.js HTTP/1.1" 200 258742 "http://localhost:8080/egret-game/index.html" "Mozilla/5.0 (Windows NT 10.0; Win64; x64) AppleWebKit/537.36 (KHTML, like Gecko) Chrome/77.0.3865.120 Safari/537.36"
[2019-10-18T11:57:44.031] [INFO] normal - ::1 - - "GET /egret-game/js/socket.min_8b4cb752.js HTTP/1.1" 200 4476 "http://localhost:8080/egret-game/index.html" "Mozilla/5.0 (Windows NT 10.0; Win64; x64) AppleWebKit/537.36 (KHTML, like Gecko) Chrome/77.0.3865.120 Safari/537.36"
[2019-10-18T11:57:44.033] [INFO] normal - ::1 - - "GET /egret-game/js/htsw_framework.min_6b847dcf.js HTTP/1.1" 200 116028 "http://localhost:8080/egret-game/index.html" "Mozilla/5.0 (Windows NT 10.0; Win64; x64) AppleWebKit/537.36 (KHTML, like Gecko) Chrome/77.0.3865.120 Safari/537.36"
[2019-10-18T11:57:44.036] [INFO] normal - ::1 - - "GET /egret-game/js/default.thm_fb85d5ca.js HTTP/1.1" 200 1218 "http://localhost:8080/egret-game/index.html" "Mozilla/5.0 (Windows NT 10.0; Win64; x64) AppleWebKit/537.36 (KHTML, like Gecko) Chrome/77.0.3865.120 Safari/537.36"
[2019-10-18T11:57:44.036] [INFO] normal - ::1 - - "GET /egret-game/js/TwoClass_Test.thm_f0a9930b.js HTTP/1.1" 200 25725 "http://localhost:8080/egret-game/index.html" "Mozilla/5.0 (Windows NT 10.0; Win64; x64) AppleWebKit/537.36 (KHTML, like Gecko) Chrome/77.0.3865.120 Safari/537.36"
[2019-10-18T11:57:44.037] [INFO] normal - ::1 - - "GET /egret-game/js/CoursewareModule.min_1429de80.js HTTP/1.1" 200 78910 "http://localhost:8080/egret-game/index.html" "Mozilla/5.0 (Windows NT 10.0; Win64; x64) AppleWebKit/537.36 (KHTML, like Gecko) Chrome/77.0.3865.120 Safari/537.36"
[2019-10-18T11:57:44.041] [INFO] normal - ::1 - - "GET /egret-game/js/main.min_1397432.js HTTP/1.1" 200 18761 "http://localhost:8080/egret-game/index.html" "Mozilla/5.0 (Windows NT 10.0; Win64; x64) AppleWebKit/537.36 (KHTML, like Gecko) Chrome/77.0.3865.120 Safari/537.36"
[2019-10-18T11:57:44.146] [INFO] normal - ::1 - - "GET /egret-game/resource/gamemain/default.res.json HTTP/1.1" 200 2525 "http://localhost:8080/egret-game/index.html" "Mozilla/5.0 (Windows NT 10.0; Win64; x64) AppleWebKit/537.36 (KHTML, like Gecko) Chrome/77.0.3865.120 Safari/537.36"
[2019-10-18T11:57:44.158] [INFO] normal - ::1 - - "GET /egret-game/resource/TwoClass_Test/TwoClass_Test.res.json HTTP/1.1" 200 3346 "http://localhost:8080/egret-game/index.html" "Mozilla/5.0 (Windows NT 10.0; Win64; x64) AppleWebKit/537.36 (KHTML, like Gecko) Chrome/77.0.3865.120 Safari/537.36"
[2019-10-18T11:57:44.203] [INFO] normal - ::1 - - "GET /egret-game/resource/TwoClass_Test/assets/TwoClass_Test_preload/TwoClass_Test.json HTTP/1.1" 200 1273 "http://localhost:8080/egret-game/index.html" "Mozilla/5.0 (Windows NT 10.0; Win64; x64) AppleWebKit/537.36 (KHTML, like Gecko) Chrome/77.0.3865.120 Safari/537.36"
[2019-10-18T11:57:44.204] [INFO] normal - ::1 - - "GET /egret-game/resource/gamemain/assets/preload/main_preload.json HTTP/1.1" 200 918 "http://localhost:8080/egret-game/index.html" "Mozilla/5.0 (Windows NT 10.0; Win64; x64) AppleWebKit/537.36 (KHTML, like Gecko) Chrome/77.0.3865.120 Safari/537.36"
[2019-10-18T11:57:44.204] [INFO] normal - ::1 - - "GET /egret-game/resource/TwoClass_Test/assets/TwoClass_Test_preload/TwoClass_Test_Preload_btn1.png HTTP/1.1" 200 3119 "http://localhost:8080/egret-game/index.html" "Mozilla/5.0 (Windows NT 10.0; Win64; x64) AppleWebKit/537.36 (KHTML, like Gecko) Chrome/77.0.3865.120 Safari/537.36"
[2019-10-18T11:57:44.208] [INFO] normal - ::1 - - "GET /egret-game/resource/gamemain/assets/preload/main_preload.png HTTP/1.1" 200 19264 "http://localhost:8080/egret-game/index.html" "Mozilla/5.0 (Windows NT 10.0; Win64; x64) AppleWebKit/537.36 (KHTML, like Gecko) Chrome/77.0.3865.120 Safari/537.36"
[2019-10-18T12:01:01.454] [INFO] normal - ::1 - - "GET /egret-game/index.html HTTP/1.1" 304 - "" "Mozilla/5.0 (Windows NT 10.0; Win64; x64) AppleWebKit/537.36 (KHTML, like Gecko) Chrome/77.0.3865.120 Safari/537.36"
[2019-10-18T12:01:01.472] [INFO] normal - ::1 - - "GET /egret-game/manifest.json?v=0.45877494171768674 HTTP/1.1" 200 498 "http://localhost:8080/egret-game/index.html" "Mozilla/5.0 (Windows NT 10.0; Win64; x64) AppleWebKit/537.36 (KHTML, like Gecko) Chrome/77.0.3865.120 Safari/537.36"
[2019-10-18T12:01:01.480] [INFO] normal - ::1 - - "GET /egret-game/js/egret.min_1f88eb98.js HTTP/1.1" 304 - "http://localhost:8080/egret-game/index.html" "Mozilla/5.0 (Windows NT 10.0; Win64; x64) AppleWebKit/537.36 (KHTML, like Gecko) Chrome/77.0.3865.120 Safari/537.36"
[2019-10-18T12:01:01.482] [INFO] normal - ::1 - - "GET /egret-game/js/egret.web.min_2dd0bd72.js HTTP/1.1" 304 - "http://localhost:8080/egret-game/index.html" "Mozilla/5.0 (Windows NT 10.0; Win64; x64) AppleWebKit/537.36 (KHTML, like Gecko) Chrome/77.0.3865.120 Safari/537.36"
[2019-10-18T12:01:01.484] [INFO] normal - ::1 - - "GET /egret-game/js/eui.min_38a8c284.js HTTP/1.1" 304 - "http://localhost:8080/egret-game/index.html" "Mozilla/5.0 (Windows NT 10.0; Win64; x64) AppleWebKit/537.36 (KHTML, like Gecko) Chrome/77.0.3865.120 Safari/537.36"
[2019-10-18T12:01:01.485] [INFO] normal - ::1 - - "GET /egret-game/js/assetsmanager.min_f2e50bd1.js HTTP/1.1" 304 - "http://localhost:8080/egret-game/index.html" "Mozilla/5.0 (Windows NT 10.0; Win64; x64) AppleWebKit/537.36 (KHTML, like Gecko) Chrome/77.0.3865.120 Safari/537.36"
[2019-10-18T12:01:01.491] [INFO] normal - ::1 - - "GET /egret-game/js/tween.min_6c5a88f9.js HTTP/1.1" 304 - "http://localhost:8080/egret-game/index.html" "Mozilla/5.0 (Windows NT 10.0; Win64; x64) AppleWebKit/537.36 (KHTML, like Gecko) Chrome/77.0.3865.120 Safari/537.36"
[2019-10-18T12:01:01.492] [INFO] normal - ::1 - - "GET /egret-game/js/game.min_45aa06f6.js HTTP/1.1" 304 - "http://localhost:8080/egret-game/index.html" "Mozilla/5.0 (Windows NT 10.0; Win64; x64) AppleWebKit/537.36 (KHTML, like Gecko) Chrome/77.0.3865.120 Safari/537.36"
[2019-10-18T12:01:01.493] [INFO] normal - ::1 - - "GET /egret-game/js/promise.min_83a6a5d.js HTTP/1.1" 304 - "http://localhost:8080/egret-game/index.html" "Mozilla/5.0 (Windows NT 10.0; Win64; x64) AppleWebKit/537.36 (KHTML, like Gecko) Chrome/77.0.3865.120 Safari/537.36"
[2019-10-18T12:01:01.494] [INFO] normal - ::1 - - "GET /egret-game/js/dragonBones.min_6252b9c4.js HTTP/1.1" 304 - "http://localhost:8080/egret-game/index.html" "Mozilla/5.0 (Windows NT 10.0; Win64; x64) AppleWebKit/537.36 (KHTML, like Gecko) Chrome/77.0.3865.120 Safari/537.36"
[2019-10-18T12:01:01.498] [INFO] normal - ::1 - - "GET /egret-game/js/default.thm_fb85d5ca.js HTTP/1.1" 304 - "http://localhost:8080/egret-game/index.html" "Mozilla/5.0 (Windows NT 10.0; Win64; x64) AppleWebKit/537.36 (KHTML, like Gecko) Chrome/77.0.3865.120 Safari/537.36"
[2019-10-18T12:01:01.499] [INFO] normal - ::1 - - "GET /egret-game/js/socket.min_8b4cb752.js HTTP/1.1" 304 - "http://localhost:8080/egret-game/index.html" "Mozilla/5.0 (Windows NT 10.0; Win64; x64) AppleWebKit/537.36 (KHTML, like Gecko) Chrome/77.0.3865.120 Safari/537.36"
[2019-10-18T12:01:01.500] [INFO] normal - ::1 - - "GET /egret-game/js/htsw_framework.min_6b847dcf.js HTTP/1.1" 304 - "http://localhost:8080/egret-game/index.html" "Mozilla/5.0 (Windows NT 10.0; Win64; x64) AppleWebKit/537.36 (KHTML, like Gecko) Chrome/77.0.3865.120 Safari/537.36"
[2019-10-18T12:01:01.501] [INFO] normal - ::1 - - "GET /egret-game/js/CoursewareModule.min_1429de80.js HTTP/1.1" 304 - "http://localhost:8080/egret-game/index.html" "Mozilla/5.0 (Windows NT 10.0; Win64; x64) AppleWebKit/537.36 (KHTML, like Gecko) Chrome/77.0.3865.120 Safari/537.36"
[2019-10-18T12:01:01.501] [INFO] normal - ::1 - - "GET /egret-game/js/TwoClass_Test.thm_f0a9930b.js HTTP/1.1" 304 - "http://localhost:8080/egret-game/index.html" "Mozilla/5.0 (Windows NT 10.0; Win64; x64) AppleWebKit/537.36 (KHTML, like Gecko) Chrome/77.0.3865.120 Safari/537.36"
[2019-10-18T12:01:01.502] [INFO] normal - ::1 - - "GET /egret-game/js/main.min_1397432.js HTTP/1.1" 304 - "http://localhost:8080/egret-game/index.html" "Mozilla/5.0 (Windows NT 10.0; Win64; x64) AppleWebKit/537.36 (KHTML, like Gecko) Chrome/77.0.3865.120 Safari/537.36"
[2019-10-18T12:01:01.635] [INFO] normal - ::1 - - "GET /egret-game/resource/gamemain/default.res.json HTTP/1.1" 304 - "http://localhost:8080/egret-game/index.html" "Mozilla/5.0 (Windows NT 10.0; Win64; x64) AppleWebKit/537.36 (KHTML, like Gecko) Chrome/77.0.3865.120 Safari/537.36"
[2019-10-18T12:01:01.648] [INFO] normal - ::1 - - "GET /egret-game/resource/TwoClass_Test/TwoClass_Test.res.json HTTP/1.1" 304 - "http://localhost:8080/egret-game/index.html" "Mozilla/5.0 (Windows NT 10.0; Win64; x64) AppleWebKit/537.36 (KHTML, like Gecko) Chrome/77.0.3865.120 Safari/537.36"
[2019-10-18T12:01:01.696] [INFO] normal - ::1 - - "GET /egret-game/resource/gamemain/assets/preload/main_preload.json HTTP/1.1" 304 - "http://localhost:8080/egret-game/index.html" "Mozilla/5.0 (Windows NT 10.0; Win64; x64) AppleWebKit/537.36 (KHTML, like Gecko) Chrome/77.0.3865.120 Safari/537.36"
[2019-10-18T12:01:01.698] [INFO] normal - ::1 - - "GET /egret-game/resource/TwoClass_Test/assets/TwoClass_Test_preload/TwoClass_Test.json HTTP/1.1" 304 - "http://localhost:8080/egret-game/index.html" "Mozilla/5.0 (Windows NT 10.0; Win64; x64) AppleWebKit/537.36 (KHTML, like Gecko) Chrome/77.0.3865.120 Safari/537.36"
[2019-10-18T12:01:01.699] [INFO] normal - ::1 - - "GET /egret-game/resource/TwoClass_Test/assets/TwoClass_Test_preload/TwoClass_Test_Preload_btn1.png HTTP/1.1" 304 - "http://localhost:8080/egret-game/index.html" "Mozilla/5.0 (Windows NT 10.0; Win64; x64) AppleWebKit/537.36 (KHTML, like Gecko) Chrome/77.0.3865.120 Safari/537.36"
[2019-10-18T12:01:01.705] [INFO] normal - ::1 - - "GET /egret-game/resource/gamemain/assets/preload/main_preload.png HTTP/1.1" 304 - "http://localhost:8080/egret-game/index.html" "Mozilla/5.0 (Windows NT 10.0; Win64; x64) AppleWebKit/537.36 (KHTML, like Gecko) Chrome/77.0.3865.120 Safari/537.36"
[2019-10-18T12:16:01.187] [INFO] normal - ::1 - - "GET /egret-game/index.html HTTP/1.1" 304 - "" "Mozilla/5.0 (Windows NT 10.0; Win64; x64) AppleWebKit/537.36 (KHTML, like Gecko) Chrome/77.0.3865.120 Safari/537.36"
[2019-10-18T12:16:01.202] [INFO] normal - ::1 - - "GET /egret-game/manifest.json?v=0.8297687143039241 HTTP/1.1" 200 498 "http://localhost:8080/egret-game/index.html" "Mozilla/5.0 (Windows NT 10.0; Win64; x64) AppleWebKit/537.36 (KHTML, like Gecko) Chrome/77.0.3865.120 Safari/537.36"
[2019-10-18T12:16:01.208] [INFO] normal - ::1 - - "GET /egret-game/js/egret.min_1f88eb98.js HTTP/1.1" 304 - "http://localhost:8080/egret-game/index.html" "Mozilla/5.0 (Windows NT 10.0; Win64; x64) AppleWebKit/537.36 (KHTML, like Gecko) Chrome/77.0.3865.120 Safari/537.36"
[2019-10-18T12:16:01.209] [INFO] normal - ::1 - - "GET /egret-game/js/egret.web.min_2dd0bd72.js HTTP/1.1" 304 - "http://localhost:8080/egret-game/index.html" "Mozilla/5.0 (Windows NT 10.0; Win64; x64) AppleWebKit/537.36 (KHTML, like Gecko) Chrome/77.0.3865.120 Safari/537.36"
[2019-10-18T12:16:01.211] [INFO] normal - ::1 - - "GET /egret-game/js/eui.min_38a8c284.js HTTP/1.1" 304 - "http://localhost:8080/egret-game/index.html" "Mozilla/5.0 (Windows NT 10.0; Win64; x64) AppleWebKit/537.36 (KHTML, like Gecko) Chrome/77.0.3865.120 Safari/537.36"
[2019-10-18T12:16:01.213] [INFO] normal - ::1 - - "GET /egret-game/js/assetsmanager.min_f2e50bd1.js HTTP/1.1" 304 - "http://localhost:8080/egret-game/index.html" "Mozilla/5.0 (Windows NT 10.0; Win64; x64) AppleWebKit/537.36 (KHTML, like Gecko) Chrome/77.0.3865.120 Safari/537.36"
[2019-10-18T12:16:01.213] [INFO] normal - ::1 - - "GET /egret-game/js/tween.min_6c5a88f9.js HTTP/1.1" 304 - "http://localhost:8080/egret-game/index.html" "Mozilla/5.0 (Windows NT 10.0; Win64; x64) AppleWebKit/537.36 (KHTML, like Gecko) Chrome/77.0.3865.120 Safari/537.36"
[2019-10-18T12:16:01.214] [INFO] normal - ::1 - - "GET /egret-game/js/game.min_45aa06f6.js HTTP/1.1" 304 - "http://localhost:8080/egret-game/index.html" "Mozilla/5.0 (Windows NT 10.0; Win64; x64) AppleWebKit/537.36 (KHTML, like Gecko) Chrome/77.0.3865.120 Safari/537.36"
[2019-10-18T12:16:01.217] [INFO] normal - ::1 - - "GET /egret-game/js/promise.min_83a6a5d.js HTTP/1.1" 304 - "http://localhost:8080/egret-game/index.html" "Mozilla/5.0 (Windows NT 10.0; Win64; x64) AppleWebKit/537.36 (KHTML, like Gecko) Chrome/77.0.3865.120 Safari/537.36"
[2019-10-18T12:16:01.218] [INFO] normal - ::1 - - "GET /egret-game/js/dragonBones.min_6252b9c4.js HTTP/1.1" 304 - "http://localhost:8080/egret-game/index.html" "Mozilla/5.0 (Windows NT 10.0; Win64; x64) AppleWebKit/537.36 (KHTML, like Gecko) Chrome/77.0.3865.120 Safari/537.36"
[2019-10-18T12:16:01.221] [INFO] normal - ::1 - - "GET /egret-game/js/socket.min_8b4cb752.js HTTP/1.1" 304 - "http://localhost:8080/egret-game/index.html" "Mozilla/5.0 (Windows NT 10.0; Win64; x64) AppleWebKit/537.36 (KHTML, like Gecko) Chrome/77.0.3865.120 Safari/537.36"
[2019-10-18T12:16:01.224] [INFO] normal - ::1 - - "GET /egret-game/js/htsw_framework.min_6b847dcf.js HTTP/1.1" 304 - "http://localhost:8080/egret-game/index.html" "Mozilla/5.0 (Windows NT 10.0; Win64; x64) AppleWebKit/537.36 (KHTML, like Gecko) Chrome/77.0.3865.120 Safari/537.36"
[2019-10-18T12:16:01.225] [INFO] normal - ::1 - - "GET /egret-game/js/CoursewareModule.min_1429de80.js HTTP/1.1" 304 - "http://localhost:8080/egret-game/index.html" "Mozilla/5.0 (Windows NT 10.0; Win64; x64) AppleWebKit/537.36 (KHTML, like Gecko) Chrome/77.0.3865.120 Safari/537.36"
[2019-10-18T12:16:01.225] [INFO] normal - ::1 - - "GET /egret-game/js/default.thm_fb85d5ca.js HTTP/1.1" 304 - "http://localhost:8080/egret-game/index.html" "Mozilla/5.0 (Windows NT 10.0; Win64; x64) AppleWebKit/537.36 (KHTML, like Gecko) Chrome/77.0.3865.120 Safari/537.36"
[2019-10-18T12:16:01.231] [INFO] normal - ::1 - - "GET /egret-game/js/TwoClass_Test.thm_f0a9930b.js HTTP/1.1" 304 - "http://localhost:8080/egret-game/index.html" "Mozilla/5.0 (Windows NT 10.0; Win64; x64) AppleWebKit/537.36 (KHTML, like Gecko) Chrome/77.0.3865.120 Safari/537.36"
[2019-10-18T12:16:01.234] [INFO] normal - ::1 - - "GET /egret-game/js/main.min_1397432.js HTTP/1.1" 304 - "http://localhost:8080/egret-game/index.html" "Mozilla/5.0 (Windows NT 10.0; Win64; x64) AppleWebKit/537.36 (KHTML, like Gecko) Chrome/77.0.3865.120 Safari/537.36"
[2019-10-18T12:16:01.364] [INFO] normal - ::1 - - "GET /egret-game/resource/gamemain/default.res.json HTTP/1.1" 304 - "http://localhost:8080/egret-game/index.html" "Mozilla/5.0 (Windows NT 10.0; Win64; x64) AppleWebKit/537.36 (KHTML, like Gecko) Chrome/77.0.3865.120 Safari/537.36"
[2019-10-18T12:16:01.374] [INFO] normal - ::1 - - "GET /egret-game/resource/TwoClass_Test/TwoClass_Test.res.json HTTP/1.1" 304 - "http://localhost:8080/egret-game/index.html" "Mozilla/5.0 (Windows NT 10.0; Win64; x64) AppleWebKit/537.36 (KHTML, like Gecko) Chrome/77.0.3865.120 Safari/537.36"
[2019-10-18T12:16:01.422] [INFO] normal - ::1 - - "GET /egret-game/resource/gamemain/assets/preload/main_preload.json HTTP/1.1" 304 - "http://localhost:8080/egret-game/index.html" "Mozilla/5.0 (Windows NT 10.0; Win64; x64) AppleWebKit/537.36 (KHTML, like Gecko) Chrome/77.0.3865.120 Safari/537.36"
[2019-10-18T12:16:01.423] [INFO] normal - ::1 - - "GET /egret-game/resource/TwoClass_Test/assets/TwoClass_Test_preload/TwoClass_Test.json HTTP/1.1" 304 - "http://localhost:8080/egret-game/index.html" "Mozilla/5.0 (Windows NT 10.0; Win64; x64) AppleWebKit/537.36 (KHTML, like Gecko) Chrome/77.0.3865.120 Safari/537.36"
[2019-10-18T12:16:01.425] [INFO] normal - ::1 - - "GET /egret-game/resource/TwoClass_Test/assets/TwoClass_Test_preload/TwoClass_Test_Preload_btn1.png HTTP/1.1" 304 - "http://localhost:8080/egret-game/index.html" "Mozilla/5.0 (Windows NT 10.0; Win64; x64) AppleWebKit/537.36 (KHTML, like Gecko) Chrome/77.0.3865.120 Safari/537.36"
[2019-10-18T12:16:01.430] [INFO] normal - ::1 - - "GET /egret-game/resource/gamemain/assets/preload/main_preload.png HTTP/1.1" 304 - "http://localhost:8080/egret-game/index.html" "Mozilla/5.0 (Windows NT 10.0; Win64; x64) AppleWebKit/537.36 (KHTML, like Gecko) Chrome/77.0.3865.120 Safari/537.36"
[2019-10-18T12:16:03.264] [INFO] normal - ::1 - - "GET /egret-game/index.html HTTP/1.1" 304 - "" "Mozilla/5.0 (Windows NT 10.0; Win64; x64) AppleWebKit/537.36 (KHTML, like Gecko) Chrome/77.0.3865.120 Safari/537.36"
[2019-10-18T12:16:03.287] [INFO] normal - ::1 - - "GET /egret-game/manifest.json?v=0.5936292342426819 HTTP/1.1" 200 498 "http://localhost:8080/egret-game/index.html" "Mozilla/5.0 (Windows NT 10.0; Win64; x64) AppleWebKit/537.36 (KHTML, like Gecko) Chrome/77.0.3865.120 Safari/537.36"
[2019-10-18T12:16:03.296] [INFO] normal - ::1 - - "GET /egret-game/js/egret.min_1f88eb98.js HTTP/1.1" 304 - "http://localhost:8080/egret-game/index.html" "Mozilla/5.0 (Windows NT 10.0; Win64; x64) AppleWebKit/537.36 (KHTML, like Gecko) Chrome/77.0.3865.120 Safari/537.36"
[2019-10-18T12:16:03.296] [INFO] normal - ::1 - - "GET /egret-game/js/egret.web.min_2dd0bd72.js HTTP/1.1" 304 - "http://localhost:8080/egret-game/index.html" "Mozilla/5.0 (Windows NT 10.0; Win64; x64) AppleWebKit/537.36 (KHTML, like Gecko) Chrome/77.0.3865.120 Safari/537.36"
[2019-10-18T12:16:03.297] [INFO] normal - ::1 - - "GET /egret-game/js/eui.min_38a8c284.js HTTP/1.1" 304 - "http://localhost:8080/egret-game/index.html" "Mozilla/5.0 (Windows NT 10.0; Win64; x64) AppleWebKit/537.36 (KHTML, like Gecko) Chrome/77.0.3865.120 Safari/537.36"
[2019-10-18T12:16:03.297] [INFO] normal - ::1 - - "GET /egret-game/js/assetsmanager.min_f2e50bd1.js HTTP/1.1" 304 - "http://localhost:8080/egret-game/index.html" "Mozilla/5.0 (Windows NT 10.0; Win64; x64) AppleWebKit/537.36 (KHTML, like Gecko) Chrome/77.0.3865.120 Safari/537.36"
[2019-10-18T12:16:03.299] [INFO] normal - ::1 - - "GET /egret-game/js/tween.min_6c5a88f9.js HTTP/1.1" 304 - "http://localhost:8080/egret-game/index.html" "Mozilla/5.0 (Windows NT 10.0; Win64; x64) AppleWebKit/537.36 (KHTML, like Gecko) Chrome/77.0.3865.120 Safari/537.36"
[2019-10-18T12:16:03.300] [INFO] normal - ::1 - - "GET /egret-game/js/game.min_45aa06f6.js HTTP/1.1" 304 - "http://localhost:8080/egret-game/index.html" "Mozilla/5.0 (Windows NT 10.0; Win64; x64) AppleWebKit/537.36 (KHTML, like Gecko) Chrome/77.0.3865.120 Safari/537.36"
[2019-10-18T12:16:03.304] [INFO] normal - ::1 - - "GET /egret-game/js/socket.min_8b4cb752.js HTTP/1.1" 304 - "http://localhost:8080/egret-game/index.html" "Mozilla/5.0 (Windows NT 10.0; Win64; x64) AppleWebKit/537.36 (KHTML, like Gecko) Chrome/77.0.3865.120 Safari/537.36"
[2019-10-18T12:16:03.304] [INFO] normal - ::1 - - "GET /egret-game/js/promise.min_83a6a5d.js HTTP/1.1" 304 - "http://localhost:8080/egret-game/index.html" "Mozilla/5.0 (Windows NT 10.0; Win64; x64) AppleWebKit/537.36 (KHTML, like Gecko) Chrome/77.0.3865.120 Safari/537.36"
[2019-10-18T12:16:03.305] [INFO] normal - ::1 - - "GET /egret-game/js/dragonBones.min_6252b9c4.js HTTP/1.1" 304 - "http://localhost:8080/egret-game/index.html" "Mozilla/5.0 (Windows NT 10.0; Win64; x64) AppleWebKit/537.36 (KHTML, like Gecko) Chrome/77.0.3865.120 Safari/537.36"
[2019-10-18T12:16:03.306] [INFO] normal - ::1 - - "GET /egret-game/js/htsw_framework.min_6b847dcf.js HTTP/1.1" 304 - "http://localhost:8080/egret-game/index.html" "Mozilla/5.0 (Windows NT 10.0; Win64; x64) AppleWebKit/537.36 (KHTML, like Gecko) Chrome/77.0.3865.120 Safari/537.36"
[2019-10-18T12:16:03.307] [INFO] normal - ::1 - - "GET /egret-game/js/CoursewareModule.min_1429de80.js HTTP/1.1" 304 - "http://localhost:8080/egret-game/index.html" "Mozilla/5.0 (Windows NT 10.0; Win64; x64) AppleWebKit/537.36 (KHTML, like Gecko) Chrome/77.0.3865.120 Safari/537.36"
[2019-10-18T12:16:03.310] [INFO] normal - ::1 - - "GET /egret-game/js/default.thm_fb85d5ca.js HTTP/1.1" 304 - "http://localhost:8080/egret-game/index.html" "Mozilla/5.0 (Windows NT 10.0; Win64; x64) AppleWebKit/537.36 (KHTML, like Gecko) Chrome/77.0.3865.120 Safari/537.36"
[2019-10-18T12:16:03.315] [INFO] normal - ::1 - - "GET /egret-game/js/TwoClass_Test.thm_f0a9930b.js HTTP/1.1" 304 - "http://localhost:8080/egret-game/index.html" "Mozilla/5.0 (Windows NT 10.0; Win64; x64) AppleWebKit/537.36 (KHTML, like Gecko) Chrome/77.0.3865.120 Safari/537.36"
[2019-10-18T12:16:03.316] [INFO] normal - ::1 - - "GET /egret-game/js/main.min_1397432.js HTTP/1.1" 304 - "http://localhost:8080/egret-game/index.html" "Mozilla/5.0 (Windows NT 10.0; Win64; x64) AppleWebKit/537.36 (KHTML, like Gecko) Chrome/77.0.3865.120 Safari/537.36"
[2019-10-18T12:16:03.367] [INFO] normal - ::1 - - "GET /egret-game/resource/gamemain/default.res.json HTTP/1.1" 304 - "http://localhost:8080/egret-game/index.html" "Mozilla/5.0 (Windows NT 10.0; Win64; x64) AppleWebKit/537.36 (KHTML, like Gecko) Chrome/77.0.3865.120 Safari/537.36"
[2019-10-18T12:16:03.375] [INFO] normal - ::1 - - "GET /egret-game/resource/TwoClass_Test/TwoClass_Test.res.json HTTP/1.1" 304 - "http://localhost:8080/egret-game/index.html" "Mozilla/5.0 (Windows NT 10.0; Win64; x64) AppleWebKit/537.36 (KHTML, like Gecko) Chrome/77.0.3865.120 Safari/537.36"
[2019-10-18T12:16:03.440] [INFO] normal - ::1 - - "GET /egret-game/resource/TwoClass_Test/assets/TwoClass_Test_preload/TwoClass_Test.json HTTP/1.1" 304 - "http://localhost:8080/egret-game/index.html" "Mozilla/5.0 (Windows NT 10.0; Win64; x64) AppleWebKit/537.36 (KHTML, like Gecko) Chrome/77.0.3865.120 Safari/537.36"
[2019-10-18T12:16:03.441] [INFO] normal - ::1 - - "GET /egret-game/resource/gamemain/assets/preload/main_preload.json HTTP/1.1" 304 - "http://localhost:8080/egret-game/index.html" "Mozilla/5.0 (Windows NT 10.0; Win64; x64) AppleWebKit/537.36 (KHTML, like Gecko) Chrome/77.0.3865.120 Safari/537.36"
[2019-10-18T12:16:03.443] [INFO] normal - ::1 - - "GET /egret-game/resource/TwoClass_Test/assets/TwoClass_Test_preload/TwoClass_Test_Preload_btn1.png HTTP/1.1" 304 - "http://localhost:8080/egret-game/index.html" "Mozilla/5.0 (Windows NT 10.0; Win64; x64) AppleWebKit/537.36 (KHTML, like Gecko) Chrome/77.0.3865.120 Safari/537.36"
[2019-10-18T12:16:03.452] [INFO] normal - ::1 - - "GET /egret-game/resource/gamemain/assets/preload/main_preload.png HTTP/1.1" 304 - "http://localhost:8080/egret-game/index.html" "Mozilla/5.0 (Windows NT 10.0; Win64; x64) AppleWebKit/537.36 (KHTML, like Gecko) Chrome/77.0.3865.120 Safari/537.36"
[2019-10-18T12:54:43.264] [INFO] normal - ::1 - - "GET /egret-game/index.html HTTP/1.1" 304 - "" "Mozilla/5.0 (Windows NT 10.0; Win64; x64) AppleWebKit/537.36 (KHTML, like Gecko) Chrome/77.0.3865.120 Safari/537.36"
[2019-10-18T12:54:43.295] [INFO] normal - ::1 - - "GET /egret-game/manifest.json?v=0.9042280657040478 HTTP/1.1" 200 498 "http://localhost:8080/egret-game/index.html" "Mozilla/5.0 (Windows NT 10.0; Win64; x64) AppleWebKit/537.36 (KHTML, like Gecko) Chrome/77.0.3865.120 Safari/537.36"
[2019-10-18T12:54:43.304] [INFO] normal - ::1 - - "GET /egret-game/js/egret.min_1f88eb98.js HTTP/1.1" 304 - "http://localhost:8080/egret-game/index.html" "Mozilla/5.0 (Windows NT 10.0; Win64; x64) AppleWebKit/537.36 (KHTML, like Gecko) Chrome/77.0.3865.120 Safari/537.36"
[2019-10-18T12:54:43.305] [INFO] normal - ::1 - - "GET /egret-game/js/egret.web.min_2dd0bd72.js HTTP/1.1" 304 - "http://localhost:8080/egret-game/index.html" "Mozilla/5.0 (Windows NT 10.0; Win64; x64) AppleWebKit/537.36 (KHTML, like Gecko) Chrome/77.0.3865.120 Safari/537.36"
[2019-10-18T12:54:43.310] [INFO] normal - ::1 - - "GET /egret-game/js/eui.min_38a8c284.js HTTP/1.1" 304 - "http://localhost:8080/egret-game/index.html" "Mozilla/5.0 (Windows NT 10.0; Win64; x64) AppleWebKit/537.36 (KHTML, like Gecko) Chrome/77.0.3865.120 Safari/537.36"
[2019-10-18T12:54:43.311] [INFO] normal - ::1 - - "GET /egret-game/js/assetsmanager.min_f2e50bd1.js HTTP/1.1" 304 - "http://localhost:8080/egret-game/index.html" "Mozilla/5.0 (Windows NT 10.0; Win64; x64) AppleWebKit/537.36 (KHTML, like Gecko) Chrome/77.0.3865.120 Safari/537.36"
[2019-10-18T12:54:43.313] [INFO] normal - ::1 - - "GET /egret-game/js/tween.min_6c5a88f9.js HTTP/1.1" 304 - "http://localhost:8080/egret-game/index.html" "Mozilla/5.0 (Windows NT 10.0; Win64; x64) AppleWebKit/537.36 (KHTML, like Gecko) Chrome/77.0.3865.120 Safari/537.36"
[2019-10-18T12:54:43.314] [INFO] normal - ::1 - - "GET /egret-game/js/game.min_45aa06f6.js HTTP/1.1" 304 - "http://localhost:8080/egret-game/index.html" "Mozilla/5.0 (Windows NT 10.0; Win64; x64) AppleWebKit/537.36 (KHTML, like Gecko) Chrome/77.0.3865.120 Safari/537.36"
[2019-10-18T12:54:43.319] [INFO] normal - ::1 - - "GET /egret-game/js/dragonBones.min_6252b9c4.js HTTP/1.1" 304 - "http://localhost:8080/egret-game/index.html" "Mozilla/5.0 (Windows NT 10.0; Win64; x64) AppleWebKit/537.36 (KHTML, like Gecko) Chrome/77.0.3865.120 Safari/537.36"
[2019-10-18T12:54:43.320] [INFO] normal - ::1 - - "GET /egret-game/js/promise.min_83a6a5d.js HTTP/1.1" 304 - "http://localhost:8080/egret-game/index.html" "Mozilla/5.0 (Windows NT 10.0; Win64; x64) AppleWebKit/537.36 (KHTML, like Gecko) Chrome/77.0.3865.120 Safari/537.36"
[2019-10-18T12:54:43.321] [INFO] normal - ::1 - - "GET /egret-game/js/socket.min_8b4cb752.js HTTP/1.1" 304 - "http://localhost:8080/egret-game/index.html" "Mozilla/5.0 (Windows NT 10.0; Win64; x64) AppleWebKit/537.36 (KHTML, like Gecko) Chrome/77.0.3865.120 Safari/537.36"
[2019-10-18T12:54:43.326] [INFO] normal - ::1 - - "GET /egret-game/js/htsw_framework.min_6b847dcf.js HTTP/1.1" 304 - "http://localhost:8080/egret-game/index.html" "Mozilla/5.0 (Windows NT 10.0; Win64; x64) AppleWebKit/537.36 (KHTML, like Gecko) Chrome/77.0.3865.120 Safari/537.36"
[2019-10-18T12:54:43.330] [INFO] normal - ::1 - - "GET /egret-game/js/CoursewareModule.min_1429de80.js HTTP/1.1" 304 - "http://localhost:8080/egret-game/index.html" "Mozilla/5.0 (Windows NT 10.0; Win64; x64) AppleWebKit/537.36 (KHTML, like Gecko) Chrome/77.0.3865.120 Safari/537.36"
[2019-10-18T12:54:43.331] [INFO] normal - ::1 - - "GET /egret-game/js/default.thm_fb85d5ca.js HTTP/1.1" 304 - "http://localhost:8080/egret-game/index.html" "Mozilla/5.0 (Windows NT 10.0; Win64; x64) AppleWebKit/537.36 (KHTML, like Gecko) Chrome/77.0.3865.120 Safari/537.36"
[2019-10-18T12:54:43.332] [INFO] normal - ::1 - - "GET /egret-game/js/TwoClass_Test.thm_f0a9930b.js HTTP/1.1" 304 - "http://localhost:8080/egret-game/index.html" "Mozilla/5.0 (Windows NT 10.0; Win64; x64) AppleWebKit/537.36 (KHTML, like Gecko) Chrome/77.0.3865.120 Safari/537.36"
[2019-10-18T12:54:43.333] [INFO] normal - ::1 - - "GET /egret-game/js/main.min_1397432.js HTTP/1.1" 304 - "http://localhost:8080/egret-game/index.html" "Mozilla/5.0 (Windows NT 10.0; Win64; x64) AppleWebKit/537.36 (KHTML, like Gecko) Chrome/77.0.3865.120 Safari/537.36"
[2019-10-18T12:54:43.579] [INFO] normal - ::1 - - "GET /egret-game/resource/gamemain/default.res.json HTTP/1.1" 304 - "http://localhost:8080/egret-game/index.html" "Mozilla/5.0 (Windows NT 10.0; Win64; x64) AppleWebKit/537.36 (KHTML, like Gecko) Chrome/77.0.3865.120 Safari/537.36"
[2019-10-18T12:54:43.597] [INFO] normal - ::1 - - "GET /egret-game/resource/TwoClass_Test/TwoClass_Test.res.json HTTP/1.1" 304 - "http://localhost:8080/egret-game/index.html" "Mozilla/5.0 (Windows NT 10.0; Win64; x64) AppleWebKit/537.36 (KHTML, like Gecko) Chrome/77.0.3865.120 Safari/537.36"
[2019-10-18T12:54:43.635] [INFO] normal - ::1 - - "GET /egret-game/resource/gamemain/assets/preload/main_preload.json HTTP/1.1" 304 - "http://localhost:8080/egret-game/index.html" "Mozilla/5.0 (Windows NT 10.0; Win64; x64) AppleWebKit/537.36 (KHTML, like Gecko) Chrome/77.0.3865.120 Safari/537.36"
[2019-10-18T12:54:43.636] [INFO] normal - ::1 - - "GET /egret-game/resource/TwoClass_Test/assets/TwoClass_Test_preload/TwoClass_Test.json HTTP/1.1" 304 - "http://localhost:8080/egret-game/index.html" "Mozilla/5.0 (Windows NT 10.0; Win64; x64) AppleWebKit/537.36 (KHTML, like Gecko) Chrome/77.0.3865.120 Safari/537.36"
[2019-10-18T12:54:43.637] [INFO] normal - ::1 - - "GET /egret-game/resource/TwoClass_Test/assets/TwoClass_Test_preload/TwoClass_Test_Preload_btn1.png HTTP/1.1" 304 - "http://localhost:8080/egret-game/index.html" "Mozilla/5.0 (Windows NT 10.0; Win64; x64) AppleWebKit/537.36 (KHTML, like Gecko) Chrome/77.0.3865.120 Safari/537.36"
[2019-10-18T12:54:43.641] [INFO] normal - ::1 - - "GET /egret-game/resource/gamemain/assets/preload/main_preload.png HTTP/1.1" 304 - "http://localhost:8080/egret-game/index.html" "Mozilla/5.0 (Windows NT 10.0; Win64; x64) AppleWebKit/537.36 (KHTML, like Gecko) Chrome/77.0.3865.120 Safari/537.36"
[2019-10-18T12:56:34.630] [INFO] normal - ::1 - - "GET /game/index.html HTTP/1.1" 304 - "" "Mozilla/5.0 (Windows NT 10.0; Win64; x64) AppleWebKit/537.36 (KHTML, like Gecko) Chrome/77.0.3865.120 Safari/537.36"
[2019-10-18T12:56:34.647] [INFO] normal - ::1 - - "GET /game/style-mobile.6187c.css HTTP/1.1" 304 - "http://localhost:8080/game/index.html" "Mozilla/5.0 (Windows NT 10.0; Win64; x64) AppleWebKit/537.36 (KHTML, like Gecko) Chrome/77.0.3865.120 Safari/537.36"
[2019-10-18T12:56:34.648] [INFO] normal - ::1 - - "GET /game/src/settings.70a24.js HTTP/1.1" 304 - "http://localhost:8080/game/index.html" "Mozilla/5.0 (Windows NT 10.0; Win64; x64) AppleWebKit/537.36 (KHTML, like Gecko) Chrome/77.0.3865.120 Safari/537.36"
[2019-10-18T12:56:34.649] [INFO] normal - ::1 - - "GET /game/main.11263.js HTTP/1.1" 304 - "http://localhost:8080/game/index.html" "Mozilla/5.0 (Windows NT 10.0; Win64; x64) AppleWebKit/537.36 (KHTML, like Gecko) Chrome/77.0.3865.120 Safari/537.36"
[2019-10-18T12:56:34.656] [INFO] normal - ::1 - - "GET /game/splash.03ce1.png HTTP/1.1" 304 - "http://localhost:8080/game/style-mobile.6187c.css" "Mozilla/5.0 (Windows NT 10.0; Win64; x64) AppleWebKit/537.36 (KHTML, like Gecko) Chrome/77.0.3865.120 Safari/537.36"
[2019-10-18T12:56:34.678] [INFO] normal - ::1 - - "GET /game/cocos2d-js-min.e87f5.js HTTP/1.1" 304 - "http://localhost:8080/game/index.html" "Mozilla/5.0 (Windows NT 10.0; Win64; x64) AppleWebKit/537.36 (KHTML, like Gecko) Chrome/77.0.3865.120 Safari/537.36"
[2019-10-18T12:56:35.071] [INFO] normal - ::1 - - "GET /game/src/project.afa52.js HTTP/1.1" 304 - "http://localhost:8080/game/index.html" "Mozilla/5.0 (Windows NT 10.0; Win64; x64) AppleWebKit/537.36 (KHTML, like Gecko) Chrome/77.0.3865.120 Safari/537.36"
[2019-10-18T12:56:35.140] [INFO] normal - ::1 - - "GET /game/res/import/43/430eccbf-bf2c-4e6e-8c0c-884bbb487f32.cd592.json HTTP/1.1" 304 - "http://localhost:8080/game/index.html" "Mozilla/5.0 (Windows NT 10.0; Win64; x64) AppleWebKit/537.36 (KHTML, like Gecko) Chrome/77.0.3865.120 Safari/537.36"
[2019-10-18T12:56:35.141] [INFO] normal - ::1 - - "GET /game/res/import/07/079499991.3e6bc.json HTTP/1.1" 304 - "http://localhost:8080/game/index.html" "Mozilla/5.0 (Windows NT 10.0; Win64; x64) AppleWebKit/537.36 (KHTML, like Gecko) Chrome/77.0.3865.120 Safari/537.36"
[2019-10-18T12:56:35.142] [INFO] normal - ::1 - - "GET /game/res/import/07/07ce7530a.9dbb3.json HTTP/1.1" 304 - "http://localhost:8080/game/index.html" "Mozilla/5.0 (Windows NT 10.0; Win64; x64) AppleWebKit/537.36 (KHTML, like Gecko) Chrome/77.0.3865.120 Safari/537.36"
[2019-10-18T12:56:35.145] [INFO] normal - ::1 - - "GET /game/res/import/0d/0d669730c.80827.json HTTP/1.1" 304 - "http://localhost:8080/game/index.html" "Mozilla/5.0 (Windows NT 10.0; Win64; x64) AppleWebKit/537.36 (KHTML, like Gecko) Chrome/77.0.3865.120 Safari/537.36"
[2019-10-18T12:56:35.147] [INFO] normal - ::1 - - "GET /game/res/import/0e/0e467e87b.ad687.json HTTP/1.1" 304 - "http://localhost:8080/game/index.html" "Mozilla/5.0 (Windows NT 10.0; Win64; x64) AppleWebKit/537.36 (KHTML, like Gecko) Chrome/77.0.3865.120 Safari/537.36"
[2019-10-18T12:56:35.149] [INFO] normal - ::1 - - "GET /game/res/import/0e/0e4bc3b03.ac3f5.json HTTP/1.1" 304 - "http://localhost:8080/game/index.html" "Mozilla/5.0 (Windows NT 10.0; Win64; x64) AppleWebKit/537.36 (KHTML, like Gecko) Chrome/77.0.3865.120 Safari/537.36"
[2019-10-18T12:56:35.150] [INFO] normal - ::1 - - "GET /game/res/import/11/115286d1-2e10-49ee-aab4-341583f607e8.c6150.json HTTP/1.1" 304 - "http://localhost:8080/game/index.html" "Mozilla/5.0 (Windows NT 10.0; Win64; x64) AppleWebKit/537.36 (KHTML, like Gecko) Chrome/77.0.3865.120 Safari/537.36"
[2019-10-18T12:56:35.152] [INFO] normal - ::1 - - "GET /game/res/import/6c/6c5cf6e1-b044-4eac-9431-835644d57381.92d22.json HTTP/1.1" 304 - "http://localhost:8080/game/index.html" "Mozilla/5.0 (Windows NT 10.0; Win64; x64) AppleWebKit/537.36 (KHTML, like Gecko) Chrome/77.0.3865.120 Safari/537.36"
[2019-10-18T12:56:35.152] [INFO] normal - ::1 - - "GET /game/res/import/ab/abc2cb62-7852-4525-a90d-d474487b88f2.349de.json HTTP/1.1" 304 - "http://localhost:8080/game/index.html" "Mozilla/5.0 (Windows NT 10.0; Win64; x64) AppleWebKit/537.36 (KHTML, like Gecko) Chrome/77.0.3865.120 Safari/537.36"
[2019-10-18T12:56:35.153] [INFO] normal - ::1 - - "GET /game/res/import/79/79eafaef-b7ef-45d9-9c3f-591dc836fc7a.725ed.json HTTP/1.1" 304 - "http://localhost:8080/game/index.html" "Mozilla/5.0 (Windows NT 10.0; Win64; x64) AppleWebKit/537.36 (KHTML, like Gecko) Chrome/77.0.3865.120 Safari/537.36"
[2019-10-18T12:56:35.176] [INFO] normal - ::1 - - "GET /game/res/import/03/03d220860.a1a6a.json HTTP/1.1" 304 - "http://localhost:8080/game/index.html" "Mozilla/5.0 (Windows NT 10.0; Win64; x64) AppleWebKit/537.36 (KHTML, like Gecko) Chrome/77.0.3865.120 Safari/537.36"
[2019-10-18T12:56:35.178] [INFO] normal - ::1 - - "GET /game/res/import/c4/c4480a0a-6ac5-443f-8b40-361a14257fc8.e13e9.json HTTP/1.1" 304 - "http://localhost:8080/game/index.html" "Mozilla/5.0 (Windows NT 10.0; Win64; x64) AppleWebKit/537.36 (KHTML, like Gecko) Chrome/77.0.3865.120 Safari/537.36"
[2019-10-18T12:56:35.183] [INFO] normal - ::1 - - "GET /game/res/raw-assets/02/0275e94c-56a7-410f-bd1a-fc7483f7d14a.cea68.png HTTP/1.1" 304 - "http://localhost:8080/game/index.html" "Mozilla/5.0 (Windows NT 10.0; Win64; x64) AppleWebKit/537.36 (KHTML, like Gecko) Chrome/77.0.3865.120 Safari/537.36"
[2019-10-18T12:56:35.197] [INFO] normal - ::1 - - "GET /game/res/import/0e/0eeb7720c.24c0a.json HTTP/1.1" 304 - "http://localhost:8080/game/index.html" "Mozilla/5.0 (Windows NT 10.0; Win64; x64) AppleWebKit/537.36 (KHTML, like Gecko) Chrome/77.0.3865.120 Safari/537.36"
[2019-10-18T12:56:35.214] [INFO] normal - ::1 - - "GET /game/res/raw-assets/b2/b2687ac4-099e-403c-a192-ff477686f4f5.2bf0b.plist HTTP/1.1" 304 - "http://localhost:8080/game/index.html" "Mozilla/5.0 (Windows NT 10.0; Win64; x64) AppleWebKit/537.36 (KHTML, like Gecko) Chrome/77.0.3865.120 Safari/537.36"
[2019-10-18T12:56:35.215] [INFO] normal - ::1 - - "GET /game/res/raw-assets/56/567dcd80-8bf4-4535-8a5a-313f1caf078a.5f1d9.png HTTP/1.1" 304 - "http://localhost:8080/game/index.html" "Mozilla/5.0 (Windows NT 10.0; Win64; x64) AppleWebKit/537.36 (KHTML, like Gecko) Chrome/77.0.3865.120 Safari/537.36"
[2019-10-18T12:56:35.217] [INFO] normal - ::1 - - "GET /game/res/raw-assets/99/99170b0b-d210-46f1-b213-7d9e3f23098a.d1118.png HTTP/1.1" 304 - "http://localhost:8080/game/index.html" "Mozilla/5.0 (Windows NT 10.0; Win64; x64) AppleWebKit/537.36 (KHTML, like Gecko) Chrome/77.0.3865.120 Safari/537.36"
[2019-10-18T12:56:35.218] [INFO] normal - ::1 - - "GET /game/res/raw-assets/d0/d0a82d39-bede-46c4-b698-c81ff0dedfff.841f5.png HTTP/1.1" 304 - "http://localhost:8080/game/index.html" "Mozilla/5.0 (Windows NT 10.0; Win64; x64) AppleWebKit/537.36 (KHTML, like Gecko) Chrome/77.0.3865.120 Safari/537.36"
[2019-10-18T12:56:35.219] [INFO] normal - ::1 - - "GET /game/res/raw-assets/cf/cfef78f1-c8df-49b7-8ed0-4c953ace2621.a4b59.png HTTP/1.1" 304 - "http://localhost:8080/game/index.html" "Mozilla/5.0 (Windows NT 10.0; Win64; x64) AppleWebKit/537.36 (KHTML, like Gecko) Chrome/77.0.3865.120 Safari/537.36"
[2019-10-18T12:56:35.251] [INFO] normal - ::1 - - "GET /game/res/import/0e/0e6179ad3.1d444.json HTTP/1.1" 304 - "http://localhost:8080/game/index.html" "Mozilla/5.0 (Windows NT 10.0; Win64; x64) AppleWebKit/537.36 (KHTML, like Gecko) Chrome/77.0.3865.120 Safari/537.36"
[2019-10-18T12:56:35.357] [INFO] normal - ::1 - - "GET /game/res/raw-assets/a1/a1ef2fc9-9c57-418a-8f69-6bed9a7a0e7f.220ec.bin HTTP/1.1" 304 - "http://localhost:8080/game/index.html" "Mozilla/5.0 (Windows NT 10.0; Win64; x64) AppleWebKit/537.36 (KHTML, like Gecko) Chrome/77.0.3865.120 Safari/537.36"
[2019-10-18T12:56:35.360] [INFO] normal - ::1 - - "GET /game/res/raw-assets/17/1772877e-0265-4916-bde7-305f27e65a72.0b9f1.bin HTTP/1.1" 304 - "http://localhost:8080/game/index.html" "Mozilla/5.0 (Windows NT 10.0; Win64; x64) AppleWebKit/537.36 (KHTML, like Gecko) Chrome/77.0.3865.120 Safari/537.36"
[2019-10-18T12:56:35.362] [INFO] normal - ::1 - - "GET /game/res/raw-assets/d0/d0ba946c-fdbd-4215-8e75-6d67bc6ff406.52e94.bin HTTP/1.1" 304 - "http://localhost:8080/game/index.html" "Mozilla/5.0 (Windows NT 10.0; Win64; x64) AppleWebKit/537.36 (KHTML, like Gecko) Chrome/77.0.3865.120 Safari/537.36"
[2019-10-18T12:56:35.381] [INFO] normal - ::1 - - "GET /game/res/raw-assets/b2/b219013f-ccfc-4e95-b2e7-ad25ebe237b3.3c5d8.bin HTTP/1.1" 304 - "http://localhost:8080/game/index.html" "Mozilla/5.0 (Windows NT 10.0; Win64; x64) AppleWebKit/537.36 (KHTML, like Gecko) Chrome/77.0.3865.120 Safari/537.36"
[2019-10-18T12:56:35.382] [INFO] normal - ::1 - - "GET /game/res/raw-assets/44/444ed789-036a-4cc5-b3ff-243bf0dd4648.9d003.png HTTP/1.1" 304 - "http://localhost:8080/game/index.html" "Mozilla/5.0 (Windows NT 10.0; Win64; x64) AppleWebKit/537.36 (KHTML, like Gecko) Chrome/77.0.3865.120 Safari/537.36"
[2019-10-18T12:56:35.386] [INFO] normal - ::1 - - "GET /game/res/raw-assets/e7/e7825835-330c-4d28-ac9b-f55543a71024.78f42.png HTTP/1.1" 304 - "http://localhost:8080/game/index.html" "Mozilla/5.0 (Windows NT 10.0; Win64; x64) AppleWebKit/537.36 (KHTML, like Gecko) Chrome/77.0.3865.120 Safari/537.36"
[2019-10-18T12:56:35.387] [INFO] normal - ::1 - - "GET /game/res/raw-assets/3f/3fb6eb65-175d-4c5a-abe6-d4df0f04aedb.07b70.png HTTP/1.1" 304 - "http://localhost:8080/game/index.html" "Mozilla/5.0 (Windows NT 10.0; Win64; x64) AppleWebKit/537.36 (KHTML, like Gecko) Chrome/77.0.3865.120 Safari/537.36"
[2019-10-18T12:56:55.546] [INFO] normal - ::1 - - "GET /egret-game/index.html HTTP/1.1" 304 - "" "Mozilla/5.0 (Windows NT 10.0; Win64; x64) AppleWebKit/537.36 (KHTML, like Gecko) Chrome/77.0.3865.120 Safari/537.36"
[2019-10-18T12:56:55.587] [INFO] normal - ::1 - - "GET /egret-game/manifest.json?v=0.9906254516217949 HTTP/1.1" 200 498 "http://localhost:8080/egret-game/index.html" "Mozilla/5.0 (Windows NT 10.0; Win64; x64) AppleWebKit/537.36 (KHTML, like Gecko) Chrome/77.0.3865.120 Safari/537.36"
[2019-10-18T12:56:55.607] [INFO] normal - ::1 - - "GET /egret-game/js/egret.min_1f88eb98.js HTTP/1.1" 304 - "http://localhost:8080/egret-game/index.html" "Mozilla/5.0 (Windows NT 10.0; Win64; x64) AppleWebKit/537.36 (KHTML, like Gecko) Chrome/77.0.3865.120 Safari/537.36"
[2019-10-18T12:56:55.610] [INFO] normal - ::1 - - "GET /egret-game/js/egret.web.min_2dd0bd72.js HTTP/1.1" 304 - "http://localhost:8080/egret-game/index.html" "Mozilla/5.0 (Windows NT 10.0; Win64; x64) AppleWebKit/537.36 (KHTML, like Gecko) Chrome/77.0.3865.120 Safari/537.36"
[2019-10-18T12:56:55.613] [INFO] normal - ::1 - - "GET /egret-game/js/eui.min_38a8c284.js HTTP/1.1" 304 - "http://localhost:8080/egret-game/index.html" "Mozilla/5.0 (Windows NT 10.0; Win64; x64) AppleWebKit/537.36 (KHTML, like Gecko) Chrome/77.0.3865.120 Safari/537.36"
[2019-10-18T12:56:55.614] [INFO] normal - ::1 - - "GET /egret-game/js/assetsmanager.min_f2e50bd1.js HTTP/1.1" 304 - "http://localhost:8080/egret-game/index.html" "Mozilla/5.0 (Windows NT 10.0; Win64; x64) AppleWebKit/537.36 (KHTML, like Gecko) Chrome/77.0.3865.120 Safari/537.36"
[2019-10-18T12:56:55.614] [INFO] normal - ::1 - - "GET /egret-game/js/tween.min_6c5a88f9.js HTTP/1.1" 304 - "http://localhost:8080/egret-game/index.html" "Mozilla/5.0 (Windows NT 10.0; Win64; x64) AppleWebKit/537.36 (KHTML, like Gecko) Chrome/77.0.3865.120 Safari/537.36"
[2019-10-18T12:56:55.616] [INFO] normal - ::1 - - "GET /egret-game/js/game.min_45aa06f6.js HTTP/1.1" 304 - "http://localhost:8080/egret-game/index.html" "Mozilla/5.0 (Windows NT 10.0; Win64; x64) AppleWebKit/537.36 (KHTML, like Gecko) Chrome/77.0.3865.120 Safari/537.36"
[2019-10-18T12:56:55.616] [INFO] normal - ::1 - - "GET /egret-game/js/promise.min_83a6a5d.js HTTP/1.1" 304 - "http://localhost:8080/egret-game/index.html" "Mozilla/5.0 (Windows NT 10.0; Win64; x64) AppleWebKit/537.36 (KHTML, like Gecko) Chrome/77.0.3865.120 Safari/537.36"
[2019-10-18T12:56:55.617] [INFO] normal - ::1 - - "GET /egret-game/js/dragonBones.min_6252b9c4.js HTTP/1.1" 304 - "http://localhost:8080/egret-game/index.html" "Mozilla/5.0 (Windows NT 10.0; Win64; x64) AppleWebKit/537.36 (KHTML, like Gecko) Chrome/77.0.3865.120 Safari/537.36"
[2019-10-18T12:56:55.620] [INFO] normal - ::1 - - "GET /egret-game/js/socket.min_8b4cb752.js HTTP/1.1" 304 - "http://localhost:8080/egret-game/index.html" "Mozilla/5.0 (Windows NT 10.0; Win64; x64) AppleWebKit/537.36 (KHTML, like Gecko) Chrome/77.0.3865.120 Safari/537.36"
[2019-10-18T12:56:55.623] [INFO] normal - ::1 - - "GET /egret-game/js/htsw_framework.min_6b847dcf.js HTTP/1.1" 304 - "http://localhost:8080/egret-game/index.html" "Mozilla/5.0 (Windows NT 10.0; Win64; x64) AppleWebKit/537.36 (KHTML, like Gecko) Chrome/77.0.3865.120 Safari/537.36"
[2019-10-18T12:56:55.624] [INFO] normal - ::1 - - "GET /egret-game/js/CoursewareModule.min_1429de80.js HTTP/1.1" 304 - "http://localhost:8080/egret-game/index.html" "Mozilla/5.0 (Windows NT 10.0; Win64; x64) AppleWebKit/537.36 (KHTML, like Gecko) Chrome/77.0.3865.120 Safari/537.36"
[2019-10-18T12:56:55.625] [INFO] normal - ::1 - - "GET /egret-game/js/default.thm_fb85d5ca.js HTTP/1.1" 304 - "http://localhost:8080/egret-game/index.html" "Mozilla/5.0 (Windows NT 10.0; Win64; x64) AppleWebKit/537.36 (KHTML, like Gecko) Chrome/77.0.3865.120 Safari/537.36"
[2019-10-18T12:56:55.626] [INFO] normal - ::1 - - "GET /egret-game/js/TwoClass_Test.thm_f0a9930b.js HTTP/1.1" 304 - "http://localhost:8080/egret-game/index.html" "Mozilla/5.0 (Windows NT 10.0; Win64; x64) AppleWebKit/537.36 (KHTML, like Gecko) Chrome/77.0.3865.120 Safari/537.36"
[2019-10-18T12:56:55.627] [INFO] normal - ::1 - - "GET /egret-game/js/main.min_1397432.js HTTP/1.1" 304 - "http://localhost:8080/egret-game/index.html" "Mozilla/5.0 (Windows NT 10.0; Win64; x64) AppleWebKit/537.36 (KHTML, like Gecko) Chrome/77.0.3865.120 Safari/537.36"
[2019-10-18T12:56:55.874] [INFO] normal - ::1 - - "GET /egret-game/resource/gamemain/default.res.json HTTP/1.1" 304 - "http://localhost:8080/egret-game/index.html" "Mozilla/5.0 (Windows NT 10.0; Win64; x64) AppleWebKit/537.36 (KHTML, like Gecko) Chrome/77.0.3865.120 Safari/537.36"
[2019-10-18T12:56:55.897] [INFO] normal - ::1 - - "GET /egret-game/resource/TwoClass_Test/TwoClass_Test.res.json HTTP/1.1" 304 - "http://localhost:8080/egret-game/index.html" "Mozilla/5.0 (Windows NT 10.0; Win64; x64) AppleWebKit/537.36 (KHTML, like Gecko) Chrome/77.0.3865.120 Safari/537.36"
[2019-10-18T12:56:55.949] [INFO] normal - ::1 - - "GET /egret-game/resource/gamemain/assets/preload/main_preload.json HTTP/1.1" 304 - "http://localhost:8080/egret-game/index.html" "Mozilla/5.0 (Windows NT 10.0; Win64; x64) AppleWebKit/537.36 (KHTML, like Gecko) Chrome/77.0.3865.120 Safari/537.36"
[2019-10-18T12:56:55.951] [INFO] normal - ::1 - - "GET /egret-game/resource/TwoClass_Test/assets/TwoClass_Test_preload/TwoClass_Test.json HTTP/1.1" 304 - "http://localhost:8080/egret-game/index.html" "Mozilla/5.0 (Windows NT 10.0; Win64; x64) AppleWebKit/537.36 (KHTML, like Gecko) Chrome/77.0.3865.120 Safari/537.36"
[2019-10-18T12:56:55.953] [INFO] normal - ::1 - - "GET /egret-game/resource/TwoClass_Test/assets/TwoClass_Test_preload/TwoClass_Test_Preload_btn1.png HTTP/1.1" 304 - "http://localhost:8080/egret-game/index.html" "Mozilla/5.0 (Windows NT 10.0; Win64; x64) AppleWebKit/537.36 (KHTML, like Gecko) Chrome/77.0.3865.120 Safari/537.36"
[2019-10-18T12:56:55.959] [INFO] normal - ::1 - - "GET /egret-game/resource/gamemain/assets/preload/main_preload.png HTTP/1.1" 304 - "http://localhost:8080/egret-game/index.html" "Mozilla/5.0 (Windows NT 10.0; Win64; x64) AppleWebKit/537.36 (KHTML, like Gecko) Chrome/77.0.3865.120 Safari/537.36"
[2019-10-18T12:57:29.789] [INFO] normal - ::1 - - "GET /egret-game/index.html HTTP/1.1" 304 - "" "Mozilla/5.0 (Windows NT 10.0; Win64; x64) AppleWebKit/537.36 (KHTML, like Gecko) Chrome/77.0.3865.120 Safari/537.36"
[2019-10-18T12:57:29.820] [INFO] normal - ::1 - - "GET /egret-game/manifest.json?v=0.06011132801521968 HTTP/1.1" 200 498 "http://localhost:8080/egret-game/index.html" "Mozilla/5.0 (Windows NT 10.0; Win64; x64) AppleWebKit/537.36 (KHTML, like Gecko) Chrome/77.0.3865.120 Safari/537.36"
[2019-10-18T12:57:29.845] [INFO] normal - ::1 - - "GET /egret-game/js/egret.min_1f88eb98.js HTTP/1.1" 304 - "http://localhost:8080/egret-game/index.html" "Mozilla/5.0 (Windows NT 10.0; Win64; x64) AppleWebKit/537.36 (KHTML, like Gecko) Chrome/77.0.3865.120 Safari/537.36"
[2019-10-18T12:57:29.846] [INFO] normal - ::1 - - "GET /egret-game/js/egret.web.min_2dd0bd72.js HTTP/1.1" 304 - "http://localhost:8080/egret-game/index.html" "Mozilla/5.0 (Windows NT 10.0; Win64; x64) AppleWebKit/537.36 (KHTML, like Gecko) Chrome/77.0.3865.120 Safari/537.36"
[2019-10-18T12:57:29.850] [INFO] normal - ::1 - - "GET /egret-game/js/eui.min_38a8c284.js HTTP/1.1" 304 - "http://localhost:8080/egret-game/index.html" "Mozilla/5.0 (Windows NT 10.0; Win64; x64) AppleWebKit/537.36 (KHTML, like Gecko) Chrome/77.0.3865.120 Safari/537.36"
[2019-10-18T12:57:29.859] [INFO] normal - ::1 - - "GET /egret-game/js/assetsmanager.min_f2e50bd1.js HTTP/1.1" 304 - "http://localhost:8080/egret-game/index.html" "Mozilla/5.0 (Windows NT 10.0; Win64; x64) AppleWebKit/537.36 (KHTML, like Gecko) Chrome/77.0.3865.120 Safari/537.36"
[2019-10-18T12:57:29.860] [INFO] normal - ::1 - - "GET /egret-game/js/tween.min_6c5a88f9.js HTTP/1.1" 304 - "http://localhost:8080/egret-game/index.html" "Mozilla/5.0 (Windows NT 10.0; Win64; x64) AppleWebKit/537.36 (KHTML, like Gecko) Chrome/77.0.3865.120 Safari/537.36"
[2019-10-18T12:57:29.860] [INFO] normal - ::1 - - "GET /egret-game/js/game.min_45aa06f6.js HTTP/1.1" 304 - "http://localhost:8080/egret-game/index.html" "Mozilla/5.0 (Windows NT 10.0; Win64; x64) AppleWebKit/537.36 (KHTML, like Gecko) Chrome/77.0.3865.120 Safari/537.36"
[2019-10-18T12:57:29.861] [INFO] normal - ::1 - - "GET /egret-game/js/promise.min_83a6a5d.js HTTP/1.1" 304 - "http://localhost:8080/egret-game/index.html" "Mozilla/5.0 (Windows NT 10.0; Win64; x64) AppleWebKit/537.36 (KHTML, like Gecko) Chrome/77.0.3865.120 Safari/537.36"
[2019-10-18T12:57:29.861] [INFO] normal - ::1 - - "GET /egret-game/js/dragonBones.min_6252b9c4.js HTTP/1.1" 304 - "http://localhost:8080/egret-game/index.html" "Mozilla/5.0 (Windows NT 10.0; Win64; x64) AppleWebKit/537.36 (KHTML, like Gecko) Chrome/77.0.3865.120 Safari/537.36"
[2019-10-18T12:57:29.885] [INFO] normal - ::1 - - "GET /egret-game/js/socket.min_8b4cb752.js HTTP/1.1" 304 - "http://localhost:8080/egret-game/index.html" "Mozilla/5.0 (Windows NT 10.0; Win64; x64) AppleWebKit/537.36 (KHTML, like Gecko) Chrome/77.0.3865.120 Safari/537.36"
[2019-10-18T12:57:29.889] [INFO] normal - ::1 - - "GET /egret-game/js/htsw_framework.min_6b847dcf.js HTTP/1.1" 304 - "http://localhost:8080/egret-game/index.html" "Mozilla/5.0 (Windows NT 10.0; Win64; x64) AppleWebKit/537.36 (KHTML, like Gecko) Chrome/77.0.3865.120 Safari/537.36"
[2019-10-18T12:57:29.892] [INFO] normal - ::1 - - "GET /egret-game/js/CoursewareModule.min_1429de80.js HTTP/1.1" 304 - "http://localhost:8080/egret-game/index.html" "Mozilla/5.0 (Windows NT 10.0; Win64; x64) AppleWebKit/537.36 (KHTML, like Gecko) Chrome/77.0.3865.120 Safari/537.36"
[2019-10-18T12:57:29.892] [INFO] normal - ::1 - - "GET /egret-game/js/default.thm_fb85d5ca.js HTTP/1.1" 304 - "http://localhost:8080/egret-game/index.html" "Mozilla/5.0 (Windows NT 10.0; Win64; x64) AppleWebKit/537.36 (KHTML, like Gecko) Chrome/77.0.3865.120 Safari/537.36"
[2019-10-18T12:57:29.893] [INFO] normal - ::1 - - "GET /egret-game/js/TwoClass_Test.thm_f0a9930b.js HTTP/1.1" 304 - "http://localhost:8080/egret-game/index.html" "Mozilla/5.0 (Windows NT 10.0; Win64; x64) AppleWebKit/537.36 (KHTML, like Gecko) Chrome/77.0.3865.120 Safari/537.36"
[2019-10-18T12:57:29.893] [INFO] normal - ::1 - - "GET /egret-game/js/main.min_1397432.js HTTP/1.1" 304 - "http://localhost:8080/egret-game/index.html" "Mozilla/5.0 (Windows NT 10.0; Win64; x64) AppleWebKit/537.36 (KHTML, like Gecko) Chrome/77.0.3865.120 Safari/537.36"
[2019-10-18T12:57:30.269] [INFO] normal - ::1 - - "GET /egret-game/resource/gamemain/default.res.json HTTP/1.1" 304 - "http://localhost:8080/egret-game/index.html" "Mozilla/5.0 (Windows NT 10.0; Win64; x64) AppleWebKit/537.36 (KHTML, like Gecko) Chrome/77.0.3865.120 Safari/537.36"
[2019-10-18T12:57:30.295] [INFO] normal - ::1 - - "GET /egret-game/resource/TwoClass_Test/TwoClass_Test.res.json HTTP/1.1" 304 - "http://localhost:8080/egret-game/index.html" "Mozilla/5.0 (Windows NT 10.0; Win64; x64) AppleWebKit/537.36 (KHTML, like Gecko) Chrome/77.0.3865.120 Safari/537.36"
[2019-10-18T12:57:30.358] [INFO] normal - ::1 - - "GET /egret-game/resource/gamemain/assets/preload/main_preload.json HTTP/1.1" 304 - "http://localhost:8080/egret-game/index.html" "Mozilla/5.0 (Windows NT 10.0; Win64; x64) AppleWebKit/537.36 (KHTML, like Gecko) Chrome/77.0.3865.120 Safari/537.36"
[2019-10-18T12:57:30.359] [INFO] normal - ::1 - - "GET /egret-game/resource/TwoClass_Test/assets/TwoClass_Test_preload/TwoClass_Test.json HTTP/1.1" 304 - "http://localhost:8080/egret-game/index.html" "Mozilla/5.0 (Windows NT 10.0; Win64; x64) AppleWebKit/537.36 (KHTML, like Gecko) Chrome/77.0.3865.120 Safari/537.36"
[2019-10-18T12:57:30.364] [INFO] normal - ::1 - - "GET /egret-game/resource/TwoClass_Test/assets/TwoClass_Test_preload/TwoClass_Test_Preload_btn1.png HTTP/1.1" 304 - "http://localhost:8080/egret-game/index.html" "Mozilla/5.0 (Windows NT 10.0; Win64; x64) AppleWebKit/537.36 (KHTML, like Gecko) Chrome/77.0.3865.120 Safari/537.36"
[2019-10-18T12:57:30.372] [INFO] normal - ::1 - - "GET /egret-game/resource/gamemain/assets/preload/main_preload.png HTTP/1.1" 304 - "http://localhost:8080/egret-game/index.html" "Mozilla/5.0 (Windows NT 10.0; Win64; x64) AppleWebKit/537.36 (KHTML, like Gecko) Chrome/77.0.3865.120 Safari/537.36"
