[2019-11-23T12:00:49.421] [INFO] normal - ::1 - - "GET /egret-game/index.html HTTP/1.1" 200 2031 "" "Mozilla/5.0 (Windows NT 10.0; Win64; x64) AppleWebKit/537.36 (KHTML, like Gecko) Chrome/78.0.3904.108 Safari/537.36"
[2019-11-23T12:00:49.432] [INFO] normal - ::1 - - "GET /egret-game/src/settings.d0cb1.js HTTP/1.1" 200 20111 "http://localhost:8080/egret-game/index.html" "Mozilla/5.0 (Windows NT 10.0; Win64; x64) AppleWebKit/537.36 (KHTML, like Gecko) Chrome/78.0.3904.108 Safari/537.36"
[2019-11-23T12:00:49.433] [INFO] normal - ::1 - - "GET /egret-game/main.6e25f.js HTTP/1.1" 200 7456 "http://localhost:8080/egret-game/index.html" "Mozilla/5.0 (Windows NT 10.0; Win64; x64) AppleWebKit/537.36 (KHTML, like Gecko) Chrome/78.0.3904.108 Safari/537.36"
[2019-11-23T12:00:49.436] [INFO] normal - ::1 - - "GET /egret-game/style-desktop.ec961.css HTTP/1.1" 200 2479 "http://localhost:8080/egret-game/index.html" "Mozilla/5.0 (Windows NT 10.0; Win64; x64) AppleWebKit/537.36 (KHTML, like Gecko) Chrome/78.0.3904.108 Safari/537.36"
[2019-11-23T12:00:49.811] [INFO] normal - ::1 - - "GET /egret-game/splash.03ce1.png HTTP/1.1" 200 41484 "http://localhost:8080/egret-game/style-desktop.ec961.css" "Mozilla/5.0 (Windows NT 10.0; Win64; x64) AppleWebKit/537.36 (KHTML, like Gecko) Chrome/78.0.3904.108 Safari/537.36"
[2019-11-23T12:00:49.845] [INFO] normal - ::1 - - "GET /egret-game/cocos2d-js-min.3570d.js HTTP/1.1" 200 732286 "http://localhost:8080/egret-game/index.html" "Mozilla/5.0 (Windows NT 10.0; Win64; x64) AppleWebKit/537.36 (KHTML, like Gecko) Chrome/78.0.3904.108 Safari/537.36"
[2019-11-23T12:00:50.019] [INFO] normal - ::1 - - "GET /egret-game/src/assets/Scripts/async.min.ce860.js HTTP/1.1" 200 23514 "http://localhost:8080/egret-game/index.html" "Mozilla/5.0 (Windows NT 10.0; Win64; x64) AppleWebKit/537.36 (KHTML, like Gecko) Chrome/78.0.3904.108 Safari/537.36"
[2019-11-23T12:00:50.020] [INFO] normal - ::1 - - "GET /egret-game/src/project.ee77a.js HTTP/1.1" 200 313730 "http://localhost:8080/egret-game/index.html" "Mozilla/5.0 (Windows NT 10.0; Win64; x64) AppleWebKit/537.36 (KHTML, like Gecko) Chrome/78.0.3904.108 Safari/537.36"
[2019-11-23T12:00:50.077] [INFO] normal - ::1 - - "GET /egret-game/res/import/07/079499991.35fcb.json HTTP/1.1" 200 12722 "http://localhost:8080/egret-game/index.html" "Mozilla/5.0 (Windows NT 10.0; Win64; x64) AppleWebKit/537.36 (KHTML, like Gecko) Chrome/78.0.3904.108 Safari/537.36"
[2019-11-23T12:00:50.078] [INFO] normal - ::1 - - "GET /egret-game/res/import/07/07ce7530a.8d35b.json HTTP/1.1" 200 1440 "http://localhost:8080/egret-game/index.html" "Mozilla/5.0 (Windows NT 10.0; Win64; x64) AppleWebKit/537.36 (KHTML, like Gecko) Chrome/78.0.3904.108 Safari/537.36"
[2019-11-23T12:00:50.079] [INFO] normal - ::1 - - "GET /egret-game/res/import/0d/0d669730c.80827.json HTTP/1.1" 200 854 "http://localhost:8080/egret-game/index.html" "Mozilla/5.0 (Windows NT 10.0; Win64; x64) AppleWebKit/537.36 (KHTML, like Gecko) Chrome/78.0.3904.108 Safari/537.36"
[2019-11-23T12:00:50.085] [INFO] normal - ::1 - - "GET /favicon.ico HTTP/1.1" 404 150 "http://localhost:8080/egret-game/index.html" "Mozilla/5.0 (Windows NT 10.0; Win64; x64) AppleWebKit/537.36 (KHTML, like Gecko) Chrome/78.0.3904.108 Safari/537.36"
[2019-11-23T12:00:50.086] [INFO] normal - ::1 - - "GET /egret-game/res/import/0e/0e4bc3b03.fbb43.json HTTP/1.1" 200 2790 "http://localhost:8080/egret-game/index.html" "Mozilla/5.0 (Windows NT 10.0; Win64; x64) AppleWebKit/537.36 (KHTML, like Gecko) Chrome/78.0.3904.108 Safari/537.36"
[2019-11-23T12:00:50.088] [INFO] normal - ::1 - - "GET /egret-game/res/import/28/2874f8dd-416c-4440-81b7-555975426e93.f6b43.json HTTP/1.1" 200 2313 "http://localhost:8080/egret-game/index.html" "Mozilla/5.0 (Windows NT 10.0; Win64; x64) AppleWebKit/537.36 (KHTML, like Gecko) Chrome/78.0.3904.108 Safari/537.36"
[2019-11-23T12:00:50.088] [INFO] normal - ::1 - - "GET /egret-game/res/import/79/79eafaef-b7ef-45d9-9c3f-591dc836fc7a.7dfee.json HTTP/1.1" 200 12589 "http://localhost:8080/egret-game/index.html" "Mozilla/5.0 (Windows NT 10.0; Win64; x64) AppleWebKit/537.36 (KHTML, like Gecko) Chrome/78.0.3904.108 Safari/537.36"
[2019-11-23T12:00:50.108] [INFO] normal - ::1 - - "GET /egret-game/res/import/08/08f266995.dfac2.json HTTP/1.1" 200 4114 "http://localhost:8080/egret-game/index.html" "Mozilla/5.0 (Windows NT 10.0; Win64; x64) AppleWebKit/537.36 (KHTML, like Gecko) Chrome/78.0.3904.108 Safari/537.36"
[2019-11-23T12:00:50.110] [INFO] normal - ::1 - - "GET /egret-game/res/import/6f/6f801092-0c37-4f30-89ef-c8d960825b36.f229e.json HTTP/1.1" 200 131 "http://localhost:8080/egret-game/index.html" "Mozilla/5.0 (Windows NT 10.0; Win64; x64) AppleWebKit/537.36 (KHTML, like Gecko) Chrome/78.0.3904.108 Safari/537.36"
[2019-11-23T12:00:50.110] [INFO] normal - ::1 - - "GET /egret-game/res/import/ec/eca5d2f2-8ef6-41c2-bbe6-f9c79d09c432.c7ab7.json HTTP/1.1" 200 151 "http://localhost:8080/egret-game/index.html" "Mozilla/5.0 (Windows NT 10.0; Win64; x64) AppleWebKit/537.36 (KHTML, like Gecko) Chrome/78.0.3904.108 Safari/537.36"
[2019-11-23T12:00:50.115] [INFO] normal - ::1 - - "GET /egret-game/res/raw-assets/02/0275e94c-56a7-410f-bd1a-fc7483f7d14a.cea68.png HTTP/1.1" 200 82 "http://localhost:8080/egret-game/index.html" "Mozilla/5.0 (Windows NT 10.0; Win64; x64) AppleWebKit/537.36 (KHTML, like Gecko) Chrome/78.0.3904.108 Safari/537.36"
[2019-11-23T12:00:50.121] [INFO] normal - ::1 - - "GET /egret-game/res/import/02/0231066ec.86bc4.json HTTP/1.1" 200 19426 "http://localhost:8080/egret-game/index.html" "Mozilla/5.0 (Windows NT 10.0; Win64; x64) AppleWebKit/537.36 (KHTML, like Gecko) Chrome/78.0.3904.108 Safari/537.36"
[2019-11-23T12:00:50.132] [INFO] normal - ::1 - - "GET /egret-game/res/import/8b/8b44d43a-8397-48de-bb89-2f77c21578c3.7f83c.json HTTP/1.1" 200 60 "http://localhost:8080/egret-game/index.html" "Mozilla/5.0 (Windows NT 10.0; Win64; x64) AppleWebKit/537.36 (KHTML, like Gecko) Chrome/78.0.3904.108 Safari/537.36"
[2019-11-23T12:00:50.134] [INFO] normal - ::1 - - "GET /egret-game/res/import/88/8876aa6f-09a7-4ab1-b30e-271df6094483.fb9bc.json HTTP/1.1" 200 65 "http://localhost:8080/egret-game/index.html" "Mozilla/5.0 (Windows NT 10.0; Win64; x64) AppleWebKit/537.36 (KHTML, like Gecko) Chrome/78.0.3904.108 Safari/537.36"
[2019-11-23T12:00:50.142] [INFO] normal - ::1 - - "GET /egret-game/res/raw-assets/eb/eb088a13-0224-4995-b1fa-61169ae9bd30.eba58.png HTTP/1.1" 200 21511 "http://localhost:8080/egret-game/index.html" "Mozilla/5.0 (Windows NT 10.0; Win64; x64) AppleWebKit/537.36 (KHTML, like Gecko) Chrome/78.0.3904.108 Safari/537.36"
[2019-11-23T12:00:50.143] [INFO] normal - ::1 - - "GET /egret-game/res/raw-assets/0a/0ac45eb8-834b-42b5-b764-54c3d59157ed.e1ceb.png HTTP/1.1" 200 20454 "http://localhost:8080/egret-game/index.html" "Mozilla/5.0 (Windows NT 10.0; Win64; x64) AppleWebKit/537.36 (KHTML, like Gecko) Chrome/78.0.3904.108 Safari/537.36"
[2019-11-23T12:00:50.143] [INFO] normal - ::1 - - "GET /egret-game/res/raw-assets/4a/4a2130af-5710-4a8e-820c-11f46aa8db15.75569.png HTTP/1.1" 200 124546 "http://localhost:8080/egret-game/index.html" "Mozilla/5.0 (Windows NT 10.0; Win64; x64) AppleWebKit/537.36 (KHTML, like Gecko) Chrome/78.0.3904.108 Safari/537.36"
[2019-11-23T12:00:50.145] [INFO] normal - ::1 - - "GET /egret-game/res/raw-assets/27/27ba46ca-e8e0-48f6-b4d1-37517995567b.34a18.png HTTP/1.1" 200 134684 "http://localhost:8080/egret-game/index.html" "Mozilla/5.0 (Windows NT 10.0; Win64; x64) AppleWebKit/537.36 (KHTML, like Gecko) Chrome/78.0.3904.108 Safari/537.36"
[2019-11-23T12:00:50.147] [INFO] normal - ::1 - - "GET /egret-game/res/raw-assets/fa/fa29ea60-2039-4f23-8cb3-b78fe3e1783a.3f508.png HTTP/1.1" 200 420467 "http://localhost:8080/egret-game/index.html" "Mozilla/5.0 (Windows NT 10.0; Win64; x64) AppleWebKit/537.36 (KHTML, like Gecko) Chrome/78.0.3904.108 Safari/537.36"
[2019-11-23T12:00:50.150] [INFO] normal - ::1 - - "GET /egret-game/res/raw-assets/7f/7f51cf34-3e7e-43c6-9604-9642f9f6657d.e347a.png HTTP/1.1" 200 2188 "http://localhost:8080/egret-game/index.html" "Mozilla/5.0 (Windows NT 10.0; Win64; x64) AppleWebKit/537.36 (KHTML, like Gecko) Chrome/78.0.3904.108 Safari/537.36"
[2019-11-23T12:00:50.153] [INFO] normal - ::1 - - "GET /egret-game/res/raw-assets/32/3216b0eb-0047-4671-a0e1-51920507e7fb.b7274.png HTTP/1.1" 200 12145 "http://localhost:8080/egret-game/index.html" "Mozilla/5.0 (Windows NT 10.0; Win64; x64) AppleWebKit/537.36 (KHTML, like Gecko) Chrome/78.0.3904.108 Safari/537.36"
[2019-11-23T12:00:50.154] [INFO] normal - ::1 - - "GET /egret-game/res/raw-assets/8b/8b44d43a-8397-48de-bb89-2f77c21578c3.4a587.mp3 HTTP/1.1" 200 5669 "http://localhost:8080/egret-game/index.html" "Mozilla/5.0 (Windows NT 10.0; Win64; x64) AppleWebKit/537.36 (KHTML, like Gecko) Chrome/78.0.3904.108 Safari/537.36"
[2019-11-23T12:00:50.155] [INFO] normal - ::1 - - "GET /egret-game/res/raw-assets/d1/d153024a-901e-4de3-9d0d-3c40ae74da64.f4615.png HTTP/1.1" 200 111486 "http://localhost:8080/egret-game/index.html" "Mozilla/5.0 (Windows NT 10.0; Win64; x64) AppleWebKit/537.36 (KHTML, like Gecko) Chrome/78.0.3904.108 Safari/537.36"
[2019-11-23T12:00:50.156] [INFO] normal - ::1 - - "GET /egret-game/res/raw-assets/cc/cc1f3488-39c1-401e-bd15-eaaafbff43a5.483bc.png HTTP/1.1" 200 1606161 "http://localhost:8080/egret-game/index.html" "Mozilla/5.0 (Windows NT 10.0; Win64; x64) AppleWebKit/537.36 (KHTML, like Gecko) Chrome/78.0.3904.108 Safari/537.36"
[2019-11-23T12:00:50.187] [INFO] normal - ::1 - - "GET /egret-game/res/raw-assets/88/8876aa6f-09a7-4ab1-b30e-271df6094483.b020f/simple.ttf HTTP/1.1" 200 1507392 "http://localhost:8080/egret-game/index.html" "Mozilla/5.0 (Windows NT 10.0; Win64; x64) AppleWebKit/537.36 (KHTML, like Gecko) Chrome/78.0.3904.108 Safari/537.36"
[2019-11-23T12:01:24.748] [INFO] normal - ::1 - - "GET /game/index.html HTTP/1.1" 200 2693 "" "Mozilla/5.0 (Windows NT 10.0; Win64; x64) AppleWebKit/537.36 (KHTML, like Gecko) Chrome/78.0.3904.108 Safari/537.36"
[2019-11-23T12:01:24.769] [INFO] normal - ::1 - - "GET /game/src/settings.70a24.js HTTP/1.1" 200 4758 "http://localhost:8080/game/index.html" "Mozilla/5.0 (Windows NT 10.0; Win64; x64) AppleWebKit/537.36 (KHTML, like Gecko) Chrome/78.0.3904.108 Safari/537.36"
[2019-11-23T12:01:24.770] [INFO] normal - ::1 - - "GET /game/main.11263.js HTTP/1.1" 200 7456 "http://localhost:8080/game/index.html" "Mozilla/5.0 (Windows NT 10.0; Win64; x64) AppleWebKit/537.36 (KHTML, like Gecko) Chrome/78.0.3904.108 Safari/537.36"
[2019-11-23T12:01:24.775] [INFO] normal - ::1 - - "GET /game/style-mobile.6187c.css HTTP/1.1" 200 2823 "http://localhost:8080/game/index.html" "Mozilla/5.0 (Windows NT 10.0; Win64; x64) AppleWebKit/537.36 (KHTML, like Gecko) Chrome/78.0.3904.108 Safari/537.36"
[2019-11-23T12:01:24.787] [INFO] normal - ::1 - - "GET /game/splash.03ce1.png HTTP/1.1" 200 41484 "http://localhost:8080/game/style-mobile.6187c.css" "Mozilla/5.0 (Windows NT 10.0; Win64; x64) AppleWebKit/537.36 (KHTML, like Gecko) Chrome/78.0.3904.108 Safari/537.36"
[2019-11-23T12:01:24.792] [INFO] normal - ::1 - - "GET /game/cocos2d-js-min.e87f5.js HTTP/1.1" 200 1795741 "http://localhost:8080/game/index.html" "Mozilla/5.0 (Windows NT 10.0; Win64; x64) AppleWebKit/537.36 (KHTML, like Gecko) Chrome/78.0.3904.108 Safari/537.36"
[2019-11-23T12:01:24.969] [INFO] normal - ::1 - - "GET /game/src/project.afa52.js HTTP/1.1" 200 30738 "http://localhost:8080/game/index.html" "Mozilla/5.0 (Windows NT 10.0; Win64; x64) AppleWebKit/537.36 (KHTML, like Gecko) Chrome/78.0.3904.108 Safari/537.36"
[2019-11-23T12:01:25.005] [INFO] normal - ::1 - - "GET /game/res/import/43/430eccbf-bf2c-4e6e-8c0c-884bbb487f32.cd592.json HTTP/1.1" 200 9837 "http://localhost:8080/game/index.html" "Mozilla/5.0 (Windows NT 10.0; Win64; x64) AppleWebKit/537.36 (KHTML, like Gecko) Chrome/78.0.3904.108 Safari/537.36"
[2019-11-23T12:01:25.006] [INFO] normal - ::1 - - "GET /game/res/import/07/079499991.3e6bc.json HTTP/1.1" 200 10855 "http://localhost:8080/game/index.html" "Mozilla/5.0 (Windows NT 10.0; Win64; x64) AppleWebKit/537.36 (KHTML, like Gecko) Chrome/78.0.3904.108 Safari/537.36"
[2019-11-23T12:01:25.007] [INFO] normal - ::1 - - "GET /game/res/import/07/07ce7530a.9dbb3.json HTTP/1.1" 200 1434 "http://localhost:8080/game/index.html" "Mozilla/5.0 (Windows NT 10.0; Win64; x64) AppleWebKit/537.36 (KHTML, like Gecko) Chrome/78.0.3904.108 Safari/537.36"
[2019-11-23T12:01:25.008] [INFO] normal - ::1 - - "GET /game/res/import/0d/0d669730c.80827.json HTTP/1.1" 200 854 "http://localhost:8080/game/index.html" "Mozilla/5.0 (Windows NT 10.0; Win64; x64) AppleWebKit/537.36 (KHTML, like Gecko) Chrome/78.0.3904.108 Safari/537.36"
[2019-11-23T12:01:25.012] [INFO] normal - ::1 - - "GET /game/res/import/0e/0e467e87b.ad687.json HTTP/1.1" 200 2443 "http://localhost:8080/game/index.html" "Mozilla/5.0 (Windows NT 10.0; Win64; x64) AppleWebKit/537.36 (KHTML, like Gecko) Chrome/78.0.3904.108 Safari/537.36"
[2019-11-23T12:01:25.013] [INFO] normal - ::1 - - "GET /game/res/import/0e/0e4bc3b03.ac3f5.json HTTP/1.1" 200 2784 "http://localhost:8080/game/index.html" "Mozilla/5.0 (Windows NT 10.0; Win64; x64) AppleWebKit/537.36 (KHTML, like Gecko) Chrome/78.0.3904.108 Safari/537.36"
[2019-11-23T12:01:25.014] [INFO] normal - ::1 - - "GET /game/res/import/6c/6c5cf6e1-b044-4eac-9431-835644d57381.92d22.json HTTP/1.1" 200 2209 "http://localhost:8080/game/index.html" "Mozilla/5.0 (Windows NT 10.0; Win64; x64) AppleWebKit/537.36 (KHTML, like Gecko) Chrome/78.0.3904.108 Safari/537.36"
[2019-11-23T12:01:25.014] [INFO] normal - ::1 - - "GET /game/res/import/11/115286d1-2e10-49ee-aab4-341583f607e8.c6150.json HTTP/1.1" 200 10242 "http://localhost:8080/game/index.html" "Mozilla/5.0 (Windows NT 10.0; Win64; x64) AppleWebKit/537.36 (KHTML, like Gecko) Chrome/78.0.3904.108 Safari/537.36"
[2019-11-23T12:01:25.015] [INFO] normal - ::1 - - "GET /game/res/import/79/79eafaef-b7ef-45d9-9c3f-591dc836fc7a.725ed.json HTTP/1.1" 200 10722 "http://localhost:8080/game/index.html" "Mozilla/5.0 (Windows NT 10.0; Win64; x64) AppleWebKit/537.36 (KHTML, like Gecko) Chrome/78.0.3904.108 Safari/537.36"
[2019-11-23T12:01:25.015] [INFO] normal - ::1 - - "GET /game/res/import/ab/abc2cb62-7852-4525-a90d-d474487b88f2.349de.json HTTP/1.1" 200 26353 "http://localhost:8080/game/index.html" "Mozilla/5.0 (Windows NT 10.0; Win64; x64) AppleWebKit/537.36 (KHTML, like Gecko) Chrome/78.0.3904.108 Safari/537.36"
[2019-11-23T12:01:25.033] [INFO] normal - ::1 - - "GET /game/res/import/03/03d220860.a1a6a.json HTTP/1.1" 200 578 "http://localhost:8080/game/index.html" "Mozilla/5.0 (Windows NT 10.0; Win64; x64) AppleWebKit/537.36 (KHTML, like Gecko) Chrome/78.0.3904.108 Safari/537.36"
[2019-11-23T12:01:25.035] [INFO] normal - ::1 - - "GET /game/res/import/c4/c4480a0a-6ac5-443f-8b40-361a14257fc8.e13e9.json HTTP/1.1" 200 148 "http://localhost:8080/game/index.html" "Mozilla/5.0 (Windows NT 10.0; Win64; x64) AppleWebKit/537.36 (KHTML, like Gecko) Chrome/78.0.3904.108 Safari/537.36"
[2019-11-23T12:01:25.038] [INFO] normal - ::1 - - "GET /game/res/raw-assets/02/0275e94c-56a7-410f-bd1a-fc7483f7d14a.cea68.png HTTP/1.1" 200 82 "http://localhost:8080/game/index.html" "Mozilla/5.0 (Windows NT 10.0; Win64; x64) AppleWebKit/537.36 (KHTML, like Gecko) Chrome/78.0.3904.108 Safari/537.36"
[2019-11-23T12:01:25.045] [INFO] normal - ::1 - - "GET /game/res/import/0e/0eeb7720c.24c0a.json HTTP/1.1" 200 7445 "http://localhost:8080/game/index.html" "Mozilla/5.0 (Windows NT 10.0; Win64; x64) AppleWebKit/537.36 (KHTML, like Gecko) Chrome/78.0.3904.108 Safari/537.36"
[2019-11-23T12:01:25.058] [INFO] normal - ::1 - - "GET /game/res/raw-assets/56/567dcd80-8bf4-4535-8a5a-313f1caf078a.5f1d9.png HTTP/1.1" 200 1675 "http://localhost:8080/game/index.html" "Mozilla/5.0 (Windows NT 10.0; Win64; x64) AppleWebKit/537.36 (KHTML, like Gecko) Chrome/78.0.3904.108 Safari/537.36"
[2019-11-23T12:01:25.059] [INFO] normal - ::1 - - "GET /game/res/raw-assets/99/99170b0b-d210-46f1-b213-7d9e3f23098a.d1118.png HTTP/1.1" 200 1177 "http://localhost:8080/game/index.html" "Mozilla/5.0 (Windows NT 10.0; Win64; x64) AppleWebKit/537.36 (KHTML, like Gecko) Chrome/78.0.3904.108 Safari/537.36"
[2019-11-23T12:01:25.059] [INFO] normal - ::1 - - "GET /game/res/raw-assets/d0/d0a82d39-bede-46c4-b698-c81ff0dedfff.841f5.png HTTP/1.1" 200 1439 "http://localhost:8080/game/index.html" "Mozilla/5.0 (Windows NT 10.0; Win64; x64) AppleWebKit/537.36 (KHTML, like Gecko) Chrome/78.0.3904.108 Safari/537.36"
[2019-11-23T12:01:25.061] [INFO] normal - ::1 - - "GET /game/res/raw-assets/cf/cfef78f1-c8df-49b7-8ed0-4c953ace2621.a4b59.png HTTP/1.1" 200 1140 "http://localhost:8080/game/index.html" "Mozilla/5.0 (Windows NT 10.0; Win64; x64) AppleWebKit/537.36 (KHTML, like Gecko) Chrome/78.0.3904.108 Safari/537.36"
[2019-11-23T12:01:25.063] [INFO] normal - ::1 - - "GET /game/res/raw-assets/b2/b2687ac4-099e-403c-a192-ff477686f4f5.2bf0b.plist HTTP/1.1" 200 3479 "http://localhost:8080/game/index.html" "Mozilla/5.0 (Windows NT 10.0; Win64; x64) AppleWebKit/537.36 (KHTML, like Gecko) Chrome/78.0.3904.108 Safari/537.36"
[2019-11-23T12:01:25.079] [INFO] normal - ::1 - - "GET /game/res/import/0e/0e6179ad3.1d444.json HTTP/1.1" 200 118153 "http://localhost:8080/game/index.html" "Mozilla/5.0 (Windows NT 10.0; Win64; x64) AppleWebKit/537.36 (KHTML, like Gecko) Chrome/78.0.3904.108 Safari/537.36"
[2019-11-23T12:01:25.143] [INFO] normal - ::1 - - "GET /game/res/raw-assets/a1/a1ef2fc9-9c57-418a-8f69-6bed9a7a0e7f.220ec.bin HTTP/1.1" 200 5072 "http://localhost:8080/game/index.html" "Mozilla/5.0 (Windows NT 10.0; Win64; x64) AppleWebKit/537.36 (KHTML, like Gecko) Chrome/78.0.3904.108 Safari/537.36"
[2019-11-23T12:01:25.149] [INFO] normal - ::1 - - "GET /game/res/raw-assets/17/1772877e-0265-4916-bde7-305f27e65a72.0b9f1.bin HTTP/1.1" 200 451788 "http://localhost:8080/game/index.html" "Mozilla/5.0 (Windows NT 10.0; Win64; x64) AppleWebKit/537.36 (KHTML, like Gecko) Chrome/78.0.3904.108 Safari/537.36"
[2019-11-23T12:01:25.150] [INFO] normal - ::1 - - "GET /game/res/raw-assets/d0/d0ba946c-fdbd-4215-8e75-6d67bc6ff406.52e94.bin HTTP/1.1" 200 178984 "http://localhost:8080/game/index.html" "Mozilla/5.0 (Windows NT 10.0; Win64; x64) AppleWebKit/537.36 (KHTML, like Gecko) Chrome/78.0.3904.108 Safari/537.36"
[2019-11-23T12:01:25.156] [INFO] normal - ::1 - - "GET /game/res/raw-assets/3f/3fb6eb65-175d-4c5a-abe6-d4df0f04aedb.07b70.png HTTP/1.1" 200 549527 "http://localhost:8080/game/index.html" "Mozilla/5.0 (Windows NT 10.0; Win64; x64) AppleWebKit/537.36 (KHTML, like Gecko) Chrome/78.0.3904.108 Safari/537.36"
[2019-11-23T12:01:25.168] [INFO] normal - ::1 - - "GET /game/res/raw-assets/b2/b219013f-ccfc-4e95-b2e7-ad25ebe237b3.3c5d8.bin HTTP/1.1" 200 566220 "http://localhost:8080/game/index.html" "Mozilla/5.0 (Windows NT 10.0; Win64; x64) AppleWebKit/537.36 (KHTML, like Gecko) Chrome/78.0.3904.108 Safari/537.36"
[2019-11-23T12:01:25.212] [INFO] normal - ::1 - - "GET /game/res/raw-assets/44/444ed789-036a-4cc5-b3ff-243bf0dd4648.9d003.png HTTP/1.1" 200 4838581 "http://localhost:8080/game/index.html" "Mozilla/5.0 (Windows NT 10.0; Win64; x64) AppleWebKit/537.36 (KHTML, like Gecko) Chrome/78.0.3904.108 Safari/537.36"
[2019-11-23T12:01:25.219] [INFO] normal - ::1 - - "GET /game/res/raw-assets/e7/e7825835-330c-4d28-ac9b-f55543a71024.78f42.png HTTP/1.1" 200 5985470 "http://localhost:8080/game/index.html" "Mozilla/5.0 (Windows NT 10.0; Win64; x64) AppleWebKit/537.36 (KHTML, like Gecko) Chrome/78.0.3904.108 Safari/537.36"
[2019-11-23T12:01:27.693] [INFO] normal - ::1 - - "GET /game/index.html HTTP/1.1" 304 - "" "Mozilla/5.0 (Windows NT 10.0; Win64; x64) AppleWebKit/537.36 (KHTML, like Gecko) Chrome/78.0.3904.108 Safari/537.36"
[2019-11-23T12:01:27.708] [INFO] normal - ::1 - - "GET /game/style-mobile.6187c.css HTTP/1.1" 304 - "http://localhost:8080/game/index.html" "Mozilla/5.0 (Windows NT 10.0; Win64; x64) AppleWebKit/537.36 (KHTML, like Gecko) Chrome/78.0.3904.108 Safari/537.36"
[2019-11-23T12:01:27.708] [INFO] normal - ::1 - - "GET /game/src/settings.70a24.js HTTP/1.1" 304 - "http://localhost:8080/game/index.html" "Mozilla/5.0 (Windows NT 10.0; Win64; x64) AppleWebKit/537.36 (KHTML, like Gecko) Chrome/78.0.3904.108 Safari/537.36"
[2019-11-23T12:01:27.709] [INFO] normal - ::1 - - "GET /game/main.11263.js HTTP/1.1" 304 - "http://localhost:8080/game/index.html" "Mozilla/5.0 (Windows NT 10.0; Win64; x64) AppleWebKit/537.36 (KHTML, like Gecko) Chrome/78.0.3904.108 Safari/537.36"
[2019-11-23T12:01:27.714] [INFO] normal - ::1 - - "GET /game/splash.03ce1.png HTTP/1.1" 304 - "http://localhost:8080/game/style-mobile.6187c.css" "Mozilla/5.0 (Windows NT 10.0; Win64; x64) AppleWebKit/537.36 (KHTML, like Gecko) Chrome/78.0.3904.108 Safari/537.36"
[2019-11-23T12:01:27.722] [INFO] normal - ::1 - - "GET /game/cocos2d-js-min.e87f5.js HTTP/1.1" 304 - "http://localhost:8080/game/index.html" "Mozilla/5.0 (Windows NT 10.0; Win64; x64) AppleWebKit/537.36 (KHTML, like Gecko) Chrome/78.0.3904.108 Safari/537.36"
[2019-11-23T12:01:27.869] [INFO] normal - ::1 - - "GET /game/src/project.afa52.js HTTP/1.1" 304 - "http://localhost:8080/game/index.html" "Mozilla/5.0 (Windows NT 10.0; Win64; x64) AppleWebKit/537.36 (KHTML, like Gecko) Chrome/78.0.3904.108 Safari/537.36"
[2019-11-23T12:01:27.899] [INFO] normal - ::1 - - "GET /game/res/import/43/430eccbf-bf2c-4e6e-8c0c-884bbb487f32.cd592.json HTTP/1.1" 304 - "http://localhost:8080/game/index.html" "Mozilla/5.0 (Windows NT 10.0; Win64; x64) AppleWebKit/537.36 (KHTML, like Gecko) Chrome/78.0.3904.108 Safari/537.36"
[2019-11-23T12:01:27.900] [INFO] normal - ::1 - - "GET /game/res/import/07/079499991.3e6bc.json HTTP/1.1" 304 - "http://localhost:8080/game/index.html" "Mozilla/5.0 (Windows NT 10.0; Win64; x64) AppleWebKit/537.36 (KHTML, like Gecko) Chrome/78.0.3904.108 Safari/537.36"
[2019-11-23T12:01:27.901] [INFO] normal - ::1 - - "GET /game/res/import/07/07ce7530a.9dbb3.json HTTP/1.1" 304 - "http://localhost:8080/game/index.html" "Mozilla/5.0 (Windows NT 10.0; Win64; x64) AppleWebKit/537.36 (KHTML, like Gecko) Chrome/78.0.3904.108 Safari/537.36"
[2019-11-23T12:01:27.902] [INFO] normal - ::1 - - "GET /game/res/import/0d/0d669730c.80827.json HTTP/1.1" 304 - "http://localhost:8080/game/index.html" "Mozilla/5.0 (Windows NT 10.0; Win64; x64) AppleWebKit/537.36 (KHTML, like Gecko) Chrome/78.0.3904.108 Safari/537.36"
[2019-11-23T12:01:27.902] [INFO] normal - ::1 - - "GET /game/res/import/0e/0e467e87b.ad687.json HTTP/1.1" 304 - "http://localhost:8080/game/index.html" "Mozilla/5.0 (Windows NT 10.0; Win64; x64) AppleWebKit/537.36 (KHTML, like Gecko) Chrome/78.0.3904.108 Safari/537.36"
[2019-11-23T12:01:27.904] [INFO] normal - ::1 - - "GET /game/res/import/0e/0e4bc3b03.ac3f5.json HTTP/1.1" 304 - "http://localhost:8080/game/index.html" "Mozilla/5.0 (Windows NT 10.0; Win64; x64) AppleWebKit/537.36 (KHTML, like Gecko) Chrome/78.0.3904.108 Safari/537.36"
[2019-11-23T12:01:27.905] [INFO] normal - ::1 - - "GET /game/res/import/11/115286d1-2e10-49ee-aab4-341583f607e8.c6150.json HTTP/1.1" 304 - "http://localhost:8080/game/index.html" "Mozilla/5.0 (Windows NT 10.0; Win64; x64) AppleWebKit/537.36 (KHTML, like Gecko) Chrome/78.0.3904.108 Safari/537.36"
[2019-11-23T12:01:27.906] [INFO] normal - ::1 - - "GET /game/res/import/6c/6c5cf6e1-b044-4eac-9431-835644d57381.92d22.json HTTP/1.1" 304 - "http://localhost:8080/game/index.html" "Mozilla/5.0 (Windows NT 10.0; Win64; x64) AppleWebKit/537.36 (KHTML, like Gecko) Chrome/78.0.3904.108 Safari/537.36"
[2019-11-23T12:01:27.906] [INFO] normal - ::1 - - "GET /game/res/import/79/79eafaef-b7ef-45d9-9c3f-591dc836fc7a.725ed.json HTTP/1.1" 304 - "http://localhost:8080/game/index.html" "Mozilla/5.0 (Windows NT 10.0; Win64; x64) AppleWebKit/537.36 (KHTML, like Gecko) Chrome/78.0.3904.108 Safari/537.36"
[2019-11-23T12:01:27.907] [INFO] normal - ::1 - - "GET /game/res/import/ab/abc2cb62-7852-4525-a90d-d474487b88f2.349de.json HTTP/1.1" 304 - "http://localhost:8080/game/index.html" "Mozilla/5.0 (Windows NT 10.0; Win64; x64) AppleWebKit/537.36 (KHTML, like Gecko) Chrome/78.0.3904.108 Safari/537.36"
[2019-11-23T12:01:27.917] [INFO] normal - ::1 - - "GET /game/res/import/03/03d220860.a1a6a.json HTTP/1.1" 304 - "http://localhost:8080/game/index.html" "Mozilla/5.0 (Windows NT 10.0; Win64; x64) AppleWebKit/537.36 (KHTML, like Gecko) Chrome/78.0.3904.108 Safari/537.36"
[2019-11-23T12:01:27.919] [INFO] normal - ::1 - - "GET /game/res/import/c4/c4480a0a-6ac5-443f-8b40-361a14257fc8.e13e9.json HTTP/1.1" 304 - "http://localhost:8080/game/index.html" "Mozilla/5.0 (Windows NT 10.0; Win64; x64) AppleWebKit/537.36 (KHTML, like Gecko) Chrome/78.0.3904.108 Safari/537.36"
[2019-11-23T12:01:27.923] [INFO] normal - ::1 - - "GET /game/res/raw-assets/02/0275e94c-56a7-410f-bd1a-fc7483f7d14a.cea68.png HTTP/1.1" 304 - "http://localhost:8080/game/index.html" "Mozilla/5.0 (Windows NT 10.0; Win64; x64) AppleWebKit/537.36 (KHTML, like Gecko) Chrome/78.0.3904.108 Safari/537.36"
[2019-11-23T12:01:27.929] [INFO] normal - ::1 - - "GET /game/res/import/0e/0eeb7720c.24c0a.json HTTP/1.1" 304 - "http://localhost:8080/game/index.html" "Mozilla/5.0 (Windows NT 10.0; Win64; x64) AppleWebKit/537.36 (KHTML, like Gecko) Chrome/78.0.3904.108 Safari/537.36"
[2019-11-23T12:01:27.940] [INFO] normal - ::1 - - "GET /game/res/raw-assets/56/567dcd80-8bf4-4535-8a5a-313f1caf078a.5f1d9.png HTTP/1.1" 304 - "http://localhost:8080/game/index.html" "Mozilla/5.0 (Windows NT 10.0; Win64; x64) AppleWebKit/537.36 (KHTML, like Gecko) Chrome/78.0.3904.108 Safari/537.36"
[2019-11-23T12:01:27.942] [INFO] normal - ::1 - - "GET /game/res/raw-assets/99/99170b0b-d210-46f1-b213-7d9e3f23098a.d1118.png HTTP/1.1" 304 - "http://localhost:8080/game/index.html" "Mozilla/5.0 (Windows NT 10.0; Win64; x64) AppleWebKit/537.36 (KHTML, like Gecko) Chrome/78.0.3904.108 Safari/537.36"
[2019-11-23T12:01:27.943] [INFO] normal - ::1 - - "GET /game/res/raw-assets/b2/b2687ac4-099e-403c-a192-ff477686f4f5.2bf0b.plist HTTP/1.1" 304 - "http://localhost:8080/game/index.html" "Mozilla/5.0 (Windows NT 10.0; Win64; x64) AppleWebKit/537.36 (KHTML, like Gecko) Chrome/78.0.3904.108 Safari/537.36"
[2019-11-23T12:01:27.944] [INFO] normal - ::1 - - "GET /game/res/raw-assets/d0/d0a82d39-bede-46c4-b698-c81ff0dedfff.841f5.png HTTP/1.1" 304 - "http://localhost:8080/game/index.html" "Mozilla/5.0 (Windows NT 10.0; Win64; x64) AppleWebKit/537.36 (KHTML, like Gecko) Chrome/78.0.3904.108 Safari/537.36"
[2019-11-23T12:01:27.945] [INFO] normal - ::1 - - "GET /game/res/raw-assets/cf/cfef78f1-c8df-49b7-8ed0-4c953ace2621.a4b59.png HTTP/1.1" 304 - "http://localhost:8080/game/index.html" "Mozilla/5.0 (Windows NT 10.0; Win64; x64) AppleWebKit/537.36 (KHTML, like Gecko) Chrome/78.0.3904.108 Safari/537.36"
[2019-11-23T12:01:27.957] [INFO] normal - ::1 - - "GET /game/res/import/0e/0e6179ad3.1d444.json HTTP/1.1" 304 - "http://localhost:8080/game/index.html" "Mozilla/5.0 (Windows NT 10.0; Win64; x64) AppleWebKit/537.36 (KHTML, like Gecko) Chrome/78.0.3904.108 Safari/537.36"
[2019-11-23T12:01:27.995] [INFO] normal - ::1 - - "GET /game/res/raw-assets/a1/a1ef2fc9-9c57-418a-8f69-6bed9a7a0e7f.220ec.bin HTTP/1.1" 304 - "http://localhost:8080/game/index.html" "Mozilla/5.0 (Windows NT 10.0; Win64; x64) AppleWebKit/537.36 (KHTML, like Gecko) Chrome/78.0.3904.108 Safari/537.36"
[2019-11-23T12:01:27.997] [INFO] normal - ::1 - - "GET /game/res/raw-assets/17/1772877e-0265-4916-bde7-305f27e65a72.0b9f1.bin HTTP/1.1" 304 - "http://localhost:8080/game/index.html" "Mozilla/5.0 (Windows NT 10.0; Win64; x64) AppleWebKit/537.36 (KHTML, like Gecko) Chrome/78.0.3904.108 Safari/537.36"
[2019-11-23T12:01:27.997] [INFO] normal - ::1 - - "GET /game/res/raw-assets/d0/d0ba946c-fdbd-4215-8e75-6d67bc6ff406.52e94.bin HTTP/1.1" 304 - "http://localhost:8080/game/index.html" "Mozilla/5.0 (Windows NT 10.0; Win64; x64) AppleWebKit/537.36 (KHTML, like Gecko) Chrome/78.0.3904.108 Safari/537.36"
[2019-11-23T12:01:28.002] [INFO] normal - ::1 - - "GET /game/res/raw-assets/44/444ed789-036a-4cc5-b3ff-243bf0dd4648.9d003.png HTTP/1.1" 304 - "http://localhost:8080/game/index.html" "Mozilla/5.0 (Windows NT 10.0; Win64; x64) AppleWebKit/537.36 (KHTML, like Gecko) Chrome/78.0.3904.108 Safari/537.36"
[2019-11-23T12:01:28.003] [INFO] normal - ::1 - - "GET /game/res/raw-assets/e7/e7825835-330c-4d28-ac9b-f55543a71024.78f42.png HTTP/1.1" 304 - "http://localhost:8080/game/index.html" "Mozilla/5.0 (Windows NT 10.0; Win64; x64) AppleWebKit/537.36 (KHTML, like Gecko) Chrome/78.0.3904.108 Safari/537.36"
[2019-11-23T12:01:28.003] [INFO] normal - ::1 - - "GET /game/res/raw-assets/3f/3fb6eb65-175d-4c5a-abe6-d4df0f04aedb.07b70.png HTTP/1.1" 304 - "http://localhost:8080/game/index.html" "Mozilla/5.0 (Windows NT 10.0; Win64; x64) AppleWebKit/537.36 (KHTML, like Gecko) Chrome/78.0.3904.108 Safari/537.36"
[2019-11-23T12:01:28.004] [INFO] normal - ::1 - - "GET /game/res/raw-assets/b2/b219013f-ccfc-4e95-b2e7-ad25ebe237b3.3c5d8.bin HTTP/1.1" 304 - "http://localhost:8080/game/index.html" "Mozilla/5.0 (Windows NT 10.0; Win64; x64) AppleWebKit/537.36 (KHTML, like Gecko) Chrome/78.0.3904.108 Safari/537.36"
[2019-11-23T12:57:56.751] [INFO] normal - ::1 - - "GET /egret-game/index.html HTTP/1.1" 304 - "" "Mozilla/5.0 (Windows NT 10.0; Win64; x64) AppleWebKit/537.36 (KHTML, like Gecko) Chrome/78.0.3904.108 Safari/537.36"
[2019-11-23T12:57:56.779] [INFO] normal - ::1 - - "GET /egret-game/style-desktop.ec961.css HTTP/1.1" 304 - "http://localhost:8080/egret-game/index.html" "Mozilla/5.0 (Windows NT 10.0; Win64; x64) AppleWebKit/537.36 (KHTML, like Gecko) Chrome/78.0.3904.108 Safari/537.36"
[2019-11-23T12:57:56.785] [INFO] normal - ::1 - - "GET /egret-game/src/settings.d0cb1.js HTTP/1.1" 304 - "http://localhost:8080/egret-game/index.html" "Mozilla/5.0 (Windows NT 10.0; Win64; x64) AppleWebKit/537.36 (KHTML, like Gecko) Chrome/78.0.3904.108 Safari/537.36"
[2019-11-23T12:57:56.786] [INFO] normal - ::1 - - "GET /egret-game/main.6e25f.js HTTP/1.1" 304 - "http://localhost:8080/egret-game/index.html" "Mozilla/5.0 (Windows NT 10.0; Win64; x64) AppleWebKit/537.36 (KHTML, like Gecko) Chrome/78.0.3904.108 Safari/537.36"
[2019-11-23T12:57:56.798] [INFO] normal - ::1 - - "GET /egret-game/splash.03ce1.png HTTP/1.1" 304 - "http://localhost:8080/egret-game/style-desktop.ec961.css" "Mozilla/5.0 (Windows NT 10.0; Win64; x64) AppleWebKit/537.36 (KHTML, like Gecko) Chrome/78.0.3904.108 Safari/537.36"
[2019-11-23T12:57:56.831] [INFO] normal - ::1 - - "GET /egret-game/cocos2d-js-min.3570d.js HTTP/1.1" 304 - "http://localhost:8080/egret-game/index.html" "Mozilla/5.0 (Windows NT 10.0; Win64; x64) AppleWebKit/537.36 (KHTML, like Gecko) Chrome/78.0.3904.108 Safari/537.36"
[2019-11-23T12:57:56.949] [INFO] normal - ::1 - - "GET /egret-game/src/assets/Scripts/async.min.ce860.js HTTP/1.1" 304 - "http://localhost:8080/egret-game/index.html" "Mozilla/5.0 (Windows NT 10.0; Win64; x64) AppleWebKit/537.36 (KHTML, like Gecko) Chrome/78.0.3904.108 Safari/537.36"
[2019-11-23T12:57:56.949] [INFO] normal - ::1 - - "GET /egret-game/src/project.ee77a.js HTTP/1.1" 304 - "http://localhost:8080/egret-game/index.html" "Mozilla/5.0 (Windows NT 10.0; Win64; x64) AppleWebKit/537.36 (KHTML, like Gecko) Chrome/78.0.3904.108 Safari/537.36"
[2019-11-23T12:57:57.008] [INFO] normal - ::1 - - "GET /egret-game/res/import/07/079499991.35fcb.json HTTP/1.1" 304 - "http://localhost:8080/egret-game/index.html" "Mozilla/5.0 (Windows NT 10.0; Win64; x64) AppleWebKit/537.36 (KHTML, like Gecko) Chrome/78.0.3904.108 Safari/537.36"
[2019-11-23T12:57:57.008] [INFO] normal - ::1 - - "GET /egret-game/res/import/07/07ce7530a.8d35b.json HTTP/1.1" 304 - "http://localhost:8080/egret-game/index.html" "Mozilla/5.0 (Windows NT 10.0; Win64; x64) AppleWebKit/537.36 (KHTML, like Gecko) Chrome/78.0.3904.108 Safari/537.36"
[2019-11-23T12:57:57.012] [INFO] normal - ::1 - - "GET /egret-game/res/import/0e/0e4bc3b03.fbb43.json HTTP/1.1" 304 - "http://localhost:8080/egret-game/index.html" "Mozilla/5.0 (Windows NT 10.0; Win64; x64) AppleWebKit/537.36 (KHTML, like Gecko) Chrome/78.0.3904.108 Safari/537.36"
[2019-11-23T12:57:57.012] [INFO] normal - ::1 - - "GET /egret-game/res/import/0d/0d669730c.80827.json HTTP/1.1" 304 - "http://localhost:8080/egret-game/index.html" "Mozilla/5.0 (Windows NT 10.0; Win64; x64) AppleWebKit/537.36 (KHTML, like Gecko) Chrome/78.0.3904.108 Safari/537.36"
[2019-11-23T12:57:57.014] [INFO] normal - ::1 - - "GET /egret-game/res/import/28/2874f8dd-416c-4440-81b7-555975426e93.f6b43.json HTTP/1.1" 304 - "http://localhost:8080/egret-game/index.html" "Mozilla/5.0 (Windows NT 10.0; Win64; x64) AppleWebKit/537.36 (KHTML, like Gecko) Chrome/78.0.3904.108 Safari/537.36"
[2019-11-23T12:57:57.014] [INFO] normal - ::1 - - "GET /egret-game/res/import/79/79eafaef-b7ef-45d9-9c3f-591dc836fc7a.7dfee.json HTTP/1.1" 304 - "http://localhost:8080/egret-game/index.html" "Mozilla/5.0 (Windows NT 10.0; Win64; x64) AppleWebKit/537.36 (KHTML, like Gecko) Chrome/78.0.3904.108 Safari/537.36"
[2019-11-23T12:57:57.026] [INFO] normal - ::1 - - "GET /egret-game/res/import/08/08f266995.dfac2.json HTTP/1.1" 304 - "http://localhost:8080/egret-game/index.html" "Mozilla/5.0 (Windows NT 10.0; Win64; x64) AppleWebKit/537.36 (KHTML, like Gecko) Chrome/78.0.3904.108 Safari/537.36"
[2019-11-23T12:57:57.035] [INFO] normal - ::1 - - "GET /egret-game/res/import/6f/6f801092-0c37-4f30-89ef-c8d960825b36.f229e.json HTTP/1.1" 304 - "http://localhost:8080/egret-game/index.html" "Mozilla/5.0 (Windows NT 10.0; Win64; x64) AppleWebKit/537.36 (KHTML, like Gecko) Chrome/78.0.3904.108 Safari/537.36"
[2019-11-23T12:57:57.035] [INFO] normal - ::1 - - "GET /egret-game/res/import/ec/eca5d2f2-8ef6-41c2-bbe6-f9c79d09c432.c7ab7.json HTTP/1.1" 304 - "http://localhost:8080/egret-game/index.html" "Mozilla/5.0 (Windows NT 10.0; Win64; x64) AppleWebKit/537.36 (KHTML, like Gecko) Chrome/78.0.3904.108 Safari/537.36"
[2019-11-23T12:57:57.039] [INFO] normal - ::1 - - "GET /egret-game/res/raw-assets/02/0275e94c-56a7-410f-bd1a-fc7483f7d14a.cea68.png HTTP/1.1" 304 - "http://localhost:8080/egret-game/index.html" "Mozilla/5.0 (Windows NT 10.0; Win64; x64) AppleWebKit/537.36 (KHTML, like Gecko) Chrome/78.0.3904.108 Safari/537.36"
[2019-11-23T12:57:57.045] [INFO] normal - ::1 - - "GET /egret-game/res/import/02/0231066ec.86bc4.json HTTP/1.1" 304 - "http://localhost:8080/egret-game/index.html" "Mozilla/5.0 (Windows NT 10.0; Win64; x64) AppleWebKit/537.36 (KHTML, like Gecko) Chrome/78.0.3904.108 Safari/537.36"
[2019-11-23T12:57:57.056] [INFO] normal - ::1 - - "GET /egret-game/res/import/8b/8b44d43a-8397-48de-bb89-2f77c21578c3.7f83c.json HTTP/1.1" 304 - "http://localhost:8080/egret-game/index.html" "Mozilla/5.0 (Windows NT 10.0; Win64; x64) AppleWebKit/537.36 (KHTML, like Gecko) Chrome/78.0.3904.108 Safari/537.36"
[2019-11-23T12:57:57.058] [INFO] normal - ::1 - - "GET /egret-game/res/import/88/8876aa6f-09a7-4ab1-b30e-271df6094483.fb9bc.json HTTP/1.1" 304 - "http://localhost:8080/egret-game/index.html" "Mozilla/5.0 (Windows NT 10.0; Win64; x64) AppleWebKit/537.36 (KHTML, like Gecko) Chrome/78.0.3904.108 Safari/537.36"
[2019-11-23T12:57:57.062] [INFO] normal - ::1 - - "GET /egret-game/res/raw-assets/fa/fa29ea60-2039-4f23-8cb3-b78fe3e1783a.3f508.png HTTP/1.1" 304 - "http://localhost:8080/egret-game/index.html" "Mozilla/5.0 (Windows NT 10.0; Win64; x64) AppleWebKit/537.36 (KHTML, like Gecko) Chrome/78.0.3904.108 Safari/537.36"
[2019-11-23T12:57:57.062] [INFO] normal - ::1 - - "GET /egret-game/res/raw-assets/cc/cc1f3488-39c1-401e-bd15-eaaafbff43a5.483bc.png HTTP/1.1" 304 - "http://localhost:8080/egret-game/index.html" "Mozilla/5.0 (Windows NT 10.0; Win64; x64) AppleWebKit/537.36 (KHTML, like Gecko) Chrome/78.0.3904.108 Safari/537.36"
[2019-11-23T12:57:57.062] [INFO] normal - ::1 - - "GET /egret-game/res/raw-assets/4a/4a2130af-5710-4a8e-820c-11f46aa8db15.75569.png HTTP/1.1" 304 - "http://localhost:8080/egret-game/index.html" "Mozilla/5.0 (Windows NT 10.0; Win64; x64) AppleWebKit/537.36 (KHTML, like Gecko) Chrome/78.0.3904.108 Safari/537.36"
[2019-11-23T12:57:57.063] [INFO] normal - ::1 - - "GET /egret-game/res/raw-assets/eb/eb088a13-0224-4995-b1fa-61169ae9bd30.eba58.png HTTP/1.1" 304 - "http://localhost:8080/egret-game/index.html" "Mozilla/5.0 (Windows NT 10.0; Win64; x64) AppleWebKit/537.36 (KHTML, like Gecko) Chrome/78.0.3904.108 Safari/537.36"
[2019-11-23T12:57:57.065] [INFO] normal - ::1 - - "GET /egret-game/res/raw-assets/27/27ba46ca-e8e0-48f6-b4d1-37517995567b.34a18.png HTTP/1.1" 304 - "http://localhost:8080/egret-game/index.html" "Mozilla/5.0 (Windows NT 10.0; Win64; x64) AppleWebKit/537.36 (KHTML, like Gecko) Chrome/78.0.3904.108 Safari/537.36"
[2019-11-23T12:57:57.066] [INFO] normal - ::1 - - "GET /egret-game/res/raw-assets/0a/0ac45eb8-834b-42b5-b764-54c3d59157ed.e1ceb.png HTTP/1.1" 304 - "http://localhost:8080/egret-game/index.html" "Mozilla/5.0 (Windows NT 10.0; Win64; x64) AppleWebKit/537.36 (KHTML, like Gecko) Chrome/78.0.3904.108 Safari/537.36"
[2019-11-23T12:57:57.069] [INFO] normal - ::1 - - "GET /egret-game/res/raw-assets/8b/8b44d43a-8397-48de-bb89-2f77c21578c3.4a587.mp3 HTTP/1.1" 304 - "http://localhost:8080/egret-game/index.html" "Mozilla/5.0 (Windows NT 10.0; Win64; x64) AppleWebKit/537.36 (KHTML, like Gecko) Chrome/78.0.3904.108 Safari/537.36"
[2019-11-23T12:57:57.070] [INFO] normal - ::1 - - "GET /egret-game/res/raw-assets/7f/7f51cf34-3e7e-43c6-9604-9642f9f6657d.e347a.png HTTP/1.1" 304 - "http://localhost:8080/egret-game/index.html" "Mozilla/5.0 (Windows NT 10.0; Win64; x64) AppleWebKit/537.36 (KHTML, like Gecko) Chrome/78.0.3904.108 Safari/537.36"
[2019-11-23T12:57:57.072] [INFO] normal - ::1 - - "GET /egret-game/res/raw-assets/32/3216b0eb-0047-4671-a0e1-51920507e7fb.b7274.png HTTP/1.1" 304 - "http://localhost:8080/egret-game/index.html" "Mozilla/5.0 (Windows NT 10.0; Win64; x64) AppleWebKit/537.36 (KHTML, like Gecko) Chrome/78.0.3904.108 Safari/537.36"
[2019-11-23T12:57:57.072] [INFO] normal - ::1 - - "GET /egret-game/res/raw-assets/d1/d153024a-901e-4de3-9d0d-3c40ae74da64.f4615.png HTTP/1.1" 304 - "http://localhost:8080/egret-game/index.html" "Mozilla/5.0 (Windows NT 10.0; Win64; x64) AppleWebKit/537.36 (KHTML, like Gecko) Chrome/78.0.3904.108 Safari/537.36"
[2019-11-23T12:57:57.102] [INFO] normal - ::1 - - "GET /egret-game/res/raw-assets/88/8876aa6f-09a7-4ab1-b30e-271df6094483.b020f/simple.ttf HTTP/1.1" 304 - "http://localhost:8080/egret-game/index.html" "Mozilla/5.0 (Windows NT 10.0; Win64; x64) AppleWebKit/537.36 (KHTML, like Gecko) Chrome/78.0.3904.108 Safari/537.36"
[2019-11-23T12:58:02.749] [INFO] normal - ::1 - - "GET /game/index.html HTTP/1.1" 304 - "" "Mozilla/5.0 (Windows NT 10.0; Win64; x64) AppleWebKit/537.36 (KHTML, like Gecko) Chrome/78.0.3904.108 Safari/537.36"
[2019-11-23T12:58:02.767] [INFO] normal - ::1 - - "GET /game/style-mobile.6187c.css HTTP/1.1" 304 - "http://localhost:8080/game/index.html" "Mozilla/5.0 (Windows NT 10.0; Win64; x64) AppleWebKit/537.36 (KHTML, like Gecko) Chrome/78.0.3904.108 Safari/537.36"
[2019-11-23T12:58:02.767] [INFO] normal - ::1 - - "GET /game/src/settings.70a24.js HTTP/1.1" 304 - "http://localhost:8080/game/index.html" "Mozilla/5.0 (Windows NT 10.0; Win64; x64) AppleWebKit/537.36 (KHTML, like Gecko) Chrome/78.0.3904.108 Safari/537.36"
[2019-11-23T12:58:02.767] [INFO] normal - ::1 - - "GET /game/main.11263.js HTTP/1.1" 304 - "http://localhost:8080/game/index.html" "Mozilla/5.0 (Windows NT 10.0; Win64; x64) AppleWebKit/537.36 (KHTML, like Gecko) Chrome/78.0.3904.108 Safari/537.36"
[2019-11-23T12:58:02.773] [INFO] normal - ::1 - - "GET /game/splash.03ce1.png HTTP/1.1" 304 - "http://localhost:8080/game/style-mobile.6187c.css" "Mozilla/5.0 (Windows NT 10.0; Win64; x64) AppleWebKit/537.36 (KHTML, like Gecko) Chrome/78.0.3904.108 Safari/537.36"
[2019-11-23T12:58:02.778] [INFO] normal - ::1 - - "GET /game/cocos2d-js-min.e87f5.js HTTP/1.1" 304 - "http://localhost:8080/game/index.html" "Mozilla/5.0 (Windows NT 10.0; Win64; x64) AppleWebKit/537.36 (KHTML, like Gecko) Chrome/78.0.3904.108 Safari/537.36"
[2019-11-23T12:58:02.961] [INFO] normal - ::1 - - "GET /game/src/project.afa52.js HTTP/1.1" 304 - "http://localhost:8080/game/index.html" "Mozilla/5.0 (Windows NT 10.0; Win64; x64) AppleWebKit/537.36 (KHTML, like Gecko) Chrome/78.0.3904.108 Safari/537.36"
[2019-11-23T12:58:02.998] [INFO] normal - ::1 - - "GET /game/res/import/43/430eccbf-bf2c-4e6e-8c0c-884bbb487f32.cd592.json HTTP/1.1" 304 - "http://localhost:8080/game/index.html" "Mozilla/5.0 (Windows NT 10.0; Win64; x64) AppleWebKit/537.36 (KHTML, like Gecko) Chrome/78.0.3904.108 Safari/537.36"
[2019-11-23T12:58:02.999] [INFO] normal - ::1 - - "GET /game/res/import/07/079499991.3e6bc.json HTTP/1.1" 304 - "http://localhost:8080/game/index.html" "Mozilla/5.0 (Windows NT 10.0; Win64; x64) AppleWebKit/537.36 (KHTML, like Gecko) Chrome/78.0.3904.108 Safari/537.36"
[2019-11-23T12:58:03.000] [INFO] normal - ::1 - - "GET /game/res/import/07/07ce7530a.9dbb3.json HTTP/1.1" 304 - "http://localhost:8080/game/index.html" "Mozilla/5.0 (Windows NT 10.0; Win64; x64) AppleWebKit/537.36 (KHTML, like Gecko) Chrome/78.0.3904.108 Safari/537.36"
[2019-11-23T12:58:03.002] [INFO] normal - ::1 - - "GET /game/res/import/0d/0d669730c.80827.json HTTP/1.1" 304 - "http://localhost:8080/game/index.html" "Mozilla/5.0 (Windows NT 10.0; Win64; x64) AppleWebKit/537.36 (KHTML, like Gecko) Chrome/78.0.3904.108 Safari/537.36"
[2019-11-23T12:58:03.003] [INFO] normal - ::1 - - "GET /game/res/import/0e/0e467e87b.ad687.json HTTP/1.1" 304 - "http://localhost:8080/game/index.html" "Mozilla/5.0 (Windows NT 10.0; Win64; x64) AppleWebKit/537.36 (KHTML, like Gecko) Chrome/78.0.3904.108 Safari/537.36"
[2019-11-23T12:58:03.004] [INFO] normal - ::1 - - "GET /game/res/import/0e/0e4bc3b03.ac3f5.json HTTP/1.1" 304 - "http://localhost:8080/game/index.html" "Mozilla/5.0 (Windows NT 10.0; Win64; x64) AppleWebKit/537.36 (KHTML, like Gecko) Chrome/78.0.3904.108 Safari/537.36"
[2019-11-23T12:58:03.006] [INFO] normal - ::1 - - "GET /game/res/import/11/115286d1-2e10-49ee-aab4-341583f607e8.c6150.json HTTP/1.1" 304 - "http://localhost:8080/game/index.html" "Mozilla/5.0 (Windows NT 10.0; Win64; x64) AppleWebKit/537.36 (KHTML, like Gecko) Chrome/78.0.3904.108 Safari/537.36"
[2019-11-23T12:58:03.006] [INFO] normal - ::1 - - "GET /game/res/import/6c/6c5cf6e1-b044-4eac-9431-835644d57381.92d22.json HTTP/1.1" 304 - "http://localhost:8080/game/index.html" "Mozilla/5.0 (Windows NT 10.0; Win64; x64) AppleWebKit/537.36 (KHTML, like Gecko) Chrome/78.0.3904.108 Safari/537.36"
[2019-11-23T12:58:03.008] [INFO] normal - ::1 - - "GET /game/res/import/79/79eafaef-b7ef-45d9-9c3f-591dc836fc7a.725ed.json HTTP/1.1" 304 - "http://localhost:8080/game/index.html" "Mozilla/5.0 (Windows NT 10.0; Win64; x64) AppleWebKit/537.36 (KHTML, like Gecko) Chrome/78.0.3904.108 Safari/537.36"
[2019-11-23T12:58:03.008] [INFO] normal - ::1 - - "GET /game/res/import/ab/abc2cb62-7852-4525-a90d-d474487b88f2.349de.json HTTP/1.1" 304 - "http://localhost:8080/game/index.html" "Mozilla/5.0 (Windows NT 10.0; Win64; x64) AppleWebKit/537.36 (KHTML, like Gecko) Chrome/78.0.3904.108 Safari/537.36"
[2019-11-23T12:58:03.030] [INFO] normal - ::1 - - "GET /game/res/import/03/03d220860.a1a6a.json HTTP/1.1" 304 - "http://localhost:8080/game/index.html" "Mozilla/5.0 (Windows NT 10.0; Win64; x64) AppleWebKit/537.36 (KHTML, like Gecko) Chrome/78.0.3904.108 Safari/537.36"
[2019-11-23T12:58:03.032] [INFO] normal - ::1 - - "GET /game/res/import/c4/c4480a0a-6ac5-443f-8b40-361a14257fc8.e13e9.json HTTP/1.1" 304 - "http://localhost:8080/game/index.html" "Mozilla/5.0 (Windows NT 10.0; Win64; x64) AppleWebKit/537.36 (KHTML, like Gecko) Chrome/78.0.3904.108 Safari/537.36"
[2019-11-23T12:58:03.035] [INFO] normal - ::1 - - "GET /game/res/raw-assets/02/0275e94c-56a7-410f-bd1a-fc7483f7d14a.cea68.png HTTP/1.1" 304 - "http://localhost:8080/game/index.html" "Mozilla/5.0 (Windows NT 10.0; Win64; x64) AppleWebKit/537.36 (KHTML, like Gecko) Chrome/78.0.3904.108 Safari/537.36"
[2019-11-23T12:58:03.042] [INFO] normal - ::1 - - "GET /game/res/import/0e/0eeb7720c.24c0a.json HTTP/1.1" 304 - "http://localhost:8080/game/index.html" "Mozilla/5.0 (Windows NT 10.0; Win64; x64) AppleWebKit/537.36 (KHTML, like Gecko) Chrome/78.0.3904.108 Safari/537.36"
[2019-11-23T12:58:03.054] [INFO] normal - ::1 - - "GET /game/res/raw-assets/b2/b2687ac4-099e-403c-a192-ff477686f4f5.2bf0b.plist HTTP/1.1" 304 - "http://localhost:8080/game/index.html" "Mozilla/5.0 (Windows NT 10.0; Win64; x64) AppleWebKit/537.36 (KHTML, like Gecko) Chrome/78.0.3904.108 Safari/537.36"
[2019-11-23T12:58:03.055] [INFO] normal - ::1 - - "GET /game/res/raw-assets/56/567dcd80-8bf4-4535-8a5a-313f1caf078a.5f1d9.png HTTP/1.1" 304 - "http://localhost:8080/game/index.html" "Mozilla/5.0 (Windows NT 10.0; Win64; x64) AppleWebKit/537.36 (KHTML, like Gecko) Chrome/78.0.3904.108 Safari/537.36"
[2019-11-23T12:58:03.055] [INFO] normal - ::1 - - "GET /game/res/raw-assets/99/99170b0b-d210-46f1-b213-7d9e3f23098a.d1118.png HTTP/1.1" 304 - "http://localhost:8080/game/index.html" "Mozilla/5.0 (Windows NT 10.0; Win64; x64) AppleWebKit/537.36 (KHTML, like Gecko) Chrome/78.0.3904.108 Safari/537.36"
[2019-11-23T12:58:03.056] [INFO] normal - ::1 - - "GET /game/res/raw-assets/d0/d0a82d39-bede-46c4-b698-c81ff0dedfff.841f5.png HTTP/1.1" 304 - "http://localhost:8080/game/index.html" "Mozilla/5.0 (Windows NT 10.0; Win64; x64) AppleWebKit/537.36 (KHTML, like Gecko) Chrome/78.0.3904.108 Safari/537.36"
[2019-11-23T12:58:03.056] [INFO] normal - ::1 - - "GET /game/res/raw-assets/cf/cfef78f1-c8df-49b7-8ed0-4c953ace2621.a4b59.png HTTP/1.1" 304 - "http://localhost:8080/game/index.html" "Mozilla/5.0 (Windows NT 10.0; Win64; x64) AppleWebKit/537.36 (KHTML, like Gecko) Chrome/78.0.3904.108 Safari/537.36"
[2019-11-23T12:58:03.074] [INFO] normal - ::1 - - "GET /game/res/import/0e/0e6179ad3.1d444.json HTTP/1.1" 304 - "http://localhost:8080/game/index.html" "Mozilla/5.0 (Windows NT 10.0; Win64; x64) AppleWebKit/537.36 (KHTML, like Gecko) Chrome/78.0.3904.108 Safari/537.36"
[2019-11-23T12:58:03.154] [INFO] normal - ::1 - - "GET /game/res/raw-assets/a1/a1ef2fc9-9c57-418a-8f69-6bed9a7a0e7f.220ec.bin HTTP/1.1" 304 - "http://localhost:8080/game/index.html" "Mozilla/5.0 (Windows NT 10.0; Win64; x64) AppleWebKit/537.36 (KHTML, like Gecko) Chrome/78.0.3904.108 Safari/537.36"
[2019-11-23T12:58:03.156] [INFO] normal - ::1 - - "GET /game/res/raw-assets/17/1772877e-0265-4916-bde7-305f27e65a72.0b9f1.bin HTTP/1.1" 304 - "http://localhost:8080/game/index.html" "Mozilla/5.0 (Windows NT 10.0; Win64; x64) AppleWebKit/537.36 (KHTML, like Gecko) Chrome/78.0.3904.108 Safari/537.36"
[2019-11-23T12:58:03.157] [INFO] normal - ::1 - - "GET /game/res/raw-assets/d0/d0ba946c-fdbd-4215-8e75-6d67bc6ff406.52e94.bin HTTP/1.1" 304 - "http://localhost:8080/game/index.html" "Mozilla/5.0 (Windows NT 10.0; Win64; x64) AppleWebKit/537.36 (KHTML, like Gecko) Chrome/78.0.3904.108 Safari/537.36"
[2019-11-23T12:58:03.164] [INFO] normal - ::1 - - "GET /game/res/raw-assets/b2/b219013f-ccfc-4e95-b2e7-ad25ebe237b3.3c5d8.bin HTTP/1.1" 304 - "http://localhost:8080/game/index.html" "Mozilla/5.0 (Windows NT 10.0; Win64; x64) AppleWebKit/537.36 (KHTML, like Gecko) Chrome/78.0.3904.108 Safari/537.36"
[2019-11-23T12:58:03.166] [INFO] normal - ::1 - - "GET /game/res/raw-assets/44/444ed789-036a-4cc5-b3ff-243bf0dd4648.9d003.png HTTP/1.1" 304 - "http://localhost:8080/game/index.html" "Mozilla/5.0 (Windows NT 10.0; Win64; x64) AppleWebKit/537.36 (KHTML, like Gecko) Chrome/78.0.3904.108 Safari/537.36"
[2019-11-23T12:58:03.167] [INFO] normal - ::1 - - "GET /game/res/raw-assets/e7/e7825835-330c-4d28-ac9b-f55543a71024.78f42.png HTTP/1.1" 304 - "http://localhost:8080/game/index.html" "Mozilla/5.0 (Windows NT 10.0; Win64; x64) AppleWebKit/537.36 (KHTML, like Gecko) Chrome/78.0.3904.108 Safari/537.36"
[2019-11-23T12:58:03.168] [INFO] normal - ::1 - - "GET /game/res/raw-assets/3f/3fb6eb65-175d-4c5a-abe6-d4df0f04aedb.07b70.png HTTP/1.1" 304 - "http://localhost:8080/game/index.html" "Mozilla/5.0 (Windows NT 10.0; Win64; x64) AppleWebKit/537.36 (KHTML, like Gecko) Chrome/78.0.3904.108 Safari/537.36"
[2019-11-23T12:58:06.497] [INFO] normal - ::1 - - "GET /egret-game/res/import/07/079499991.35fcb.json HTTP/1.1" 304 - "http://localhost:8080/egret-game/index.html" "Mozilla/5.0 (Windows NT 10.0; Win64; x64) AppleWebKit/537.36 (KHTML, like Gecko) Chrome/78.0.3904.108 Safari/537.36"
[2019-11-23T12:58:06.497] [INFO] normal - ::1 - - "GET /egret-game/res/import/07/07ce7530a.8d35b.json HTTP/1.1" 304 - "http://localhost:8080/egret-game/index.html" "Mozilla/5.0 (Windows NT 10.0; Win64; x64) AppleWebKit/537.36 (KHTML, like Gecko) Chrome/78.0.3904.108 Safari/537.36"
[2019-11-23T12:58:06.500] [INFO] normal - ::1 - - "GET /egret-game/res/import/0d/0d669730c.80827.json HTTP/1.1" 304 - "http://localhost:8080/egret-game/index.html" "Mozilla/5.0 (Windows NT 10.0; Win64; x64) AppleWebKit/537.36 (KHTML, like Gecko) Chrome/78.0.3904.108 Safari/537.36"
[2019-11-23T12:58:06.500] [INFO] normal - ::1 - - "GET /egret-game/res/import/0e/0e4bc3b03.fbb43.json HTTP/1.1" 304 - "http://localhost:8080/egret-game/index.html" "Mozilla/5.0 (Windows NT 10.0; Win64; x64) AppleWebKit/537.36 (KHTML, like Gecko) Chrome/78.0.3904.108 Safari/537.36"
[2019-11-23T12:58:06.501] [INFO] normal - ::1 - - "GET /egret-game/res/import/28/2874f8dd-416c-4440-81b7-555975426e93.f6b43.json HTTP/1.1" 304 - "http://localhost:8080/egret-game/index.html" "Mozilla/5.0 (Windows NT 10.0; Win64; x64) AppleWebKit/537.36 (KHTML, like Gecko) Chrome/78.0.3904.108 Safari/537.36"
[2019-11-23T12:58:06.502] [INFO] normal - ::1 - - "GET /egret-game/res/import/79/79eafaef-b7ef-45d9-9c3f-591dc836fc7a.7dfee.json HTTP/1.1" 304 - "http://localhost:8080/egret-game/index.html" "Mozilla/5.0 (Windows NT 10.0; Win64; x64) AppleWebKit/537.36 (KHTML, like Gecko) Chrome/78.0.3904.108 Safari/537.36"
[2019-11-23T12:58:06.510] [INFO] normal - ::1 - - "GET /egret-game/res/import/08/08f266995.dfac2.json HTTP/1.1" 304 - "http://localhost:8080/egret-game/index.html" "Mozilla/5.0 (Windows NT 10.0; Win64; x64) AppleWebKit/537.36 (KHTML, like Gecko) Chrome/78.0.3904.108 Safari/537.36"
[2019-11-23T12:58:06.511] [INFO] normal - ::1 - - "GET /egret-game/res/import/6f/6f801092-0c37-4f30-89ef-c8d960825b36.f229e.json HTTP/1.1" 304 - "http://localhost:8080/egret-game/index.html" "Mozilla/5.0 (Windows NT 10.0; Win64; x64) AppleWebKit/537.36 (KHTML, like Gecko) Chrome/78.0.3904.108 Safari/537.36"
[2019-11-23T12:58:06.512] [INFO] normal - ::1 - - "GET /egret-game/res/import/ec/eca5d2f2-8ef6-41c2-bbe6-f9c79d09c432.c7ab7.json HTTP/1.1" 304 - "http://localhost:8080/egret-game/index.html" "Mozilla/5.0 (Windows NT 10.0; Win64; x64) AppleWebKit/537.36 (KHTML, like Gecko) Chrome/78.0.3904.108 Safari/537.36"
[2019-11-23T12:58:06.515] [INFO] normal - ::1 - - "GET /egret-game/res/raw-assets/02/0275e94c-56a7-410f-bd1a-fc7483f7d14a.cea68.png HTTP/1.1" 304 - "http://localhost:8080/egret-game/index.html" "Mozilla/5.0 (Windows NT 10.0; Win64; x64) AppleWebKit/537.36 (KHTML, like Gecko) Chrome/78.0.3904.108 Safari/537.36"
[2019-11-23T12:58:06.521] [INFO] normal - ::1 - - "GET /egret-game/res/import/02/0231066ec.86bc4.json HTTP/1.1" 304 - "http://localhost:8080/egret-game/index.html" "Mozilla/5.0 (Windows NT 10.0; Win64; x64) AppleWebKit/537.36 (KHTML, like Gecko) Chrome/78.0.3904.108 Safari/537.36"
[2019-11-23T12:58:06.532] [INFO] normal - ::1 - - "GET /egret-game/res/import/8b/8b44d43a-8397-48de-bb89-2f77c21578c3.7f83c.json HTTP/1.1" 304 - "http://localhost:8080/egret-game/index.html" "Mozilla/5.0 (Windows NT 10.0; Win64; x64) AppleWebKit/537.36 (KHTML, like Gecko) Chrome/78.0.3904.108 Safari/537.36"
[2019-11-23T12:58:06.534] [INFO] normal - ::1 - - "GET /egret-game/res/import/88/8876aa6f-09a7-4ab1-b30e-271df6094483.fb9bc.json HTTP/1.1" 304 - "http://localhost:8080/egret-game/index.html" "Mozilla/5.0 (Windows NT 10.0; Win64; x64) AppleWebKit/537.36 (KHTML, like Gecko) Chrome/78.0.3904.108 Safari/537.36"
[2019-11-23T12:58:06.538] [INFO] normal - ::1 - - "GET /egret-game/res/raw-assets/fa/fa29ea60-2039-4f23-8cb3-b78fe3e1783a.3f508.png HTTP/1.1" 304 - "http://localhost:8080/egret-game/index.html" "Mozilla/5.0 (Windows NT 10.0; Win64; x64) AppleWebKit/537.36 (KHTML, like Gecko) Chrome/78.0.3904.108 Safari/537.36"
[2019-11-23T12:58:06.539] [INFO] normal - ::1 - - "GET /egret-game/res/raw-assets/cc/cc1f3488-39c1-401e-bd15-eaaafbff43a5.483bc.png HTTP/1.1" 304 - "http://localhost:8080/egret-game/index.html" "Mozilla/5.0 (Windows NT 10.0; Win64; x64) AppleWebKit/537.36 (KHTML, like Gecko) Chrome/78.0.3904.108 Safari/537.36"
[2019-11-23T12:58:06.540] [INFO] normal - ::1 - - "GET /egret-game/res/raw-assets/4a/4a2130af-5710-4a8e-820c-11f46aa8db15.75569.png HTTP/1.1" 304 - "http://localhost:8080/egret-game/index.html" "Mozilla/5.0 (Windows NT 10.0; Win64; x64) AppleWebKit/537.36 (KHTML, like Gecko) Chrome/78.0.3904.108 Safari/537.36"
[2019-11-23T12:58:06.541] [INFO] normal - ::1 - - "GET /egret-game/res/raw-assets/eb/eb088a13-0224-4995-b1fa-61169ae9bd30.eba58.png HTTP/1.1" 304 - "http://localhost:8080/egret-game/index.html" "Mozilla/5.0 (Windows NT 10.0; Win64; x64) AppleWebKit/537.36 (KHTML, like Gecko) Chrome/78.0.3904.108 Safari/537.36"
[2019-11-23T12:58:06.541] [INFO] normal - ::1 - - "GET /egret-game/res/raw-assets/27/27ba46ca-e8e0-48f6-b4d1-37517995567b.34a18.png HTTP/1.1" 304 - "http://localhost:8080/egret-game/index.html" "Mozilla/5.0 (Windows NT 10.0; Win64; x64) AppleWebKit/537.36 (KHTML, like Gecko) Chrome/78.0.3904.108 Safari/537.36"
[2019-11-23T12:58:06.541] [INFO] normal - ::1 - - "GET /egret-game/res/raw-assets/0a/0ac45eb8-834b-42b5-b764-54c3d59157ed.e1ceb.png HTTP/1.1" 304 - "http://localhost:8080/egret-game/index.html" "Mozilla/5.0 (Windows NT 10.0; Win64; x64) AppleWebKit/537.36 (KHTML, like Gecko) Chrome/78.0.3904.108 Safari/537.36"
[2019-11-23T12:58:06.542] [INFO] normal - ::1 - - "GET /egret-game/res/raw-assets/8b/8b44d43a-8397-48de-bb89-2f77c21578c3.4a587.mp3 HTTP/1.1" 304 - "http://localhost:8080/egret-game/index.html" "Mozilla/5.0 (Windows NT 10.0; Win64; x64) AppleWebKit/537.36 (KHTML, like Gecko) Chrome/78.0.3904.108 Safari/537.36"
[2019-11-23T12:58:06.549] [INFO] normal - ::1 - - "GET /egret-game/res/raw-assets/7f/7f51cf34-3e7e-43c6-9604-9642f9f6657d.e347a.png HTTP/1.1" 304 - "http://localhost:8080/egret-game/index.html" "Mozilla/5.0 (Windows NT 10.0; Win64; x64) AppleWebKit/537.36 (KHTML, like Gecko) Chrome/78.0.3904.108 Safari/537.36"
[2019-11-23T12:58:06.550] [INFO] normal - ::1 - - "GET /egret-game/res/raw-assets/32/3216b0eb-0047-4671-a0e1-51920507e7fb.b7274.png HTTP/1.1" 304 - "http://localhost:8080/egret-game/index.html" "Mozilla/5.0 (Windows NT 10.0; Win64; x64) AppleWebKit/537.36 (KHTML, like Gecko) Chrome/78.0.3904.108 Safari/537.36"
[2019-11-23T12:58:06.550] [INFO] normal - ::1 - - "GET /egret-game/res/raw-assets/d1/d153024a-901e-4de3-9d0d-3c40ae74da64.f4615.png HTTP/1.1" 304 - "http://localhost:8080/egret-game/index.html" "Mozilla/5.0 (Windows NT 10.0; Win64; x64) AppleWebKit/537.36 (KHTML, like Gecko) Chrome/78.0.3904.108 Safari/537.36"
[2019-11-23T12:58:06.551] [INFO] normal - ::1 - - "GET /egret-game/res/raw-assets/88/8876aa6f-09a7-4ab1-b30e-271df6094483.b020f/simple.ttf HTTP/1.1" 304 - "http://localhost:8080/egret-game/index.html" "Mozilla/5.0 (Windows NT 10.0; Win64; x64) AppleWebKit/537.36 (KHTML, like Gecko) Chrome/78.0.3904.108 Safari/537.36"
[2019-11-23T12:59:34.194] [INFO] normal - ::1 - - "GET /linegame/index.html HTTP/1.1" 200 2678 "" "Mozilla/5.0 (Windows NT 10.0; Win64; x64) AppleWebKit/537.36 (KHTML, like Gecko) Chrome/78.0.3904.108 Safari/537.36"
[2019-11-23T12:59:34.211] [INFO] normal - ::1 - - "GET /linegame/src/settings.js HTTP/1.1" 200 4571 "http://localhost:8080/linegame/index.html" "Mozilla/5.0 (Windows NT 10.0; Win64; x64) AppleWebKit/537.36 (KHTML, like Gecko) Chrome/78.0.3904.108 Safari/537.36"
[2019-11-23T12:59:34.212] [INFO] normal - ::1 - - "GET /linegame/main.js HTTP/1.1" 200 7432 "http://localhost:8080/linegame/index.html" "Mozilla/5.0 (Windows NT 10.0; Win64; x64) AppleWebKit/537.36 (KHTML, like Gecko) Chrome/78.0.3904.108 Safari/537.36"
[2019-11-23T12:59:34.213] [INFO] normal - ::1 - - "GET /linegame/style-mobile.css HTTP/1.1" 200 2817 "http://localhost:8080/linegame/index.html" "Mozilla/5.0 (Windows NT 10.0; Win64; x64) AppleWebKit/537.36 (KHTML, like Gecko) Chrome/78.0.3904.108 Safari/537.36"
[2019-11-23T12:59:34.221] [INFO] normal - ::1 - - "GET /linegame/splash.png HTTP/1.1" 200 41484 "http://localhost:8080/linegame/style-mobile.css" "Mozilla/5.0 (Windows NT 10.0; Win64; x64) AppleWebKit/537.36 (KHTML, like Gecko) Chrome/78.0.3904.108 Safari/537.36"
[2019-11-23T12:59:34.228] [INFO] normal - ::1 - - "GET /linegame/cocos2d-js-min.js HTTP/1.1" 200 1778394 "http://localhost:8080/linegame/index.html" "Mozilla/5.0 (Windows NT 10.0; Win64; x64) AppleWebKit/537.36 (KHTML, like Gecko) Chrome/78.0.3904.108 Safari/537.36"
[2019-11-23T12:59:34.420] [INFO] normal - ::1 - - "GET /linegame/src/project.js HTTP/1.1" 200 24647 "http://localhost:8080/linegame/index.html" "Mozilla/5.0 (Windows NT 10.0; Win64; x64) AppleWebKit/537.36 (KHTML, like Gecko) Chrome/78.0.3904.108 Safari/537.36"
[2019-11-23T12:59:34.456] [INFO] normal - ::1 - - "GET /linegame/res/import/07/07ce7530a.json HTTP/1.1" 200 1440 "http://localhost:8080/linegame/index.html" "Mozilla/5.0 (Windows NT 10.0; Win64; x64) AppleWebKit/537.36 (KHTML, like Gecko) Chrome/78.0.3904.108 Safari/537.36"
[2019-11-23T12:59:34.457] [INFO] normal - ::1 - - "GET /linegame/res/import/07/079499991.json HTTP/1.1" 200 12722 "http://localhost:8080/linegame/index.html" "Mozilla/5.0 (Windows NT 10.0; Win64; x64) AppleWebKit/537.36 (KHTML, like Gecko) Chrome/78.0.3904.108 Safari/537.36"
[2019-11-23T12:59:34.458] [INFO] normal - ::1 - - "GET /linegame/res/import/0d/0d669730c.json HTTP/1.1" 200 854 "http://localhost:8080/linegame/index.html" "Mozilla/5.0 (Windows NT 10.0; Win64; x64) AppleWebKit/537.36 (KHTML, like Gecko) Chrome/78.0.3904.108 Safari/537.36"
[2019-11-23T12:59:34.461] [INFO] normal - ::1 - - "GET /linegame/res/import/28/2874f8dd-416c-4440-81b7-555975426e93.json HTTP/1.1" 200 2313 "http://localhost:8080/linegame/index.html" "Mozilla/5.0 (Windows NT 10.0; Win64; x64) AppleWebKit/537.36 (KHTML, like Gecko) Chrome/78.0.3904.108 Safari/537.36"
[2019-11-23T12:59:34.462] [INFO] normal - ::1 - - "GET /linegame/res/import/0e/0e4bc3b03.json HTTP/1.1" 200 2790 "http://localhost:8080/linegame/index.html" "Mozilla/5.0 (Windows NT 10.0; Win64; x64) AppleWebKit/537.36 (KHTML, like Gecko) Chrome/78.0.3904.108 Safari/537.36"
[2019-11-23T12:59:34.462] [INFO] normal - ::1 - - "GET /linegame/res/import/79/79eafaef-b7ef-45d9-9c3f-591dc836fc7a.json HTTP/1.1" 200 12589 "http://localhost:8080/linegame/index.html" "Mozilla/5.0 (Windows NT 10.0; Win64; x64) AppleWebKit/537.36 (KHTML, like Gecko) Chrome/78.0.3904.108 Safari/537.36"
[2019-11-23T12:59:34.473] [INFO] normal - ::1 - - "GET /linegame/res/import/04/048a68a70.json HTTP/1.1" 200 682 "http://localhost:8080/linegame/index.html" "Mozilla/5.0 (Windows NT 10.0; Win64; x64) AppleWebKit/537.36 (KHTML, like Gecko) Chrome/78.0.3904.108 Safari/537.36"
[2019-11-23T12:59:34.475] [INFO] normal - ::1 - - "GET /linegame/res/import/6f/6f801092-0c37-4f30-89ef-c8d960825b36.json HTTP/1.1" 200 131 "http://localhost:8080/linegame/index.html" "Mozilla/5.0 (Windows NT 10.0; Win64; x64) AppleWebKit/537.36 (KHTML, like Gecko) Chrome/78.0.3904.108 Safari/537.36"
[2019-11-23T12:59:34.475] [INFO] normal - ::1 - - "GET /linegame/res/import/ec/eca5d2f2-8ef6-41c2-bbe6-f9c79d09c432.json HTTP/1.1" 200 151 "http://localhost:8080/linegame/index.html" "Mozilla/5.0 (Windows NT 10.0; Win64; x64) AppleWebKit/537.36 (KHTML, like Gecko) Chrome/78.0.3904.108 Safari/537.36"
[2019-11-23T12:59:34.483] [INFO] normal - ::1 - - "GET /linegame/res/raw-assets/02/0275e94c-56a7-410f-bd1a-fc7483f7d14a.png HTTP/1.1" 200 82 "http://localhost:8080/linegame/index.html" "Mozilla/5.0 (Windows NT 10.0; Win64; x64) AppleWebKit/537.36 (KHTML, like Gecko) Chrome/78.0.3904.108 Safari/537.36"
[2019-11-23T12:59:34.490] [INFO] normal - ::1 - - "GET /linegame/res/import/0d/0d2e5918b.json HTTP/1.1" 200 3991 "http://localhost:8080/linegame/index.html" "Mozilla/5.0 (Windows NT 10.0; Win64; x64) AppleWebKit/537.36 (KHTML, like Gecko) Chrome/78.0.3904.108 Safari/537.36"
[2019-11-23T12:59:34.501] [INFO] normal - ::1 - - "GET /linegame/res/raw-assets/e8/e851e89b-faa2-4484-bea6-5c01dd9f06e2.png HTTP/1.1" 200 1082 "http://localhost:8080/linegame/index.html" "Mozilla/5.0 (Windows NT 10.0; Win64; x64) AppleWebKit/537.36 (KHTML, like Gecko) Chrome/78.0.3904.108 Safari/537.36"
[2019-11-23T12:59:34.502] [INFO] normal - ::1 - - "GET /linegame/res/raw-assets/b4/b43ff3c2-02bb-4874-81f7-f2dea6970f18.png HTTP/1.1" 200 1114 "http://localhost:8080/linegame/index.html" "Mozilla/5.0 (Windows NT 10.0; Win64; x64) AppleWebKit/537.36 (KHTML, like Gecko) Chrome/78.0.3904.108 Safari/537.36"
[2019-11-23T12:59:34.502] [INFO] normal - ::1 - - "GET /linegame/res/raw-assets/71/71561142-4c83-4933-afca-cb7a17f67053.png HTTP/1.1" 200 1050 "http://localhost:8080/linegame/index.html" "Mozilla/5.0 (Windows NT 10.0; Win64; x64) AppleWebKit/537.36 (KHTML, like Gecko) Chrome/78.0.3904.108 Safari/537.36"
[2019-11-23T12:59:35.818] [INFO] normal - ::1 - - "GET /linegame/res/import/02/02e28d8c2.json HTTP/1.1" 200 7308 "http://localhost:8080/linegame/index.html" "Mozilla/5.0 (Windows NT 10.0; Win64; x64) AppleWebKit/537.36 (KHTML, like Gecko) Chrome/78.0.3904.108 Safari/537.36"
[2019-11-23T12:59:35.832] [INFO] normal - ::1 - - "GET /linegame/res/raw-assets/a3/a3b2b0e7-9245-4350-afd9-86f6d73dedcf.png HTTP/1.1" 200 1569 "http://localhost:8080/linegame/index.html" "Mozilla/5.0 (Windows NT 10.0; Win64; x64) AppleWebKit/537.36 (KHTML, like Gecko) Chrome/78.0.3904.108 Safari/537.36"
[2019-11-23T12:59:35.833] [INFO] normal - ::1 - - "GET /linegame/res/raw-assets/d8/d81ec8ad-247c-4e62-aa3c-d35c4193c7af.png HTTP/1.1" 200 158 "http://localhost:8080/linegame/index.html" "Mozilla/5.0 (Windows NT 10.0; Win64; x64) AppleWebKit/537.36 (KHTML, like Gecko) Chrome/78.0.3904.108 Safari/537.36"
[2019-11-23T12:59:35.834] [INFO] normal - ::1 - - "GET /linegame/res/raw-assets/4b/4bab67cb-18e6-4099-b840-355f0473f890.png HTTP/1.1" 200 1178 "http://localhost:8080/linegame/index.html" "Mozilla/5.0 (Windows NT 10.0; Win64; x64) AppleWebKit/537.36 (KHTML, like Gecko) Chrome/78.0.3904.108 Safari/537.36"
[2019-11-23T12:59:37.089] [INFO] normal - ::1 - - "GET /linegame/res/import/0e/0ed22c81d.json HTTP/1.1" 200 703 "http://localhost:8080/linegame/index.html" "Mozilla/5.0 (Windows NT 10.0; Win64; x64) AppleWebKit/537.36 (KHTML, like Gecko) Chrome/78.0.3904.108 Safari/537.36"
[2019-11-23T12:59:37.095] [INFO] normal - ::1 - - "GET /linegame/res/raw-assets/76/76e24259-405a-4f38-96e3-f1beca2ccc10.png HTTP/1.1" 200 17578 "http://localhost:8080/linegame/index.html" "Mozilla/5.0 (Windows NT 10.0; Win64; x64) AppleWebKit/537.36 (KHTML, like Gecko) Chrome/78.0.3904.108 Safari/537.36"
[2019-11-23T12:59:37.107] [INFO] normal - ::1 - - "GET /linegame/res/import/05/05dd98b2b.json HTTP/1.1" 200 708 "http://localhost:8080/linegame/index.html" "Mozilla/5.0 (Windows NT 10.0; Win64; x64) AppleWebKit/537.36 (KHTML, like Gecko) Chrome/78.0.3904.108 Safari/537.36"
[2019-11-23T12:59:37.117] [INFO] normal - ::1 - - "GET /linegame/res/import/01/0152559aa.json HTTP/1.1" 200 705 "http://localhost:8080/linegame/index.html" "Mozilla/5.0 (Windows NT 10.0; Win64; x64) AppleWebKit/537.36 (KHTML, like Gecko) Chrome/78.0.3904.108 Safari/537.36"
[2019-11-23T12:59:37.124] [INFO] normal - ::1 - - "GET /linegame/res/import/05/05a296064.json HTTP/1.1" 200 709 "http://localhost:8080/linegame/index.html" "Mozilla/5.0 (Windows NT 10.0; Win64; x64) AppleWebKit/537.36 (KHTML, like Gecko) Chrome/78.0.3904.108 Safari/537.36"
[2019-11-23T12:59:37.129] [INFO] normal - ::1 - - "GET /linegame/res/raw-assets/40/40ac6cd6-9e5b-469a-a0d0-4d7e7a4f09b8.png HTTP/1.1" 200 1293 "http://localhost:8080/linegame/index.html" "Mozilla/5.0 (Windows NT 10.0; Win64; x64) AppleWebKit/537.36 (KHTML, like Gecko) Chrome/78.0.3904.108 Safari/537.36"
[2019-11-23T12:59:37.136] [INFO] normal - ::1 - - "GET /linegame/res/import/06/06d9c9d96.json HTTP/1.1" 200 714 "http://localhost:8080/linegame/index.html" "Mozilla/5.0 (Windows NT 10.0; Win64; x64) AppleWebKit/537.36 (KHTML, like Gecko) Chrome/78.0.3904.108 Safari/537.36"
[2019-11-23T12:59:37.145] [INFO] normal - ::1 - - "GET /linegame/res/import/05/0528d638b.json HTTP/1.1" 200 711 "http://localhost:8080/linegame/index.html" "Mozilla/5.0 (Windows NT 10.0; Win64; x64) AppleWebKit/537.36 (KHTML, like Gecko) Chrome/78.0.3904.108 Safari/537.36"
[2019-11-23T12:59:37.153] [INFO] normal - ::1 - - "GET /linegame/res/import/0c/0cb8a8a2f.json HTTP/1.1" 200 711 "http://localhost:8080/linegame/index.html" "Mozilla/5.0 (Windows NT 10.0; Win64; x64) AppleWebKit/537.36 (KHTML, like Gecko) Chrome/78.0.3904.108 Safari/537.36"
[2019-11-23T12:59:37.163] [INFO] normal - ::1 - - "GET /linegame/res/import/01/0167c7d76.json HTTP/1.1" 200 9208 "http://localhost:8080/linegame/index.html" "Mozilla/5.0 (Windows NT 10.0; Win64; x64) AppleWebKit/537.36 (KHTML, like Gecko) Chrome/78.0.3904.108 Safari/537.36"
[2019-11-23T12:59:37.176] [INFO] normal - ::1 - - "GET /linegame/res/raw-assets/aa/aaf05980-3229-493c-9354-4b01d6c058ac.mp3 HTTP/1.1" 200 1715 "http://localhost:8080/linegame/index.html" "Mozilla/5.0 (Windows NT 10.0; Win64; x64) AppleWebKit/537.36 (KHTML, like Gecko) Chrome/78.0.3904.108 Safari/537.36"
[2019-11-23T12:59:37.179] [INFO] normal - ::1 - - "GET /linegame/res/raw-assets/12/12701674-9d80-40ac-a234-8e191bb4dfd4.png HTTP/1.1" 200 822 "http://localhost:8080/linegame/index.html" "Mozilla/5.0 (Windows NT 10.0; Win64; x64) AppleWebKit/537.36 (KHTML, like Gecko) Chrome/78.0.3904.108 Safari/537.36"
[2019-11-23T12:59:37.180] [INFO] normal - ::1 - - "GET /linegame/res/raw-assets/d3/d3b50820-49bc-4fe5-8c34-e10f2c82573d.png HTTP/1.1" 200 742 "http://localhost:8080/linegame/index.html" "Mozilla/5.0 (Windows NT 10.0; Win64; x64) AppleWebKit/537.36 (KHTML, like Gecko) Chrome/78.0.3904.108 Safari/537.36"
[2019-11-23T12:59:37.181] [INFO] normal - ::1 - - "GET /linegame/res/raw-assets/1d/1d8c5de1-fb1a-4d61-ac9d-458e5e8bd222.png HTTP/1.1" 200 3740 "http://localhost:8080/linegame/index.html" "Mozilla/5.0 (Windows NT 10.0; Win64; x64) AppleWebKit/537.36 (KHTML, like Gecko) Chrome/78.0.3904.108 Safari/537.36"
[2019-11-23T12:59:37.182] [INFO] normal - ::1 - - "GET /linegame/res/raw-assets/a8/a8027877-d8d6-4645-97a0-52d4a0123dba.png HTTP/1.1" 200 17197 "http://localhost:8080/linegame/index.html" "Mozilla/5.0 (Windows NT 10.0; Win64; x64) AppleWebKit/537.36 (KHTML, like Gecko) Chrome/78.0.3904.108 Safari/537.36"
[2019-11-23T12:59:37.183] [INFO] normal - ::1 - - "GET /linegame/res/raw-assets/2c/2c590550-12d9-4b08-bf7a-c3a9f8b58566.png HTTP/1.1" 200 9158 "http://localhost:8080/linegame/index.html" "Mozilla/5.0 (Windows NT 10.0; Win64; x64) AppleWebKit/537.36 (KHTML, like Gecko) Chrome/78.0.3904.108 Safari/537.36"
[2019-11-23T12:59:37.203] [INFO] normal - ::1 - - "GET /linegame/res/import/b0/b0bc3096-f556-4516-bf83-3e75cd141444.json HTTP/1.1" 200 758 "http://localhost:8080/linegame/index.html" "Mozilla/5.0 (Windows NT 10.0; Win64; x64) AppleWebKit/537.36 (KHTML, like Gecko) Chrome/78.0.3904.108 Safari/537.36"
[2019-11-23T12:59:45.080] [INFO] normal - ::1 - - "GET /linegame/index.html HTTP/1.1" 304 - "" "Mozilla/5.0 (Windows NT 10.0; Win64; x64) AppleWebKit/537.36 (KHTML, like Gecko) Chrome/78.0.3904.108 Safari/537.36"
[2019-11-23T12:59:45.099] [INFO] normal - ::1 - - "GET /linegame/style-mobile.css HTTP/1.1" 304 - "http://localhost:8080/linegame/index.html" "Mozilla/5.0 (Windows NT 10.0; Win64; x64) AppleWebKit/537.36 (KHTML, like Gecko) Chrome/78.0.3904.108 Safari/537.36"
[2019-11-23T12:59:45.100] [INFO] normal - ::1 - - "GET /linegame/src/settings.js HTTP/1.1" 304 - "http://localhost:8080/linegame/index.html" "Mozilla/5.0 (Windows NT 10.0; Win64; x64) AppleWebKit/537.36 (KHTML, like Gecko) Chrome/78.0.3904.108 Safari/537.36"
[2019-11-23T12:59:45.100] [INFO] normal - ::1 - - "GET /linegame/main.js HTTP/1.1" 304 - "http://localhost:8080/linegame/index.html" "Mozilla/5.0 (Windows NT 10.0; Win64; x64) AppleWebKit/537.36 (KHTML, like Gecko) Chrome/78.0.3904.108 Safari/537.36"
[2019-11-23T12:59:45.103] [INFO] normal - ::1 - - "GET /linegame/splash.png HTTP/1.1" 304 - "http://localhost:8080/linegame/style-mobile.css" "Mozilla/5.0 (Windows NT 10.0; Win64; x64) AppleWebKit/537.36 (KHTML, like Gecko) Chrome/78.0.3904.108 Safari/537.36"
[2019-11-23T12:59:45.110] [INFO] normal - ::1 - - "GET /linegame/cocos2d-js-min.js HTTP/1.1" 304 - "http://localhost:8080/linegame/index.html" "Mozilla/5.0 (Windows NT 10.0; Win64; x64) AppleWebKit/537.36 (KHTML, like Gecko) Chrome/78.0.3904.108 Safari/537.36"
[2019-11-23T12:59:45.273] [INFO] normal - ::1 - - "GET /linegame/src/project.js HTTP/1.1" 304 - "http://localhost:8080/linegame/index.html" "Mozilla/5.0 (Windows NT 10.0; Win64; x64) AppleWebKit/537.36 (KHTML, like Gecko) Chrome/78.0.3904.108 Safari/537.36"
[2019-11-23T12:59:45.303] [INFO] normal - ::1 - - "GET /linegame/res/import/07/07ce7530a.json HTTP/1.1" 304 - "http://localhost:8080/linegame/index.html" "Mozilla/5.0 (Windows NT 10.0; Win64; x64) AppleWebKit/537.36 (KHTML, like Gecko) Chrome/78.0.3904.108 Safari/537.36"
[2019-11-23T12:59:45.304] [INFO] normal - ::1 - - "GET /linegame/res/import/07/079499991.json HTTP/1.1" 304 - "http://localhost:8080/linegame/index.html" "Mozilla/5.0 (Windows NT 10.0; Win64; x64) AppleWebKit/537.36 (KHTML, like Gecko) Chrome/78.0.3904.108 Safari/537.36"
[2019-11-23T12:59:45.306] [INFO] normal - ::1 - - "GET /linegame/res/import/0d/0d669730c.json HTTP/1.1" 304 - "http://localhost:8080/linegame/index.html" "Mozilla/5.0 (Windows NT 10.0; Win64; x64) AppleWebKit/537.36 (KHTML, like Gecko) Chrome/78.0.3904.108 Safari/537.36"
[2019-11-23T12:59:45.306] [INFO] normal - ::1 - - "GET /linegame/res/import/0e/0e4bc3b03.json HTTP/1.1" 304 - "http://localhost:8080/linegame/index.html" "Mozilla/5.0 (Windows NT 10.0; Win64; x64) AppleWebKit/537.36 (KHTML, like Gecko) Chrome/78.0.3904.108 Safari/537.36"
[2019-11-23T12:59:45.307] [INFO] normal - ::1 - - "GET /linegame/res/import/79/79eafaef-b7ef-45d9-9c3f-591dc836fc7a.json HTTP/1.1" 304 - "http://localhost:8080/linegame/index.html" "Mozilla/5.0 (Windows NT 10.0; Win64; x64) AppleWebKit/537.36 (KHTML, like Gecko) Chrome/78.0.3904.108 Safari/537.36"
[2019-11-23T12:59:45.308] [INFO] normal - ::1 - - "GET /linegame/res/import/28/2874f8dd-416c-4440-81b7-555975426e93.json HTTP/1.1" 304 - "http://localhost:8080/linegame/index.html" "Mozilla/5.0 (Windows NT 10.0; Win64; x64) AppleWebKit/537.36 (KHTML, like Gecko) Chrome/78.0.3904.108 Safari/537.36"
[2019-11-23T12:59:45.316] [INFO] normal - ::1 - - "GET /linegame/res/import/04/048a68a70.json HTTP/1.1" 304 - "http://localhost:8080/linegame/index.html" "Mozilla/5.0 (Windows NT 10.0; Win64; x64) AppleWebKit/537.36 (KHTML, like Gecko) Chrome/78.0.3904.108 Safari/537.36"
[2019-11-23T12:59:45.317] [INFO] normal - ::1 - - "GET /linegame/res/import/6f/6f801092-0c37-4f30-89ef-c8d960825b36.json HTTP/1.1" 304 - "http://localhost:8080/linegame/index.html" "Mozilla/5.0 (Windows NT 10.0; Win64; x64) AppleWebKit/537.36 (KHTML, like Gecko) Chrome/78.0.3904.108 Safari/537.36"
[2019-11-23T12:59:45.317] [INFO] normal - ::1 - - "GET /linegame/res/import/ec/eca5d2f2-8ef6-41c2-bbe6-f9c79d09c432.json HTTP/1.1" 304 - "http://localhost:8080/linegame/index.html" "Mozilla/5.0 (Windows NT 10.0; Win64; x64) AppleWebKit/537.36 (KHTML, like Gecko) Chrome/78.0.3904.108 Safari/537.36"
[2019-11-23T12:59:45.321] [INFO] normal - ::1 - - "GET /linegame/res/raw-assets/02/0275e94c-56a7-410f-bd1a-fc7483f7d14a.png HTTP/1.1" 304 - "http://localhost:8080/linegame/index.html" "Mozilla/5.0 (Windows NT 10.0; Win64; x64) AppleWebKit/537.36 (KHTML, like Gecko) Chrome/78.0.3904.108 Safari/537.36"
[2019-11-23T12:59:45.330] [INFO] normal - ::1 - - "GET /linegame/res/import/0d/0d2e5918b.json HTTP/1.1" 304 - "http://localhost:8080/linegame/index.html" "Mozilla/5.0 (Windows NT 10.0; Win64; x64) AppleWebKit/537.36 (KHTML, like Gecko) Chrome/78.0.3904.108 Safari/537.36"
[2019-11-23T12:59:45.339] [INFO] normal - ::1 - - "GET /linegame/res/raw-assets/e8/e851e89b-faa2-4484-bea6-5c01dd9f06e2.png HTTP/1.1" 304 - "http://localhost:8080/linegame/index.html" "Mozilla/5.0 (Windows NT 10.0; Win64; x64) AppleWebKit/537.36 (KHTML, like Gecko) Chrome/78.0.3904.108 Safari/537.36"
[2019-11-23T12:59:45.339] [INFO] normal - ::1 - - "GET /linegame/res/raw-assets/b4/b43ff3c2-02bb-4874-81f7-f2dea6970f18.png HTTP/1.1" 304 - "http://localhost:8080/linegame/index.html" "Mozilla/5.0 (Windows NT 10.0; Win64; x64) AppleWebKit/537.36 (KHTML, like Gecko) Chrome/78.0.3904.108 Safari/537.36"
[2019-11-23T12:59:45.340] [INFO] normal - ::1 - - "GET /linegame/res/raw-assets/71/71561142-4c83-4933-afca-cb7a17f67053.png HTTP/1.1" 304 - "http://localhost:8080/linegame/index.html" "Mozilla/5.0 (Windows NT 10.0; Win64; x64) AppleWebKit/537.36 (KHTML, like Gecko) Chrome/78.0.3904.108 Safari/537.36"
[2019-11-23T12:59:46.540] [INFO] normal - ::1 - - "GET /linegame/res/import/02/02e28d8c2.json HTTP/1.1" 304 - "http://localhost:8080/linegame/index.html" "Mozilla/5.0 (Windows NT 10.0; Win64; x64) AppleWebKit/537.36 (KHTML, like Gecko) Chrome/78.0.3904.108 Safari/537.36"
[2019-11-23T12:59:46.551] [INFO] normal - ::1 - - "GET /linegame/res/raw-assets/a3/a3b2b0e7-9245-4350-afd9-86f6d73dedcf.png HTTP/1.1" 304 - "http://localhost:8080/linegame/index.html" "Mozilla/5.0 (Windows NT 10.0; Win64; x64) AppleWebKit/537.36 (KHTML, like Gecko) Chrome/78.0.3904.108 Safari/537.36"
[2019-11-23T12:59:46.552] [INFO] normal - ::1 - - "GET /linegame/res/raw-assets/d8/d81ec8ad-247c-4e62-aa3c-d35c4193c7af.png HTTP/1.1" 304 - "http://localhost:8080/linegame/index.html" "Mozilla/5.0 (Windows NT 10.0; Win64; x64) AppleWebKit/537.36 (KHTML, like Gecko) Chrome/78.0.3904.108 Safari/537.36"
[2019-11-23T12:59:46.552] [INFO] normal - ::1 - - "GET /linegame/res/raw-assets/4b/4bab67cb-18e6-4099-b840-355f0473f890.png HTTP/1.1" 304 - "http://localhost:8080/linegame/index.html" "Mozilla/5.0 (Windows NT 10.0; Win64; x64) AppleWebKit/537.36 (KHTML, like Gecko) Chrome/78.0.3904.108 Safari/537.36"
[2019-11-23T12:59:47.484] [INFO] normal - ::1 - - "GET /linegame/res/import/0e/0ed22c81d.json HTTP/1.1" 304 - "http://localhost:8080/linegame/index.html" "Mozilla/5.0 (Windows NT 10.0; Win64; x64) AppleWebKit/537.36 (KHTML, like Gecko) Chrome/78.0.3904.108 Safari/537.36"
[2019-11-23T12:59:47.490] [INFO] normal - ::1 - - "GET /linegame/res/raw-assets/76/76e24259-405a-4f38-96e3-f1beca2ccc10.png HTTP/1.1" 304 - "http://localhost:8080/linegame/index.html" "Mozilla/5.0 (Windows NT 10.0; Win64; x64) AppleWebKit/537.36 (KHTML, like Gecko) Chrome/78.0.3904.108 Safari/537.36"
[2019-11-23T12:59:47.499] [INFO] normal - ::1 - - "GET /linegame/res/import/05/05dd98b2b.json HTTP/1.1" 304 - "http://localhost:8080/linegame/index.html" "Mozilla/5.0 (Windows NT 10.0; Win64; x64) AppleWebKit/537.36 (KHTML, like Gecko) Chrome/78.0.3904.108 Safari/537.36"
[2019-11-23T12:59:47.507] [INFO] normal - ::1 - - "GET /linegame/res/import/01/0152559aa.json HTTP/1.1" 304 - "http://localhost:8080/linegame/index.html" "Mozilla/5.0 (Windows NT 10.0; Win64; x64) AppleWebKit/537.36 (KHTML, like Gecko) Chrome/78.0.3904.108 Safari/537.36"
[2019-11-23T12:59:47.514] [INFO] normal - ::1 - - "GET /linegame/res/import/05/05a296064.json HTTP/1.1" 304 - "http://localhost:8080/linegame/index.html" "Mozilla/5.0 (Windows NT 10.0; Win64; x64) AppleWebKit/537.36 (KHTML, like Gecko) Chrome/78.0.3904.108 Safari/537.36"
[2019-11-23T12:59:47.519] [INFO] normal - ::1 - - "GET /linegame/res/raw-assets/40/40ac6cd6-9e5b-469a-a0d0-4d7e7a4f09b8.png HTTP/1.1" 304 - "http://localhost:8080/linegame/index.html" "Mozilla/5.0 (Windows NT 10.0; Win64; x64) AppleWebKit/537.36 (KHTML, like Gecko) Chrome/78.0.3904.108 Safari/537.36"
[2019-11-23T12:59:47.524] [INFO] normal - ::1 - - "GET /linegame/res/import/06/06d9c9d96.json HTTP/1.1" 304 - "http://localhost:8080/linegame/index.html" "Mozilla/5.0 (Windows NT 10.0; Win64; x64) AppleWebKit/537.36 (KHTML, like Gecko) Chrome/78.0.3904.108 Safari/537.36"
[2019-11-23T12:59:47.531] [INFO] normal - ::1 - - "GET /linegame/res/import/05/0528d638b.json HTTP/1.1" 304 - "http://localhost:8080/linegame/index.html" "Mozilla/5.0 (Windows NT 10.0; Win64; x64) AppleWebKit/537.36 (KHTML, like Gecko) Chrome/78.0.3904.108 Safari/537.36"
[2019-11-23T12:59:47.538] [INFO] normal - ::1 - - "GET /linegame/res/import/0c/0cb8a8a2f.json HTTP/1.1" 304 - "http://localhost:8080/linegame/index.html" "Mozilla/5.0 (Windows NT 10.0; Win64; x64) AppleWebKit/537.36 (KHTML, like Gecko) Chrome/78.0.3904.108 Safari/537.36"
[2019-11-23T12:59:47.546] [INFO] normal - ::1 - - "GET /linegame/res/import/01/0167c7d76.json HTTP/1.1" 304 - "http://localhost:8080/linegame/index.html" "Mozilla/5.0 (Windows NT 10.0; Win64; x64) AppleWebKit/537.36 (KHTML, like Gecko) Chrome/78.0.3904.108 Safari/537.36"
[2019-11-23T12:59:47.554] [INFO] normal - ::1 - - "GET /linegame/res/raw-assets/aa/aaf05980-3229-493c-9354-4b01d6c058ac.mp3 HTTP/1.1" 304 - "http://localhost:8080/linegame/index.html" "Mozilla/5.0 (Windows NT 10.0; Win64; x64) AppleWebKit/537.36 (KHTML, like Gecko) Chrome/78.0.3904.108 Safari/537.36"
[2019-11-23T12:59:47.557] [INFO] normal - ::1 - - "GET /linegame/res/raw-assets/12/12701674-9d80-40ac-a234-8e191bb4dfd4.png HTTP/1.1" 304 - "http://localhost:8080/linegame/index.html" "Mozilla/5.0 (Windows NT 10.0; Win64; x64) AppleWebKit/537.36 (KHTML, like Gecko) Chrome/78.0.3904.108 Safari/537.36"
[2019-11-23T12:59:47.558] [INFO] normal - ::1 - - "GET /linegame/res/raw-assets/d3/d3b50820-49bc-4fe5-8c34-e10f2c82573d.png HTTP/1.1" 304 - "http://localhost:8080/linegame/index.html" "Mozilla/5.0 (Windows NT 10.0; Win64; x64) AppleWebKit/537.36 (KHTML, like Gecko) Chrome/78.0.3904.108 Safari/537.36"
[2019-11-23T12:59:47.560] [INFO] normal - ::1 - - "GET /linegame/res/raw-assets/a8/a8027877-d8d6-4645-97a0-52d4a0123dba.png HTTP/1.1" 304 - "http://localhost:8080/linegame/index.html" "Mozilla/5.0 (Windows NT 10.0; Win64; x64) AppleWebKit/537.36 (KHTML, like Gecko) Chrome/78.0.3904.108 Safari/537.36"
[2019-11-23T12:59:47.561] [INFO] normal - ::1 - - "GET /linegame/res/raw-assets/1d/1d8c5de1-fb1a-4d61-ac9d-458e5e8bd222.png HTTP/1.1" 304 - "http://localhost:8080/linegame/index.html" "Mozilla/5.0 (Windows NT 10.0; Win64; x64) AppleWebKit/537.36 (KHTML, like Gecko) Chrome/78.0.3904.108 Safari/537.36"
[2019-11-23T12:59:47.562] [INFO] normal - ::1 - - "GET /linegame/res/raw-assets/2c/2c590550-12d9-4b08-bf7a-c3a9f8b58566.png HTTP/1.1" 304 - "http://localhost:8080/linegame/index.html" "Mozilla/5.0 (Windows NT 10.0; Win64; x64) AppleWebKit/537.36 (KHTML, like Gecko) Chrome/78.0.3904.108 Safari/537.36"
[2019-11-23T12:59:47.579] [INFO] normal - ::1 - - "GET /linegame/res/import/b0/b0bc3096-f556-4516-bf83-3e75cd141444.json HTTP/1.1" 304 - "http://localhost:8080/linegame/index.html" "Mozilla/5.0 (Windows NT 10.0; Win64; x64) AppleWebKit/537.36 (KHTML, like Gecko) Chrome/78.0.3904.108 Safari/537.36"
[2019-11-23T13:23:19.931] [INFO] normal - ::1 - - "GET /linegame/index.html HTTP/1.1" 304 - "" "Mozilla/5.0 (Windows NT 10.0; Win64; x64) AppleWebKit/537.36 (KHTML, like Gecko) Chrome/78.0.3904.108 Safari/537.36"
[2019-11-23T13:23:19.960] [INFO] normal - ::1 - - "GET /linegame/style-mobile.css HTTP/1.1" 304 - "http://localhost:8080/linegame/index.html" "Mozilla/5.0 (Windows NT 10.0; Win64; x64) AppleWebKit/537.36 (KHTML, like Gecko) Chrome/78.0.3904.108 Safari/537.36"
[2019-11-23T13:23:19.965] [INFO] normal - ::1 - - "GET /linegame/src/settings.js HTTP/1.1" 304 - "http://localhost:8080/linegame/index.html" "Mozilla/5.0 (Windows NT 10.0; Win64; x64) AppleWebKit/537.36 (KHTML, like Gecko) Chrome/78.0.3904.108 Safari/537.36"
[2019-11-23T13:23:19.966] [INFO] normal - ::1 - - "GET /linegame/main.js HTTP/1.1" 304 - "http://localhost:8080/linegame/index.html" "Mozilla/5.0 (Windows NT 10.0; Win64; x64) AppleWebKit/537.36 (KHTML, like Gecko) Chrome/78.0.3904.108 Safari/537.36"
[2019-11-23T13:23:19.970] [INFO] normal - ::1 - - "GET /linegame/splash.png HTTP/1.1" 304 - "http://localhost:8080/linegame/style-mobile.css" "Mozilla/5.0 (Windows NT 10.0; Win64; x64) AppleWebKit/537.36 (KHTML, like Gecko) Chrome/78.0.3904.108 Safari/537.36"
[2019-11-23T13:23:19.981] [INFO] normal - ::1 - - "GET /linegame/cocos2d-js-min.js HTTP/1.1" 304 - "http://localhost:8080/linegame/index.html" "Mozilla/5.0 (Windows NT 10.0; Win64; x64) AppleWebKit/537.36 (KHTML, like Gecko) Chrome/78.0.3904.108 Safari/537.36"
[2019-11-23T13:23:20.301] [INFO] normal - ::1 - - "GET /linegame/src/project.js HTTP/1.1" 304 - "http://localhost:8080/linegame/index.html" "Mozilla/5.0 (Windows NT 10.0; Win64; x64) AppleWebKit/537.36 (KHTML, like Gecko) Chrome/78.0.3904.108 Safari/537.36"
[2019-11-23T13:23:20.336] [INFO] normal - ::1 - - "GET /linegame/res/import/07/07ce7530a.json HTTP/1.1" 304 - "http://localhost:8080/linegame/index.html" "Mozilla/5.0 (Windows NT 10.0; Win64; x64) AppleWebKit/537.36 (KHTML, like Gecko) Chrome/78.0.3904.108 Safari/537.36"
[2019-11-23T13:23:20.336] [INFO] normal - ::1 - - "GET /linegame/res/import/07/079499991.json HTTP/1.1" 304 - "http://localhost:8080/linegame/index.html" "Mozilla/5.0 (Windows NT 10.0; Win64; x64) AppleWebKit/537.36 (KHTML, like Gecko) Chrome/78.0.3904.108 Safari/537.36"
[2019-11-23T13:23:20.339] [INFO] normal - ::1 - - "GET /linegame/res/import/0d/0d669730c.json HTTP/1.1" 304 - "http://localhost:8080/linegame/index.html" "Mozilla/5.0 (Windows NT 10.0; Win64; x64) AppleWebKit/537.36 (KHTML, like Gecko) Chrome/78.0.3904.108 Safari/537.36"
[2019-11-23T13:23:20.341] [INFO] normal - ::1 - - "GET /linegame/res/import/0e/0e4bc3b03.json HTTP/1.1" 304 - "http://localhost:8080/linegame/index.html" "Mozilla/5.0 (Windows NT 10.0; Win64; x64) AppleWebKit/537.36 (KHTML, like Gecko) Chrome/78.0.3904.108 Safari/537.36"
[2019-11-23T13:23:20.342] [INFO] normal - ::1 - - "GET /linegame/res/import/28/2874f8dd-416c-4440-81b7-555975426e93.json HTTP/1.1" 304 - "http://localhost:8080/linegame/index.html" "Mozilla/5.0 (Windows NT 10.0; Win64; x64) AppleWebKit/537.36 (KHTML, like Gecko) Chrome/78.0.3904.108 Safari/537.36"
[2019-11-23T13:23:20.343] [INFO] normal - ::1 - - "GET /linegame/res/import/79/79eafaef-b7ef-45d9-9c3f-591dc836fc7a.json HTTP/1.1" 304 - "http://localhost:8080/linegame/index.html" "Mozilla/5.0 (Windows NT 10.0; Win64; x64) AppleWebKit/537.36 (KHTML, like Gecko) Chrome/78.0.3904.108 Safari/537.36"
[2019-11-23T13:23:20.350] [INFO] normal - ::1 - - "GET /linegame/res/import/04/048a68a70.json HTTP/1.1" 304 - "http://localhost:8080/linegame/index.html" "Mozilla/5.0 (Windows NT 10.0; Win64; x64) AppleWebKit/537.36 (KHTML, like Gecko) Chrome/78.0.3904.108 Safari/537.36"
[2019-11-23T13:23:20.352] [INFO] normal - ::1 - - "GET /linegame/res/import/6f/6f801092-0c37-4f30-89ef-c8d960825b36.json HTTP/1.1" 304 - "http://localhost:8080/linegame/index.html" "Mozilla/5.0 (Windows NT 10.0; Win64; x64) AppleWebKit/537.36 (KHTML, like Gecko) Chrome/78.0.3904.108 Safari/537.36"
[2019-11-23T13:23:20.353] [INFO] normal - ::1 - - "GET /linegame/res/import/ec/eca5d2f2-8ef6-41c2-bbe6-f9c79d09c432.json HTTP/1.1" 304 - "http://localhost:8080/linegame/index.html" "Mozilla/5.0 (Windows NT 10.0; Win64; x64) AppleWebKit/537.36 (KHTML, like Gecko) Chrome/78.0.3904.108 Safari/537.36"
[2019-11-23T13:23:20.356] [INFO] normal - ::1 - - "GET /linegame/res/raw-assets/02/0275e94c-56a7-410f-bd1a-fc7483f7d14a.png HTTP/1.1" 304 - "http://localhost:8080/linegame/index.html" "Mozilla/5.0 (Windows NT 10.0; Win64; x64) AppleWebKit/537.36 (KHTML, like Gecko) Chrome/78.0.3904.108 Safari/537.36"
[2019-11-23T13:23:20.362] [INFO] normal - ::1 - - "GET /linegame/res/import/0d/0d2e5918b.json HTTP/1.1" 304 - "http://localhost:8080/linegame/index.html" "Mozilla/5.0 (Windows NT 10.0; Win64; x64) AppleWebKit/537.36 (KHTML, like Gecko) Chrome/78.0.3904.108 Safari/537.36"
[2019-11-23T13:23:20.371] [INFO] normal - ::1 - - "GET /linegame/res/raw-assets/e8/e851e89b-faa2-4484-bea6-5c01dd9f06e2.png HTTP/1.1" 304 - "http://localhost:8080/linegame/index.html" "Mozilla/5.0 (Windows NT 10.0; Win64; x64) AppleWebKit/537.36 (KHTML, like Gecko) Chrome/78.0.3904.108 Safari/537.36"
[2019-11-23T13:23:20.372] [INFO] normal - ::1 - - "GET /linegame/res/raw-assets/b4/b43ff3c2-02bb-4874-81f7-f2dea6970f18.png HTTP/1.1" 304 - "http://localhost:8080/linegame/index.html" "Mozilla/5.0 (Windows NT 10.0; Win64; x64) AppleWebKit/537.36 (KHTML, like Gecko) Chrome/78.0.3904.108 Safari/537.36"
[2019-11-23T13:23:20.372] [INFO] normal - ::1 - - "GET /linegame/res/raw-assets/71/71561142-4c83-4933-afca-cb7a17f67053.png HTTP/1.1" 304 - "http://localhost:8080/linegame/index.html" "Mozilla/5.0 (Windows NT 10.0; Win64; x64) AppleWebKit/537.36 (KHTML, like Gecko) Chrome/78.0.3904.108 Safari/537.36"
[2019-11-23T14:13:48.192] [INFO] normal - ::1 - - "GET /egret-game/index.html HTTP/1.1" 304 - "" "Mozilla/5.0 (Windows NT 10.0; Win64; x64) AppleWebKit/537.36 (KHTML, like Gecko) Chrome/78.0.3904.108 Safari/537.36"
[2019-11-23T14:13:48.222] [INFO] normal - ::1 - - "GET /egret-game/style-desktop.ec961.css HTTP/1.1" 304 - "http://localhost:8080/egret-game/index.html" "Mozilla/5.0 (Windows NT 10.0; Win64; x64) AppleWebKit/537.36 (KHTML, like Gecko) Chrome/78.0.3904.108 Safari/537.36"
[2019-11-23T14:13:48.224] [INFO] normal - ::1 - - "GET /egret-game/src/settings.d0cb1.js HTTP/1.1" 304 - "http://localhost:8080/egret-game/index.html" "Mozilla/5.0 (Windows NT 10.0; Win64; x64) AppleWebKit/537.36 (KHTML, like Gecko) Chrome/78.0.3904.108 Safari/537.36"
[2019-11-23T14:13:48.224] [INFO] normal - ::1 - - "GET /egret-game/main.6e25f.js HTTP/1.1" 304 - "http://localhost:8080/egret-game/index.html" "Mozilla/5.0 (Windows NT 10.0; Win64; x64) AppleWebKit/537.36 (KHTML, like Gecko) Chrome/78.0.3904.108 Safari/537.36"
