[2019-11-15T16:58:35.814] [INFO] normal - ::1 - - "GET /index.html HTTP/1.1" 404 149 "" "Mozilla/5.0 (Windows NT 10.0; Win64; x64) AppleWebKit/537.36 (KHTML, like Gecko) Chrome/78.0.3904.97 Safari/537.36"
[2019-11-15T16:58:52.480] [INFO] normal - ::1 - - "GET /game/index.html HTTP/1.1" 200 2693 "" "Mozilla/5.0 (Windows NT 10.0; Win64; x64) AppleWebKit/537.36 (KHTML, like Gecko) Chrome/78.0.3904.97 Safari/537.36"
[2019-11-15T16:58:52.501] [INFO] normal - ::1 - - "GET /game/main.11263.js HTTP/1.1" 200 7456 "http://localhost:8080/game/index.html" "Mozilla/5.0 (Windows NT 10.0; Win64; x64) AppleWebKit/537.36 (KHTML, like Gecko) Chrome/78.0.3904.97 Safari/537.36"
[2019-11-15T16:58:52.502] [INFO] normal - ::1 - - "GET /game/src/settings.70a24.js HTTP/1.1" 200 4758 "http://localhost:8080/game/index.html" "Mozilla/5.0 (Windows NT 10.0; Win64; x64) AppleWebKit/537.36 (KHTML, like Gecko) Chrome/78.0.3904.97 Safari/537.36"
[2019-11-15T16:58:52.507] [INFO] normal - ::1 - - "GET /game/style-mobile.6187c.css HTTP/1.1" 200 2823 "http://localhost:8080/game/index.html" "Mozilla/5.0 (Windows NT 10.0; Win64; x64) AppleWebKit/537.36 (KHTML, like Gecko) Chrome/78.0.3904.97 Safari/537.36"
[2019-11-15T16:58:52.517] [INFO] normal - ::1 - - "GET /game/splash.03ce1.png HTTP/1.1" 200 41484 "http://localhost:8080/game/style-mobile.6187c.css" "Mozilla/5.0 (Windows NT 10.0; Win64; x64) AppleWebKit/537.36 (KHTML, like Gecko) Chrome/78.0.3904.97 Safari/537.36"
[2019-11-15T16:58:52.525] [INFO] normal - ::1 - - "GET /game/cocos2d-js-min.e87f5.js HTTP/1.1" 200 1795741 "http://localhost:8080/game/index.html" "Mozilla/5.0 (Windows NT 10.0; Win64; x64) AppleWebKit/537.36 (KHTML, like Gecko) Chrome/78.0.3904.97 Safari/537.36"
[2019-11-15T16:58:52.825] [INFO] normal - ::1 - - "GET /game/src/project.afa52.js HTTP/1.1" 200 30738 "http://localhost:8080/game/index.html" "Mozilla/5.0 (Windows NT 10.0; Win64; x64) AppleWebKit/537.36 (KHTML, like Gecko) Chrome/78.0.3904.97 Safari/537.36"
[2019-11-15T16:58:52.883] [INFO] normal - ::1 - - "GET /game/res/import/43/430eccbf-bf2c-4e6e-8c0c-884bbb487f32.cd592.json HTTP/1.1" 200 9837 "http://localhost:8080/game/index.html" "Mozilla/5.0 (Windows NT 10.0; Win64; x64) AppleWebKit/537.36 (KHTML, like Gecko) Chrome/78.0.3904.97 Safari/537.36"
[2019-11-15T16:58:52.885] [INFO] normal - ::1 - - "GET /game/res/import/07/07ce7530a.9dbb3.json HTTP/1.1" 200 1434 "http://localhost:8080/game/index.html" "Mozilla/5.0 (Windows NT 10.0; Win64; x64) AppleWebKit/537.36 (KHTML, like Gecko) Chrome/78.0.3904.97 Safari/537.36"
[2019-11-15T16:58:52.887] [INFO] normal - ::1 - - "GET /game/res/import/07/079499991.3e6bc.json HTTP/1.1" 200 10855 "http://localhost:8080/game/index.html" "Mozilla/5.0 (Windows NT 10.0; Win64; x64) AppleWebKit/537.36 (KHTML, like Gecko) Chrome/78.0.3904.97 Safari/537.36"
[2019-11-15T16:58:52.890] [INFO] normal - ::1 - - "GET /game/res/import/0d/0d669730c.80827.json HTTP/1.1" 200 854 "http://localhost:8080/game/index.html" "Mozilla/5.0 (Windows NT 10.0; Win64; x64) AppleWebKit/537.36 (KHTML, like Gecko) Chrome/78.0.3904.97 Safari/537.36"
[2019-11-15T16:58:52.892] [INFO] normal - ::1 - - "GET /game/res/import/0e/0e467e87b.ad687.json HTTP/1.1" 200 2443 "http://localhost:8080/game/index.html" "Mozilla/5.0 (Windows NT 10.0; Win64; x64) AppleWebKit/537.36 (KHTML, like Gecko) Chrome/78.0.3904.97 Safari/537.36"
[2019-11-15T16:58:52.893] [INFO] normal - ::1 - - "GET /game/res/import/0e/0e4bc3b03.ac3f5.json HTTP/1.1" 200 2784 "http://localhost:8080/game/index.html" "Mozilla/5.0 (Windows NT 10.0; Win64; x64) AppleWebKit/537.36 (KHTML, like Gecko) Chrome/78.0.3904.97 Safari/537.36"
[2019-11-15T16:58:52.895] [INFO] normal - ::1 - - "GET /favicon.ico HTTP/1.1" 404 150 "http://localhost:8080/game/index.html" "Mozilla/5.0 (Windows NT 10.0; Win64; x64) AppleWebKit/537.36 (KHTML, like Gecko) Chrome/78.0.3904.97 Safari/537.36"
[2019-11-15T16:58:52.896] [INFO] normal - ::1 - - "GET /game/res/import/11/115286d1-2e10-49ee-aab4-341583f607e8.c6150.json HTTP/1.1" 200 10242 "http://localhost:8080/game/index.html" "Mozilla/5.0 (Windows NT 10.0; Win64; x64) AppleWebKit/537.36 (KHTML, like Gecko) Chrome/78.0.3904.97 Safari/537.36"
[2019-11-15T16:58:52.897] [INFO] normal - ::1 - - "GET /game/res/import/6c/6c5cf6e1-b044-4eac-9431-835644d57381.92d22.json HTTP/1.1" 200 2209 "http://localhost:8080/game/index.html" "Mozilla/5.0 (Windows NT 10.0; Win64; x64) AppleWebKit/537.36 (KHTML, like Gecko) Chrome/78.0.3904.97 Safari/537.36"
[2019-11-15T16:58:52.897] [INFO] normal - ::1 - - "GET /game/res/import/79/79eafaef-b7ef-45d9-9c3f-591dc836fc7a.725ed.json HTTP/1.1" 200 10722 "http://localhost:8080/game/index.html" "Mozilla/5.0 (Windows NT 10.0; Win64; x64) AppleWebKit/537.36 (KHTML, like Gecko) Chrome/78.0.3904.97 Safari/537.36"
[2019-11-15T16:58:52.898] [INFO] normal - ::1 - - "GET /game/res/import/ab/abc2cb62-7852-4525-a90d-d474487b88f2.349de.json HTTP/1.1" 200 26353 "http://localhost:8080/game/index.html" "Mozilla/5.0 (Windows NT 10.0; Win64; x64) AppleWebKit/537.36 (KHTML, like Gecko) Chrome/78.0.3904.97 Safari/537.36"
[2019-11-15T16:58:52.916] [INFO] normal - ::1 - - "GET /game/res/import/03/03d220860.a1a6a.json HTTP/1.1" 200 578 "http://localhost:8080/game/index.html" "Mozilla/5.0 (Windows NT 10.0; Win64; x64) AppleWebKit/537.36 (KHTML, like Gecko) Chrome/78.0.3904.97 Safari/537.36"
[2019-11-15T16:58:52.920] [INFO] normal - ::1 - - "GET /game/res/import/c4/c4480a0a-6ac5-443f-8b40-361a14257fc8.e13e9.json HTTP/1.1" 200 148 "http://localhost:8080/game/index.html" "Mozilla/5.0 (Windows NT 10.0; Win64; x64) AppleWebKit/537.36 (KHTML, like Gecko) Chrome/78.0.3904.97 Safari/537.36"
[2019-11-15T16:58:52.924] [INFO] normal - ::1 - - "GET /game/res/raw-assets/02/0275e94c-56a7-410f-bd1a-fc7483f7d14a.cea68.png HTTP/1.1" 200 82 "http://localhost:8080/game/index.html" "Mozilla/5.0 (Windows NT 10.0; Win64; x64) AppleWebKit/537.36 (KHTML, like Gecko) Chrome/78.0.3904.97 Safari/537.36"
[2019-11-15T16:58:52.934] [INFO] normal - ::1 - - "GET /game/res/import/0e/0eeb7720c.24c0a.json HTTP/1.1" 200 7445 "http://localhost:8080/game/index.html" "Mozilla/5.0 (Windows NT 10.0; Win64; x64) AppleWebKit/537.36 (KHTML, like Gecko) Chrome/78.0.3904.97 Safari/537.36"
[2019-11-15T16:58:52.952] [INFO] normal - ::1 - - "GET /game/res/raw-assets/56/567dcd80-8bf4-4535-8a5a-313f1caf078a.5f1d9.png HTTP/1.1" 200 1675 "http://localhost:8080/game/index.html" "Mozilla/5.0 (Windows NT 10.0; Win64; x64) AppleWebKit/537.36 (KHTML, like Gecko) Chrome/78.0.3904.97 Safari/537.36"
[2019-11-15T16:58:52.953] [INFO] normal - ::1 - - "GET /game/res/raw-assets/99/99170b0b-d210-46f1-b213-7d9e3f23098a.d1118.png HTTP/1.1" 200 1177 "http://localhost:8080/game/index.html" "Mozilla/5.0 (Windows NT 10.0; Win64; x64) AppleWebKit/537.36 (KHTML, like Gecko) Chrome/78.0.3904.97 Safari/537.36"
[2019-11-15T16:58:52.954] [INFO] normal - ::1 - - "GET /game/res/raw-assets/d0/d0a82d39-bede-46c4-b698-c81ff0dedfff.841f5.png HTTP/1.1" 200 1439 "http://localhost:8080/game/index.html" "Mozilla/5.0 (Windows NT 10.0; Win64; x64) AppleWebKit/537.36 (KHTML, like Gecko) Chrome/78.0.3904.97 Safari/537.36"
[2019-11-15T16:58:52.954] [INFO] normal - ::1 - - "GET /game/res/raw-assets/b2/b2687ac4-099e-403c-a192-ff477686f4f5.2bf0b.plist HTTP/1.1" 200 3479 "http://localhost:8080/game/index.html" "Mozilla/5.0 (Windows NT 10.0; Win64; x64) AppleWebKit/537.36 (KHTML, like Gecko) Chrome/78.0.3904.97 Safari/537.36"
[2019-11-15T16:58:52.955] [INFO] normal - ::1 - - "GET /game/res/raw-assets/cf/cfef78f1-c8df-49b7-8ed0-4c953ace2621.a4b59.png HTTP/1.1" 200 1140 "http://localhost:8080/game/index.html" "Mozilla/5.0 (Windows NT 10.0; Win64; x64) AppleWebKit/537.36 (KHTML, like Gecko) Chrome/78.0.3904.97 Safari/537.36"
[2019-11-15T16:58:52.977] [INFO] normal - ::1 - - "GET /game/res/import/0e/0e6179ad3.1d444.json HTTP/1.1" 200 118153 "http://localhost:8080/game/index.html" "Mozilla/5.0 (Windows NT 10.0; Win64; x64) AppleWebKit/537.36 (KHTML, like Gecko) Chrome/78.0.3904.97 Safari/537.36"
[2019-11-15T16:58:53.181] [INFO] normal - ::1 - - "GET /game/res/raw-assets/a1/a1ef2fc9-9c57-418a-8f69-6bed9a7a0e7f.220ec.bin HTTP/1.1" 200 5072 "http://localhost:8080/game/index.html" "Mozilla/5.0 (Windows NT 10.0; Win64; x64) AppleWebKit/537.36 (KHTML, like Gecko) Chrome/78.0.3904.97 Safari/537.36"
[2019-11-15T16:58:53.193] [INFO] normal - ::1 - - "GET /game/res/raw-assets/d0/d0ba946c-fdbd-4215-8e75-6d67bc6ff406.52e94.bin HTTP/1.1" 200 178984 "http://localhost:8080/game/index.html" "Mozilla/5.0 (Windows NT 10.0; Win64; x64) AppleWebKit/537.36 (KHTML, like Gecko) Chrome/78.0.3904.97 Safari/537.36"
[2019-11-15T16:58:53.196] [INFO] normal - ::1 - - "GET /game/res/raw-assets/17/1772877e-0265-4916-bde7-305f27e65a72.0b9f1.bin HTTP/1.1" 200 451788 "http://localhost:8080/game/index.html" "Mozilla/5.0 (Windows NT 10.0; Win64; x64) AppleWebKit/537.36 (KHTML, like Gecko) Chrome/78.0.3904.97 Safari/537.36"
[2019-11-15T16:58:53.202] [INFO] normal - ::1 - - "GET /game/res/raw-assets/3f/3fb6eb65-175d-4c5a-abe6-d4df0f04aedb.07b70.png HTTP/1.1" 200 549527 "http://localhost:8080/game/index.html" "Mozilla/5.0 (Windows NT 10.0; Win64; x64) AppleWebKit/537.36 (KHTML, like Gecko) Chrome/78.0.3904.97 Safari/537.36"
[2019-11-15T16:58:53.217] [INFO] normal - ::1 - - "GET /game/res/raw-assets/b2/b219013f-ccfc-4e95-b2e7-ad25ebe237b3.3c5d8.bin HTTP/1.1" 200 566220 "http://localhost:8080/game/index.html" "Mozilla/5.0 (Windows NT 10.0; Win64; x64) AppleWebKit/537.36 (KHTML, like Gecko) Chrome/78.0.3904.97 Safari/537.36"
[2019-11-15T16:58:53.296] [INFO] normal - ::1 - - "GET /game/res/raw-assets/44/444ed789-036a-4cc5-b3ff-243bf0dd4648.9d003.png HTTP/1.1" 200 4838581 "http://localhost:8080/game/index.html" "Mozilla/5.0 (Windows NT 10.0; Win64; x64) AppleWebKit/537.36 (KHTML, like Gecko) Chrome/78.0.3904.97 Safari/537.36"
[2019-11-15T16:58:53.305] [INFO] normal - ::1 - - "GET /game/res/raw-assets/e7/e7825835-330c-4d28-ac9b-f55543a71024.78f42.png HTTP/1.1" 200 5985470 "http://localhost:8080/game/index.html" "Mozilla/5.0 (Windows NT 10.0; Win64; x64) AppleWebKit/537.36 (KHTML, like Gecko) Chrome/78.0.3904.97 Safari/537.36"
