[2019-12-02T23:06:58.037] [INFO] normal - ::1 - - "GET / HTTP/1.1" 404 139 "" "Mozilla/5.0 (Windows NT 10.0; Win64; x64) AppleWebKit/537.36 (KHTML, like Gecko) Chrome/78.0.3904.108 Safari/537.36"
[2019-12-02T23:07:06.696] [INFO] normal - ::1 - - "GET /game/index.html HTTP/1.1" 200 1949 "" "Mozilla/5.0 (Windows NT 10.0; Win64; x64) AppleWebKit/537.36 (KHTML, like Gecko) Chrome/78.0.3904.108 Safari/537.36"
[2019-12-02T23:07:06.749] [INFO] normal - ::1 - - "GET /game/src/settings.8cd8e.js HTTP/1.1" 200 29202 "http://localhost:8080/game/index.html" "Mozilla/5.0 (Windows NT 10.0; Win64; x64) AppleWebKit/537.36 (KHTML, like Gecko) Chrome/78.0.3904.108 Safari/537.36"
[2019-12-02T23:07:06.762] [INFO] normal - ::1 - - "GET /game/main.80fbf.js HTTP/1.1" 200 8776 "http://localhost:8080/game/index.html" "Mozilla/5.0 (Windows NT 10.0; Win64; x64) AppleWebKit/537.36 (KHTML, like Gecko) Chrome/78.0.3904.108 Safari/537.36"
[2019-12-02T23:07:06.785] [INFO] normal - ::1 - - "GET /game/style-mobile.72851.css HTTP/1.1" 200 2580 "http://localhost:8080/game/index.html" "Mozilla/5.0 (Windows NT 10.0; Win64; x64) AppleWebKit/537.36 (KHTML, like Gecko) Chrome/78.0.3904.108 Safari/537.36"
[2019-12-02T23:07:06.872] [INFO] normal - ::1 - - "GET /game/splash.03ce1.png HTTP/1.1" 200 41484 "http://localhost:8080/game/style-mobile.72851.css" "Mozilla/5.0 (Windows NT 10.0; Win64; x64) AppleWebKit/537.36 (KHTML, like Gecko) Chrome/78.0.3904.108 Safari/537.36"
[2019-12-02T23:07:07.062] [INFO] normal - ::1 - - "GET /game/cocos2d-js-min.963cf.js HTTP/1.1" 200 659312 "http://localhost:8080/game/index.html" "Mozilla/5.0 (Windows NT 10.0; Win64; x64) AppleWebKit/537.36 (KHTML, like Gecko) Chrome/78.0.3904.108 Safari/537.36"
[2019-12-02T23:07:07.264] [INFO] normal - ::1 - - "GET /game/src/assets/Scripts/async.min.40f60.js HTTP/1.1" 200 23089 "http://localhost:8080/game/index.html" "Mozilla/5.0 (Windows NT 10.0; Win64; x64) AppleWebKit/537.36 (KHTML, like Gecko) Chrome/78.0.3904.108 Safari/537.36"
[2019-12-02T23:07:07.326] [INFO] normal - ::1 - - "GET /game/src/project.b7077.js HTTP/1.1" 200 307411 "http://localhost:8080/game/index.html" "Mozilla/5.0 (Windows NT 10.0; Win64; x64) AppleWebKit/537.36 (KHTML, like Gecko) Chrome/78.0.3904.108 Safari/537.36"
[2019-12-02T23:07:07.385] [INFO] normal - ::1 - - "GET /game/res/import/02/0231066ec.789a2.json HTTP/1.1" 200 17094 "http://localhost:8080/game/index.html" "Mozilla/5.0 (Windows NT 10.0; Win64; x64) AppleWebKit/537.36 (KHTML, like Gecko) Chrome/78.0.3904.108 Safari/537.36"
[2019-12-02T23:07:07.413] [INFO] normal - ::1 - - "GET /game/res/import/88/8876aa6f-09a7-4ab1-b30e-271df6094483.39258.json HTTP/1.1" 200 69 "http://localhost:8080/game/index.html" "Mozilla/5.0 (Windows NT 10.0; Win64; x64) AppleWebKit/537.36 (KHTML, like Gecko) Chrome/78.0.3904.108 Safari/537.36"
[2019-12-02T23:07:07.425] [INFO] normal - ::1 - - "GET /game/res/raw-assets/Audio/click.4a587.mp3 HTTP/1.1" 200 5669 "http://localhost:8080/game/index.html" "Mozilla/5.0 (Windows NT 10.0; Win64; x64) AppleWebKit/537.36 (KHTML, like Gecko) Chrome/78.0.3904.108 Safari/537.36"
[2019-12-02T23:07:07.459] [INFO] normal - ::1 - - "GET /game/res/raw-assets/Textures/button/12.eba58.png HTTP/1.1" 200 21511 "http://localhost:8080/game/index.html" "Mozilla/5.0 (Windows NT 10.0; Win64; x64) AppleWebKit/537.36 (KHTML, like Gecko) Chrome/78.0.3904.108 Safari/537.36"
[2019-12-02T23:07:07.465] [INFO] normal - ::1 - - "GET /game/res/raw-assets/Textures/button/21.75569.png HTTP/1.1" 200 124546 "http://localhost:8080/game/index.html" "Mozilla/5.0 (Windows NT 10.0; Win64; x64) AppleWebKit/537.36 (KHTML, like Gecko) Chrome/78.0.3904.108 Safari/537.36"
[2019-12-02T23:07:07.474] [INFO] normal - ::1 - - "GET /game/res/raw-assets/Textures/button/22.34a18.png HTTP/1.1" 200 134684 "http://localhost:8080/game/index.html" "Mozilla/5.0 (Windows NT 10.0; Win64; x64) AppleWebKit/537.36 (KHTML, like Gecko) Chrome/78.0.3904.108 Safari/537.36"
[2019-12-02T23:07:07.481] [INFO] normal - ::1 - - "GET /game/res/raw-assets/Textures/aPart/button/8.e1ceb.png HTTP/1.1" 200 20454 "http://localhost:8080/game/index.html" "Mozilla/5.0 (Windows NT 10.0; Win64; x64) AppleWebKit/537.36 (KHTML, like Gecko) Chrome/78.0.3904.108 Safari/537.36"
[2019-12-02T23:07:07.488] [INFO] normal - ::1 - - "GET /game/res/raw-assets/Textures/fenxiang.e347a.png HTTP/1.1" 200 2188 "http://localhost:8080/game/index.html" "Mozilla/5.0 (Windows NT 10.0; Win64; x64) AppleWebKit/537.36 (KHTML, like Gecko) Chrome/78.0.3904.108 Safari/537.36"
[2019-12-02T23:07:07.506] [INFO] normal - ::1 - - "GET /game/res/raw-internal/image/default_sprite_splash.cea68.png HTTP/1.1" 200 82 "http://localhost:8080/game/index.html" "Mozilla/5.0 (Windows NT 10.0; Win64; x64) AppleWebKit/537.36 (KHTML, like Gecko) Chrome/78.0.3904.108 Safari/537.36"
[2019-12-02T23:07:07.521] [INFO] normal - ::1 - - "GET /game/res/raw-assets/Textures/cPart/vs.3f508.png HTTP/1.1" 200 420467 "http://localhost:8080/game/index.html" "Mozilla/5.0 (Windows NT 10.0; Win64; x64) AppleWebKit/537.36 (KHTML, like Gecko) Chrome/78.0.3904.108 Safari/537.36"
[2019-12-02T23:07:07.528] [INFO] normal - ::1 - - "GET /game/res/raw-assets/Textures/bPart/dark.b7274.png HTTP/1.1" 200 12145 "http://localhost:8080/game/index.html" "Mozilla/5.0 (Windows NT 10.0; Win64; x64) AppleWebKit/537.36 (KHTML, like Gecko) Chrome/78.0.3904.108 Safari/537.36"
[2019-12-02T23:07:07.531] [INFO] normal - ::1 - - "GET /game/res/raw-assets/Textures/start/help1.f4615.png HTTP/1.1" 200 111486 "http://localhost:8080/game/index.html" "Mozilla/5.0 (Windows NT 10.0; Win64; x64) AppleWebKit/537.36 (KHTML, like Gecko) Chrome/78.0.3904.108 Safari/537.36"
[2019-12-02T23:07:07.663] [INFO] normal - ::1 - - "GET /game/res/raw-assets/Textures/Common1.483bc.png HTTP/1.1" 200 1606161 "http://localhost:8080/game/index.html" "Mozilla/5.0 (Windows NT 10.0; Win64; x64) AppleWebKit/537.36 (KHTML, like Gecko) Chrome/78.0.3904.108 Safari/537.36"
[2019-12-02T23:07:07.976] [INFO] normal - ::1 - - "GET /game/res/import/88/8876aa6f-09a7-4ab1-b30e-271df6094483/simple.b020f.ttf HTTP/1.1" 200 1507392 "http://localhost:8080/game/index.html" "Mozilla/5.0 (Windows NT 10.0; Win64; x64) AppleWebKit/537.36 (KHTML, like Gecko) Chrome/78.0.3904.108 Safari/537.36"
